2025-04-07 18:25:22,503 - INFO - Starting Experiment
2025-04-07 18:25:22,504 - INFO - Experiment Parameters
2025-04-07 18:25:22,504 - INFO - Experiment Name: MLB-BQ-022-2_15cyc
2025-04-07 18:25:22,504 - INFO - Person Responsible: Ben Quach
2025-04-07 18:25:22,504 - INFO - Thermomixer Time: 5
2025-04-07 18:25:22,505 - INFO - Liquid Nitrogen Time: 5
2025-04-07 18:25:22,505 - INFO - Waiting Time 5
2025-04-07 18:25:22,505 - INFO - Number of Cycles 5
2025-04-07 18:25:22,505 - INFO - Robot Speed 100
2025-04-07 18:25:22,505 - INFO - Run Number 30
2025-04-07 18:25:24,574 - INFO - distance error 3.1843366656181415 mm
2025-04-07 18:25:27,646 - INFO - distance error 1.8708286933869707 mm
2025-04-07 18:25:30,714 - INFO - distance error 13.377966960640931 mm
2025-04-07 18:25:30,714 - INFO - Moving inside LN2
2025-04-07 18:25:32,782 - INFO - distance error 4.6238512086787695 mm
2025-04-07 18:25:35,785 - INFO - Outside LN2
2025-04-07 18:25:37,852 - INFO - distance error 13.304510513355984 mm
2025-04-07 18:25:39,918 - INFO - distance error 2.823118842698597 mm
2025-04-07 18:25:41,990 - INFO - distance error 1.634013463836801 mm
2025-04-07 18:25:41,991 - INFO - Moving Inside Water Bath
2025-04-07 18:25:43,004 - WARNING - Bug, can't find distance error
