2025-04-09 17:55:46,485 - INFO - Starting Experiment
2025-04-09 17:55:46,486 - INFO - Experiment Parameters
2025-04-09 17:55:46,486 - INFO - Experiment Name: Error_Testing
2025-04-09 17:55:46,487 - INFO - Person Responsible: Akshit
2025-04-09 17:55:46,487 - INFO - Thermomixer Time: 5
2025-04-09 17:55:46,487 - INFO - Liquid Nitrogen Time: 5
2025-04-09 17:55:46,487 - INFO - Waiting Time 5
2025-04-09 17:55:46,487 - INFO - Number of Cycles 10
2025-04-09 17:55:46,488 - INFO - Robot Speed 100
2025-04-09 17:55:46,488 - INFO - Run Number 1
2025-04-09 17:55:49,525 - WARNING - Distance Error is 10.230835742987948
2025-04-09 17:55:49,525 - INFO - Moving inside LN2
2025-04-09 17:55:56,676 - ERROR - Timeout, cannot detect current position
2025-04-09 17:55:56,777 - ERROR - Error Function returns mc.get_error_information() =-1
2025-04-09 17:56:01,923 - ERROR - Timeout, cannot detect current position
2025-04-09 17:56:02,024 - ERROR - Error Function returns mc.get_error_information() =-1
2025-04-09 17:56:02,466 - WARNING - Distance Error is 6.360817557515707
2025-04-09 17:56:05,469 - INFO - Outside LN2
2025-04-09 17:56:07,493 - INFO - Distance Error is 4.071854614300452
2025-04-09 17:56:09,522 - WARNING - Distance Error is 13.402238618977062
2025-04-09 17:56:09,522 - INFO - Moving Inside Water Bath
2025-04-09 17:56:11,552 - INFO - Distance Error is 4.86415460280612
2025-04-09 17:56:16,557 - INFO - Moving outside Water Bath
2025-04-09 17:56:18,582 - WARNING - Distance Error is 13.402238618977062
2025-04-09 17:56:18,583 - INFO - Waiting
2025-04-09 17:56:25,611 - INFO - Distance Error is 3.934463114581206
2025-04-09 17:56:25,611 - INFO - ###################################### Cycle Completed: 1 ####################################################
2025-04-09 17:56:25,612 - INFO - LN2 Time = {-15.94320016599977} 
2025-04-09 17:56:25,612 - INFO - Water Bath = -7.034626925000339 
2025-04-09 17:56:25,612 - INFO - ######################################################################################################################
2025-04-09 17:56:28,652 - WARNING - Distance Error is 10.230835742987948
2025-04-09 17:56:28,653 - INFO - Moving inside LN2
2025-04-09 17:56:30,682 - WARNING - Distance Error is 6.077005841695408
2025-04-09 17:56:33,685 - INFO - Outside LN2
2025-04-09 17:56:35,711 - INFO - Distance Error is 4.159326868617087
2025-04-09 17:56:37,741 - WARNING - Distance Error is 13.515176654413356
2025-04-09 17:56:37,741 - INFO - Moving Inside Water Bath
2025-04-09 17:56:39,771 - INFO - Distance Error is 4.792702786528699
2025-04-09 17:56:44,776 - INFO - Moving outside Water Bath
2025-04-09 17:56:46,800 - WARNING - Distance Error is 13.402238618977062
2025-04-09 17:56:46,800 - INFO - Waiting
2025-04-09 17:56:53,830 - INFO - Distance Error is 4.125530268947256
2025-04-09 17:56:53,831 - INFO - ###################################### Cycle Completed: 2 ####################################################
2025-04-09 17:56:53,831 - INFO - LN2 Time = {-5.032677264000085} 
2025-04-09 17:56:53,831 - INFO - Water Bath = -7.034805604999747 
2025-04-09 17:56:53,831 - INFO - ######################################################################################################################
2025-04-09 17:56:56,871 - WARNING - Distance Error is 10.113851887386915
2025-04-09 17:56:56,872 - INFO - Moving inside LN2
2025-04-09 17:56:58,900 - WARNING - Distance Error is 5.82494635168429
2025-04-09 17:57:01,904 - INFO - Outside LN2
2025-04-09 17:57:03,929 - INFO - Distance Error is 3.8483762809787567
2025-04-09 17:57:05,959 - WARNING - Distance Error is 13.477759457714022
2025-04-09 17:57:05,959 - INFO - Moving Inside Water Bath
2025-04-09 17:57:07,988 - WARNING - Distance Error is 5.081338406365005
2025-04-09 17:57:12,994 - INFO - Moving outside Water Bath
2025-04-09 17:57:15,027 - WARNING - Distance Error is 13.364505228402589
2025-04-09 17:57:15,028 - INFO - Waiting
2025-04-09 17:57:22,057 - INFO - Distance Error is 4.300000000000005
2025-04-09 17:57:22,057 - INFO - ###################################### Cycle Completed: 3 ####################################################
2025-04-09 17:57:22,058 - INFO - LN2 Time = {-5.031647511000301} 
2025-04-09 17:57:22,058 - INFO - Water Bath = -7.033844089000013 
2025-04-09 17:57:22,058 - INFO - ######################################################################################################################
2025-04-09 17:57:25,097 - WARNING - Distance Error is 10.405287117614764
2025-04-09 17:57:25,098 - INFO - Moving inside LN2
2025-04-09 17:57:27,126 - WARNING - Distance Error is 5.987486951969092
2025-04-09 17:57:30,130 - INFO - Outside LN2
2025-04-09 17:57:32,156 - INFO - Distance Error is 3.6455452267116213
2025-04-09 17:57:34,186 - WARNING - Distance Error is 13.515176654413356
2025-04-09 17:57:34,187 - INFO - Moving Inside Water Bath
2025-04-09 17:57:36,215 - INFO - Distance Error is 4.86415460280612
2025-04-09 17:57:41,221 - INFO - Moving outside Water Bath
2025-04-09 17:57:43,245 - WARNING - Distance Error is 13.402238618977062
2025-04-09 17:57:43,246 - INFO - Waiting
2025-04-09 17:57:50,274 - INFO - Distance Error is 4.1327956639543695
2025-04-09 17:57:50,275 - INFO - ###################################### Cycle Completed: 4 ####################################################
2025-04-09 17:57:50,275 - INFO - LN2 Time = {-5.031569157999911} 
2025-04-09 17:57:50,275 - INFO - Water Bath = -7.033808005000537 
2025-04-09 17:57:50,275 - INFO - ######################################################################################################################
2025-04-09 17:57:53,314 - WARNING - Distance Error is 10.230835742987948
2025-04-09 17:57:53,315 - INFO - Moving inside LN2
2025-04-09 17:57:55,344 - WARNING - Distance Error is 5.987486951969092
2025-04-09 17:57:58,348 - INFO - Outside LN2
2025-04-09 17:58:00,374 - INFO - Distance Error is 3.5958309192730424
2025-04-09 17:58:02,403 - WARNING - Distance Error is 13.515176654413356
2025-04-09 17:58:02,404 - INFO - Moving Inside Water Bath
2025-04-09 17:58:04,433 - INFO - Distance Error is 4.792702786528699
2025-04-09 17:58:09,438 - INFO - Moving outside Water Bath
2025-04-09 17:58:11,463 - WARNING - Distance Error is 13.402238618977062
2025-04-09 17:58:11,464 - INFO - Waiting
2025-04-09 17:58:18,492 - INFO - Distance Error is 4.597825573029048
2025-04-09 17:58:18,493 - INFO - ###################################### Cycle Completed: 5 ####################################################
2025-04-09 17:58:18,493 - INFO - LN2 Time = {-5.03287199999977} 
2025-04-09 17:58:18,493 - INFO - Water Bath = -7.034235543998875 
2025-04-09 17:58:18,493 - INFO - ######################################################################################################################
2025-04-09 17:58:21,533 - WARNING - Distance Error is 10.374005976477928
2025-04-09 17:58:21,534 - INFO - Moving inside LN2
2025-04-09 17:58:23,563 - WARNING - Distance Error is 5.987486951969092
2025-04-09 17:58:26,567 - INFO - Outside LN2
2025-04-09 17:58:28,592 - INFO - Distance Error is 3.7376463182061475
2025-04-09 17:58:30,622 - WARNING - Distance Error is 13.40484986861098
2025-04-09 17:58:30,623 - INFO - Moving Inside Water Bath
2025-04-09 17:58:32,652 - INFO - Distance Error is 4.792702786528699
2025-04-09 17:58:37,658 - INFO - Moving outside Water Bath
2025-04-09 17:58:39,691 - WARNING - Distance Error is 13.402238618977062
2025-04-09 17:58:39,692 - INFO - Waiting
2025-04-09 17:58:46,721 - INFO - Distance Error is 4.257933771208741
2025-04-09 17:58:46,722 - INFO - ###################################### Cycle Completed: 6 ####################################################
2025-04-09 17:58:46,722 - INFO - LN2 Time = {-5.032807211000545} 
2025-04-09 17:58:46,722 - INFO - Water Bath = -7.034811100000297 
2025-04-09 17:58:46,722 - INFO - ######################################################################################################################
2025-04-09 17:58:49,762 - WARNING - Distance Error is 10.264501936285084
2025-04-09 17:58:49,763 - INFO - Moving inside LN2
2025-04-09 17:58:51,791 - WARNING - Distance Error is 5.94474557908075
2025-04-09 17:58:54,795 - INFO - Outside LN2
2025-04-09 17:58:56,820 - INFO - Distance Error is 3.894868418830085
2025-04-09 17:58:58,850 - WARNING - Distance Error is 13.40484986861098
2025-04-09 17:58:58,851 - INFO - Moving Inside Water Bath
2025-04-09 17:59:00,879 - INFO - Distance Error is 4.792702786528699
2025-04-09 17:59:05,885 - INFO - Moving outside Water Bath
2025-04-09 17:59:07,908 - WARNING - Distance Error is 13.402238618977062
2025-04-09 17:59:07,909 - INFO - Waiting
2025-04-09 17:59:14,938 - INFO - Distance Error is 3.933192087859427
2025-04-09 17:59:14,939 - INFO - ###################################### Cycle Completed: 7 ####################################################
2025-04-09 17:59:14,939 - INFO - LN2 Time = {-5.031964507999874} 
2025-04-09 17:59:14,939 - INFO - Water Bath = -7.033787170999858 
2025-04-09 17:59:14,939 - INFO - ######################################################################################################################
2025-04-09 17:59:17,979 - WARNING - Distance Error is 10.264501936285084
2025-04-09 17:59:17,980 - INFO - Moving inside LN2
2025-04-09 17:59:20,008 - WARNING - Distance Error is 6.271363488110071
2025-04-09 17:59:23,012 - INFO - Outside LN2
2025-04-09 17:59:25,037 - INFO - Distance Error is 3.4597687784012408
2025-04-09 17:59:27,067 - WARNING - Distance Error is 13.515176654413356
2025-04-09 17:59:27,068 - INFO - Moving Inside Water Bath
2025-04-09 17:59:29,097 - INFO - Distance Error is 4.792702786528699
2025-04-09 17:59:34,102 - INFO - Moving outside Water Bath
2025-04-09 17:59:36,136 - WARNING - Distance Error is 13.516286472252643
2025-04-09 17:59:36,136 - INFO - Waiting
2025-04-09 17:59:43,166 - INFO - Distance Error is 4.115823125451335
2025-04-09 17:59:43,166 - INFO - ###################################### Cycle Completed: 8 ####################################################
2025-04-09 17:59:43,167 - INFO - LN2 Time = {-5.031774065000718} 
2025-04-09 17:59:43,167 - INFO - Water Bath = -7.033938639999178 
2025-04-09 17:59:43,167 - INFO - ######################################################################################################################
2025-04-09 17:59:46,206 - WARNING - Distance Error is 9.920181449953423
2025-04-09 17:59:46,206 - INFO - Moving inside LN2
2025-04-09 17:59:53,356 - ERROR - Timeout, cannot detect current position
2025-04-09 17:59:53,457 - ERROR - Error Function returns mc.get_error_information() =-1
2025-04-09 17:59:57,669 - WARNING - Distance Error is 6.037383539249426
2025-04-09 18:00:00,673 - INFO - Outside LN2
2025-04-09 18:00:02,695 - WARNING - Distance Error is 5.787918451395101
2025-04-09 18:00:04,724 - WARNING - Distance Error is 14.706801147768335
2025-04-09 18:00:04,724 - INFO - Moving Inside Water Bath
2025-04-09 18:00:06,753 - INFO - Distance Error is 3.841874542459707
2025-04-09 18:00:11,758 - INFO - Moving outside Water Bath
2025-04-09 18:00:13,783 - WARNING - Distance Error is 13.620939761998807
2025-04-09 18:00:13,783 - INFO - Waiting
2025-04-09 18:00:20,812 - INFO - Distance Error is 4.7169905660283105
2025-04-09 18:00:20,812 - INFO - ###################################### Cycle Completed: 9 ####################################################
2025-04-09 18:00:20,812 - INFO - LN2 Time = {-14.466579158000968} 
2025-04-09 18:00:20,813 - INFO - Water Bath = -7.0337797250012954 
2025-04-09 18:00:20,813 - INFO - ######################################################################################################################
2025-04-09 18:00:23,852 - WARNING - Distance Error is 10.064293318460063
2025-04-09 18:00:23,852 - INFO - Moving inside LN2
2025-04-09 18:00:25,882 - WARNING - Distance Error is 6.682065548915246
2025-04-09 18:00:28,885 - INFO - Outside LN2
2025-04-09 18:00:30,912 - INFO - Distance Error is 4.504442251822066
2025-04-09 18:00:32,941 - WARNING - Distance Error is 13.364505228402589
2025-04-09 18:00:32,941 - INFO - Moving Inside Water Bath
2025-04-09 18:00:34,971 - INFO - Distance Error is 4.814561246884285
2025-04-09 18:00:39,976 - INFO - Moving outside Water Bath
2025-04-09 18:00:42,001 - WARNING - Distance Error is 13.304510513355988
2025-04-09 18:00:42,001 - INFO - Waiting
2025-04-09 18:00:49,040 - INFO - Distance Error is 4.767598976424075
2025-04-09 18:00:49,040 - INFO - ###################################### Cycle Completed: 10 ####################################################
2025-04-09 18:00:49,040 - INFO - LN2 Time = {-5.032877785999517} 
2025-04-09 18:00:49,041 - INFO - Water Bath = -7.034826019998945 
2025-04-09 18:00:49,041 - INFO - ######################################################################################################################
2025-04-09 18:00:49,041 - INFO - Operation Completed Sucessfully
2025-04-09 18:00:49,041 - INFO - Programmed execution completed
