2025-04-07 16:10:38,704 - INFO - Distance Error is 2.8948229652260156
2025-04-07 16:10:41,735 - INFO - Distance Error is 1.9026297590440666
2025-04-07 16:10:44,761 - WARNING - Distance Error is 13.283448347473636
2025-04-07 16:10:44,803 - INFO - Moving inside LN2
2025-04-07 16:10:46,828 - WARNING - Distance Error is 5.061620293937493
2025-04-07 16:10:49,831 - INFO - Outside LN2
2025-04-07 16:10:51,886 - WARNING - Distance Error is 13.562448156582937
2025-04-07 16:10:53,971 - INFO - Distance Error is 2.1047565179849266
2025-04-07 16:10:55,998 - INFO - Distance Error is 2.1470910553583957
2025-04-07 16:10:55,998 - INFO - Moving Inside Water Bath
2025-04-07 16:10:57,066 - INFO - Distance Error is 1.3453624047073682
2025-04-07 16:11:01,071 - INFO - Moving outside Water Bath
2025-04-07 16:11:03,132 - INFO - Distance Error is 1.4560219778560848
2025-04-07 16:11:05,159 - INFO - Distance Error is 0.9433981132056549
2025-04-07 16:11:05,160 - INFO - Waiting
2025-04-07 16:11:09,258 - WARNING - Distance Error is 11.749893616539685
2025-04-07 16:11:09,258 - INFO - ###################################### Cycle Completed: 1 ####################################################
2025-04-07 16:11:09,259 - INFO - LN2 Time = {-5.02801116900082} 
2025-04-07 16:11:09,259 - INFO - Water Bath = -5.072309019000386 
2025-04-07 16:11:09,259 - INFO - ######################################################################################################################
2025-04-07 16:11:11,284 - WARNING - Distance Error is 11.726039399558578
2025-04-07 16:11:11,328 - INFO - Moving inside LN2
2025-04-07 16:11:13,361 - WARNING - Distance Error is 7.633478892353087
2025-04-07 16:11:16,365 - INFO - Outside LN2
2025-04-07 16:11:18,429 - WARNING - Distance Error is 11.62798348812038
2025-04-07 16:11:20,496 - INFO - Distance Error is 2.0712315177207885
2025-04-07 16:11:22,522 - INFO - Distance Error is 1.8330302779822987
2025-04-07 16:11:22,522 - INFO - Moving Inside Water Bath
2025-04-07 16:11:23,595 - INFO - Distance Error is 2.3558437978779536
2025-04-07 16:11:27,601 - INFO - Moving outside Water Bath
2025-04-07 16:11:29,658 - INFO - Distance Error is 1.118033988749895
2025-04-07 16:11:31,683 - INFO - Distance Error is 0.8062257748298585
2025-04-07 16:11:31,683 - INFO - Waiting
2025-04-07 16:11:35,792 - WARNING - Distance Error is 11.749893616539685
2025-04-07 16:11:35,792 - INFO - ###################################### Cycle Completed: 1 ####################################################
2025-04-07 16:11:35,792 - INFO - LN2 Time = {-5.035910087000957} 
2025-04-07 16:11:35,793 - INFO - Water Bath = -5.078434114000629 
2025-04-07 16:11:35,793 - INFO - ######################################################################################################################
2025-04-07 16:11:37,818 - WARNING - Distance Error is 11.838074167701432
2025-04-07 16:11:37,867 - INFO - Moving inside LN2
2025-04-07 16:11:39,886 - WARNING - Distance Error is 7.256031973468704
2025-04-07 16:11:42,888 - INFO - Outside LN2
2025-04-07 16:11:44,963 - WARNING - Distance Error is 11.590081966923277
2025-04-07 16:11:47,022 - INFO - Distance Error is 2.034698994937573
2025-04-07 16:11:49,047 - INFO - Distance Error is 1.8330302779822987
2025-04-07 16:11:49,047 - INFO - Moving Inside Water Bath
2025-04-07 16:11:50,128 - INFO - Distance Error is 1.4866068747318497
2025-04-07 16:11:54,133 - INFO - Moving outside Water Bath
2025-04-07 16:11:56,220 - INFO - Distance Error is 1.0049875621120947
2025-04-07 16:11:58,245 - INFO - Distance Error is 0.8062257748298585
2025-04-07 16:11:58,246 - INFO - Waiting
2025-04-07 16:12:02,373 - WARNING - Distance Error is 11.749893616539685
2025-04-07 16:12:02,373 - INFO - ###################################### Cycle Completed: 1 ####################################################
2025-04-07 16:12:02,374 - INFO - LN2 Time = {-5.020429137000974} 
2025-04-07 16:12:02,374 - INFO - Water Bath = -5.085665149999841 
2025-04-07 16:12:02,374 - INFO - ######################################################################################################################
2025-04-07 16:12:04,398 - WARNING - Distance Error is 11.838074167701432
2025-04-07 16:12:04,448 - INFO - Moving inside LN2
2025-04-07 16:12:06,474 - WARNING - Distance Error is 7.633478892353087
2025-04-07 16:12:09,478 - INFO - Outside LN2
2025-04-07 16:12:11,541 - WARNING - Distance Error is 11.590081966923277
2025-04-07 16:12:13,617 - INFO - Distance Error is 2.0712315177207885
2025-04-07 16:12:15,643 - INFO - Distance Error is 1.8330302779822987
2025-04-07 16:12:15,643 - INFO - Moving Inside Water Bath
2025-04-07 16:12:16,721 - INFO - Distance Error is 1.8055470085267733
2025-04-07 16:12:20,726 - INFO - Moving outside Water Bath
2025-04-07 16:12:22,787 - INFO - Distance Error is 1.0049875621120947
2025-04-07 16:12:24,813 - INFO - Distance Error is 0.9433981132056385
2025-04-07 16:12:24,814 - INFO - Waiting
2025-04-07 16:12:28,931 - WARNING - Distance Error is 11.68160947814984
2025-04-07 16:12:28,932 - INFO - ###################################### Cycle Completed: 1 ####################################################
2025-04-07 16:12:28,932 - INFO - LN2 Time = {-5.0291417770004045} 
2025-04-07 16:12:28,933 - INFO - Water Bath = -5.082407715000954 
2025-04-07 16:12:28,933 - INFO - ######################################################################################################################
2025-04-07 16:12:30,958 - WARNING - Distance Error is 11.822436297142819
2025-04-07 16:12:31,009 - INFO - Moving inside LN2
2025-04-07 16:12:33,035 - WARNING - Distance Error is 7.633478892353087
2025-04-07 16:12:36,039 - INFO - Outside LN2
