2025-04-07 15:27:14,344 - INFO - Distance Error is 2.3452078799117357
2025-04-07 15:27:17,370 - INFO - Distance Error is 1.7464249196573047
2025-04-07 15:27:20,396 - WARNING - Distance Error is 13.28984574778804
2025-04-07 15:27:20,427 - INFO - Moving inside LN2
2025-04-07 15:27:22,452 - INFO - Distance Error is 4.584757354539044
2025-04-07 15:27:25,456 - INFO - Outside LN2
2025-04-07 15:27:27,518 - WARNING - Distance Error is 13.507405376311173
2025-04-07 15:27:29,585 - INFO - Distance Error is 2.0736441353327772
2025-04-07 15:27:31,610 - INFO - Distance Error is 1.726267650163199
2025-04-07 15:27:31,611 - INFO - Moving Inside Water Bath
2025-04-07 15:27:32,671 - INFO - Distance Error is 1.4866068747318497
2025-04-07 15:27:36,679 - INFO - Moving outside Water Bath
2025-04-07 15:27:38,731 - INFO - Distance Error is 1.0049875621120947
2025-04-07 15:27:40,756 - INFO - Distance Error is 0.7874007874011851
2025-04-07 15:27:40,756 - INFO - Waiting
2025-04-07 15:27:47,862 - WARNING - Distance Error is 11.763502879669824
2025-04-07 15:27:47,863 - INFO - ###################################### Cycle Completed: 2 ####################################################
2025-04-07 15:27:47,863 - INFO - LN2 Time = {-5.028203110001414} 
2025-04-07 15:27:47,863 - INFO - Water Bath = -5.068049980000069 
2025-04-07 15:27:47,863 - INFO - ######################################################################################################################
2025-04-07 15:27:49,886 - WARNING - Distance Error is 11.786008654332498
2025-04-07 15:27:49,918 - INFO - Moving inside LN2
2025-04-07 15:27:51,942 - WARNING - Distance Error is 7.1847059786744305
2025-04-07 15:27:54,945 - INFO - Outside LN2
2025-04-07 15:27:56,998 - WARNING - Distance Error is 11.538197432874865
2025-04-07 15:27:59,054 - INFO - Distance Error is 2.0712315177207885
2025-04-07 15:28:01,081 - INFO - Distance Error is 1.7029386365926356
2025-04-07 15:28:01,082 - INFO - Moving Inside Water Bath
2025-04-07 15:28:02,165 - INFO - Distance Error is 1.9748417658131538
2025-04-07 15:28:06,168 - INFO - Moving outside Water Bath
2025-04-07 15:28:08,221 - INFO - Distance Error is 1.0049875621120947
