2025-04-09 19:03:03,565 - INFO - Starting Experiment
2025-04-09 19:03:03,565 - INFO - Experiment Parameters
2025-04-09 19:03:03,565 - INFO - Experiment Name: Error_Testing
2025-04-09 19:03:03,566 - INFO - Person Responsible: Akshit
2025-04-09 19:03:03,566 - INFO - Thermomixer Time: 5
2025-04-09 19:03:03,566 - INFO - Liquid Nitrogen Time: 5
2025-04-09 19:03:03,566 - INFO - Waiting Time 5
2025-04-09 19:03:03,567 - INFO - Number of Cycles 5
2025-04-09 19:03:03,567 - INFO - Robot Speed 100
2025-04-09 19:03:03,567 - INFO - Run Number 1
2025-04-09 19:03:06,611 - WARNING - Distance Error is 8.82609766544648
2025-04-09 19:03:06,611 - INFO - Moving inside LN2
2025-04-09 19:03:08,643 - WARNING - Distance Error is 8.283718971573103
2025-04-09 19:03:11,647 - INFO - Outside LN2
2025-04-09 19:03:13,672 - WARNING - Distance Error is 5.101960407529644
2025-04-09 19:03:15,702 - WARNING - Distance Error is 13.47070896426762
2025-04-09 19:03:15,702 - INFO - Moving Inside Water Bath
2025-04-09 19:03:17,732 - WARNING - Distance Error is 6.482283548256753
2025-04-09 19:03:20,736 - INFO - Moving outside Water Bath
2025-04-09 19:03:22,761 - WARNING - Distance Error is 13.112589370524796
2025-04-09 19:03:22,761 - INFO - Waiting
2025-04-09 19:03:29,791 - INFO - Distance Error is 4.5265881191025095
2025-04-09 19:03:29,791 - INFO - ###################################### Cycle Completed: 1 ####################################################
2025-04-09 19:03:29,792 - INFO - LN2 Time = {-5.034812744001101} 
2025-04-09 19:03:29,792 - INFO - Water Bath = -5.032745059999797 
2025-04-09 19:03:29,792 - INFO - ######################################################################################################################
2025-04-09 19:03:32,831 - WARNING - Distance Error is 10.486658190291125
2025-04-09 19:03:32,832 - INFO - Moving inside LN2
2025-04-09 19:03:34,860 - WARNING - Distance Error is 8.03305670339754
2025-04-09 19:03:37,864 - INFO - Outside LN2
2025-04-09 19:03:39,890 - WARNING - Distance Error is 5.096076922496367
2025-04-09 19:03:41,920 - WARNING - Distance Error is 13.277801022759737
2025-04-09 19:03:41,921 - INFO - Moving Inside Water Bath
2025-04-09 19:03:43,949 - WARNING - Distance Error is 6.4629714528226225
2025-04-09 19:03:46,953 - INFO - Moving outside Water Bath
2025-04-09 19:03:48,979 - WARNING - Distance Error is 13.274411474713268
2025-04-09 19:03:48,980 - INFO - Waiting
2025-04-09 19:03:56,008 - INFO - Distance Error is 4.746577714522326
2025-04-09 19:03:56,009 - INFO - ###################################### Cycle Completed: 2 ####################################################
2025-04-09 19:03:56,009 - INFO - LN2 Time = {-5.031804453999939} 
2025-04-09 19:03:56,009 - INFO - Water Bath = -5.031486507001318 
2025-04-09 19:03:56,009 - INFO - ######################################################################################################################
2025-04-09 19:03:59,048 - WARNING - Distance Error is 10.49618978486955
2025-04-09 19:03:59,049 - INFO - Moving inside LN2
2025-04-09 19:04:01,078 - WARNING - Distance Error is 8.073413156775773
2025-04-09 19:04:04,082 - INFO - Outside LN2
2025-04-09 19:04:06,108 - INFO - Distance Error is 4.973932046178341
2025-04-09 19:04:08,137 - WARNING - Distance Error is 13.35440002396214
2025-04-09 19:04:08,138 - INFO - Moving Inside Water Bath
2025-04-09 19:04:10,167 - WARNING - Distance Error is 6.398437309218546
2025-04-09 19:04:13,171 - INFO - Moving outside Water Bath
2025-04-09 19:04:15,196 - WARNING - Distance Error is 13.238579984273212
2025-04-09 19:04:15,197 - INFO - Waiting
2025-04-09 19:04:22,235 - INFO - Distance Error is 4.628174586162452
2025-04-09 19:04:22,236 - INFO - ###################################### Cycle Completed: 3 ####################################################
2025-04-09 19:04:22,236 - INFO - LN2 Time = {-5.032887933999518} 
2025-04-09 19:04:22,236 - INFO - Water Bath = -5.032833306999237 
2025-04-09 19:04:22,237 - INFO - ######################################################################################################################
2025-04-09 19:04:25,277 - WARNING - Distance Error is 10.49618978486955
2025-04-09 19:04:25,277 - INFO - Moving inside LN2
2025-04-09 19:04:27,305 - WARNING - Distance Error is 7.791020472312983
2025-04-09 19:04:30,309 - INFO - Outside LN2
2025-04-09 19:04:32,335 - INFO - Distance Error is 4.682947789587244
2025-04-09 19:04:34,364 - WARNING - Distance Error is 13.319534526401439
2025-04-09 19:04:34,365 - INFO - Moving Inside Water Bath
2025-04-09 19:04:36,395 - WARNING - Distance Error is 6.4629714528226225
2025-04-09 19:04:39,398 - INFO - Moving outside Water Bath
2025-04-09 19:04:41,424 - WARNING - Distance Error is 13.274411474713268
2025-04-09 19:04:41,424 - INFO - Waiting
2025-04-09 19:04:48,454 - INFO - Distance Error is 4.746577714522326
2025-04-09 19:04:48,454 - INFO - ###################################### Cycle Completed: 4 ####################################################
2025-04-09 19:04:48,454 - INFO - LN2 Time = {-5.031799295999008} 
2025-04-09 19:04:48,454 - INFO - Water Bath = -5.03293572199982 
2025-04-09 19:04:48,455 - INFO - ######################################################################################################################
2025-04-09 19:04:51,495 - WARNING - Distance Error is 10.49618978486955
2025-04-09 19:04:51,495 - INFO - Moving inside LN2
2025-04-09 19:04:53,524 - WARNING - Distance Error is 7.422937423958255
2025-04-09 19:04:56,527 - INFO - Outside LN2
2025-04-09 19:04:58,553 - INFO - Distance Error is 4.32897216438266
2025-04-09 19:05:00,583 - WARNING - Distance Error is 13.319534526401439
2025-04-09 19:05:00,583 - INFO - Moving Inside Water Bath
2025-04-09 19:05:02,612 - WARNING - Distance Error is 6.4629714528226225
2025-04-09 19:05:05,615 - INFO - Moving outside Water Bath
2025-04-09 19:05:07,641 - WARNING - Distance Error is 13.238579984273212
2025-04-09 19:05:07,641 - INFO - Waiting
2025-04-09 19:05:14,671 - INFO - Distance Error is 4.860041152089148
2025-04-09 19:05:14,671 - INFO - ###################################### Cycle Completed: 5 ####################################################
2025-04-09 19:05:14,671 - INFO - LN2 Time = {-5.031895222000458} 
2025-04-09 19:05:14,672 - INFO - Water Bath = -5.031982937000066 
2025-04-09 19:05:14,672 - INFO - ######################################################################################################################
2025-04-09 19:05:14,672 - INFO - Operation Completed Sucessfully
2025-04-09 19:05:14,672 - INFO - Programmed execution completed
