2025-03-31 15:38:20,813 - INFO - Starting Experiment
2025-03-31 15:38:20,814 - INFO - Experiment Parameters
2025-03-31 15:38:20,816 - INFO - Experiment Name: MLB-BQ-022_15cyc
2025-03-31 15:38:20,818 - INFO - Person Responsible: Ben Quach
2025-03-31 15:38:20,820 - INFO - Thermomixer Time: 240
2025-03-31 15:38:20,821 - INFO - Liquid Nitrogen Time: 60
2025-03-31 15:38:20,823 - INFO - Waiting Time 3
2025-03-31 15:38:20,825 - INFO - Number of Cycles 11
2025-03-31 15:38:20,826 - INFO - Robot Speed 100
2025-03-31 15:38:20,828 - INFO - Run Number 1
2025-03-31 15:38:35,991 - INFO - distance error 13.0315002973564 mm
2025-03-31 15:38:41,543 - INFO - distance error 4.451965857910396 mm
2025-03-31 15:45:55,203 - INFO - distance error 15.256146302392358 mm
2025-03-31 15:46:29,448 - INFO - distance error 4.451965857910396 mm
2025-03-31 15:46:45,388 - INFO - distance error 4.659399102888696 mm
2025-03-31 15:47:00,204 - INFO - distance error 7.149825172687787 mm
2025-03-31 15:47:07,452 - INFO - distance error 5.93717104351895 mm
2025-03-31 15:48:56,379 - INFO - distance error 12.356779515715264 mm
2025-03-31 15:49:08,271 - INFO - distance error 2.6476404589747378 mm
2025-03-31 15:59:12,119 - INFO - distance error 1.992485884517134 mm
2025-03-31 15:59:16,275 - INFO - distance error 3.839270764090489 mm
2025-03-31 15:59:50,295 - INFO - distance error 3.266496594212195 mm
2025-03-31 16:00:14,763 - INFO - distance error 1.581138830084192 mm
2025-03-31 16:00:22,283 - INFO - distance error 2.8809720581775857 mm
2025-03-31 16:00:33,596 - INFO - distance error 2.6570660511172868 mm
2025-03-31 16:00:54,031 - INFO - distance error 1.5652475842498514 mm
2025-03-31 16:01:05,215 - INFO - distance error 1.8708286933869813 mm
2025-03-31 16:02:23,147 - INFO - distance error 1.1999999999999962 mm
2025-03-31 16:02:31,163 - INFO - distance error 3.7175260590882244 mm
2025-03-31 16:04:40,012 - INFO - distance error 4.605431575867782 mm
2025-03-31 16:04:54,735 - INFO - distance error 2.6832815729997517 mm
2025-03-31 16:05:24,851 - INFO - distance error 110.01454449298966 mm
2025-03-31 16:05:49,943 - INFO - distance error 1.772004514666926 mm
2025-03-31 16:06:30,623 - INFO - distance error 1.3964240043768614 mm
2025-03-31 16:06:39,425 - INFO - distance error 2.5632011235952668 mm
2025-03-31 16:08:00,664 - INFO - distance error 2.9257477676655714 mm
2025-03-31 16:08:11,628 - INFO - distance error 2.729468812791211 mm
