2025-04-09 19:09:55,457 - INFO - Starting Experiment
2025-04-09 19:09:55,458 - INFO - Experiment Parameters
2025-04-09 19:09:55,458 - INFO - Experiment Name: Error_Testing
2025-04-09 19:09:55,458 - INFO - Person Responsible: Akshit
2025-04-09 19:09:55,459 - INFO - Thermomixer Time: 5
2025-04-09 19:09:55,459 - INFO - Liquid Nitrogen Time: 5
2025-04-09 19:09:55,459 - INFO - Waiting Time 5
2025-04-09 19:09:55,459 - INFO - Number of Cycles 5
2025-04-09 19:09:55,460 - INFO - Robot Speed 100
2025-04-09 19:09:55,460 - INFO - Run Number 1
2025-04-09 19:09:58,501 - WARNING - Distance Error is 9.041017641836552
2025-04-09 19:09:58,502 - INFO - Moving inside LN2
2025-04-09 19:10:00,528 - WARNING - Distance Error is 7.763375554486586
2025-04-09 19:10:03,532 - INFO - Outside LN2
2025-04-09 19:10:05,555 - WARNING - Distance Error is 5.020956084253284
2025-04-09 19:10:07,580 - WARNING - Distance Error is 12.875169901791581
2025-04-09 19:10:07,581 - INFO - Moving Inside Water Bath
2025-04-09 19:10:09,606 - WARNING - Distance Error is 6.378871373526837
2025-04-09 19:10:12,610 - INFO - Moving outside Water Bath
2025-04-09 19:10:14,633 - WARNING - Distance Error is 13.008074415531295
2025-04-09 19:10:14,634 - INFO - Waiting
2025-04-09 19:10:21,668 - INFO - Distance Error is 4.746577714522326
2025-04-09 19:10:21,669 - INFO - ###################################### Cycle Completed: 1 ####################################################
2025-04-09 19:10:21,669 - INFO - LN2 Time = {-5.029736959999994} 
2025-04-09 19:10:21,669 - INFO - Water Bath = -5.028866477999998 
2025-04-09 19:10:21,670 - INFO - ######################################################################################################################
2025-04-09 19:10:24,705 - WARNING - Distance Error is 10.536128321162376
2025-04-09 19:10:24,705 - INFO - Moving inside LN2
2025-04-09 19:10:26,731 - WARNING - Distance Error is 7.479304780526052
2025-04-09 19:10:29,735 - INFO - Outside LN2
2025-04-09 19:10:31,757 - INFO - Distance Error is 4.6151923036857365
2025-04-09 19:10:33,783 - WARNING - Distance Error is 13.121356637177412
2025-04-09 19:10:33,784 - INFO - Moving Inside Water Bath
2025-04-09 19:10:35,809 - WARNING - Distance Error is 6.3442887702247495
2025-04-09 19:10:38,813 - INFO - Moving outside Water Bath
2025-04-09 19:10:40,835 - WARNING - Distance Error is 13.135067567393754
2025-04-09 19:10:40,836 - INFO - Waiting
2025-04-09 19:10:47,862 - INFO - Distance Error is 4.628174586162452
2025-04-09 19:10:47,863 - INFO - ###################################### Cycle Completed: 2 ####################################################
2025-04-09 19:10:47,863 - INFO - LN2 Time = {-5.02900314499999} 
2025-04-09 19:10:47,863 - INFO - Water Bath = -5.028885830999997 
2025-04-09 19:10:47,863 - INFO - ######################################################################################################################
2025-04-09 19:10:50,898 - WARNING - Distance Error is 10.653168542738813
2025-04-09 19:10:50,899 - INFO - Moving inside LN2
2025-04-09 19:10:52,924 - WARNING - Distance Error is 7.3054773971315425
2025-04-09 19:10:55,928 - INFO - Outside LN2
2025-04-09 19:10:57,950 - INFO - Distance Error is 4.283689998120766
2025-04-09 19:10:59,976 - WARNING - Distance Error is 13.251792331605563
2025-04-09 19:10:59,977 - INFO - Moving Inside Water Bath
2025-04-09 19:11:02,002 - WARNING - Distance Error is 6.4288412641781845
2025-04-09 19:11:05,006 - INFO - Moving outside Water Bath
2025-04-09 19:11:07,028 - WARNING - Distance Error is 13.135067567393754
2025-04-09 19:11:07,029 - INFO - Waiting
2025-04-09 19:11:14,055 - INFO - Distance Error is 4.746577714522326
2025-04-09 19:11:14,055 - INFO - ###################################### Cycle Completed: 3 ####################################################
2025-04-09 19:11:14,055 - INFO - LN2 Time = {-5.028864607999992} 
2025-04-09 19:11:14,055 - INFO - Water Bath = -5.028805571000021 
2025-04-09 19:11:14,056 - INFO - ######################################################################################################################
2025-04-09 19:11:17,092 - WARNING - Distance Error is 10.653168542738813
2025-04-09 19:11:17,092 - INFO - Moving inside LN2
2025-04-09 19:11:19,118 - WARNING - Distance Error is 7.437069315261211
2025-04-09 19:11:22,121 - INFO - Outside LN2
2025-04-09 19:11:24,144 - INFO - Distance Error is 4.32897216438266
2025-04-09 19:11:26,170 - WARNING - Distance Error is 13.251792331605563
2025-04-09 19:11:26,170 - INFO - Moving Inside Water Bath
2025-04-09 19:11:28,196 - WARNING - Distance Error is 6.414047084329843
2025-04-09 19:11:31,199 - INFO - Moving outside Water Bath
2025-04-09 19:11:33,222 - WARNING - Distance Error is 13.274411474713268
2025-04-09 19:11:33,222 - INFO - Waiting
2025-04-09 19:11:40,248 - INFO - Distance Error is 4.628174586162452
2025-04-09 19:11:40,248 - INFO - ###################################### Cycle Completed: 4 ####################################################
2025-04-09 19:11:40,248 - INFO - LN2 Time = {-5.028776663999992} 
2025-04-09 19:11:40,249 - INFO - Water Bath = -5.028791720000015 
2025-04-09 19:11:40,249 - INFO - ######################################################################################################################
2025-04-09 19:11:43,285 - WARNING - Distance Error is 10.536128321162376
2025-04-09 19:11:43,285 - INFO - Moving inside LN2
2025-04-09 19:11:45,311 - WARNING - Distance Error is 7.195832127002398
2025-04-09 19:11:48,314 - INFO - Outside LN2
2025-04-09 19:11:50,337 - INFO - Distance Error is 4.283689998120766
2025-04-09 19:11:52,363 - WARNING - Distance Error is 13.251792331605563
2025-04-09 19:11:52,363 - INFO - Moving Inside Water Bath
2025-04-09 19:11:54,389 - WARNING - Distance Error is 6.3442887702247495
2025-04-09 19:11:57,393 - INFO - Moving outside Water Bath
2025-04-09 19:11:59,415 - WARNING - Distance Error is 13.238579984273212
2025-04-09 19:11:59,416 - INFO - Waiting
2025-04-09 19:12:06,442 - INFO - Distance Error is 4.628174586162452
2025-04-09 19:12:06,443 - INFO - ###################################### Cycle Completed: 5 ####################################################
2025-04-09 19:12:06,443 - INFO - LN2 Time = {-5.028818849000004} 
2025-04-09 19:12:06,443 - INFO - Water Bath = -5.02893745999998 
2025-04-09 19:12:06,443 - INFO - ######################################################################################################################
2025-04-09 19:12:06,443 - INFO - Operation Completed Sucessfully
2025-04-09 19:12:06,444 - INFO - Programmed execution completed
