2025-04-09 17:36:55,910 - INFO - Starting Experiment
2025-04-09 17:36:55,910 - INFO - Experiment Parameters
2025-04-09 17:36:55,911 - INFO - Experiment Name: Error_Testing
2025-04-09 17:36:55,911 - INFO - Person Responsible: Akshit
2025-04-09 17:36:55,911 - INFO - Thermomixer Time: 5
2025-04-09 17:36:55,911 - INFO - Liquid Nitrogen Time: 5
2025-04-09 17:36:55,911 - INFO - Waiting Time 5
2025-04-09 17:36:55,912 - INFO - Number of Cycles 30
2025-04-09 17:36:55,912 - INFO - Robot Speed 100
2025-04-09 17:36:55,912 - INFO - Run Number 1
2025-04-09 17:36:58,949 - WARNING - Distance Error is 9.53205119583397
2025-04-09 17:36:58,949 - INFO - Moving inside LN2
2025-04-09 17:37:06,108 - ERROR - Timeout, cannot detect current position
2025-04-09 17:37:06,209 - ERROR - Error Function returns mc.get_error_information() =-1
2025-04-09 17:37:06,653 - WARNING - Distance Error is 5.478138369920944
2025-04-09 17:37:09,657 - INFO - Outside LN2
2025-04-09 17:37:11,685 - INFO - Distance Error is 3.6633318168028377
2025-04-09 17:37:13,715 - WARNING - Distance Error is 13.41752585240662
2025-04-09 17:37:13,716 - INFO - Moving Inside Water Bath
2025-04-09 17:37:15,746 - INFO - Distance Error is 4.754997371187492
2025-04-09 17:37:20,751 - INFO - Moving outside Water Bath
2025-04-09 17:37:22,774 - WARNING - Distance Error is 13.601838111078937
2025-04-09 17:37:22,775 - INFO - Waiting
2025-04-09 17:37:29,804 - INFO - Distance Error is 3.9924929555354254
2025-04-09 17:37:29,805 - INFO - ###################################### Cycle Completed: 1 ####################################################
2025-04-09 17:37:29,805 - INFO - LN2 Time = {-10.707342278000397} 
2025-04-09 17:37:29,805 - INFO - Water Bath = -7.035351311999875 
2025-04-09 17:37:29,805 - INFO - ######################################################################################################################
2025-04-09 17:37:32,844 - WARNING - Distance Error is 10.19901956072248
2025-04-09 17:37:32,845 - INFO - Moving inside LN2
2025-04-09 17:37:34,873 - WARNING - Distance Error is 6.354525946126911
2025-04-09 17:37:37,877 - INFO - Outside LN2
2025-04-09 17:37:39,903 - INFO - Distance Error is 3.8691084244306224
2025-04-09 17:37:41,932 - WARNING - Distance Error is 13.351029922818686
2025-04-09 17:37:41,933 - INFO - Moving Inside Water Bath
2025-04-09 17:37:43,961 - INFO - Distance Error is 4.792702786528699
2025-04-09 17:37:48,967 - INFO - Moving outside Water Bath
2025-04-09 17:37:50,991 - WARNING - Distance Error is 13.676622390049358
2025-04-09 17:37:50,992 - INFO - Waiting
2025-04-09 17:37:58,020 - INFO - Distance Error is 4.179712908801273
2025-04-09 17:37:58,021 - INFO - ###################################### Cycle Completed: 2 ####################################################
2025-04-09 17:37:58,021 - INFO - LN2 Time = {-5.031837812000049} 
2025-04-09 17:37:58,021 - INFO - Water Bath = -7.033751930999642 
2025-04-09 17:37:58,021 - INFO - ######################################################################################################################
2025-04-09 17:38:01,060 - WARNING - Distance Error is 10.167103815738278
2025-04-09 17:38:01,061 - INFO - Moving inside LN2
2025-04-09 17:38:03,090 - WARNING - Distance Error is 5.662155066756827
2025-04-09 17:38:06,096 - INFO - Outside LN2
2025-04-09 17:38:08,120 - INFO - Distance Error is 3.3970575502925944
2025-04-09 17:38:10,149 - WARNING - Distance Error is 13.351029922818686
2025-04-09 17:38:10,150 - INFO - Moving Inside Water Bath
2025-04-09 17:38:12,179 - INFO - Distance Error is 4.792702786528699
2025-04-09 17:38:17,185 - INFO - Moving outside Water Bath
2025-04-09 17:38:19,209 - WARNING - Distance Error is 13.676622390049358
2025-04-09 17:38:19,210 - INFO - Waiting
2025-04-09 17:38:26,238 - INFO - Distance Error is 3.933192087859427
2025-04-09 17:38:26,239 - INFO - ###################################### Cycle Completed: 3 ####################################################
2025-04-09 17:38:26,239 - INFO - LN2 Time = {-5.0345025490005355} 
2025-04-09 17:38:26,239 - INFO - Water Bath = -7.034839935000491 
2025-04-09 17:38:26,240 - INFO - ######################################################################################################################
2025-04-09 17:38:29,279 - WARNING - Distance Error is 10.113851887386915
2025-04-09 17:38:29,280 - INFO - Moving inside LN2
2025-04-09 17:38:31,309 - WARNING - Distance Error is 6.3882705014737695
2025-04-09 17:38:34,313 - INFO - Outside LN2
2025-04-09 17:38:36,338 - INFO - Distance Error is 3.8691084244306224
2025-04-09 17:38:38,367 - WARNING - Distance Error is 13.62057267518512
2025-04-09 17:38:38,368 - INFO - Moving Inside Water Bath
2025-04-09 17:38:40,397 - INFO - Distance Error is 4.792702786528699
2025-04-09 17:38:45,402 - INFO - Moving outside Water Bath
2025-04-09 17:38:47,428 - WARNING - Distance Error is 13.676622390049358
2025-04-09 17:38:47,428 - INFO - Waiting
2025-04-09 17:38:54,456 - INFO - Distance Error is 4.115823125451335
2025-04-09 17:38:54,457 - INFO - ###################################### Cycle Completed: 4 ####################################################
2025-04-09 17:38:54,457 - INFO - LN2 Time = {-5.032784336999612} 
2025-04-09 17:38:54,457 - INFO - Water Bath = -7.033948895999856 
2025-04-09 17:38:54,457 - INFO - ######################################################################################################################
2025-04-09 17:38:57,498 - WARNING - Distance Error is 10.264501936285084
2025-04-09 17:38:57,498 - INFO - Moving inside LN2
2025-04-09 17:38:59,528 - WARNING - Distance Error is 5.987486951969092
2025-04-09 17:39:02,531 - INFO - Outside LN2
2025-04-09 17:39:04,556 - INFO - Distance Error is 3.4597687784012408
2025-04-09 17:39:06,586 - WARNING - Distance Error is 13.515176654413356
2025-04-09 17:39:06,586 - INFO - Moving Inside Water Bath
2025-04-09 17:39:08,616 - INFO - Distance Error is 4.792702786528699
2025-04-09 17:39:13,621 - INFO - Moving outside Water Bath
2025-04-09 17:39:15,656 - WARNING - Distance Error is 13.676622390049358
2025-04-09 17:39:15,656 - INFO - Waiting
2025-04-09 17:39:22,685 - INFO - Distance Error is 3.933192087859427
2025-04-09 17:39:22,685 - INFO - ###################################### Cycle Completed: 5 ####################################################
2025-04-09 17:39:22,685 - INFO - LN2 Time = {-5.0328568499999164} 
2025-04-09 17:39:22,685 - INFO - Water Bath = -7.034782969999469 
2025-04-09 17:39:22,686 - INFO - ######################################################################################################################
2025-04-09 17:39:25,726 - WARNING - Distance Error is 10.264501936285084
2025-04-09 17:39:25,726 - INFO - Moving inside LN2
2025-04-09 17:39:27,756 - WARNING - Distance Error is 6.427285585688558
2025-04-09 17:39:30,759 - INFO - Outside LN2
2025-04-09 17:39:32,785 - INFO - Distance Error is 3.8691084244306224
2025-04-09 17:39:34,815 - WARNING - Distance Error is 13.62057267518512
2025-04-09 17:39:34,815 - INFO - Moving Inside Water Bath
2025-04-09 17:39:36,844 - INFO - Distance Error is 4.792702786528699
2025-04-09 17:39:41,849 - INFO - Moving outside Water Bath
2025-04-09 17:39:43,883 - WARNING - Distance Error is 13.676622390049358
2025-04-09 17:39:43,883 - INFO - Waiting
2025-04-09 17:39:50,913 - INFO - Distance Error is 3.933192087859427
2025-04-09 17:39:50,913 - INFO - ###################################### Cycle Completed: 6 ####################################################
2025-04-09 17:39:50,913 - INFO - LN2 Time = {-5.032786140000098} 
2025-04-09 17:39:50,914 - INFO - Water Bath = -7.033917481000572 
2025-04-09 17:39:50,914 - INFO - ######################################################################################################################
2025-04-09 17:39:53,953 - WARNING - Distance Error is 10.113851887386915
2025-04-09 17:39:53,953 - INFO - Moving inside LN2
2025-04-09 17:39:55,982 - WARNING - Distance Error is 6.61966766537414
2025-04-09 17:39:58,985 - INFO - Outside LN2
2025-04-09 17:40:01,012 - INFO - Distance Error is 3.3136083051561807
2025-04-09 17:40:03,041 - WARNING - Distance Error is 13.351029922818686
2025-04-09 17:40:03,041 - INFO - Moving Inside Water Bath
2025-04-09 17:40:05,070 - INFO - Distance Error is 4.792702786528699
2025-04-09 17:40:10,075 - INFO - Moving outside Water Bath
2025-04-09 17:40:12,100 - WARNING - Distance Error is 13.676622390049358
2025-04-09 17:40:12,100 - INFO - Waiting
2025-04-09 17:40:19,139 - INFO - Distance Error is 3.7656340767525456
2025-04-09 17:40:19,139 - INFO - ###################################### Cycle Completed: 7 ####################################################
2025-04-09 17:40:19,140 - INFO - LN2 Time = {-5.030806740000116} 
2025-04-09 17:40:19,140 - INFO - Water Bath = -7.033790872999816 
2025-04-09 17:40:19,140 - INFO - ######################################################################################################################
2025-04-09 17:40:22,179 - WARNING - Distance Error is 10.113851887386915
2025-04-09 17:40:22,179 - INFO - Moving inside LN2
2025-04-09 17:40:24,209 - WARNING - Distance Error is 5.987486951969092
2025-04-09 17:40:27,212 - INFO - Outside LN2
2025-04-09 17:40:29,239 - INFO - Distance Error is 3.4073450074801475
2025-04-09 17:40:31,268 - WARNING - Distance Error is 13.477759457714022
2025-04-09 17:40:31,268 - INFO - Moving Inside Water Bath
2025-04-09 17:40:33,298 - INFO - Distance Error is 4.772839825512685
2025-04-09 17:40:38,304 - INFO - Moving outside Water Bath
2025-04-09 17:40:40,328 - WARNING - Distance Error is 13.638914912851368
2025-04-09 17:40:40,328 - INFO - Waiting
2025-04-09 17:40:47,367 - INFO - Distance Error is 4.179712908801273
2025-04-09 17:40:47,367 - INFO - ###################################### Cycle Completed: 8 ####################################################
2025-04-09 17:40:47,368 - INFO - LN2 Time = {-5.032796251000036} 
2025-04-09 17:40:47,368 - INFO - Water Bath = -7.0348261610006375 
2025-04-09 17:40:47,368 - INFO - ######################################################################################################################
2025-04-09 17:40:50,408 - WARNING - Distance Error is 10.230835742987948
2025-04-09 17:40:50,409 - INFO - Moving inside LN2
2025-04-09 17:40:52,438 - WARNING - Distance Error is 5.82494635168429
2025-04-09 17:40:55,442 - INFO - Outside LN2
2025-04-09 17:40:57,467 - INFO - Distance Error is 3.525620512760838
2025-04-09 17:40:59,497 - WARNING - Distance Error is 13.440982106974168
2025-04-09 17:40:59,497 - INFO - Moving Inside Water Bath
2025-04-09 17:41:01,527 - INFO - Distance Error is 4.754997371187492
2025-04-09 17:41:06,533 - INFO - Moving outside Water Bath
2025-04-09 17:41:08,556 - WARNING - Distance Error is 13.601838111078937
2025-04-09 17:41:08,557 - INFO - Waiting
2025-04-09 17:41:15,586 - INFO - Distance Error is 3.83275357934735
2025-04-09 17:41:15,587 - INFO - ###################################### Cycle Completed: 9 ####################################################
2025-04-09 17:41:15,587 - INFO - LN2 Time = {-5.032805628999995} 
2025-04-09 17:41:15,587 - INFO - Water Bath = -7.0348463999998785 
2025-04-09 17:41:15,587 - INFO - ######################################################################################################################
2025-04-09 17:41:18,626 - WARNING - Distance Error is 10.19901956072248
2025-04-09 17:41:18,627 - INFO - Moving inside LN2
2025-04-09 17:41:20,655 - WARNING - Distance Error is 6.712674578735368
2025-04-09 17:41:23,659 - INFO - Outside LN2
2025-04-09 17:41:25,685 - INFO - Distance Error is 3.8691084244306224
2025-04-09 17:41:27,714 - WARNING - Distance Error is 13.66528448295166
2025-04-09 17:41:27,715 - INFO - Moving Inside Water Bath
2025-04-09 17:41:29,743 - INFO - Distance Error is 4.792702786528699
2025-04-09 17:41:34,749 - INFO - Moving outside Water Bath
2025-04-09 17:41:36,773 - WARNING - Distance Error is 13.676622390049358
2025-04-09 17:41:36,774 - INFO - Waiting
2025-04-09 17:41:43,802 - INFO - Distance Error is 4.179712908801273
2025-04-09 17:41:43,803 - INFO - ###################################### Cycle Completed: 10 ####################################################
2025-04-09 17:41:43,803 - INFO - LN2 Time = {-5.031855625999924} 
2025-04-09 17:41:43,803 - INFO - Water Bath = -7.033787174999816 
2025-04-09 17:41:43,803 - INFO - ######################################################################################################################
2025-04-09 17:41:46,842 - WARNING - Distance Error is 10.113851887386915
2025-04-09 17:41:46,843 - INFO - Moving inside LN2
2025-04-09 17:41:48,872 - WARNING - Distance Error is 5.987486951969092
2025-04-09 17:41:51,876 - INFO - Outside LN2
2025-04-09 17:41:53,902 - INFO - Distance Error is 3.8691084244306224
2025-04-09 17:41:55,931 - WARNING - Distance Error is 13.62754563375223
2025-04-09 17:41:55,931 - INFO - Moving Inside Water Bath
2025-04-09 17:41:57,961 - INFO - Distance Error is 4.792702786528699
2025-04-09 17:42:02,966 - INFO - Moving outside Water Bath
2025-04-09 17:42:04,991 - WARNING - Distance Error is 13.676622390049358
2025-04-09 17:42:04,991 - INFO - Waiting
2025-04-09 17:42:12,020 - INFO - Distance Error is 3.933192087859427
2025-04-09 17:42:12,020 - INFO - ###################################### Cycle Completed: 11 ####################################################
2025-04-09 17:42:12,021 - INFO - LN2 Time = {-5.032795803000226} 
2025-04-09 17:42:12,021 - INFO - Water Bath = -7.0344730540000455 
2025-04-09 17:42:12,021 - INFO - ######################################################################################################################
2025-04-09 17:42:15,061 - WARNING - Distance Error is 10.264501936285084
2025-04-09 17:42:15,062 - INFO - Moving inside LN2
2025-04-09 17:42:17,091 - WARNING - Distance Error is 6.712674578735368
2025-04-09 17:42:20,095 - INFO - Outside LN2
2025-04-09 17:42:22,120 - INFO - Distance Error is 3.8691084244306224
2025-04-09 17:42:24,150 - WARNING - Distance Error is 13.463283403390111
2025-04-09 17:42:24,151 - INFO - Moving Inside Water Bath
2025-04-09 17:42:26,180 - INFO - Distance Error is 4.792702786528699
2025-04-09 17:42:31,182 - INFO - Moving outside Water Bath
2025-04-09 17:42:33,209 - WARNING - Distance Error is 13.676622390049358
2025-04-09 17:42:33,209 - INFO - Waiting
2025-04-09 17:42:40,239 - INFO - Distance Error is 3.933192087859427
2025-04-09 17:42:40,239 - INFO - ###################################### Cycle Completed: 12 ####################################################
2025-04-09 17:42:40,240 - INFO - LN2 Time = {-5.032951123000203} 
2025-04-09 17:42:40,240 - INFO - Water Bath = -7.0313468960002865 
2025-04-09 17:42:40,240 - INFO - ######################################################################################################################
2025-04-09 17:42:43,280 - WARNING - Distance Error is 9.928242543370901
2025-04-09 17:42:43,280 - INFO - Moving inside LN2
2025-04-09 17:42:45,309 - WARNING - Distance Error is 6.61966766537414
2025-04-09 17:42:48,313 - INFO - Outside LN2
2025-04-09 17:42:50,338 - INFO - Distance Error is 3.4597687784012408
2025-04-09 17:42:52,368 - WARNING - Distance Error is 13.62754563375223
2025-04-09 17:42:52,368 - INFO - Moving Inside Water Bath
2025-04-09 17:42:54,397 - INFO - Distance Error is 4.792702786528699
2025-04-09 17:42:59,402 - INFO - Moving outside Water Bath
2025-04-09 17:43:01,426 - WARNING - Distance Error is 13.676622390049358
2025-04-09 17:43:01,427 - INFO - Waiting
2025-04-09 17:43:08,456 - INFO - Distance Error is 4.179712908801273
2025-04-09 17:43:08,456 - INFO - ###################################### Cycle Completed: 13 ####################################################
2025-04-09 17:43:08,457 - INFO - LN2 Time = {-5.031912519999423} 
2025-04-09 17:43:08,457 - INFO - Water Bath = -7.033556246000444 
2025-04-09 17:43:08,457 - INFO - ######################################################################################################################
2025-04-09 17:43:11,497 - WARNING - Distance Error is 10.230835742987948
2025-04-09 17:43:11,497 - INFO - Moving inside LN2
2025-04-09 17:43:13,526 - WARNING - Distance Error is 6.427285585688558
2025-04-09 17:43:16,529 - INFO - Outside LN2
2025-04-09 17:43:18,555 - INFO - Distance Error is 3.721558813185668
2025-04-09 17:43:20,585 - WARNING - Distance Error is 13.785862323409447
2025-04-09 17:43:20,585 - INFO - Moving Inside Water Bath
2025-04-09 17:43:22,614 - INFO - Distance Error is 4.792702786528699
2025-04-09 17:43:27,619 - INFO - Moving outside Water Bath
2025-04-09 17:43:29,643 - WARNING - Distance Error is 13.676622390049358
2025-04-09 17:43:29,643 - INFO - Waiting
2025-04-09 17:43:36,673 - INFO - Distance Error is 4.115823125451335
2025-04-09 17:43:36,673 - INFO - ###################################### Cycle Completed: 14 ####################################################
2025-04-09 17:43:36,674 - INFO - LN2 Time = {-5.031889595999928} 
2025-04-09 17:43:36,674 - INFO - Water Bath = -7.03378060399973 
2025-04-09 17:43:36,674 - INFO - ######################################################################################################################
2025-04-09 17:43:39,714 - WARNING - Distance Error is 10.264501936285084
2025-04-09 17:43:39,714 - INFO - Moving inside LN2
2025-04-09 17:43:41,743 - WARNING - Distance Error is 6.640783086353593
2025-04-09 17:43:44,746 - INFO - Outside LN2
2025-04-09 17:43:46,772 - INFO - Distance Error is 3.3852621759621533
2025-04-09 17:43:48,802 - WARNING - Distance Error is 13.785862323409447
2025-04-09 17:43:48,802 - INFO - Moving Inside Water Bath
2025-04-09 17:43:50,831 - INFO - Distance Error is 4.792702786528699
2025-04-09 17:43:55,836 - INFO - Moving outside Water Bath
2025-04-09 17:43:57,860 - WARNING - Distance Error is 13.529966740535599
2025-04-09 17:43:57,860 - INFO - Waiting
2025-04-09 17:44:04,890 - INFO - Distance Error is 4.115823125451335
2025-04-09 17:44:04,891 - INFO - ###################################### Cycle Completed: 15 ####################################################
2025-04-09 17:44:04,891 - INFO - LN2 Time = {-5.031832947000112} 
2025-04-09 17:44:04,891 - INFO - Water Bath = -7.03384224399997 
2025-04-09 17:44:04,891 - INFO - ######################################################################################################################
2025-04-09 17:44:07,931 - WARNING - Distance Error is 10.264501936285084
2025-04-09 17:44:07,931 - INFO - Moving inside LN2
2025-04-09 17:44:09,960 - WARNING - Distance Error is 6.640783086353593
2025-04-09 17:44:12,963 - INFO - Outside LN2
2025-04-09 17:44:14,989 - INFO - Distance Error is 3.8691084244306224
2025-04-09 17:44:17,019 - WARNING - Distance Error is 13.463283403390111
2025-04-09 17:44:17,019 - INFO - Moving Inside Water Bath
2025-04-09 17:44:19,048 - INFO - Distance Error is 4.792702786528699
2025-04-09 17:44:24,053 - INFO - Moving outside Water Bath
2025-04-09 17:44:26,087 - WARNING - Distance Error is 13.676622390049358
2025-04-09 17:44:26,087 - INFO - Waiting
2025-04-09 17:44:33,117 - INFO - Distance Error is 4.179712908801273
2025-04-09 17:44:33,117 - INFO - ###################################### Cycle Completed: 16 ####################################################
2025-04-09 17:44:33,118 - INFO - LN2 Time = {-5.031847962999564} 
2025-04-09 17:44:33,118 - INFO - Water Bath = -7.033743746999789 
2025-04-09 17:44:33,118 - INFO - ######################################################################################################################
2025-04-09 17:44:36,157 - WARNING - Distance Error is 10.113851887386915
2025-04-09 17:44:36,157 - INFO - Moving inside LN2
2025-04-09 17:44:38,186 - WARNING - Distance Error is 5.987486951969092
2025-04-09 17:44:41,189 - INFO - Outside LN2
2025-04-09 17:44:43,216 - INFO - Distance Error is 3.5958309192730424
2025-04-09 17:44:45,246 - WARNING - Distance Error is 13.584181977579641
2025-04-09 17:44:45,246 - INFO - Moving Inside Water Bath
2025-04-09 17:44:47,275 - INFO - Distance Error is 4.792702786528699
2025-04-09 17:44:52,280 - INFO - Moving outside Water Bath
2025-04-09 17:44:54,305 - WARNING - Distance Error is 13.676622390049358
2025-04-09 17:44:54,305 - INFO - Waiting
2025-04-09 17:45:01,344 - INFO - Distance Error is 4.179712908801273
2025-04-09 17:45:01,344 - INFO - ###################################### Cycle Completed: 17 ####################################################
2025-04-09 17:45:01,345 - INFO - LN2 Time = {-5.031866519000687} 
2025-04-09 17:45:01,345 - INFO - Water Bath = -7.033812726999713 
2025-04-09 17:45:01,345 - INFO - ######################################################################################################################
2025-04-09 17:45:04,384 - WARNING - Distance Error is 10.264501936285084
2025-04-09 17:45:04,384 - INFO - Moving inside LN2
2025-04-09 17:45:06,414 - WARNING - Distance Error is 6.7594378464484715
2025-04-09 17:45:09,417 - INFO - Outside LN2
2025-04-09 17:45:11,444 - INFO - Distance Error is 3.5958309192730424
2025-04-09 17:45:13,473 - WARNING - Distance Error is 13.62057267518512
2025-04-09 17:45:13,473 - INFO - Moving Inside Water Bath
2025-04-09 17:45:15,503 - INFO - Distance Error is 4.792702786528699
2025-04-09 17:45:20,508 - INFO - Moving outside Water Bath
2025-04-09 17:45:22,532 - WARNING - Distance Error is 13.676622390049358
2025-04-09 17:45:22,532 - INFO - Waiting
2025-04-09 17:45:29,561 - INFO - Distance Error is 4.053393639902248
2025-04-09 17:45:29,561 - INFO - ###################################### Cycle Completed: 18 ####################################################
2025-04-09 17:45:29,562 - INFO - LN2 Time = {-5.032653815000231} 
2025-04-09 17:45:29,562 - INFO - Water Bath = -7.0347873439995965 
2025-04-09 17:45:29,562 - INFO - ######################################################################################################################
2025-04-09 17:45:32,602 - WARNING - Distance Error is 10.113851887386915
2025-04-09 17:45:32,603 - INFO - Moving inside LN2
2025-04-09 17:45:34,632 - WARNING - Distance Error is 5.701754116059384
2025-04-09 17:45:37,636 - INFO - Outside LN2
2025-04-09 17:45:39,661 - INFO - Distance Error is 3.8691084244306224
2025-04-09 17:45:41,691 - WARNING - Distance Error is 14.050266901379477
2025-04-09 17:45:41,691 - INFO - Moving Inside Water Bath
2025-04-09 17:45:43,721 - INFO - Distance Error is 4.792702786528699
2025-04-09 17:45:48,726 - INFO - Moving outside Water Bath
2025-04-09 17:45:50,760 - WARNING - Distance Error is 13.676622390049358
2025-04-09 17:45:50,760 - INFO - Waiting
2025-04-09 17:45:57,800 - INFO - Distance Error is 3.7656340767525456
2025-04-09 17:45:57,800 - INFO - ###################################### Cycle Completed: 19 ####################################################
2025-04-09 17:45:57,800 - INFO - LN2 Time = {-5.0326773530005084} 
2025-04-09 17:45:57,801 - INFO - Water Bath = -7.03461199999947 
2025-04-09 17:45:57,801 - INFO - ######################################################################################################################
2025-04-09 17:46:00,840 - WARNING - Distance Error is 10.113851887386915
2025-04-09 17:46:00,840 - INFO - Moving inside LN2
2025-04-09 17:46:02,869 - WARNING - Distance Error is 5.701754116059384
2025-04-09 17:46:05,872 - INFO - Outside LN2
2025-04-09 17:46:07,899 - INFO - Distance Error is 3.8483762809787567
2025-04-09 17:46:09,928 - WARNING - Distance Error is 13.785862323409447
2025-04-09 17:46:09,928 - INFO - Moving Inside Water Bath
2025-04-09 17:46:11,957 - INFO - Distance Error is 4.86415460280612
2025-04-09 17:46:16,963 - INFO - Moving outside Water Bath
2025-04-09 17:46:18,987 - WARNING - Distance Error is 13.676622390049358
2025-04-09 17:46:18,987 - INFO - Waiting
2025-04-09 17:46:26,016 - INFO - Distance Error is 4.179712908801273
2025-04-09 17:46:26,016 - INFO - ###################################### Cycle Completed: 20 ####################################################
2025-04-09 17:46:26,017 - INFO - LN2 Time = {-5.031744212999911} 
2025-04-09 17:46:26,017 - INFO - Water Bath = -7.034142022999731 
2025-04-09 17:46:26,017 - INFO - ######################################################################################################################
2025-04-09 17:46:29,056 - WARNING - Distance Error is 10.264501936285084
2025-04-09 17:46:29,056 - INFO - Moving inside LN2
2025-04-09 17:46:31,086 - WARNING - Distance Error is 5.987486951969092
2025-04-09 17:46:34,089 - INFO - Outside LN2
2025-04-09 17:46:36,116 - INFO - Distance Error is 3.2155870381627047
2025-04-09 17:46:38,145 - WARNING - Distance Error is 13.553228397691813
2025-04-09 17:46:38,145 - INFO - Moving Inside Water Bath
2025-04-09 17:46:40,175 - INFO - Distance Error is 4.792702786528699
2025-04-09 17:46:45,180 - INFO - Moving outside Water Bath
2025-04-09 17:46:47,204 - WARNING - Distance Error is 13.676622390049358
2025-04-09 17:46:47,204 - INFO - Waiting
2025-04-09 17:46:54,243 - INFO - Distance Error is 3.933192087859427
2025-04-09 17:46:54,243 - INFO - ###################################### Cycle Completed: 21 ####################################################
2025-04-09 17:46:54,243 - INFO - LN2 Time = {-5.032896417999837} 
2025-04-09 17:46:54,244 - INFO - Water Bath = -7.0348766570004955 
2025-04-09 17:46:54,244 - INFO - ######################################################################################################################
2025-04-09 17:46:57,284 - WARNING - Distance Error is 10.113851887386915
2025-04-09 17:46:57,284 - INFO - Moving inside LN2
2025-04-09 17:46:59,313 - WARNING - Distance Error is 6.123724356957955
2025-04-09 17:47:02,317 - INFO - Outside LN2
2025-04-09 17:47:04,342 - INFO - Distance Error is 3.4842502780368685
2025-04-09 17:47:06,372 - WARNING - Distance Error is 13.62754563375223
2025-04-09 17:47:06,372 - INFO - Moving Inside Water Bath
2025-04-09 17:47:08,401 - INFO - Distance Error is 4.792702786528699
2025-04-09 17:47:13,406 - INFO - Moving outside Water Bath
2025-04-09 17:47:15,440 - WARNING - Distance Error is 13.676622390049358
2025-04-09 17:47:15,440 - INFO - Waiting
2025-04-09 17:47:22,470 - INFO - Distance Error is 4.115823125451335
2025-04-09 17:47:22,470 - INFO - ###################################### Cycle Completed: 22 ####################################################
2025-04-09 17:47:22,471 - INFO - LN2 Time = {-5.031848001999606} 
2025-04-09 17:47:22,471 - INFO - Water Bath = -7.033578131000468 
2025-04-09 17:47:22,471 - INFO - ######################################################################################################################
2025-04-09 17:47:25,511 - WARNING - Distance Error is 10.113851887386915
2025-04-09 17:47:25,511 - INFO - Moving inside LN2
2025-04-09 17:47:27,540 - WARNING - Distance Error is 6.640783086353593
2025-04-09 17:47:30,543 - INFO - Outside LN2
2025-04-09 17:47:32,570 - INFO - Distance Error is 3.2155870381627047
2025-04-09 17:47:34,599 - WARNING - Distance Error is 13.66528448295166
2025-04-09 17:47:34,599 - INFO - Moving Inside Water Bath
2025-04-09 17:47:36,628 - INFO - Distance Error is 4.792702786528699
2025-04-09 17:47:41,633 - INFO - Moving outside Water Bath
2025-04-09 17:47:43,668 - WARNING - Distance Error is 13.676622390049358
2025-04-09 17:47:43,668 - INFO - Waiting
2025-04-09 17:47:50,698 - INFO - Distance Error is 4.053393639902248
2025-04-09 17:47:50,699 - INFO - ###################################### Cycle Completed: 23 ####################################################
2025-04-09 17:47:50,699 - INFO - LN2 Time = {-5.03182895000009} 
2025-04-09 17:47:50,699 - INFO - Water Bath = -7.033829980000519 
2025-04-09 17:47:50,699 - INFO - ######################################################################################################################
2025-04-09 17:47:53,738 - WARNING - Distance Error is 10.113851887386915
2025-04-09 17:47:53,738 - INFO - Moving inside LN2
2025-04-09 17:47:55,768 - WARNING - Distance Error is 5.987486951969092
2025-04-09 17:47:58,771 - INFO - Outside LN2
2025-04-09 17:48:00,798 - INFO - Distance Error is 3.721558813185668
2025-04-09 17:48:02,827 - WARNING - Distance Error is 13.785862323409447
2025-04-09 17:48:02,827 - INFO - Moving Inside Water Bath
2025-04-09 17:48:04,857 - INFO - Distance Error is 4.792702786528699
2025-04-09 17:48:09,862 - INFO - Moving outside Water Bath
2025-04-09 17:48:11,887 - WARNING - Distance Error is 13.676622390049358
2025-04-09 17:48:11,887 - INFO - Waiting
2025-04-09 17:48:18,916 - INFO - Distance Error is 4.179712908801273
2025-04-09 17:48:18,916 - INFO - ###################################### Cycle Completed: 24 ####################################################
2025-04-09 17:48:18,917 - INFO - LN2 Time = {-5.032749598000009} 
2025-04-09 17:48:18,917 - INFO - Water Bath = -7.034720294000181 
2025-04-09 17:48:18,917 - INFO - ######################################################################################################################
2025-04-09 17:48:21,957 - WARNING - Distance Error is 10.132620588969063
2025-04-09 17:48:21,957 - INFO - Moving inside LN2
2025-04-09 17:48:23,987 - WARNING - Distance Error is 5.718391382198329
2025-04-09 17:48:26,990 - INFO - Outside LN2
2025-04-09 17:48:29,016 - INFO - Distance Error is 3.8691084244306224
2025-04-09 17:48:31,046 - WARNING - Distance Error is 13.823892360692053
2025-04-09 17:48:31,046 - INFO - Moving Inside Water Bath
2025-04-09 17:48:33,075 - INFO - Distance Error is 4.792702786528699
2025-04-09 17:48:38,080 - INFO - Moving outside Water Bath
2025-04-09 17:48:40,104 - WARNING - Distance Error is 13.676622390049358
2025-04-09 17:48:40,104 - INFO - Waiting
2025-04-09 17:48:47,134 - INFO - Distance Error is 3.933192087859427
2025-04-09 17:48:47,135 - INFO - ###################################### Cycle Completed: 25 ####################################################
2025-04-09 17:48:47,135 - INFO - LN2 Time = {-5.032716693999646} 
2025-04-09 17:48:47,135 - INFO - Water Bath = -7.03380595499948 
2025-04-09 17:48:47,135 - INFO - ######################################################################################################################
2025-04-09 17:48:50,174 - WARNING - Distance Error is 10.113851887386915
2025-04-09 17:48:50,174 - INFO - Moving inside LN2
2025-04-09 17:48:52,203 - WARNING - Distance Error is 5.6089214649520756
2025-04-09 17:48:55,207 - INFO - Outside LN2
2025-04-09 17:48:57,233 - INFO - Distance Error is 3.8691084244306224
2025-04-09 17:48:59,263 - WARNING - Distance Error is 13.785862323409447
2025-04-09 17:48:59,263 - INFO - Moving Inside Water Bath
2025-04-09 17:49:01,292 - INFO - Distance Error is 4.792702786528699
2025-04-09 17:49:06,297 - INFO - Moving outside Water Bath
2025-04-09 17:49:08,323 - WARNING - Distance Error is 13.676622390049358
2025-04-09 17:49:08,323 - INFO - Waiting
2025-04-09 17:49:15,351 - INFO - Distance Error is 4.179712908801273
2025-04-09 17:49:15,351 - INFO - ###################################### Cycle Completed: 26 ####################################################
2025-04-09 17:49:15,352 - INFO - LN2 Time = {-5.031850811000368} 
2025-04-09 17:49:15,352 - INFO - Water Bath = -7.03379697299988 
2025-04-09 17:49:15,352 - INFO - ######################################################################################################################
2025-04-09 17:49:18,391 - WARNING - Distance Error is 10.230835742987948
2025-04-09 17:49:18,392 - INFO - Moving inside LN2
2025-04-09 17:49:20,421 - WARNING - Distance Error is 5.718391382198329
2025-04-09 17:49:23,425 - INFO - Outside LN2
2025-04-09 17:49:25,451 - INFO - Distance Error is 3.8691084244306224
2025-04-09 17:49:27,480 - WARNING - Distance Error is 13.62057267518512
2025-04-09 17:49:27,480 - INFO - Moving Inside Water Bath
2025-04-09 17:49:29,510 - INFO - Distance Error is 4.792702786528699
2025-04-09 17:49:34,516 - INFO - Moving outside Water Bath
2025-04-09 17:49:36,540 - WARNING - Distance Error is 13.676622390049358
2025-04-09 17:49:36,540 - INFO - Waiting
2025-04-09 17:49:43,579 - INFO - Distance Error is 3.7656340767525456
2025-04-09 17:49:43,579 - INFO - ###################################### Cycle Completed: 27 ####################################################
2025-04-09 17:49:43,580 - INFO - LN2 Time = {-5.032764479999969} 
2025-04-09 17:49:43,580 - INFO - Water Bath = -7.034816051999769 
2025-04-09 17:49:43,580 - INFO - ######################################################################################################################
2025-04-09 17:49:46,620 - WARNING - Distance Error is 10.113851887386915
2025-04-09 17:49:46,621 - INFO - Moving inside LN2
2025-04-09 17:49:48,650 - WARNING - Distance Error is 5.701754116059384
2025-04-09 17:49:51,654 - INFO - Outside LN2
2025-04-09 17:49:53,679 - INFO - Distance Error is 3.7656340767525456
2025-04-09 17:49:55,708 - WARNING - Distance Error is 13.785862323409447
2025-04-09 17:49:55,708 - INFO - Moving Inside Water Bath
2025-04-09 17:49:57,738 - INFO - Distance Error is 4.86415460280612
2025-04-09 17:50:02,744 - INFO - Moving outside Water Bath
2025-04-09 17:50:04,768 - WARNING - Distance Error is 13.676622390049358
2025-04-09 17:50:04,768 - INFO - Waiting
2025-04-09 17:50:11,807 - INFO - Distance Error is 4.460941604639095
2025-04-09 17:50:11,807 - INFO - ###################################### Cycle Completed: 28 ####################################################
2025-04-09 17:50:11,808 - INFO - LN2 Time = {-5.032771896999293} 
2025-04-09 17:50:11,808 - INFO - Water Bath = -7.034795165000105 
2025-04-09 17:50:11,808 - INFO - ######################################################################################################################
2025-04-09 17:50:14,848 - WARNING - Distance Error is 10.132620588969063
2025-04-09 17:50:14,849 - INFO - Moving inside LN2
2025-04-09 17:50:16,878 - WARNING - Distance Error is 5.987486951969092
2025-04-09 17:50:19,880 - INFO - Outside LN2
2025-04-09 17:50:21,907 - INFO - Distance Error is 3.5958309192730424
2025-04-09 17:50:23,937 - WARNING - Distance Error is 13.785862323409447
2025-04-09 17:50:23,937 - INFO - Moving Inside Water Bath
2025-04-09 17:50:25,966 - INFO - Distance Error is 4.792702786528699
2025-04-09 17:50:30,972 - INFO - Moving outside Water Bath
2025-04-09 17:50:32,995 - WARNING - Distance Error is 13.676622390049358
2025-04-09 17:50:32,996 - INFO - Waiting
2025-04-09 17:50:40,025 - INFO - Distance Error is 4.179712908801273
2025-04-09 17:50:40,025 - INFO - ###################################### Cycle Completed: 29 ####################################################
2025-04-09 17:50:40,026 - INFO - LN2 Time = {-5.031119592000323} 
2025-04-09 17:50:40,026 - INFO - Water Bath = -7.034022144999653 
2025-04-09 17:50:40,026 - INFO - ######################################################################################################################
2025-04-09 17:50:43,065 - WARNING - Distance Error is 10.264501936285084
2025-04-09 17:50:43,066 - INFO - Moving inside LN2
2025-04-09 17:50:45,094 - WARNING - Distance Error is 5.718391382198329
2025-04-09 17:50:48,098 - INFO - Outside LN2
2025-04-09 17:50:50,124 - INFO - Distance Error is 3.8691084244306224
2025-04-09 17:50:52,154 - WARNING - Distance Error is 13.785862323409447
2025-04-09 17:50:52,155 - INFO - Moving Inside Water Bath
2025-04-09 17:50:54,183 - INFO - Distance Error is 4.86415460280612
2025-04-09 17:50:59,189 - INFO - Moving outside Water Bath
2025-04-09 17:51:01,213 - WARNING - Distance Error is 13.676622390049358
2025-04-09 17:51:01,214 - INFO - Waiting
2025-04-09 17:51:08,242 - INFO - Distance Error is 4.179712908801273
2025-04-09 17:51:08,243 - INFO - ###################################### Cycle Completed: 30 ####################################################
2025-04-09 17:51:08,243 - INFO - LN2 Time = {-5.0318885979995684} 
2025-04-09 17:51:08,243 - INFO - Water Bath = -7.033792330000324 
2025-04-09 17:51:08,243 - INFO - ######################################################################################################################
2025-04-09 17:51:08,243 - INFO - Operation Completed Sucessfully
2025-04-09 17:51:08,244 - INFO - Programmed execution completed
