2025-04-14 22:51:47,066 - WARNING - Distance Error is 5.024937810560457
2025-04-14 22:51:49,093 - INFO - Distance Error is 1.8000000000000027
2025-04-14 22:51:51,134 - WARNING - Distance Error is 5.065570056765571
2025-04-14 22:51:51,183 - INFO - Moving inside LN2
2025-04-14 22:51:53,216 - INFO - Distance Error is 0.8124038404635953
2025-04-14 22:51:56,219 - INFO - Outside LN2
2025-04-14 22:51:58,295 - WARNING - Distance Error is 5.86174035590115
2025-04-14 22:52:00,406 - WARNING - Distance Error is 13.294359706281451
2025-04-14 22:52:00,406 - INFO - Moving Inside Water Bath
2025-04-14 22:52:02,506 - INFO - Distance Error is 3.1827660925679164
2025-04-14 22:52:05,509 - INFO - Moving outside Water Bath
2025-04-14 22:52:07,597 - WARNING - Distance Error is 13.565028566132824
2025-04-14 22:52:07,597 - INFO - Waiting
2025-04-14 22:52:11,758 - INFO - Distance Error is 4.066939881532541
2025-04-14 22:52:11,758 - INFO - ###################################### Cycle Completed: 1 ####################################################
2025-04-14 22:52:11,759 - INFO - LN2 Time = {-5.035103645001072} 
2025-04-14 22:52:11,759 - INFO - Water Bath = -5.102855405002629 
2025-04-14 22:52:11,759 - INFO - ######################################################################################################################
2025-04-14 22:52:13,849 - INFO - Distance Error is 0.9899494936611677
2025-04-14 22:52:15,879 - INFO - Distance Error is 4.859012245302562
2025-04-14 22:52:16,381 - INFO - Completed and relesed motors
