2025-04-07 16:34:26,217 - INFO - Distance Error is 2.302172886644243
2025-04-07 16:34:29,249 - INFO - Distance Error is 1.4456832294800954
2025-04-07 16:34:32,278 - WARNING - Distance Error is 13.15560716956842
2025-04-07 16:34:32,374 - INFO - Moving inside LN2
2025-04-07 16:34:34,395 - INFO - Distance Error is 4.608687448721147
2025-04-07 16:34:37,399 - INFO - Outside LN2
2025-04-07 16:34:39,462 - WARNING - Distance Error is 13.056033088193372
2025-04-07 16:34:41,539 - INFO - Distance Error is 2.17944947177034
2025-04-07 16:34:43,565 - INFO - Distance Error is 1.846618531261912
2025-04-07 16:34:43,565 - INFO - Moving Inside Water Bath
2025-04-07 16:34:44,642 - INFO - Distance Error is 1.3999999999999992
2025-04-07 16:34:48,647 - INFO - Moving outside Water Bath
2025-04-07 16:34:50,708 - INFO - Distance Error is 1.063014581273466
2025-04-07 16:34:52,734 - INFO - Distance Error is 0.6708203932499243
2025-04-07 16:34:52,734 - INFO - Waiting
2025-04-07 16:34:56,872 - WARNING - Distance Error is 11.682893477217041
2025-04-07 16:34:56,873 - INFO - ###################################### Cycle Completed: 1 ####################################################
2025-04-07 16:34:56,873 - INFO - LN2 Time = {-5.023936913999933} 
2025-04-07 16:34:56,873 - INFO - Water Bath = -5.081365125999582 
2025-04-07 16:34:56,874 - INFO - ######################################################################################################################
2025-04-07 16:34:58,898 - INFO - Distance Error is 2.9614185789921907
2025-04-07 16:35:01,924 - INFO - Distance Error is 2.3600847442412105
2025-04-07 16:35:04,449 - INFO - Distance Error is 1.3747727084867514
2025-04-07 16:35:05,451 - INFO - Completed and relesed motors
2025-04-07 16:37:50,684 - INFO - Distance Error is 2.8982753492379114
2025-04-07 16:37:53,711 - INFO - Distance Error is 1.9949937343260387
2025-04-07 16:37:56,737 - WARNING - Distance Error is 13.224598292575843
2025-04-07 16:37:56,780 - INFO - Moving inside LN2
2025-04-07 16:37:58,803 - INFO - Distance Error is 4.74341649025257
2025-04-07 16:38:01,807 - INFO - Outside LN2
2025-04-07 16:38:03,870 - WARNING - Distance Error is 13.213250924734595
2025-04-07 16:38:05,935 - INFO - Distance Error is 2.213594362117872
2025-04-07 16:38:07,961 - INFO - Distance Error is 1.846618531261912
2025-04-07 16:38:07,962 - INFO - Moving Inside Water Bath
2025-04-07 16:38:09,027 - INFO - Distance Error is 1.2569805089976507
2025-04-07 16:38:13,032 - INFO - Moving outside Water Bath
2025-04-07 16:38:15,094 - INFO - Distance Error is 1.0677078252031322
2025-04-07 16:38:17,120 - INFO - Distance Error is 0.7071067811865436
2025-04-07 16:38:17,120 - INFO - Waiting
2025-04-07 16:38:24,238 - WARNING - Distance Error is 11.736268572250738
2025-04-07 16:38:24,238 - INFO - ###################################### Cycle Completed: 1 ####################################################
2025-04-07 16:38:24,239 - INFO - LN2 Time = {-5.026437205000548} 
2025-04-07 16:38:24,239 - INFO - Water Bath = -5.069842988999881 
2025-04-07 16:38:24,239 - INFO - ######################################################################################################################
2025-04-07 16:38:26,264 - WARNING - Distance Error is 11.765627905046136
2025-04-07 16:38:26,307 - INFO - Moving inside LN2
2025-04-07 16:38:28,331 - WARNING - Distance Error is 7.2470683727973855
2025-04-07 16:38:31,335 - INFO - Outside LN2
2025-04-07 16:38:33,398 - WARNING - Distance Error is 11.538197432874865
2025-04-07 16:38:35,475 - INFO - Distance Error is 2.1470910553583806
2025-04-07 16:38:37,501 - INFO - Distance Error is 1.752141546793526
2025-04-07 16:38:37,501 - INFO - Moving Inside Water Bath
2025-04-07 16:38:38,568 - INFO - Distance Error is 1.4764823060233483
2025-04-07 16:38:42,572 - INFO - Moving outside Water Bath
2025-04-07 16:38:44,633 - INFO - Distance Error is 1.063014581273466
2025-04-07 16:38:46,658 - INFO - Distance Error is 0.836660026534045
2025-04-07 16:38:46,658 - INFO - Waiting
2025-04-07 16:38:53,775 - WARNING - Distance Error is 11.601293031382346
2025-04-07 16:38:53,775 - INFO - ###################################### Cycle Completed: 2 ####################################################
2025-04-07 16:38:53,776 - INFO - LN2 Time = {-5.026599943001202} 
2025-04-07 16:38:53,776 - INFO - Water Bath = -5.070389625001553 
2025-04-07 16:38:53,776 - INFO - ######################################################################################################################
2025-04-07 16:38:55,800 - WARNING - Distance Error is 11.682893477217041
2025-04-07 16:38:55,843 - INFO - Moving inside LN2
2025-04-07 16:38:57,866 - WARNING - Distance Error is 6.788961628997476
2025-04-07 16:39:00,870 - INFO - Outside LN2
2025-04-07 16:39:02,932 - WARNING - Distance Error is 11.48303095876695
2025-04-07 16:39:04,998 - INFO - Distance Error is 2.05182845286831
2025-04-07 16:39:07,023 - INFO - Distance Error is 1.752141546793526
2025-04-07 16:39:07,023 - INFO - Moving Inside Water Bath
2025-04-07 16:39:08,089 - INFO - Distance Error is 2.3558437978779536
2025-04-07 16:39:12,094 - INFO - Moving outside Water Bath
2025-04-07 16:39:14,146 - INFO - Distance Error is 1.0049875621120947
2025-04-07 16:39:16,172 - INFO - Distance Error is 0.7483314773547496
2025-04-07 16:39:16,172 - INFO - Waiting
2025-04-07 16:39:23,290 - WARNING - Distance Error is 11.69487067051192
2025-04-07 16:39:23,290 - INFO - ###################################### Cycle Completed: 3 ####################################################
2025-04-07 16:39:23,291 - INFO - LN2 Time = {-5.025374237997312} 
2025-04-07 16:39:23,291 - INFO - Water Bath = -5.070184571999562 
2025-04-07 16:39:23,291 - INFO - ######################################################################################################################
2025-04-07 16:39:25,316 - WARNING - Distance Error is 11.759676866308872
2025-04-07 16:39:25,361 - INFO - Moving inside LN2
2025-04-07 16:39:27,383 - WARNING - Distance Error is 7.1847059786744305
2025-04-07 16:39:30,385 - INFO - Outside LN2
2025-04-07 16:39:32,450 - WARNING - Distance Error is 11.48303095876695
2025-04-07 16:39:34,527 - INFO - Distance Error is 2.05182845286831
2025-04-07 16:39:36,553 - INFO - Distance Error is 1.846618531261912
2025-04-07 16:39:36,553 - INFO - Moving Inside Water Bath
2025-04-07 16:39:37,622 - INFO - Distance Error is 3.921734310225505
2025-04-07 16:39:41,627 - INFO - Moving outside Water Bath
2025-04-07 16:39:43,686 - INFO - Distance Error is 1.063014581273466
2025-04-07 16:39:45,710 - INFO - Distance Error is 0.7071067811865436
2025-04-07 16:39:45,710 - INFO - Waiting
2025-04-07 16:39:52,837 - WARNING - Distance Error is 11.62841347734075
2025-04-07 16:39:52,837 - INFO - ###################################### Cycle Completed: 4 ####################################################
2025-04-07 16:39:52,837 - INFO - LN2 Time = {-5.02321039600065} 
2025-04-07 16:39:52,838 - INFO - Water Bath = -5.073833225000271 
2025-04-07 16:39:52,838 - INFO - ######################################################################################################################
2025-04-07 16:39:54,862 - WARNING - Distance Error is 11.736268572250738
2025-04-07 16:39:54,907 - INFO - Moving inside LN2
2025-04-07 16:39:56,938 - WARNING - Distance Error is 7.2470683727973855
2025-04-07 16:39:59,941 - INFO - Outside LN2
2025-04-07 16:40:02,004 - WARNING - Distance Error is 11.48085362679971
2025-04-07 16:40:04,080 - INFO - Distance Error is 2.111871208194276
2025-04-07 16:40:06,105 - INFO - Distance Error is 1.846618531261912
2025-04-07 16:40:06,105 - INFO - Moving Inside Water Bath
2025-04-07 16:40:07,185 - INFO - Distance Error is 1.7349351572897418
2025-04-07 16:40:11,191 - INFO - Moving outside Water Bath
2025-04-07 16:40:13,258 - INFO - Distance Error is 1.063014581273466
2025-04-07 16:40:15,284 - INFO - Distance Error is 0.5830951894845311
2025-04-07 16:40:15,284 - INFO - Waiting
2025-04-07 16:40:22,392 - WARNING - Distance Error is 11.62841347734075
2025-04-07 16:40:22,392 - INFO - ###################################### Cycle Completed: 5 ####################################################
2025-04-07 16:40:22,393 - INFO - LN2 Time = {-5.032772764003312} 
2025-04-07 16:40:22,393 - INFO - Water Bath = -5.085932289999619 
2025-04-07 16:40:22,393 - INFO - ######################################################################################################################
2025-04-07 16:40:24,418 - WARNING - Distance Error is 11.711532777565877
2025-04-07 16:40:24,477 - INFO - Moving inside LN2
2025-04-07 16:40:26,504 - WARNING - Distance Error is 7.2470683727973855
2025-04-07 16:40:29,508 - INFO - Outside LN2
2025-04-07 16:40:31,562 - WARNING - Distance Error is 11.48085362679971
2025-04-07 16:40:33,648 - INFO - Distance Error is 2.111871208194276
2025-04-07 16:40:35,675 - INFO - Distance Error is 2.1840329667841587
2025-04-07 16:40:35,675 - INFO - Moving Inside Water Bath
2025-04-07 16:40:36,752 - INFO - Distance Error is 1.6673332000533012
2025-04-07 16:40:40,756 - INFO - Moving outside Water Bath
2025-04-07 16:40:42,818 - INFO - Distance Error is 1.063014581273466
2025-04-07 16:40:44,844 - INFO - Distance Error is 0.6708203932499243
2025-04-07 16:40:44,844 - INFO - Waiting
2025-04-07 16:40:51,971 - WARNING - Distance Error is 11.601293031382346
2025-04-07 16:40:51,972 - INFO - ###################################### Cycle Completed: 6 ####################################################
2025-04-07 16:40:51,972 - INFO - LN2 Time = {-5.030660650001664} 
2025-04-07 16:40:51,973 - INFO - Water Bath = -5.08052640599999 
2025-04-07 16:40:51,973 - INFO - ######################################################################################################################
2025-04-07 16:40:53,997 - WARNING - Distance Error is 11.682893477217041
2025-04-07 16:40:54,040 - INFO - Moving inside LN2
2025-04-07 16:40:56,064 - WARNING - Distance Error is 7.164495795239196
2025-04-07 16:40:59,068 - INFO - Outside LN2
2025-04-07 16:41:01,141 - WARNING - Distance Error is 11.48085362679971
2025-04-07 16:41:03,210 - INFO - Distance Error is 2.05182845286831
2025-04-07 16:41:05,234 - INFO - Distance Error is 2.1470910553583957
2025-04-07 16:41:05,235 - INFO - Moving Inside Water Bath
2025-04-07 16:41:06,325 - INFO - Distance Error is 1.9748417658131538
2025-04-07 16:41:10,332 - INFO - Moving outside Water Bath
2025-04-07 16:41:12,397 - INFO - Distance Error is 1.0049875621120947
2025-04-07 16:41:14,421 - INFO - Distance Error is 0.836660026534045
2025-04-07 16:41:14,422 - INFO - Waiting
2025-04-07 16:41:21,538 - WARNING - Distance Error is 11.62841347734075
2025-04-07 16:41:21,539 - INFO - ###################################### Cycle Completed: 7 ####################################################
2025-04-07 16:41:21,539 - INFO - LN2 Time = {-5.026977518002241} 
2025-04-07 16:41:21,539 - INFO - Water Bath = -5.097357900001953 
2025-04-07 16:41:21,540 - INFO - ######################################################################################################################
2025-04-07 16:41:23,563 - WARNING - Distance Error is 11.736268572250738
2025-04-07 16:41:23,610 - INFO - Moving inside LN2
2025-04-07 16:41:25,640 - WARNING - Distance Error is 7.2062472896786005
2025-04-07 16:41:28,643 - INFO - Outside LN2
2025-04-07 16:41:30,706 - WARNING - Distance Error is 11.451200810395395
2025-04-07 16:41:32,781 - INFO - Distance Error is 2.1563858652847747
2025-04-07 16:41:34,807 - INFO - Distance Error is 1.752141546793526
2025-04-07 16:41:34,807 - INFO - Moving Inside Water Bath
2025-04-07 16:41:35,889 - INFO - Distance Error is 2.5317977802344216
2025-04-07 16:41:39,892 - INFO - Moving outside Water Bath
2025-04-07 16:41:41,960 - INFO - Distance Error is 1.063014581273466
2025-04-07 16:41:43,985 - INFO - Distance Error is 0.836660026534045
2025-04-07 16:41:43,986 - INFO - Waiting
2025-04-07 16:41:51,113 - WARNING - Distance Error is 11.574541027617471
2025-04-07 16:41:51,114 - INFO - ###################################### Cycle Completed: 8 ####################################################
2025-04-07 16:41:51,114 - INFO - LN2 Time = {-5.031758349003212} 
2025-04-07 16:41:51,115 - INFO - Water Bath = -5.0845031879980525 
2025-04-07 16:41:51,115 - INFO - ######################################################################################################################
2025-04-07 16:41:53,139 - WARNING - Distance Error is 11.682893477217041
2025-04-07 16:41:53,189 - INFO - Moving inside LN2
2025-04-07 16:41:55,217 - WARNING - Distance Error is 7.1847059786744305
2025-04-07 16:41:58,220 - INFO - Outside LN2
2025-04-07 16:42:00,275 - WARNING - Distance Error is 11.451200810395395
2025-04-07 16:42:02,341 - INFO - Distance Error is 2.111871208194276
2025-04-07 16:42:04,366 - INFO - Distance Error is 1.846618531261912
2025-04-07 16:42:04,367 - INFO - Moving Inside Water Bath
2025-04-07 16:42:05,438 - INFO - Distance Error is 1.6673332000533012
2025-04-07 16:42:09,445 - INFO - Moving outside Water Bath
2025-04-07 16:42:11,510 - INFO - Distance Error is 1.0049875621120947
2025-04-07 16:42:13,536 - INFO - Distance Error is 0.5830951894845311
2025-04-07 16:42:13,536 - INFO - Waiting
2025-04-07 16:42:20,654 - WARNING - Distance Error is 11.62841347734075
2025-04-07 16:42:20,654 - INFO - ###################################### Cycle Completed: 9 ####################################################
2025-04-07 16:42:20,654 - INFO - LN2 Time = {-5.030456886001048} 
2025-04-07 16:42:20,655 - INFO - Water Bath = -5.0776776269995025 
2025-04-07 16:42:20,655 - INFO - ######################################################################################################################
2025-04-07 16:42:22,680 - WARNING - Distance Error is 11.736268572250738
2025-04-07 16:42:22,725 - INFO - Moving inside LN2
2025-04-07 16:42:24,747 - WARNING - Distance Error is 7.2062472896786005
2025-04-07 16:42:27,750 - INFO - Outside LN2
2025-04-07 16:42:29,814 - WARNING - Distance Error is 11.48085362679972
2025-04-07 16:42:31,882 - INFO - Distance Error is 2.0712315177207885
2025-04-07 16:42:33,907 - INFO - Distance Error is 1.846618531261912
2025-04-07 16:42:33,907 - INFO - Moving Inside Water Bath
2025-04-07 16:42:34,983 - INFO - Distance Error is 1.3152946437965902
2025-04-07 16:42:38,987 - INFO - Moving outside Water Bath
2025-04-07 16:42:41,049 - INFO - Distance Error is 1.063014581273466
2025-04-07 16:42:43,074 - INFO - Distance Error is 0.5830951894845311
2025-04-07 16:42:43,075 - INFO - Waiting
2025-04-07 16:42:50,323 - WARNING - Distance Error is 11.62841347734075
2025-04-07 16:42:50,323 - INFO - ###################################### Cycle Completed: 10 ####################################################
2025-04-07 16:42:50,323 - INFO - LN2 Time = {-5.024132684000506} 
2025-04-07 16:42:50,324 - INFO - Water Bath = -5.079795828998613 
2025-04-07 16:42:50,324 - INFO - ######################################################################################################################
2025-04-07 16:42:52,349 - INFO - Distance Error is 2.787471972953266
2025-04-07 16:42:55,375 - INFO - Distance Error is 2.3790754506740837
2025-04-07 16:42:57,901 - INFO - Distance Error is 1.4456832294801032
2025-04-07 16:42:58,903 - INFO - Completed and relesed motors
