2025-04-11 13:14:35,970 - INFO - Starting Experiment
2025-04-11 13:14:35,971 - INFO - Experiment Parameters
2025-04-11 13:14:35,971 - INFO - Experiment Name: Error_Testing
2025-04-11 13:14:35,971 - INFO - Person Responsible: Akshit
2025-04-11 13:14:35,972 - INFO - Thermomixer Time: 5
2025-04-11 13:14:35,972 - INFO - Liquid Nitrogen Time: 5
2025-04-11 13:14:35,972 - INFO - Waiting Time 5
2025-04-11 13:14:35,972 - INFO - Number of Cycles 5
2025-04-11 13:14:35,972 - INFO - Robot Speed 100
2025-04-11 13:14:35,973 - INFO - Run Number 1
2025-04-11 13:14:44,457 - INFO - Starting Experiment
2025-04-11 13:14:46,483 - WARNING - Distance Error is 7.705841939723413
2025-04-11 13:14:48,510 - INFO - Distance Error is 3.661966684720099
2025-04-11 13:14:51,549 - WARNING - Distance Error is 8.93644224509954
2025-04-11 13:14:51,549 - INFO - Moving inside LN2
2025-04-11 13:14:53,575 - WARNING - Distance Error is 8.07341315677577
2025-04-11 13:14:56,579 - INFO - Outside LN2
2025-04-11 13:14:58,604 - INFO - Distance Error is 4.722287581247025
2025-04-11 13:15:00,630 - WARNING - Distance Error is 13.251792331605563
2025-04-11 13:15:00,630 - INFO - Moving Inside Water Bath
2025-04-11 13:15:02,656 - WARNING - Distance Error is 7.017834423809107
2025-04-11 13:15:05,660 - INFO - Moving outside Water Bath
2025-04-11 13:15:07,684 - WARNING - Distance Error is 13.213250924734592
2025-04-11 13:15:07,685 - INFO - Waiting
2025-04-11 13:15:14,712 - INFO - Distance Error is 4.9527769988159225
2025-04-11 13:15:14,713 - INFO - ###################################### Cycle Completed: 1 ####################################################
2025-04-11 13:15:14,713 - INFO - LN2 Time = {-5.029486443000678} 
2025-04-11 13:15:14,713 - INFO - Water Bath = -5.02954759199929 
2025-04-11 13:15:14,714 - INFO - ######################################################################################################################
2025-04-11 13:15:17,750 - WARNING - Distance Error is 10.155786527886443
2025-04-11 13:15:17,751 - INFO - Moving inside LN2
2025-04-11 13:15:19,777 - WARNING - Distance Error is 7.38782782690555
2025-04-11 13:15:22,781 - INFO - Outside LN2
2025-04-11 13:15:24,805 - INFO - Distance Error is 4.721228653645153
2025-04-11 13:15:26,832 - WARNING - Distance Error is 13.251792331605563
2025-04-11 13:15:26,832 - INFO - Moving Inside Water Bath
2025-04-11 13:15:28,858 - WARNING - Distance Error is 6.7119296778199296
2025-04-11 13:15:31,862 - INFO - Moving outside Water Bath
2025-04-11 13:15:33,886 - WARNING - Distance Error is 13.238579984273212
2025-04-11 13:15:33,886 - INFO - Waiting
2025-04-11 13:15:40,914 - INFO - Distance Error is 4.9527769988159225
2025-04-11 13:15:40,915 - INFO - ###################################### Cycle Completed: 2 ####################################################
2025-04-11 13:15:40,915 - INFO - LN2 Time = {-5.029514397000639} 
2025-04-11 13:15:40,915 - INFO - Water Bath = -5.029551798000284 
2025-04-11 13:15:40,915 - INFO - ######################################################################################################################
2025-04-11 13:15:43,952 - WARNING - Distance Error is 10.264501936285084
2025-04-11 13:15:43,953 - INFO - Moving inside LN2
2025-04-11 13:15:45,979 - WARNING - Distance Error is 7.34370478709486
2025-04-11 13:15:48,983 - INFO - Outside LN2
2025-04-11 13:15:51,007 - INFO - Distance Error is 4.721228653645153
2025-04-11 13:15:53,033 - WARNING - Distance Error is 13.251792331605563
2025-04-11 13:15:53,034 - INFO - Moving Inside Water Bath
2025-04-11 13:15:55,060 - WARNING - Distance Error is 6.217716622683922
2025-04-11 13:15:58,064 - INFO - Moving outside Water Bath
2025-04-11 13:16:00,088 - WARNING - Distance Error is 13.134686901483398
2025-04-11 13:16:00,088 - INFO - Waiting
2025-04-11 13:16:07,116 - INFO - Distance Error is 4.9527769988159225
2025-04-11 13:16:07,116 - INFO - ###################################### Cycle Completed: 3 ####################################################
2025-04-11 13:16:07,117 - INFO - LN2 Time = {-5.029586400999506} 
2025-04-11 13:16:07,117 - INFO - Water Bath = -5.029587883000204 
2025-04-11 13:16:07,117 - INFO - ######################################################################################################################
2025-04-11 13:16:10,154 - WARNING - Distance Error is 10.155786527886443
2025-04-11 13:16:10,155 - INFO - Moving inside LN2
2025-04-11 13:16:12,181 - WARNING - Distance Error is 7.063285354564109
2025-04-11 13:16:15,184 - INFO - Outside LN2
2025-04-11 13:16:17,209 - INFO - Distance Error is 4.679743582719039
2025-04-11 13:16:19,235 - WARNING - Distance Error is 13.35440002396214
2025-04-11 13:16:19,236 - INFO - Moving Inside Water Bath
2025-04-11 13:16:21,263 - WARNING - Distance Error is 6.217716622683922
2025-04-11 13:16:24,267 - INFO - Moving outside Water Bath
2025-04-11 13:16:26,290 - WARNING - Distance Error is 13.213250924734592
2025-04-11 13:16:26,290 - INFO - Waiting
2025-04-11 13:16:33,318 - INFO - Distance Error is 4.821825380496483
2025-04-11 13:16:33,318 - INFO - ###################################### Cycle Completed: 4 ####################################################
2025-04-11 13:16:33,319 - INFO - LN2 Time = {-5.029458953000358} 
2025-04-11 13:16:33,319 - INFO - Water Bath = -5.030820281999695 
2025-04-11 13:16:33,319 - INFO - ######################################################################################################################
2025-04-11 13:16:36,356 - WARNING - Distance Error is 10.32182154466934
2025-04-11 13:16:36,357 - INFO - Moving inside LN2
2025-04-11 13:16:38,383 - WARNING - Distance Error is 7.066823897621899
2025-04-11 13:16:41,386 - INFO - Outside LN2
2025-04-11 13:16:43,420 - INFO - Distance Error is 4.679743582719039
2025-04-11 13:16:45,447 - WARNING - Distance Error is 13.35440002396214
2025-04-11 13:16:45,447 - INFO - Moving Inside Water Bath
2025-04-11 13:16:47,474 - WARNING - Distance Error is 6.217716622683922
2025-04-11 13:16:50,477 - INFO - Moving outside Water Bath
2025-04-11 13:16:52,501 - WARNING - Distance Error is 13.213250924734592
2025-04-11 13:16:52,502 - INFO - Waiting
2025-04-11 13:16:59,530 - INFO - Distance Error is 4.821825380496483
2025-04-11 13:16:59,530 - INFO - ###################################### Cycle Completed: 5 ####################################################
2025-04-11 13:16:59,530 - INFO - LN2 Time = {-5.028843123000115} 
2025-04-11 13:16:59,531 - INFO - Water Bath = -5.029579899000055 
2025-04-11 13:16:59,531 - INFO - ######################################################################################################################
2025-04-11 13:17:01,557 - INFO - Distance Error is 1.244989959798871
2025-04-11 13:17:01,558 - INFO - Moving to Rest Position
2025-04-11 13:17:03,583 - WARNING - Distance Error is 5.418486873657644
2025-04-11 13:17:03,584 - INFO - Releasing All Servos
2025-04-11 13:17:04,085 - INFO - Completed and Relesed Motors
2025-04-11 13:17:04,085 - INFO - Operation Completed Sucessfully
2025-04-11 13:17:04,086 - INFO - Programmed execution completed
