2025-04-07 17:35:52,306 - INFO - Distance Error is 2.8757607689096685
2025-04-07 17:35:55,334 - INFO - Distance Error is 2.2494443758404286
2025-04-07 17:35:58,360 - WARNING - Distance Error is 13.28984574778804
2025-04-07 17:35:58,403 - INFO - Moving inside LN2
2025-04-07 17:36:00,426 - INFO - Distance Error is 4.809365862564416
2025-04-07 17:36:03,430 - INFO - Outside LN2
2025-04-07 17:36:05,492 - WARNING - Distance Error is 13.126309458488329
2025-04-07 17:36:07,558 - INFO - Distance Error is 2.709243436828806
2025-04-07 17:36:09,583 - INFO - Distance Error is 2.0124611797498013
2025-04-07 17:36:09,584 - INFO - Moving Inside Water Bath
2025-04-07 17:36:10,654 - INFO - Distance Error is 1.8055470085267733
2025-04-07 17:36:14,660 - INFO - Moving outside Water Bath
2025-04-07 17:36:16,726 - INFO - Distance Error is 1.0049875621120947
2025-04-07 17:36:18,752 - INFO - Distance Error is 1.0630145812734753
2025-04-07 17:36:18,753 - INFO - Waiting
2025-04-07 17:36:22,870 - WARNING - Distance Error is 11.786008654332498
2025-04-07 17:36:22,871 - INFO - ###################################### Cycle Completed: 1 ####################################################
2025-04-07 17:36:22,871 - INFO - LN2 Time = {-5.026359522998973} 
2025-04-07 17:36:22,871 - INFO - Water Bath = -5.076233329000388 
2025-04-07 17:36:22,872 - INFO - ######################################################################################################################
2025-04-07 17:36:24,938 - INFO - Distance Error is 3.3615472627943213
2025-04-07 17:36:27,963 - INFO - Distance Error is 2.5357444666212117
2025-04-07 17:36:30,490 - INFO - Distance Error is 1.4866068747318577
2025-04-07 17:36:31,492 - INFO - Completed and relesed motors
