2022-04-21 16:06:04,265 - INFO - Starting Experiment
2022-04-21 16:06:04,266 - INFO - Experiment Parameters
2022-04-21 16:06:04,266 - INFO - Experiment Name: Error_Testing
2022-04-21 16:06:04,266 - INFO - Person Responsible: Akshit
2022-04-21 16:06:04,266 - INFO - Thermomixer Time: 5
2022-04-21 16:06:04,267 - INFO - Liquid Nitrogen Time: 5
2022-04-21 16:06:04,267 - INFO - Waiting Time 5
2022-04-21 16:06:04,267 - INFO - Number of Cycles 30
2022-04-21 16:06:04,267 - INFO - Robot Speed 100
2022-04-21 16:06:04,267 - INFO - Run Number 1
2022-04-21 16:06:06,290 - INFO - Distance Error is 3.3105890714493618
2022-04-21 16:06:09,316 - INFO - Distance Error is 1.2845232578665162
2022-04-21 16:06:12,342 - WARNING - Distance Error is 13.135067567393783
2022-04-21 16:06:12,343 - INFO - Moving inside LN2
2022-04-21 16:06:14,368 - INFO - Distance Error is 4.584757354539044
2022-04-21 16:06:17,371 - INFO - Outside LN2
2022-04-21 16:06:19,394 - WARNING - Distance Error is 13.161686821984482
2022-04-21 16:06:21,420 - INFO - Distance Error is 2.046948949045879
2022-04-21 16:06:23,446 - INFO - Distance Error is 1.7029386365926356
2022-04-21 16:06:23,446 - INFO - Moving Inside Water Bath
2022-04-21 16:06:24,471 - INFO - Distance Error is 2.908607914449797
2022-04-21 16:06:27,474 - INFO - Moving outside Water Bath
2022-04-21 16:06:29,496 - INFO - Distance Error is 0.7681145747868438
2022-04-21 16:06:31,521 - INFO - Distance Error is 0.7000000000000028
2022-04-21 16:06:31,522 - INFO - Waiting
2022-04-21 16:06:38,556 - WARNING - Distance Error is 11.727744881263426
2022-04-21 16:06:38,557 - INFO - ###################################### Cycle Completed: 1 ####################################################
2022-04-21 16:06:40,581 - WARNING - Distance Error is 11.81862936215534
2022-04-21 16:06:40,582 - INFO - Moving inside LN2
2022-04-21 16:06:42,607 - WARNING - Distance Error is 6.506919393998967
2022-04-21 16:06:45,611 - INFO - Outside LN2
2022-04-21 16:06:47,634 - WARNING - Distance Error is 11.670903992407784
2022-04-21 16:06:49,659 - INFO - Distance Error is 2.0024984394500684
2022-04-21 16:06:51,685 - INFO - Distance Error is 1.7029386365926356
2022-04-21 16:06:51,686 - INFO - Moving Inside Water Bath
2022-04-21 16:06:52,710 - INFO - Distance Error is 1.603121954188137
2022-04-21 16:06:55,714 - INFO - Moving outside Water Bath
2022-04-21 16:06:57,735 - INFO - Distance Error is 0.7681145747868438
2022-04-21 16:06:59,760 - INFO - Distance Error is 0.9055385138137498
2022-04-21 16:06:59,761 - INFO - Waiting
2022-04-21 16:07:06,785 - WARNING - Distance Error is 11.631422956801131
2022-04-21 16:07:06,786 - INFO - ###################################### Cycle Completed: 2 ####################################################
2022-04-21 16:07:08,810 - WARNING - Distance Error is 11.827510304370923
2022-04-21 16:07:08,811 - INFO - Moving inside LN2
2022-04-21 16:07:10,837 - WARNING - Distance Error is 6.506919393998967
2022-04-21 16:07:13,840 - INFO - Outside LN2
2022-04-21 16:07:15,863 - WARNING - Distance Error is 11.688455843266892
2022-04-21 16:07:17,888 - INFO - Distance Error is 2.05182845286831
2022-04-21 16:07:19,915 - INFO - Distance Error is 1.7029386365926356
2022-04-21 16:07:19,915 - INFO - Moving Inside Water Bath
2022-04-21 16:07:20,940 - INFO - Distance Error is 2.908607914449797
2022-04-21 16:07:23,943 - INFO - Moving outside Water Bath
2022-04-21 16:07:25,965 - INFO - Distance Error is 0.7681145747868438
2022-04-21 16:07:27,990 - INFO - Distance Error is 0.4472135954999579
2022-04-21 16:07:27,990 - INFO - Waiting
2022-04-21 16:07:35,025 - WARNING - Distance Error is 11.74265728019005
2022-04-21 16:07:35,025 - INFO - ###################################### Cycle Completed: 3 ####################################################
2022-04-21 16:07:37,050 - WARNING - Distance Error is 11.84483009586884
2022-04-21 16:07:37,050 - INFO - Moving inside LN2
2022-04-21 16:07:39,076 - WARNING - Distance Error is 6.379655163094623
2022-04-21 16:07:42,079 - INFO - Outside LN2
2022-04-21 16:07:44,102 - WARNING - Distance Error is 11.688455843266892
2022-04-21 16:07:46,128 - INFO - Distance Error is 2.0024984394500684
2022-04-21 16:07:48,154 - INFO - Distance Error is 1.7029386365926356
2022-04-21 16:07:48,154 - INFO - Moving Inside Water Bath
2022-04-21 16:07:49,179 - INFO - Distance Error is 1.5684387141358116
2022-04-21 16:07:52,182 - INFO - Moving outside Water Bath
2022-04-21 16:07:54,204 - INFO - Distance Error is 0.7681145747868438
2022-04-21 16:07:56,229 - INFO - Distance Error is 0.4472135954999579
2022-04-21 16:07:56,229 - INFO - Waiting
2022-04-21 16:08:03,254 - WARNING - Distance Error is 11.690166808048568
2022-04-21 16:08:03,255 - INFO - ###################################### Cycle Completed: 4 ####################################################
2022-04-21 16:08:05,279 - WARNING - Distance Error is 11.690166808048568
2022-04-21 16:08:05,279 - INFO - Moving inside LN2
2022-04-21 16:08:07,305 - WARNING - Distance Error is 6.208059278067491
2022-04-21 16:08:10,309 - INFO - Outside LN2
2022-04-21 16:08:12,331 - WARNING - Distance Error is 11.54209686322206
2022-04-21 16:08:14,357 - INFO - Distance Error is 2.0024984394500684
2022-04-21 16:08:16,383 - INFO - Distance Error is 1.7029386365926356
2022-04-21 16:08:16,384 - INFO - Moving Inside Water Bath
2022-04-21 16:08:17,408 - INFO - Distance Error is 2.908607914449797
2022-04-21 16:08:20,412 - INFO - Moving outside Water Bath
2022-04-21 16:08:22,433 - INFO - Distance Error is 0.7681145747868438
2022-04-21 16:08:24,458 - INFO - Distance Error is 0.574456264653795
2022-04-21 16:08:24,459 - INFO - Waiting
2022-04-21 16:08:31,494 - WARNING - Distance Error is 11.682893477217041
2022-04-21 16:08:31,494 - INFO - ###################################### Cycle Completed: 5 ####################################################
2022-04-21 16:08:33,518 - WARNING - Distance Error is 11.682893477217041
2022-04-21 16:08:33,519 - INFO - Moving inside LN2
2022-04-21 16:08:35,545 - WARNING - Distance Error is 6.208059278067491
2022-04-21 16:08:38,546 - INFO - Outside LN2
2022-04-21 16:08:40,571 - WARNING - Distance Error is 11.54209686322206
2022-04-21 16:08:42,597 - INFO - Distance Error is 2.0024984394500684
2022-04-21 16:08:44,623 - INFO - Distance Error is 1.7029386365926356
2022-04-21 16:08:44,623 - INFO - Moving Inside Water Bath
2022-04-21 16:08:45,647 - INFO - Distance Error is 1.603121954188137
2022-04-21 16:08:48,651 - INFO - Moving outside Water Bath
2022-04-21 16:08:50,673 - INFO - Distance Error is 0.7681145747868438
2022-04-21 16:08:52,698 - INFO - Distance Error is 0.5385164807134462
2022-04-21 16:08:52,698 - INFO - Waiting
2022-04-21 16:08:59,733 - WARNING - Distance Error is 11.693160394008112
2022-04-21 16:08:59,733 - INFO - ###################################### Cycle Completed: 6 ####################################################
2022-04-21 16:09:01,758 - WARNING - Distance Error is 11.693160394008112
2022-04-21 16:09:01,758 - INFO - Moving inside LN2
2022-04-21 16:09:03,784 - WARNING - Distance Error is 6.379655163094623
2022-04-21 16:09:06,787 - INFO - Outside LN2
2022-04-21 16:09:08,810 - WARNING - Distance Error is 11.629273408085322
2022-04-21 16:09:10,836 - INFO - Distance Error is 2.0024984394500684
2022-04-21 16:09:12,862 - INFO - Distance Error is 1.7029386365926356
2022-04-21 16:09:12,862 - INFO - Moving Inside Water Bath
2022-04-21 16:09:13,887 - INFO - Distance Error is 2.042057785666217
2022-04-21 16:09:16,887 - INFO - Moving outside Water Bath
2022-04-21 16:09:18,912 - INFO - Distance Error is 0.7280109889280268
2022-04-21 16:09:20,937 - INFO - Distance Error is 0.42426406871191447
2022-04-21 16:09:20,937 - INFO - Waiting
2022-04-21 16:09:27,962 - WARNING - Distance Error is 11.598275733918381
2022-04-21 16:09:27,962 - INFO - ###################################### Cycle Completed: 7 ####################################################
2022-04-21 16:09:29,987 - WARNING - Distance Error is 11.598275733918381
2022-04-21 16:09:29,988 - INFO - Moving inside LN2
2022-04-21 16:09:32,013 - WARNING - Distance Error is 6.208059278067491
2022-04-21 16:09:35,017 - INFO - Outside LN2
2022-04-21 16:09:37,039 - WARNING - Distance Error is 11.54209686322206
2022-04-21 16:09:39,065 - INFO - Distance Error is 2.05182845286831
2022-04-21 16:09:41,091 - INFO - Distance Error is 1.7029386365926356
2022-04-21 16:09:41,092 - INFO - Moving Inside Water Bath
2022-04-21 16:09:42,116 - INFO - Distance Error is 1.4491376746189453
2022-04-21 16:09:45,119 - INFO - Moving outside Water Bath
2022-04-21 16:09:47,141 - INFO - Distance Error is 0.7280109889280268
2022-04-21 16:09:49,166 - INFO - Distance Error is 0.3605551275463863
2022-04-21 16:09:49,167 - INFO - Waiting
2022-04-21 16:09:56,201 - WARNING - Distance Error is 11.554220008291344
2022-04-21 16:09:56,202 - INFO - ###################################### Cycle Completed: 8 ####################################################
2022-04-21 16:09:58,226 - WARNING - Distance Error is 11.598275733918381
2022-04-21 16:09:58,227 - INFO - Moving inside LN2
2022-04-21 16:10:00,252 - WARNING - Distance Error is 6.208059278067491
2022-04-21 16:10:03,256 - INFO - Outside LN2
2022-04-21 16:10:05,278 - WARNING - Distance Error is 11.54209686322206
2022-04-21 16:10:07,305 - INFO - Distance Error is 2.0024984394500684
2022-04-21 16:10:09,331 - INFO - Distance Error is 1.7029386365926356
2022-04-21 16:10:09,331 - INFO - Moving Inside Water Bath
2022-04-21 16:10:10,356 - INFO - Distance Error is 2.137755832643193
2022-04-21 16:10:13,359 - INFO - Moving outside Water Bath
2022-04-21 16:10:15,381 - INFO - Distance Error is 0.7681145747868438
2022-04-21 16:10:17,406 - INFO - Distance Error is 1.135781669160064
2022-04-21 16:10:17,406 - INFO - Waiting
2022-04-21 16:10:24,441 - WARNING - Distance Error is 11.63314230979747
2022-04-21 16:10:24,441 - INFO - ###################################### Cycle Completed: 9 ####################################################
2022-04-21 16:10:26,466 - WARNING - Distance Error is 11.63314230979747
2022-04-21 16:10:26,466 - INFO - Moving inside LN2
2022-04-21 16:10:28,492 - WARNING - Distance Error is 6.379655163094623
2022-04-21 16:10:31,495 - INFO - Outside LN2
2022-04-21 16:10:33,518 - WARNING - Distance Error is 11.54209686322206
2022-04-21 16:10:35,544 - INFO - Distance Error is 2.0099751242241712
2022-04-21 16:10:37,570 - INFO - Distance Error is 1.8574175621006341
2022-04-21 16:10:37,570 - INFO - Moving Inside Water Bath
2022-04-21 16:10:38,595 - INFO - Distance Error is 2.823118842698625
2022-04-21 16:10:41,598 - INFO - Moving outside Water Bath
2022-04-21 16:10:43,620 - INFO - Distance Error is 0.7280109889280268
2022-04-21 16:10:45,645 - INFO - Distance Error is 0.3605551275463863
2022-04-21 16:10:45,645 - INFO - Waiting
2022-04-21 16:10:52,670 - WARNING - Distance Error is 11.495216396397245
2022-04-21 16:10:52,670 - INFO - ###################################### Cycle Completed: 10 ####################################################
2022-04-21 16:10:54,695 - WARNING - Distance Error is 11.598275733918381
2022-04-21 16:10:54,696 - INFO - Moving inside LN2
2022-04-21 16:10:56,721 - WARNING - Distance Error is 6.208059278067491
2022-04-21 16:10:59,725 - INFO - Outside LN2
2022-04-21 16:11:01,747 - WARNING - Distance Error is 11.495216396397245
2022-04-21 16:11:03,773 - INFO - Distance Error is 2.0024984394500684
2022-04-21 16:11:05,799 - INFO - Distance Error is 1.8330302779822987
2022-04-21 16:11:05,800 - INFO - Moving Inside Water Bath
2022-04-21 16:11:06,824 - INFO - Distance Error is 1.9748417658131538
2022-04-21 16:11:09,828 - INFO - Moving outside Water Bath
2022-04-21 16:11:11,849 - INFO - Distance Error is 0.7681145747868438
2022-04-21 16:11:13,874 - INFO - Distance Error is 0.4690415759823254
2022-04-21 16:11:13,875 - INFO - Waiting
2022-04-21 16:11:20,909 - WARNING - Distance Error is 11.598275733918381
2022-04-21 16:11:20,910 - INFO - ###################################### Cycle Completed: 11 ####################################################
2022-04-21 16:11:22,934 - WARNING - Distance Error is 11.598275733918381
2022-04-21 16:11:22,935 - INFO - Moving inside LN2
2022-04-21 16:11:24,960 - WARNING - Distance Error is 6.6670833203133135
2022-04-21 16:11:27,964 - INFO - Outside LN2
2022-04-21 16:11:29,986 - WARNING - Distance Error is 11.495216396397245
2022-04-21 16:11:32,012 - INFO - Distance Error is 2.0024984394500684
2022-04-21 16:11:34,039 - INFO - Distance Error is 1.8330302779822987
2022-04-21 16:11:34,039 - INFO - Moving Inside Water Bath
2022-04-21 16:11:35,063 - INFO - Distance Error is 2.7748873851023266
2022-04-21 16:11:38,067 - INFO - Moving outside Water Bath
2022-04-21 16:11:40,089 - INFO - Distance Error is 0.7280109889280268
2022-04-21 16:11:42,114 - INFO - Distance Error is 0.4472135954999579
2022-04-21 16:11:42,114 - INFO - Waiting
2022-04-21 16:11:49,149 - WARNING - Distance Error is 11.688455843266892
2022-04-21 16:11:49,149 - INFO - ###################################### Cycle Completed: 12 ####################################################
2022-04-21 16:11:51,174 - WARNING - Distance Error is 11.688455843266892
2022-04-21 16:11:51,174 - INFO - Moving inside LN2
2022-04-21 16:11:53,200 - WARNING - Distance Error is 6.379655163094623
2022-04-21 16:11:56,203 - INFO - Outside LN2
2022-04-21 16:11:58,226 - WARNING - Distance Error is 11.495216396397245
2022-04-21 16:12:00,252 - INFO - Distance Error is 2.0024984394500684
2022-04-21 16:12:02,278 - INFO - Distance Error is 1.7029386365926356
2022-04-21 16:12:02,278 - INFO - Moving Inside Water Bath
2022-04-21 16:12:03,303 - INFO - Distance Error is 1.4491376746189453
2022-04-21 16:12:06,306 - INFO - Moving outside Water Bath
2022-04-21 16:12:08,328 - INFO - Distance Error is 0.7280109889280268
2022-04-21 16:12:10,353 - INFO - Distance Error is 0.4472135954999579
2022-04-21 16:12:10,353 - INFO - Waiting
2022-04-21 16:12:17,378 - WARNING - Distance Error is 11.682893477217041
2022-04-21 16:12:17,379 - INFO - ###################################### Cycle Completed: 13 ####################################################
2022-04-21 16:12:19,403 - WARNING - Distance Error is 11.682893477217041
2022-04-21 16:12:19,403 - INFO - Moving inside LN2
2022-04-21 16:12:21,429 - WARNING - Distance Error is 6.379655163094623
2022-04-21 16:12:24,433 - INFO - Outside LN2
2022-04-21 16:12:26,455 - WARNING - Distance Error is 11.54209686322206
2022-04-21 16:12:28,481 - INFO - Distance Error is 1.8411952639522196
2022-04-21 16:12:30,507 - INFO - Distance Error is 1.7029386365926356
2022-04-21 16:12:30,508 - INFO - Moving Inside Water Bath
2022-04-21 16:12:31,532 - INFO - Distance Error is 2.7748873851023266
2022-04-21 16:12:34,536 - INFO - Moving outside Water Bath
2022-04-21 16:12:36,557 - INFO - Distance Error is 0.7681145747868438
2022-04-21 16:12:38,582 - INFO - Distance Error is 0.3605551275463863
2022-04-21 16:12:38,583 - INFO - Waiting
2022-04-21 16:12:45,617 - WARNING - Distance Error is 11.598275733918381
2022-04-21 16:12:45,618 - INFO - ###################################### Cycle Completed: 14 ####################################################
2022-04-21 16:12:47,642 - WARNING - Distance Error is 11.598275733918381
2022-04-21 16:12:47,643 - INFO - Moving inside LN2
2022-04-21 16:12:49,668 - WARNING - Distance Error is 6.379655163094623
2022-04-21 16:12:52,672 - INFO - Outside LN2
2022-04-21 16:12:54,694 - WARNING - Distance Error is 11.495216396397245
2022-04-21 16:12:56,720 - INFO - Distance Error is 2.042057785666202
2022-04-21 16:12:58,747 - INFO - Distance Error is 1.7029386365926356
2022-04-21 16:12:58,747 - INFO - Moving Inside Water Bath
2022-04-21 16:12:59,771 - INFO - Distance Error is 1.4491376746189453
2022-04-21 16:13:02,775 - INFO - Moving outside Water Bath
2022-04-21 16:13:04,797 - INFO - Distance Error is 0.7280109889280268
2022-04-21 16:13:06,822 - INFO - Distance Error is 0.42426406871191447
2022-04-21 16:13:06,822 - INFO - Waiting
2022-04-21 16:13:13,857 - WARNING - Distance Error is 11.495216396397245
2022-04-21 16:13:13,857 - INFO - ###################################### Cycle Completed: 15 ####################################################
2022-04-21 16:13:15,882 - WARNING - Distance Error is 11.598275733918381
2022-04-21 16:13:15,882 - INFO - Moving inside LN2
2022-04-21 16:13:17,908 - WARNING - Distance Error is 6.379655163094623
2022-04-21 16:13:20,911 - INFO - Outside LN2
2022-04-21 16:13:22,934 - WARNING - Distance Error is 11.495216396397245
2022-04-21 16:13:24,960 - INFO - Distance Error is 1.972308292331597
2022-04-21 16:13:26,986 - INFO - Distance Error is 1.7029386365926356
2022-04-21 16:13:26,986 - INFO - Moving Inside Water Bath
2022-04-21 16:13:28,011 - INFO - Distance Error is 1.9748417658131538
2022-04-21 16:13:31,014 - INFO - Moving outside Water Bath
2022-04-21 16:13:33,036 - INFO - Distance Error is 0.7280109889280268
2022-04-21 16:13:35,061 - INFO - Distance Error is 0.42426406871191447
2022-04-21 16:13:35,061 - INFO - Waiting
2022-04-21 16:13:42,086 - WARNING - Distance Error is 11.54209686322206
2022-04-21 16:13:42,086 - INFO - ###################################### Cycle Completed: 16 ####################################################
2022-04-21 16:13:44,111 - WARNING - Distance Error is 11.629273408085322
2022-04-21 16:13:44,112 - INFO - Moving inside LN2
2022-04-21 16:13:46,137 - WARNING - Distance Error is 6.208059278067491
2022-04-21 16:13:49,141 - INFO - Outside LN2
2022-04-21 16:13:51,163 - WARNING - Distance Error is 11.495216396397245
2022-04-21 16:13:53,189 - INFO - Distance Error is 1.972308292331597
2022-04-21 16:13:55,215 - INFO - Distance Error is 1.7029386365926356
2022-04-21 16:13:55,216 - INFO - Moving Inside Water Bath
2022-04-21 16:13:56,240 - INFO - Distance Error is 1.4491376746189453
2022-04-21 16:13:59,244 - INFO - Moving outside Water Bath
2022-04-21 16:14:01,265 - INFO - Distance Error is 0.7280109889280268
2022-04-21 16:14:03,290 - INFO - Distance Error is 1.0049875621120912
2022-04-21 16:14:03,291 - INFO - Waiting
2022-04-21 16:14:10,325 - WARNING - Distance Error is 11.581882403132925
2022-04-21 16:14:10,326 - INFO - ###################################### Cycle Completed: 17 ####################################################
2022-04-21 16:14:12,350 - WARNING - Distance Error is 11.688455843266892
2022-04-21 16:14:12,351 - INFO - Moving inside LN2
2022-04-21 16:14:14,376 - WARNING - Distance Error is 6.379655163094623
2022-04-21 16:14:17,380 - INFO - Outside LN2
2022-04-21 16:14:19,402 - WARNING - Distance Error is 11.54209686322206
2022-04-21 16:14:21,429 - INFO - Distance Error is 2.0099751242241712
2022-04-21 16:14:23,455 - INFO - Distance Error is 1.7029386365926356
2022-04-21 16:14:23,455 - INFO - Moving Inside Water Bath
2022-04-21 16:14:24,480 - INFO - Distance Error is 2.137755832643193
2022-04-21 16:14:27,483 - INFO - Moving outside Water Bath
2022-04-21 16:14:29,506 - INFO - Distance Error is 0.7280109889280268
2022-04-21 16:14:31,530 - INFO - Distance Error is 0.42426406871191447
2022-04-21 16:14:31,530 - INFO - Waiting
2022-04-21 16:14:38,555 - WARNING - Distance Error is 11.629273408085322
2022-04-21 16:14:38,555 - INFO - ###################################### Cycle Completed: 18 ####################################################
2022-04-21 16:14:40,580 - WARNING - Distance Error is 11.629273408085322
2022-04-21 16:14:40,580 - INFO - Moving inside LN2
2022-04-21 16:14:42,606 - WARNING - Distance Error is 6.379655163094623
2022-04-21 16:14:45,609 - INFO - Outside LN2
2022-04-21 16:14:47,632 - WARNING - Distance Error is 11.495216396397245
2022-04-21 16:14:49,658 - INFO - Distance Error is 1.972308292331597
2022-04-21 16:14:51,684 - INFO - Distance Error is 1.7029386365926356
2022-04-21 16:14:51,684 - INFO - Moving Inside Water Bath
2022-04-21 16:14:52,709 - INFO - Distance Error is 1.7233687939614104
2022-04-21 16:14:55,712 - INFO - Moving outside Water Bath
2022-04-21 16:14:57,734 - INFO - Distance Error is 0.7280109889280268
2022-04-21 16:14:59,759 - INFO - Distance Error is 0.42426406871191447
2022-04-21 16:14:59,759 - INFO - Waiting
2022-04-21 16:15:06,785 - WARNING - Distance Error is 11.584903970253706
2022-04-21 16:15:06,786 - INFO - ###################################### Cycle Completed: 19 ####################################################
2022-04-21 16:15:08,809 - WARNING - Distance Error is 11.63314230979747
2022-04-21 16:15:08,809 - INFO - Moving inside LN2
2022-04-21 16:15:10,835 - WARNING - Distance Error is 6.208059278067491
2022-04-21 16:15:13,839 - INFO - Outside LN2
2022-04-21 16:15:15,861 - WARNING - Distance Error is 11.495216396397245
2022-04-21 16:15:17,887 - INFO - Distance Error is 2.042057785666202
2022-04-21 16:15:19,913 - INFO - Distance Error is 1.7029386365926356
2022-04-21 16:15:19,914 - INFO - Moving Inside Water Bath
2022-04-21 16:15:20,938 - INFO - Distance Error is 2.603843313258298
2022-04-21 16:15:23,942 - INFO - Moving outside Water Bath
2022-04-21 16:15:25,963 - INFO - Distance Error is 0.7211102550927726
2022-04-21 16:15:27,988 - INFO - Distance Error is 0.5385164807134462
2022-04-21 16:15:27,989 - INFO - Waiting
2022-04-21 16:15:35,013 - WARNING - Distance Error is 11.54209686322206
2022-04-21 16:15:35,014 - INFO - ###################################### Cycle Completed: 20 ####################################################
2022-04-21 16:15:37,038 - WARNING - Distance Error is 11.629273408085322
2022-04-21 16:15:37,039 - INFO - Moving inside LN2
2022-04-21 16:15:39,065 - WARNING - Distance Error is 6.208059278067491
2022-04-21 16:15:42,068 - INFO - Outside LN2
2022-04-21 16:15:44,090 - WARNING - Distance Error is 11.495216396397245
2022-04-21 16:15:46,117 - INFO - Distance Error is 1.972308292331597
2022-04-21 16:15:48,143 - INFO - Distance Error is 1.8330302779822987
2022-04-21 16:15:48,143 - INFO - Moving Inside Water Bath
2022-04-21 16:15:49,167 - INFO - Distance Error is 1.774823934929881
2022-04-21 16:15:52,171 - INFO - Moving outside Water Bath
2022-04-21 16:15:54,193 - INFO - Distance Error is 0.7280109889280268
2022-04-21 16:15:56,218 - INFO - Distance Error is 0.5385164807134462
2022-04-21 16:15:56,218 - INFO - Waiting
2022-04-21 16:16:03,253 - WARNING - Distance Error is 11.54209686322206
2022-04-21 16:16:03,253 - INFO - ###################################### Cycle Completed: 21 ####################################################
2022-04-21 16:16:05,278 - WARNING - Distance Error is 11.629273408085322
2022-04-21 16:16:05,278 - INFO - Moving inside LN2
2022-04-21 16:16:07,304 - WARNING - Distance Error is 6.379655163094623
2022-04-21 16:16:10,307 - INFO - Outside LN2
2022-04-21 16:16:12,330 - WARNING - Distance Error is 11.495216396397245
2022-04-21 16:16:14,356 - INFO - Distance Error is 1.972308292331597
2022-04-21 16:16:16,382 - INFO - Distance Error is 1.7029386365926356
2022-04-21 16:16:16,382 - INFO - Moving Inside Water Bath
2022-04-21 16:16:17,407 - INFO - Distance Error is 2.7748873851023266
2022-04-21 16:16:20,410 - INFO - Moving outside Water Bath
2022-04-21 16:16:22,432 - INFO - Distance Error is 0.7280109889280268
2022-04-21 16:16:24,457 - INFO - Distance Error is 0.42426406871191447
2022-04-21 16:16:24,457 - INFO - Waiting
2022-04-21 16:16:31,482 - WARNING - Distance Error is 11.509126813099249
2022-04-21 16:16:31,482 - INFO - ###################################### Cycle Completed: 22 ####################################################
2022-04-21 16:16:33,507 - WARNING - Distance Error is 11.598275733918381
2022-04-21 16:16:33,507 - INFO - Moving inside LN2
2022-04-21 16:16:35,533 - WARNING - Distance Error is 6.191122676865628
2022-04-21 16:16:38,537 - INFO - Outside LN2
2022-04-21 16:16:40,559 - WARNING - Distance Error is 11.55638351734661
2022-04-21 16:16:42,585 - INFO - Distance Error is 2.019900987672402
2022-04-21 16:16:44,611 - INFO - Distance Error is 1.7029386365926356
2022-04-21 16:16:44,612 - INFO - Moving Inside Water Bath
2022-04-21 16:16:45,636 - INFO - Distance Error is 1.9748417658131538
2022-04-21 16:16:48,640 - INFO - Moving outside Water Bath
2022-04-21 16:16:50,662 - INFO - Distance Error is 0.7211102550927726
2022-04-21 16:16:52,686 - INFO - Distance Error is 0.42426406871191447
2022-04-21 16:16:52,687 - INFO - Waiting
2022-04-21 16:16:59,721 - WARNING - Distance Error is 11.495216396397245
2022-04-21 16:16:59,722 - INFO - ###################################### Cycle Completed: 23 ####################################################
2022-04-21 16:17:01,746 - WARNING - Distance Error is 11.598275733918381
2022-04-21 16:17:01,747 - INFO - Moving inside LN2
2022-04-21 16:17:03,772 - WARNING - Distance Error is 6.379655163094623
2022-04-21 16:17:06,776 - INFO - Outside LN2
2022-04-21 16:17:08,798 - WARNING - Distance Error is 11.495216396397245
2022-04-21 16:17:10,824 - INFO - Distance Error is 2.042057785666202
2022-04-21 16:17:12,850 - INFO - Distance Error is 1.8330302779822987
2022-04-21 16:17:12,851 - INFO - Moving Inside Water Bath
2022-04-21 16:17:13,875 - INFO - Distance Error is 2.603843313258298
2022-04-21 16:17:16,879 - INFO - Moving outside Water Bath
2022-04-21 16:17:18,901 - INFO - Distance Error is 0.7280109889280268
2022-04-21 16:17:20,926 - INFO - Distance Error is 0.5099019513592885
2022-04-21 16:17:20,926 - INFO - Waiting
2022-04-21 16:17:27,961 - WARNING - Distance Error is 11.584903970253706
2022-04-21 16:17:27,961 - INFO - ###################################### Cycle Completed: 24 ####################################################
2022-04-21 16:17:29,986 - WARNING - Distance Error is 11.670903992407784
2022-04-21 16:17:29,986 - INFO - Moving inside LN2
2022-04-21 16:17:32,012 - WARNING - Distance Error is 6.208059278067491
2022-04-21 16:17:35,015 - INFO - Outside LN2
2022-04-21 16:17:37,038 - WARNING - Distance Error is 11.495216396397245
2022-04-21 16:17:39,064 - INFO - Distance Error is 1.972308292331597
2022-04-21 16:17:41,090 - INFO - Distance Error is 1.7029386365926356
2022-04-21 16:17:41,090 - INFO - Moving Inside Water Bath
2022-04-21 16:17:42,115 - INFO - Distance Error is 1.4491376746189453
2022-04-21 16:17:45,115 - INFO - Moving outside Water Bath
2022-04-21 16:17:47,140 - INFO - Distance Error is 0.7280109889280268
2022-04-21 16:17:49,165 - INFO - Distance Error is 0.5916079783099664
2022-04-21 16:17:49,165 - INFO - Waiting
2022-04-21 16:17:56,190 - WARNING - Distance Error is 11.526057435220428
2022-04-21 16:17:56,190 - INFO - ###################################### Cycle Completed: 25 ####################################################
2022-04-21 16:17:58,215 - WARNING - Distance Error is 11.63314230979747
2022-04-21 16:17:58,215 - INFO - Moving inside LN2
2022-04-21 16:18:00,241 - WARNING - Distance Error is 6.191122676865628
2022-04-21 16:18:03,245 - INFO - Outside LN2
2022-04-21 16:18:05,267 - WARNING - Distance Error is 11.495216396397245
2022-04-21 16:18:07,293 - INFO - Distance Error is 1.939071942966524
2022-04-21 16:18:09,319 - INFO - Distance Error is 1.987460691435172
2022-04-21 16:18:09,320 - INFO - Moving Inside Water Bath
2022-04-21 16:18:10,344 - INFO - Distance Error is 2.603843313258298
2022-04-21 16:18:13,348 - INFO - Moving outside Water Bath
2022-04-21 16:18:15,369 - INFO - Distance Error is 1.0049875621120947
2022-04-21 16:18:17,394 - INFO - Distance Error is 0.5385164807134462
2022-04-21 16:18:17,395 - INFO - Waiting
2022-04-21 16:18:24,429 - WARNING - Distance Error is 11.54209686322206
2022-04-21 16:18:24,430 - INFO - ###################################### Cycle Completed: 26 ####################################################
2022-04-21 16:18:26,454 - WARNING - Distance Error is 11.629273408085322
2022-04-21 16:18:26,455 - INFO - Moving inside LN2
2022-04-21 16:18:28,480 - WARNING - Distance Error is 6.379655163094623
2022-04-21 16:18:31,484 - INFO - Outside LN2
2022-04-21 16:18:33,506 - WARNING - Distance Error is 11.495216396397245
2022-04-21 16:18:35,532 - INFO - Distance Error is 1.972308292331597
2022-04-21 16:18:37,558 - INFO - Distance Error is 1.726267650163199
2022-04-21 16:18:37,559 - INFO - Moving Inside Water Bath
2022-04-21 16:18:38,583 - INFO - Distance Error is 1.4866068747318497
2022-04-21 16:18:41,587 - INFO - Moving outside Water Bath
2022-04-21 16:18:43,609 - INFO - Distance Error is 0.7280109889280268
2022-04-21 16:18:45,634 - INFO - Distance Error is 0.7141428428542842
2022-04-21 16:18:45,634 - INFO - Waiting
2022-04-21 16:18:52,669 - WARNING - Distance Error is 11.63314230979747
2022-04-21 16:18:52,669 - INFO - ###################################### Cycle Completed: 27 ####################################################
2022-04-21 16:18:54,694 - WARNING - Distance Error is 11.63314230979747
2022-04-21 16:18:54,694 - INFO - Moving inside LN2
2022-04-21 16:18:56,720 - WARNING - Distance Error is 6.628725367670622
2022-04-21 16:18:59,723 - INFO - Outside LN2
2022-04-21 16:19:01,746 - WARNING - Distance Error is 11.607756027760075
2022-04-21 16:19:03,772 - INFO - Distance Error is 1.939071942966524
2022-04-21 16:19:05,798 - INFO - Distance Error is 1.987460691435172
2022-04-21 16:19:05,798 - INFO - Moving Inside Water Bath
2022-04-21 16:19:06,823 - INFO - Distance Error is 1.9748417658131538
2022-04-21 16:19:09,823 - INFO - Moving outside Water Bath
2022-04-21 16:19:11,848 - INFO - Distance Error is 0.7280109889280268
2022-04-21 16:19:13,873 - INFO - Distance Error is 0.5916079783099664
2022-04-21 16:19:13,873 - INFO - Waiting
2022-04-21 16:19:20,898 - WARNING - Distance Error is 11.581882403132925
2022-04-21 16:19:20,898 - INFO - ###################################### Cycle Completed: 28 ####################################################
2022-04-21 16:19:22,923 - WARNING - Distance Error is 11.688455843266892
2022-04-21 16:19:22,923 - INFO - Moving inside LN2
2022-04-21 16:19:24,949 - WARNING - Distance Error is 6.208059278067491
2022-04-21 16:19:27,953 - INFO - Outside LN2
2022-04-21 16:19:29,975 - WARNING - Distance Error is 11.54209686322206
2022-04-21 16:19:32,001 - INFO - Distance Error is 1.972308292331597
2022-04-21 16:19:34,027 - INFO - Distance Error is 2.0124611797498013
2022-04-21 16:19:34,027 - INFO - Moving Inside Water Bath
2022-04-21 16:19:35,052 - INFO - Distance Error is 1.4866068747318497
2022-04-21 16:19:38,056 - INFO - Moving outside Water Bath
2022-04-21 16:19:40,077 - INFO - Distance Error is 0.7280109889280268
2022-04-21 16:19:42,102 - INFO - Distance Error is 0.5916079783099664
2022-04-21 16:19:42,103 - INFO - Waiting
2022-04-21 16:19:49,137 - WARNING - Distance Error is 11.526057435220428
2022-04-21 16:19:49,138 - INFO - ###################################### Cycle Completed: 29 ####################################################
2022-04-21 16:19:51,162 - WARNING - Distance Error is 11.63314230979747
2022-04-21 16:19:51,163 - INFO - Moving inside LN2
2022-04-21 16:19:53,188 - WARNING - Distance Error is 6.503076195155647
2022-04-21 16:19:56,192 - INFO - Outside LN2
2022-04-21 16:19:58,214 - WARNING - Distance Error is 11.495216396397245
2022-04-21 16:20:00,240 - INFO - Distance Error is 1.939071942966524
2022-04-21 16:20:02,266 - INFO - Distance Error is 1.987460691435172
2022-04-21 16:20:02,267 - INFO - Moving Inside Water Bath
2022-04-21 16:20:03,291 - INFO - Distance Error is 1.9748417658131538
2022-04-21 16:20:06,295 - INFO - Moving outside Water Bath
2022-04-21 16:20:08,317 - INFO - Distance Error is 1.0049875621120947
2022-04-21 16:20:10,342 - INFO - Distance Error is 0.42426406871191447
2022-04-21 16:20:10,342 - INFO - Waiting
2022-04-21 16:20:17,377 - WARNING - Distance Error is 11.495216396397245
2022-04-21 16:20:17,377 - INFO - ###################################### Cycle Completed: 30 ####################################################
2022-04-21 16:20:19,402 - INFO - Distance Error is 3.5468295701936525
2022-04-21 16:20:22,428 - INFO - Distance Error is 2.617250465660493
2022-04-21 16:20:23,430 - INFO - Completed and relesed motors
2022-04-21 16:20:23,430 - INFO - Operation Completed Sucessfully
2022-04-21 16:20:23,430 - INFO - Programmed execution completed
