2025-04-07 16:28:35,148 - INFO - Distance Error is 3.0610455730027875
2025-04-07 16:28:38,170 - INFO - Distance Error is 1.7117242768623746
2025-04-07 16:28:41,196 - WARNING - Distance Error is 13.237824594698324
2025-04-07 16:28:41,237 - INFO - Moving inside LN2
2025-04-07 16:28:43,262 - INFO - Distance Error is 4.809365862564416
2025-04-07 16:28:46,266 - INFO - Outside LN2
2025-04-07 16:28:48,329 - WARNING - Distance Error is 13.167383946707105
2025-04-07 16:28:50,404 - INFO - Distance Error is 2.0736441353327772
2025-04-07 16:28:52,430 - INFO - Distance Error is 1.726267650163199
2025-04-07 16:28:52,431 - INFO - Moving Inside Water Bath
2025-04-07 16:28:53,499 - INFO - Distance Error is 1.7349351572897418
2025-04-07 16:28:57,504 - INFO - Moving outside Water Bath
2025-04-07 16:28:59,555 - INFO - Distance Error is 1.0049875621120947
2025-04-07 16:29:01,580 - INFO - Distance Error is 0.836660026534045
2025-04-07 16:29:01,581 - INFO - Waiting
2025-04-07 16:29:05,698 - WARNING - Distance Error is 11.682893477217041
2025-04-07 16:29:05,698 - INFO - ###################################### Cycle Completed: 2 ####################################################
2025-04-07 16:29:05,699 - INFO - LN2 Time = {-5.028075564998289} 
2025-04-07 16:29:05,699 - INFO - Water Bath = -5.072588595001434 
2025-04-07 16:29:05,699 - INFO - ######################################################################################################################
2025-04-07 16:29:07,765 - INFO - Distance Error is 2.956349099818918
2025-04-07 16:29:10,791 - INFO - Distance Error is 2.445403852127514
2025-04-07 16:29:13,317 - INFO - Distance Error is 1.3747727084867514
2025-04-07 16:29:14,319 - INFO - Completed and relesed motors
2025-04-07 16:30:33,267 - INFO - Distance Error is 2.956349099818891
2025-04-07 16:30:36,292 - INFO - Distance Error is 1.8027756377319946
2025-04-07 16:30:39,318 - WARNING - Distance Error is 13.224598292575843
2025-04-07 16:30:39,381 - INFO - Moving inside LN2
2025-04-07 16:30:41,403 - INFO - Distance Error is 4.780167361086846
2025-04-07 16:30:44,407 - INFO - Outside LN2
2025-04-07 16:30:46,490 - WARNING - Distance Error is 13.09732797176586
2025-04-07 16:30:48,566 - INFO - Distance Error is 2.1400934559032754
2025-04-07 16:30:50,592 - INFO - Distance Error is 1.726267650163199
2025-04-07 16:30:50,592 - INFO - Moving Inside Water Bath
2025-04-07 16:30:51,670 - INFO - Distance Error is 1.8055470085267733
2025-04-07 16:30:55,672 - INFO - Moving outside Water Bath
2025-04-07 16:30:57,735 - INFO - Distance Error is 1.0049875621120947
2025-04-07 16:30:59,761 - INFO - Distance Error is 0.8062257748298585
2025-04-07 16:30:59,761 - INFO - Waiting
2025-04-07 16:31:03,889 - WARNING - Distance Error is 11.682893477217041
2025-04-07 16:31:03,890 - INFO - ###################################### Cycle Completed: 2 ####################################################
2025-04-07 16:31:03,890 - INFO - LN2 Time = {-5.025835129999905} 
2025-04-07 16:31:03,891 - INFO - Water Bath = -5.079332780002005 
2025-04-07 16:31:03,891 - INFO - ######################################################################################################################
2025-04-07 16:31:05,958 - INFO - Distance Error is 3.4307433596817067
2025-04-07 16:31:08,982 - INFO - Distance Error is 2.5357444666212117
2025-04-07 16:31:11,508 - INFO - Distance Error is 1.4866068747318577
2025-04-07 16:31:12,510 - INFO - Completed and relesed motors
