2025-04-04 15:05:10,725 - INFO - Starting Experiment
2025-04-04 15:05:10,725 - INFO - Experiment Parameters
2025-04-04 15:05:10,725 - INFO - Experiment Name: Error_Testing
2025-04-04 15:05:10,726 - INFO - Person Responsible: Akshit
2025-04-04 15:05:10,726 - INFO - Thermomixer Time: 5
2025-04-04 15:05:10,726 - INFO - Liquid Nitrogen Time: 5
2025-04-04 15:05:10,726 - INFO - Waiting Time 5
2025-04-04 15:05:10,726 - INFO - Number of Cycles 30
2025-04-04 15:05:10,727 - INFO - Robot Speed 100
2025-04-04 15:05:10,727 - INFO - Run Number 1
2025-04-04 15:05:12,754 - INFO - Distance Error is 3.1448370387032787
2025-04-04 15:05:15,780 - INFO - Distance Error is 2.7147743920996597
2025-04-04 15:05:18,806 - WARNING - Distance Error is 12.994614268996221
2025-04-04 15:05:18,806 - INFO - Moving inside LN2
2025-04-04 15:05:20,832 - INFO - Distance Error is 4.57055795281056
2025-04-04 15:05:23,835 - INFO - Outside LN2
2025-04-04 15:05:25,858 - WARNING - Distance Error is 13.075932089147607
2025-04-04 15:05:27,884 - INFO - Distance Error is 2.213594362117872
2025-04-04 15:05:29,910 - INFO - Distance Error is 1.726267650163199
2025-04-04 15:05:29,910 - INFO - Moving Inside Water Bath
2025-04-04 15:05:30,922 - WARNING - Bug, can't find distance error
2025-04-04 15:05:33,926 - INFO - Moving outside Water Bath
2025-04-04 15:05:35,949 - INFO - Distance Error is 0.812403840463589
2025-04-04 15:05:37,973 - INFO - Distance Error is 0.7141428428542822
2025-04-04 15:05:37,973 - INFO - Waiting
2025-04-04 15:05:41,340 - ERROR - Experiment manually stooped with Keyboard Interrupt (crtl + c)
2025-04-04 15:05:46,346 - INFO - Programmed execution completed
