2025-04-07 16:31:46,089 - INFO - Distance Error is 2.956349099818891
2025-04-07 16:31:49,114 - INFO - Distance Error is 1.676305461424053
2025-04-07 16:31:52,138 - WARNING - Distance Error is 13.224598292575843
2025-04-07 16:31:52,191 - INFO - Moving inside LN2
2025-04-07 16:31:54,214 - INFO - Distance Error is 4.74341649025257
2025-04-07 16:31:57,216 - INFO - Outside LN2
2025-04-07 16:31:59,281 - WARNING - Distance Error is 13.09732797176586
2025-04-07 16:32:01,356 - INFO - Distance Error is 2.2045407685048497
2025-04-07 16:32:03,382 - INFO - Distance Error is 1.846618531261912
2025-04-07 16:32:03,383 - INFO - Moving Inside Water Bath
2025-04-07 16:32:04,455 - INFO - Distance Error is 1.7058722109232018
2025-04-07 16:32:08,461 - INFO - Moving outside Water Bath
2025-04-07 16:32:10,525 - INFO - Distance Error is 1.063014581273466
2025-04-07 16:32:12,551 - INFO - Distance Error is 0.8062257748298585
2025-04-07 16:32:12,552 - INFO - Waiting
2025-04-07 16:32:16,660 - WARNING - Distance Error is 11.682893477217041
2025-04-07 16:32:16,660 - INFO - ###################################### Cycle Completed: 1 ####################################################
2025-04-07 16:32:16,660 - INFO - LN2 Time = {-5.023962866001966} 
2025-04-07 16:32:16,661 - INFO - Water Bath = -5.078497239999706 
2025-04-07 16:32:16,661 - INFO - ######################################################################################################################
2025-04-07 16:32:18,686 - INFO - Distance Error is 2.9614185789921907
2025-04-07 16:32:21,712 - INFO - Distance Error is 2.5357444666212117
2025-04-07 16:32:24,238 - INFO - Distance Error is 1.5165750888103176
2025-04-07 16:32:25,240 - INFO - Completed and relesed motors
