2025-04-14 22:44:16,870 - WARNING - Distance Error is 5.0447993022517865
2025-04-14 22:44:18,905 - INFO - Distance Error is 1.9209372712298587
2025-04-14 22:44:20,944 - WARNING - Distance Error is 8.086408349817603
2025-04-14 22:44:21,044 - INFO - Moving inside LN2
2025-04-14 22:44:23,074 - WARNING - Distance Error is 5.7157676649773075
2025-04-14 22:44:26,078 - INFO - Outside LN2
2025-04-14 22:44:28,144 - INFO - Distance Error is 4.209513035969827
2025-04-14 22:44:30,235 - WARNING - Distance Error is 13.238579984273233
2025-04-14 22:44:30,235 - INFO - Moving Inside Water Bath
2025-04-14 22:44:32,336 - WARNING - Distance Error is 5.03785668712401
2025-04-14 22:44:35,340 - INFO - Moving outside Water Bath
2025-04-14 22:44:37,407 - WARNING - Distance Error is 13.092364186807497
2025-04-14 22:44:37,408 - INFO - Waiting
2025-04-14 22:44:41,529 - INFO - Distance Error is 4.27668095606862
2025-04-14 22:44:41,530 - INFO - ###################################### Cycle Completed: 1 ####################################################
2025-04-14 22:44:41,530 - INFO - LN2 Time = {-5.033357608001097} 
2025-04-14 22:44:41,530 - INFO - Water Bath = -5.1044011269987095 
2025-04-14 22:44:41,530 - INFO - ######################################################################################################################
2025-04-14 22:44:43,649 - INFO - Distance Error is 1.208304597359459
2025-04-14 22:44:45,678 - WARNING - Distance Error is 5.022947341949761
2025-04-14 22:44:46,180 - INFO - Completed and relesed motors
