2025-04-07 16:24:21,687 - INFO - Distance Error is 2.334523505985755
2025-04-07 16:24:24,713 - INFO - Distance Error is 3.2588341473600932
2025-04-07 16:24:27,740 - WARNING - Distance Error is 13.097327971765857
2025-04-07 16:24:27,781 - INFO - Moving inside LN2
2025-04-07 16:24:29,806 - INFO - Distance Error is 4.750789408087867
2025-04-07 16:24:32,808 - INFO - Outside LN2
2025-04-07 16:24:34,874 - WARNING - Distance Error is 13.09732797176586
2025-04-07 16:24:36,990 - INFO - Distance Error is 1.972308292331597
2025-04-07 16:24:39,017 - INFO - Distance Error is 1.711724276862361
2025-04-07 16:24:39,017 - INFO - Moving Inside Water Bath
2025-04-07 16:24:40,105 - INFO - Distance Error is 1.6370705543744852
2025-04-07 16:24:44,111 - INFO - Moving outside Water Bath
2025-04-07 16:24:46,190 - INFO - Distance Error is 1.0049875621120947
2025-04-07 16:24:48,214 - INFO - Distance Error is 0.8062257748298585
2025-04-07 16:24:48,214 - INFO - Waiting
2025-04-07 16:24:55,351 - WARNING - Distance Error is 11.601293031382346
2025-04-07 16:24:55,351 - INFO - ###################################### Cycle Completed: 2 ####################################################
2025-04-07 16:24:55,352 - INFO - LN2 Time = {-5.026521573001446} 
2025-04-07 16:24:55,352 - INFO - Water Bath = -5.093317024000498 
2025-04-07 16:24:55,352 - INFO - ######################################################################################################################
2025-04-07 16:24:57,376 - WARNING - Distance Error is 11.682893477217041
2025-04-07 16:24:57,421 - INFO - Moving inside LN2
2025-04-07 16:24:59,452 - WARNING - Distance Error is 6.506919393998967
2025-04-07 16:25:02,456 - INFO - Outside LN2
2025-04-07 16:25:04,518 - WARNING - Distance Error is 11.531695452100706
2025-04-07 16:25:06,594 - INFO - Distance Error is 2.09045449603667
2025-04-07 16:25:08,619 - INFO - Distance Error is 1.846618531261912
2025-04-07 16:25:08,619 - INFO - Moving Inside Water Bath
2025-04-07 16:25:09,685 - INFO - Distance Error is 2.6758176320519196
2025-04-07 16:25:13,690 - INFO - Moving outside Water Bath
2025-04-07 16:25:15,752 - INFO - Distance Error is 0.7280109889280268
2025-04-07 16:25:17,778 - INFO - Distance Error is 1.0198039027185324
2025-04-07 16:25:17,778 - INFO - Waiting
2025-04-07 16:25:24,896 - WARNING - Distance Error is 11.578428218026843
2025-04-07 16:25:24,897 - INFO - ###################################### Cycle Completed: 3 ####################################################
2025-04-07 16:25:24,897 - INFO - LN2 Time = {-5.0335747150002135} 
2025-04-07 16:25:24,897 - INFO - Water Bath = -5.0703154189995985 
2025-04-07 16:25:24,897 - INFO - ######################################################################################################################
2025-04-07 16:25:26,922 - WARNING - Distance Error is 11.710251918724909
2025-04-07 16:25:26,968 - INFO - Moving inside LN2
2025-04-07 16:25:28,990 - WARNING - Distance Error is 6.506919393998967
2025-04-07 16:25:31,994 - INFO - Outside LN2
2025-04-07 16:25:34,046 - WARNING - Distance Error is 11.48085362679971
2025-04-07 16:25:36,122 - INFO - Distance Error is 1.9261360284258389
2025-04-07 16:25:38,148 - INFO - Distance Error is 1.711724276862361
2025-04-07 16:25:38,149 - INFO - Moving Inside Water Bath
2025-04-07 16:25:39,225 - INFO - Distance Error is 2.603843313258298
2025-04-07 16:25:43,229 - INFO - Moving outside Water Bath
2025-04-07 16:25:45,282 - INFO - Distance Error is 1.0049875621120947
2025-04-07 16:25:47,307 - INFO - Distance Error is 1.0198039027185324
2025-04-07 16:25:47,308 - INFO - Waiting
2025-04-07 16:25:54,426 - WARNING - Distance Error is 11.603447763488232
2025-04-07 16:25:54,427 - INFO - ###################################### Cycle Completed: 4 ####################################################
2025-04-07 16:25:54,427 - INFO - LN2 Time = {-5.025084359000175} 
2025-04-07 16:25:54,427 - INFO - Water Bath = -5.080465870998523 
2025-04-07 16:25:54,427 - INFO - ######################################################################################################################
2025-04-07 16:25:56,452 - WARNING - Distance Error is 11.657186624567695
2025-04-07 16:25:56,499 - INFO - Moving inside LN2
2025-04-07 16:25:58,529 - WARNING - Distance Error is 6.506919393998967
2025-04-07 16:26:01,532 - INFO - Outside LN2
2025-04-07 16:26:03,586 - WARNING - Distance Error is 11.48085362679971
2025-04-07 16:26:05,653 - INFO - Distance Error is 2.05182845286831
2025-04-07 16:26:07,679 - INFO - Distance Error is 1.726267650163199
2025-04-07 16:26:07,679 - INFO - Moving Inside Water Bath
2025-04-07 16:26:08,745 - INFO - Distance Error is 1.8055470085267733
2025-04-07 16:26:12,750 - INFO - Moving outside Water Bath
2025-04-07 16:26:14,812 - INFO - Distance Error is 1.0049875621120947
2025-04-07 16:26:16,838 - INFO - Distance Error is 0.9433981132056385
2025-04-07 16:26:16,838 - INFO - Waiting
2025-04-07 16:26:23,966 - WARNING - Distance Error is 11.658473313431745
2025-04-07 16:26:23,966 - INFO - ###################################### Cycle Completed: 5 ####################################################
2025-04-07 16:26:23,967 - INFO - LN2 Time = {-5.032157126999664} 
2025-04-07 16:26:23,967 - INFO - Water Bath = -5.070831435999935 
2025-04-07 16:26:23,967 - INFO - ######################################################################################################################
2025-04-07 16:26:25,992 - WARNING - Distance Error is 11.710251918724909
2025-04-07 16:26:26,040 - INFO - Moving inside LN2
2025-04-07 16:26:28,069 - WARNING - Distance Error is 6.319810123729979
2025-04-07 16:26:31,072 - INFO - Outside LN2
2025-04-07 16:26:33,126 - WARNING - Distance Error is 11.48085362679971
2025-04-07 16:26:35,194 - INFO - Distance Error is 2.05182845286831
2025-04-07 16:26:37,219 - INFO - Distance Error is 1.711724276862361
2025-04-07 16:26:37,220 - INFO - Moving Inside Water Bath
2025-04-07 16:26:38,321 - INFO - Distance Error is 1.7349351572897418
2025-04-07 16:26:42,329 - INFO - Moving outside Water Bath
2025-04-07 16:26:44,394 - INFO - Distance Error is 1.0049875621120947
2025-04-07 16:26:46,418 - INFO - Distance Error is 0.836660026534045
2025-04-07 16:26:46,419 - INFO - Waiting
2025-04-07 16:26:53,526 - WARNING - Distance Error is 11.601293031382346
2025-04-07 16:26:53,527 - INFO - ###################################### Cycle Completed: 6 ####################################################
2025-04-07 16:26:53,527 - INFO - LN2 Time = {-5.030926149000152} 
2025-04-07 16:26:53,527 - INFO - Water Bath = -5.108764951000921 
2025-04-07 16:26:53,528 - INFO - ######################################################################################################################
2025-04-07 16:26:55,594 - INFO - Distance Error is 2.956349099818918
2025-04-07 16:26:58,620 - INFO - Distance Error is 2.5019992006393785
2025-04-07 16:27:01,146 - INFO - Distance Error is 1.5748015748023647
2025-04-07 16:27:02,147 - INFO - Completed and relesed motors
