2025-04-07 16:20:11,883 - INFO - Distance Error is 3.013303834663895
2025-04-07 16:20:14,904 - INFO - Distance Error is 1.476482306023358
2025-04-07 16:20:17,930 - WARNING - Distance Error is 13.30037593453659
2025-04-07 16:20:17,974 - INFO - Moving inside LN2
2025-04-07 16:20:19,996 - INFO - Distance Error is 4.676537180435973
2025-04-07 16:20:23,000 - INFO - Outside LN2
2025-04-07 16:20:25,062 - WARNING - Distance Error is 13.261221663180214
2025-04-07 16:20:27,128 - INFO - Distance Error is 2.0736441353327772
2025-04-07 16:20:29,154 - INFO - Distance Error is 1.860107523773801
2025-04-07 16:20:29,154 - INFO - Moving Inside Water Bath
2025-04-07 16:20:30,220 - INFO - Distance Error is 1.4352700094407294
2025-04-07 16:20:34,225 - INFO - Moving outside Water Bath
2025-04-07 16:20:36,278 - INFO - Distance Error is 1.0049875621120947
2025-04-07 16:20:38,303 - INFO - Distance Error is 0.8062257748298585
2025-04-07 16:20:38,303 - INFO - Waiting
2025-04-07 16:20:42,421 - WARNING - Distance Error is 11.734564329364778
2025-04-07 16:20:42,422 - INFO - ###################################### Cycle Completed: 1 ####################################################
2025-04-07 16:20:42,422 - INFO - LN2 Time = {-5.025143947001197} 
2025-04-07 16:20:42,422 - INFO - Water Bath = -5.070134147001227 
2025-04-07 16:20:42,422 - INFO - ######################################################################################################################
2025-04-07 16:20:44,447 - WARNING - Distance Error is 11.89831920903118
2025-04-07 16:20:44,498 - INFO - Moving inside LN2
2025-04-07 16:20:46,524 - WARNING - Distance Error is 6.949100661236666
2025-04-07 16:20:49,527 - INFO - Outside LN2
2025-04-07 16:20:51,582 - WARNING - Distance Error is 11.590081966923277
2025-04-07 16:20:53,648 - INFO - Distance Error is 2.034698994937573
2025-04-07 16:20:55,674 - INFO - Distance Error is 1.860107523773801
2025-04-07 16:20:55,674 - INFO - Moving Inside Water Bath
2025-04-07 16:20:56,741 - INFO - Distance Error is 2.7748873851023266
2025-04-07 16:21:00,746 - INFO - Moving outside Water Bath
2025-04-07 16:21:02,806 - INFO - Distance Error is 1.0049875621120947
2025-04-07 16:21:04,831 - INFO - Distance Error is 0.9433981132056385
2025-04-07 16:21:04,831 - INFO - Waiting
2025-04-07 16:21:08,958 - WARNING - Distance Error is 11.734564329364778
2025-04-07 16:21:08,958 - INFO - ###################################### Cycle Completed: 1 ####################################################
2025-04-07 16:21:08,958 - INFO - LN2 Time = {-5.028261275998375} 
2025-04-07 16:21:08,959 - INFO - Water Bath = -5.072021238000161 
2025-04-07 16:21:08,959 - INFO - ######################################################################################################################
2025-04-07 16:21:10,983 - WARNING - Distance Error is 11.847362575695914
2025-04-07 16:21:11,032 - INFO - Moving inside LN2
2025-04-07 16:21:13,059 - WARNING - Distance Error is 6.888396039717796
2025-04-07 16:21:16,062 - INFO - Outside LN2
2025-04-07 16:21:18,125 - WARNING - Distance Error is 11.62798348812038
2025-04-07 16:21:20,201 - INFO - Distance Error is 2.0024984394500684
2025-04-07 16:21:22,226 - INFO - Distance Error is 1.726267650163199
2025-04-07 16:21:22,226 - INFO - Moving Inside Water Bath
2025-04-07 16:21:23,293 - INFO - Distance Error is 1.7349351572897418
2025-04-07 16:21:27,298 - INFO - Moving outside Water Bath
2025-04-07 16:21:29,358 - INFO - Distance Error is 0.7280109889280268
2025-04-07 16:21:31,384 - INFO - Distance Error is 0.9433981132056385
2025-04-07 16:21:31,385 - INFO - Waiting
2025-04-07 16:21:35,502 - WARNING - Distance Error is 11.766902736064408
2025-04-07 16:21:35,503 - INFO - ###################################### Cycle Completed: 1 ####################################################
2025-04-07 16:21:35,503 - INFO - LN2 Time = {-5.029018180999628} 
2025-04-07 16:21:35,504 - INFO - Water Bath = -5.071252329000345 
2025-04-07 16:21:35,504 - INFO - ######################################################################################################################
2025-04-07 16:21:37,529 - WARNING - Distance Error is 11.876868274086393
2025-04-07 16:21:37,577 - INFO - Moving inside LN2
2025-04-07 16:21:39,606 - WARNING - Distance Error is 6.949100661236666
2025-04-07 16:21:42,608 - INFO - Outside LN2
2025-04-07 16:21:44,673 - WARNING - Distance Error is 11.590081966923277
2025-04-07 16:21:46,749 - INFO - Distance Error is 2.111871208194276
2025-04-07 16:21:48,776 - INFO - Distance Error is 1.752141546793526
2025-04-07 16:21:48,776 - INFO - Moving Inside Water Bath
2025-04-07 16:21:49,842 - INFO - Distance Error is 1.2569805089976507
2025-04-07 16:21:53,846 - INFO - Moving outside Water Bath
2025-04-07 16:21:55,908 - INFO - Distance Error is 0.7280109889280268
2025-04-07 16:21:57,934 - INFO - Distance Error is 0.9433981132056385
2025-04-07 16:21:57,935 - INFO - Waiting
2025-04-07 16:22:02,054 - WARNING - Distance Error is 11.786008654332498
2025-04-07 16:22:02,055 - INFO - ###################################### Cycle Completed: 1 ####################################################
2025-04-07 16:22:02,055 - INFO - LN2 Time = {-5.030073308000283} 
2025-04-07 16:22:02,055 - INFO - Water Bath = -5.069780998999704 
2025-04-07 16:22:02,055 - INFO - ######################################################################################################################
2025-04-07 16:22:04,079 - WARNING - Distance Error is 11.89831920903118
2025-04-07 16:22:04,127 - INFO - Moving inside LN2
2025-04-07 16:22:06,146 - WARNING - Distance Error is 6.755738301621808
2025-04-07 16:22:09,148 - INFO - Outside LN2
2025-04-07 16:22:11,213 - WARNING - Distance Error is 11.590081966923277
2025-04-07 16:22:13,289 - INFO - Distance Error is 2.034698994937573
2025-04-07 16:22:15,315 - INFO - Distance Error is 1.860107523773801
2025-04-07 16:22:15,316 - INFO - Moving Inside Water Bath
2025-04-07 16:22:16,392 - INFO - Distance Error is 2.7495454169735076
2025-04-07 16:22:20,396 - INFO - Moving outside Water Bath
2025-04-07 16:22:22,458 - INFO - Distance Error is 1.0049875621120947
2025-04-07 16:22:24,482 - INFO - Distance Error is 1.0198039027185324
2025-04-07 16:22:24,483 - INFO - Waiting
2025-04-07 16:22:28,599 - WARNING - Distance Error is 11.786008654332498
2025-04-07 16:22:28,600 - INFO - ###################################### Cycle Completed: 1 ####################################################
2025-04-07 16:22:28,600 - INFO - LN2 Time = {-5.020638460000555} 
2025-04-07 16:22:28,601 - INFO - Water Bath = -5.0802260960008425 
2025-04-07 16:22:28,601 - INFO - ######################################################################################################################
2025-04-07 16:22:30,625 - WARNING - Distance Error is 11.786008654332498
2025-04-07 16:22:30,670 - INFO - Moving inside LN2
2025-04-07 16:22:32,701 - WARNING - Distance Error is 6.319810123729979
2025-04-07 16:22:35,704 - INFO - Outside LN2
2025-04-07 16:22:37,767 - WARNING - Distance Error is 11.543396380615217
2025-04-07 16:22:39,834 - INFO - Distance Error is 2.0712315177207885
2025-04-07 16:22:41,858 - INFO - Distance Error is 1.711724276862361
2025-04-07 16:22:41,858 - INFO - Moving Inside Water Bath
2025-04-07 16:22:42,928 - INFO - Distance Error is 1.3453624047073682
2025-04-07 16:22:46,934 - INFO - Moving outside Water Bath
2025-04-07 16:22:49,001 - INFO - Distance Error is 1.063014581273466
2025-04-07 16:22:51,027 - INFO - Distance Error is 0.7071067811865436
2025-04-07 16:22:51,027 - INFO - Waiting
2025-04-07 16:22:55,155 - WARNING - Distance Error is 11.68160947814984
2025-04-07 16:22:55,155 - INFO - ###################################### Cycle Completed: 1 ####################################################
2025-04-07 16:22:55,155 - INFO - LN2 Time = {-5.032597826999336} 
2025-04-07 16:22:55,156 - INFO - Water Bath = -5.076150417000463 
2025-04-07 16:22:55,156 - INFO - ######################################################################################################################
2025-04-07 16:22:57,181 - WARNING - Distance Error is 11.734990413289655
2025-04-07 16:22:57,230 - INFO - Moving inside LN2
2025-04-07 16:22:59,258 - WARNING - Distance Error is 6.319810123729979
2025-04-07 16:23:02,260 - INFO - Outside LN2
2025-04-07 16:23:04,325 - WARNING - Distance Error is 11.54209686322206
2025-04-07 16:23:06,402 - INFO - Distance Error is 2.0024984394500684
2025-04-07 16:23:08,428 - INFO - Distance Error is 1.711724276862361
2025-04-07 16:23:08,428 - INFO - Moving Inside Water Bath
2025-04-07 16:23:09,499 - INFO - Distance Error is 1.4866068747318497
2025-04-07 16:23:13,506 - INFO - Moving outside Water Bath
2025-04-07 16:23:15,570 - INFO - Distance Error is 1.0049875621120947
2025-04-07 16:23:17,595 - INFO - Distance Error is 0.9433981132056385
2025-04-07 16:23:17,595 - INFO - Waiting
2025-04-07 16:23:21,722 - WARNING - Distance Error is 11.68160947814984
2025-04-07 16:23:21,723 - INFO - ###################################### Cycle Completed: 1 ####################################################
2025-04-07 16:23:21,723 - INFO - LN2 Time = {-5.029141980001441} 
2025-04-07 16:23:21,723 - INFO - Water Bath = -5.077202005999425 
2025-04-07 16:23:21,723 - INFO - ######################################################################################################################
2025-04-07 16:23:23,747 - WARNING - Distance Error is 11.822436297142819
2025-04-07 16:23:23,790 - INFO - Moving inside LN2
2025-04-07 16:23:25,813 - WARNING - Distance Error is 6.319810123729979
2025-04-07 16:23:28,817 - INFO - Outside LN2
2025-04-07 16:23:30,879 - WARNING - Distance Error is 11.48085362679971
2025-04-07 16:23:32,947 - INFO - Distance Error is 2.0024984394500684
2025-04-07 16:23:34,970 - INFO - Distance Error is 1.726267650163199
2025-04-07 16:23:34,970 - INFO - Moving Inside Water Bath
2025-04-07 16:23:36,052 - INFO - Distance Error is 2.576819745345014
2025-04-07 16:23:40,059 - INFO - Moving outside Water Bath
2025-04-07 16:23:42,123 - INFO - Distance Error is 1.0049875621120947
2025-04-07 16:23:44,149 - INFO - Distance Error is 0.9433981132056385
2025-04-07 16:23:44,149 - INFO - Waiting
2025-04-07 16:23:48,257 - WARNING - Distance Error is 11.657186624567695
2025-04-07 16:23:48,258 - INFO - ###################################### Cycle Completed: 1 ####################################################
2025-04-07 16:23:48,258 - INFO - LN2 Time = {-5.025832871000603} 
2025-04-07 16:23:48,258 - INFO - Water Bath = -5.08802330600156 
2025-04-07 16:23:48,258 - INFO - ######################################################################################################################
2025-04-07 16:23:50,283 - WARNING - Distance Error is 11.686744627996282
2025-04-07 16:23:50,335 - INFO - Moving inside LN2
2025-04-07 16:23:52,360 - WARNING - Distance Error is 6.2999999999999945
2025-04-07 16:23:55,364 - INFO - Outside LN2
2025-04-07 16:23:57,426 - WARNING - Distance Error is 11.48085362679971
2025-04-07 16:23:59,502 - INFO - Distance Error is 1.8681541692269574
2025-04-07 16:24:01,528 - INFO - Distance Error is 1.711724276862361
2025-04-07 16:24:01,529 - INFO - Moving Inside Water Bath
2025-04-07 16:24:02,596 - INFO - Distance Error is 1.7349351572897418
2025-04-07 16:24:06,602 - INFO - Moving outside Water Bath
2025-04-07 16:24:08,671 - INFO - Distance Error is 1.0049875621120947
2025-04-07 16:24:10,697 - INFO - Distance Error is 0.9433981132056385
2025-04-07 16:24:10,698 - INFO - Waiting
