2025-04-09 17:07:24,544 - INFO - Starting Experiment
2025-04-09 17:07:24,544 - INFO - Experiment Parameters
2025-04-09 17:07:24,545 - INFO - Experiment Name: Error_Testing
2025-04-09 17:07:24,545 - INFO - Person Responsible: Akshit
2025-04-09 17:07:24,545 - INFO - Thermomixer Time: 5
2025-04-09 17:07:24,545 - INFO - Liquid Nitrogen Time: 5
2025-04-09 17:07:24,545 - INFO - Waiting Time 5
2025-04-09 17:07:24,546 - INFO - Number of Cycles 30
2025-04-09 17:07:24,546 - INFO - Robot Speed 100
2025-04-09 17:07:24,546 - INFO - Run Number 1
2025-04-09 17:07:27,585 - WARNING - Distance Error is 9.044888059008809
2025-04-09 17:07:27,585 - INFO - Moving inside LN2
2025-04-09 17:07:29,613 - WARNING - Distance Error is 6.345076831686116
2025-04-09 17:07:32,616 - INFO - Outside LN2
2025-04-09 17:07:34,642 - INFO - Distance Error is 4.091454509095755
2025-04-09 17:07:36,671 - WARNING - Distance Error is 13.416407864998744
2025-04-09 17:07:36,671 - INFO - Moving Inside Water Bath
2025-04-09 17:07:38,701 - INFO - Distance Error is 4.696807426326951
2025-04-09 17:07:43,706 - INFO - Moving outside Water Bath
2025-04-09 17:07:45,740 - WARNING - Distance Error is 13.676622390049358
2025-04-09 17:07:45,740 - INFO - Waiting
2025-04-09 17:07:52,769 - INFO - Distance Error is 3.569313659514949
2025-04-09 17:07:52,769 - INFO - ###################################### Cycle Completed: 1 ####################################################
2025-04-09 17:07:52,769 - INFO - LN2 Time = {-5.030803157000264} 
2025-04-09 17:07:52,770 - INFO - Water Bath = -7.034813270999621 
2025-04-09 17:07:52,770 - INFO - ######################################################################################################################
2025-04-09 17:07:55,810 - WARNING - Distance Error is 9.419129471453289
2025-04-09 17:07:55,810 - INFO - Moving inside LN2
2025-04-09 17:07:57,840 - WARNING - Distance Error is 6.61966766537414
2025-04-09 17:08:00,843 - INFO - Outside LN2
2025-04-09 17:08:02,869 - INFO - Distance Error is 4.216633728461597
2025-04-09 17:08:04,898 - WARNING - Distance Error is 13.416407864998744
2025-04-09 17:08:04,898 - INFO - Moving Inside Water Bath
2025-04-09 17:08:06,928 - INFO - Distance Error is 4.792702786528699
2025-04-09 17:08:11,933 - INFO - Moving outside Water Bath
2025-04-09 17:08:13,967 - WARNING - Distance Error is 13.676622390049358
2025-04-09 17:08:13,967 - INFO - Waiting
2025-04-09 17:08:20,996 - INFO - Distance Error is 3.569313659514949
2025-04-09 17:08:20,996 - INFO - ###################################### Cycle Completed: 2 ####################################################
2025-04-09 17:08:20,996 - INFO - LN2 Time = {-5.032736649000071} 
2025-04-09 17:08:20,997 - INFO - Water Bath = -7.033620585999415 
2025-04-09 17:08:20,997 - INFO - ######################################################################################################################
2025-04-09 17:08:24,037 - WARNING - Distance Error is 9.419129471453289
2025-04-09 17:08:24,037 - INFO - Moving inside LN2
2025-04-09 17:08:26,067 - WARNING - Distance Error is 6.679071791798614
2025-04-09 17:08:29,070 - INFO - Outside LN2
2025-04-09 17:08:31,096 - INFO - Distance Error is 4.216633728461597
2025-04-09 17:08:33,126 - WARNING - Distance Error is 13.40484986861098
2025-04-09 17:08:33,126 - INFO - Moving Inside Water Bath
2025-04-09 17:08:35,155 - INFO - Distance Error is 4.792702786528699
2025-04-09 17:08:40,160 - INFO - Moving outside Water Bath
2025-04-09 17:08:42,184 - WARNING - Distance Error is 13.676622390049358
2025-04-09 17:08:42,184 - INFO - Waiting
2025-04-09 17:08:49,214 - INFO - Distance Error is 3.408812109811862
2025-04-09 17:08:49,215 - INFO - ###################################### Cycle Completed: 3 ####################################################
2025-04-09 17:08:49,215 - INFO - LN2 Time = {-5.032674803000191} 
2025-04-09 17:08:49,215 - INFO - Water Bath = -7.033774554000047 
2025-04-09 17:08:49,215 - INFO - ######################################################################################################################
2025-04-09 17:08:52,254 - WARNING - Distance Error is 9.419129471453289
2025-04-09 17:08:52,254 - INFO - Moving inside LN2
2025-04-09 17:08:54,283 - WARNING - Distance Error is 6.679071791798614
2025-04-09 17:08:57,286 - INFO - Outside LN2
2025-04-09 17:08:59,313 - INFO - Distance Error is 4.216633728461597
2025-04-09 17:09:01,343 - WARNING - Distance Error is 13.40484986861098
2025-04-09 17:09:01,343 - INFO - Moving Inside Water Bath
2025-04-09 17:09:03,372 - INFO - Distance Error is 4.792702786528699
2025-04-09 17:09:08,377 - INFO - Moving outside Water Bath
2025-04-09 17:09:10,402 - WARNING - Distance Error is 13.676622390049358
2025-04-09 17:09:10,403 - INFO - Waiting
2025-04-09 17:09:17,431 - INFO - Distance Error is 3.408812109811862
2025-04-09 17:09:17,431 - INFO - ###################################### Cycle Completed: 4 ####################################################
2025-04-09 17:09:17,431 - INFO - LN2 Time = {-5.031750127000123} 
2025-04-09 17:09:17,432 - INFO - Water Bath = -7.033772901999328 
2025-04-09 17:09:17,432 - INFO - ######################################################################################################################
2025-04-09 17:09:20,471 - WARNING - Distance Error is 9.445104552094694
2025-04-09 17:09:20,472 - INFO - Moving inside LN2
2025-04-09 17:09:22,501 - WARNING - Distance Error is 6.354525946126911
2025-04-09 17:09:25,505 - INFO - Outside LN2
2025-04-09 17:09:27,531 - INFO - Distance Error is 4.216633728461597
2025-04-09 17:09:29,560 - WARNING - Distance Error is 13.518135966175198
2025-04-09 17:09:29,560 - INFO - Moving Inside Water Bath
2025-04-09 17:09:31,590 - INFO - Distance Error is 4.792702786528699
2025-04-09 17:09:36,595 - INFO - Moving outside Water Bath
2025-04-09 17:09:38,620 - WARNING - Distance Error is 13.676622390049358
2025-04-09 17:09:38,620 - INFO - Waiting
2025-04-09 17:09:45,659 - INFO - Distance Error is 3.569313659514949
2025-04-09 17:09:45,659 - INFO - ###################################### Cycle Completed: 5 ####################################################
2025-04-09 17:09:45,660 - INFO - LN2 Time = {-5.032873073000701} 
2025-04-09 17:09:45,660 - INFO - Water Bath = -7.0347395459994 
2025-04-09 17:09:45,660 - INFO - ######################################################################################################################
2025-04-09 17:09:48,700 - WARNING - Distance Error is 9.53205119583397
2025-04-09 17:09:48,700 - INFO - Moving inside LN2
2025-04-09 17:09:50,730 - WARNING - Distance Error is 6.640783086353593
2025-04-09 17:09:53,733 - INFO - Outside LN2
2025-04-09 17:09:55,759 - INFO - Distance Error is 4.216633728461597
2025-04-09 17:09:57,788 - WARNING - Distance Error is 13.40484986861098
2025-04-09 17:09:57,788 - INFO - Moving Inside Water Bath
2025-04-09 17:09:59,818 - INFO - Distance Error is 4.792702786528699
2025-04-09 17:10:04,824 - INFO - Moving outside Water Bath
2025-04-09 17:10:06,847 - WARNING - Distance Error is 13.676622390049358
2025-04-09 17:10:06,847 - INFO - Waiting
2025-04-09 17:10:13,876 - INFO - Distance Error is 3.7134889255254278
2025-04-09 17:10:13,876 - INFO - ###################################### Cycle Completed: 6 ####################################################
2025-04-09 17:10:13,877 - INFO - LN2 Time = {-5.032686497999748} 
2025-04-09 17:10:13,877 - INFO - Water Bath = -7.034890476999863 
2025-04-09 17:10:13,877 - INFO - ######################################################################################################################
2025-04-09 17:10:16,917 - WARNING - Distance Error is 9.430800602281856
2025-04-09 17:10:16,917 - INFO - Moving inside LN2
2025-04-09 17:10:18,947 - WARNING - Distance Error is 6.640783086353593
2025-04-09 17:10:21,951 - INFO - Outside LN2
2025-04-09 17:10:23,976 - INFO - Distance Error is 4.216633728461597
2025-04-09 17:10:26,006 - WARNING - Distance Error is 13.40484986861098
2025-04-09 17:10:26,006 - INFO - Moving Inside Water Bath
2025-04-09 17:10:28,036 - INFO - Distance Error is 4.792702786528699
2025-04-09 17:10:33,042 - INFO - Moving outside Water Bath
2025-04-09 17:10:35,075 - WARNING - Distance Error is 13.676622390049358
2025-04-09 17:10:35,075 - INFO - Waiting
2025-04-09 17:10:42,105 - INFO - Distance Error is 3.569313659514949
2025-04-09 17:10:42,105 - INFO - ###################################### Cycle Completed: 7 ####################################################
2025-04-09 17:10:42,106 - INFO - LN2 Time = {-5.032875513000363} 
2025-04-09 17:10:42,106 - INFO - Water Bath = -7.0347859860003155 
2025-04-09 17:10:42,106 - INFO - ######################################################################################################################
2025-04-09 17:10:45,145 - WARNING - Distance Error is 9.445104552094694
2025-04-09 17:10:45,145 - INFO - Moving inside LN2
2025-04-09 17:10:47,174 - WARNING - Distance Error is 6.354525946126911
2025-04-09 17:10:50,178 - INFO - Outside LN2
2025-04-09 17:10:52,204 - INFO - Distance Error is 3.8483762809787567
2025-04-09 17:10:54,234 - WARNING - Distance Error is 13.518135966175198
2025-04-09 17:10:54,234 - INFO - Moving Inside Water Bath
2025-04-09 17:10:56,263 - INFO - Distance Error is 4.792702786528699
2025-04-09 17:11:01,269 - INFO - Moving outside Water Bath
2025-04-09 17:11:03,293 - WARNING - Distance Error is 13.676622390049358
2025-04-09 17:11:03,294 - INFO - Waiting
2025-04-09 17:11:10,322 - INFO - Distance Error is 3.569313659514949
2025-04-09 17:11:10,323 - INFO - ###################################### Cycle Completed: 8 ####################################################
2025-04-09 17:11:10,323 - INFO - LN2 Time = {-5.031866011000602} 
2025-04-09 17:11:10,323 - INFO - Water Bath = -7.033805772000051 
2025-04-09 17:11:10,323 - INFO - ######################################################################################################################
2025-04-09 17:11:13,362 - WARNING - Distance Error is 9.53205119583397
2025-04-09 17:11:13,363 - INFO - Moving inside LN2
2025-04-09 17:11:15,392 - WARNING - Distance Error is 6.354525946126911
2025-04-09 17:11:18,396 - INFO - Outside LN2
2025-04-09 17:11:20,422 - INFO - Distance Error is 4.216633728461597
2025-04-09 17:11:22,451 - WARNING - Distance Error is 13.40484986861098
2025-04-09 17:11:22,451 - INFO - Moving Inside Water Bath
2025-04-09 17:11:24,481 - INFO - Distance Error is 4.792702786528699
2025-04-09 17:11:29,486 - INFO - Moving outside Water Bath
2025-04-09 17:11:31,511 - WARNING - Distance Error is 13.676622390049358
2025-04-09 17:11:31,511 - INFO - Waiting
2025-04-09 17:11:38,540 - INFO - Distance Error is 3.569313659514949
2025-04-09 17:11:38,540 - INFO - ###################################### Cycle Completed: 9 ####################################################
2025-04-09 17:11:38,541 - INFO - LN2 Time = {-5.032860309999705} 
2025-04-09 17:11:38,541 - INFO - Water Bath = -7.034462806000192 
2025-04-09 17:11:38,541 - INFO - ######################################################################################################################
2025-04-09 17:11:41,581 - WARNING - Distance Error is 9.53205119583397
2025-04-09 17:11:41,582 - INFO - Moving inside LN2
2025-04-09 17:11:43,611 - WARNING - Distance Error is 6.354525946126911
2025-04-09 17:11:46,615 - INFO - Outside LN2
2025-04-09 17:11:48,640 - INFO - Distance Error is 3.8483762809787567
2025-04-09 17:11:50,670 - WARNING - Distance Error is 13.518135966175198
2025-04-09 17:11:50,670 - INFO - Moving Inside Water Bath
2025-04-09 17:11:52,700 - INFO - Distance Error is 4.792702786528699
2025-04-09 17:11:57,705 - INFO - Moving outside Water Bath
2025-04-09 17:11:59,739 - WARNING - Distance Error is 13.676622390049358
2025-04-09 17:11:59,740 - INFO - Waiting
2025-04-09 17:12:06,769 - INFO - Distance Error is 3.569313659514949
2025-04-09 17:12:06,770 - INFO - ###################################### Cycle Completed: 10 ####################################################
2025-04-09 17:12:06,770 - INFO - LN2 Time = {-5.03276476100018} 
2025-04-09 17:12:06,770 - INFO - Water Bath = -7.034726396999758 
2025-04-09 17:12:06,770 - INFO - ######################################################################################################################
2025-04-09 17:12:09,810 - WARNING - Distance Error is 9.53205119583397
2025-04-09 17:12:09,810 - INFO - Moving inside LN2
2025-04-09 17:12:11,839 - WARNING - Distance Error is 6.354525946126911
2025-04-09 17:12:14,843 - INFO - Outside LN2
2025-04-09 17:12:16,868 - INFO - Distance Error is 4.216633728461597
2025-04-09 17:12:18,898 - WARNING - Distance Error is 13.518135966175198
2025-04-09 17:12:18,899 - INFO - Moving Inside Water Bath
2025-04-09 17:12:20,927 - INFO - Distance Error is 4.792702786528699
2025-04-09 17:12:25,930 - INFO - Moving outside Water Bath
2025-04-09 17:12:27,956 - WARNING - Distance Error is 13.676622390049358
2025-04-09 17:12:27,957 - INFO - Waiting
2025-04-09 17:12:34,986 - INFO - Distance Error is 3.569313659514949
2025-04-09 17:12:34,987 - INFO - ###################################### Cycle Completed: 11 ####################################################
2025-04-09 17:12:34,987 - INFO - LN2 Time = {-5.032102842999848} 
2025-04-09 17:12:34,987 - INFO - Water Bath = -7.030557770999621 
2025-04-09 17:12:34,987 - INFO - ######################################################################################################################
2025-04-09 17:12:38,027 - WARNING - Distance Error is 9.53205119583397
2025-04-09 17:12:38,028 - INFO - Moving inside LN2
2025-04-09 17:12:40,056 - WARNING - Distance Error is 6.242595614005452
2025-04-09 17:12:43,060 - INFO - Outside LN2
2025-04-09 17:12:45,085 - INFO - Distance Error is 3.8483762809787567
2025-04-09 17:12:47,115 - WARNING - Distance Error is 13.463283403390111
2025-04-09 17:12:47,116 - INFO - Moving Inside Water Bath
2025-04-09 17:12:49,144 - INFO - Distance Error is 4.792702786528699
2025-04-09 17:12:54,150 - INFO - Moving outside Water Bath
2025-04-09 17:12:56,183 - WARNING - Distance Error is 13.676622390049358
2025-04-09 17:12:56,184 - INFO - Waiting
2025-04-09 17:13:03,213 - INFO - Distance Error is 3.569313659514949
2025-04-09 17:13:03,214 - INFO - ###################################### Cycle Completed: 12 ####################################################
2025-04-09 17:13:03,214 - INFO - LN2 Time = {-5.031711937999717} 
2025-04-09 17:13:03,214 - INFO - Water Bath = -7.033837070000118 
2025-04-09 17:13:03,214 - INFO - ######################################################################################################################
2025-04-09 17:13:06,253 - WARNING - Distance Error is 9.750384607798816
2025-04-09 17:13:06,254 - INFO - Moving inside LN2
2025-04-09 17:13:08,282 - WARNING - Distance Error is 6.640783086353593
2025-04-09 17:13:11,286 - INFO - Outside LN2
2025-04-09 17:13:13,312 - INFO - Distance Error is 4.216633728461597
2025-04-09 17:13:15,342 - WARNING - Distance Error is 13.40484986861098
2025-04-09 17:13:15,343 - INFO - Moving Inside Water Bath
2025-04-09 17:13:17,371 - INFO - Distance Error is 4.792702786528699
2025-04-09 17:13:22,377 - INFO - Moving outside Water Bath
2025-04-09 17:13:24,401 - WARNING - Distance Error is 13.676622390049358
2025-04-09 17:13:24,402 - INFO - Waiting
2025-04-09 17:13:31,430 - INFO - Distance Error is 3.615245496505043
2025-04-09 17:13:31,431 - INFO - ###################################### Cycle Completed: 13 ####################################################
2025-04-09 17:13:31,431 - INFO - LN2 Time = {-5.031840193999415} 
2025-04-09 17:13:31,431 - INFO - Water Bath = -7.033742741000424 
2025-04-09 17:13:31,431 - INFO - ######################################################################################################################
2025-04-09 17:13:34,470 - WARNING - Distance Error is 9.53205119583397
2025-04-09 17:13:34,471 - INFO - Moving inside LN2
2025-04-09 17:13:36,500 - WARNING - Distance Error is 6.640783086353593
2025-04-09 17:13:39,504 - INFO - Outside LN2
2025-04-09 17:13:41,530 - INFO - Distance Error is 3.7656340767525456
2025-04-09 17:13:43,559 - WARNING - Distance Error is 13.518135966175198
2025-04-09 17:13:43,560 - INFO - Moving Inside Water Bath
2025-04-09 17:13:45,589 - INFO - Distance Error is 4.792702786528699
2025-04-09 17:13:50,595 - INFO - Moving outside Water Bath
2025-04-09 17:13:52,619 - WARNING - Distance Error is 13.676622390049358
2025-04-09 17:13:52,620 - INFO - Waiting
2025-04-09 17:13:59,648 - INFO - Distance Error is 3.615245496505043
2025-04-09 17:13:59,649 - INFO - ###################################### Cycle Completed: 14 ####################################################
2025-04-09 17:13:59,649 - INFO - LN2 Time = {-5.032875275999686} 
2025-04-09 17:13:59,649 - INFO - Water Bath = -7.034702685000411 
2025-04-09 17:13:59,649 - INFO - ######################################################################################################################
2025-04-09 17:14:02,689 - WARNING - Distance Error is 9.867623827447009
2025-04-09 17:14:02,690 - INFO - Moving inside LN2
2025-04-09 17:14:04,719 - WARNING - Distance Error is 6.640783086353593
2025-04-09 17:14:07,723 - INFO - Outside LN2
2025-04-09 17:14:09,748 - INFO - Distance Error is 3.8483762809787567
2025-04-09 17:14:11,778 - WARNING - Distance Error is 13.62754563375223
2025-04-09 17:14:11,779 - INFO - Moving Inside Water Bath
2025-04-09 17:14:13,808 - INFO - Distance Error is 4.792702786528699
2025-04-09 17:14:18,814 - INFO - Moving outside Water Bath
2025-04-09 17:14:20,847 - WARNING - Distance Error is 13.676622390049358
2025-04-09 17:14:20,848 - INFO - Waiting
2025-04-09 17:14:27,877 - INFO - Distance Error is 3.7134889255254278
2025-04-09 17:14:27,878 - INFO - ###################################### Cycle Completed: 15 ####################################################
2025-04-09 17:14:27,878 - INFO - LN2 Time = {-5.032708297000681} 
2025-04-09 17:14:27,878 - INFO - Water Bath = -7.034789537000506 
2025-04-09 17:14:27,879 - INFO - ######################################################################################################################
2025-04-09 17:14:30,918 - WARNING - Distance Error is 9.596874491208048
2025-04-09 17:14:30,919 - INFO - Moving inside LN2
2025-04-09 17:14:32,947 - WARNING - Distance Error is 6.640783086353593
2025-04-09 17:14:35,951 - INFO - Outside LN2
2025-04-09 17:14:37,976 - INFO - Distance Error is 3.8483762809787567
2025-04-09 17:14:40,007 - WARNING - Distance Error is 13.518135966175198
2025-04-09 17:14:40,007 - INFO - Moving Inside Water Bath
2025-04-09 17:14:42,035 - INFO - Distance Error is 4.792702786528699
2025-04-09 17:14:47,041 - INFO - Moving outside Water Bath
2025-04-09 17:14:49,065 - WARNING - Distance Error is 13.676622390049358
2025-04-09 17:14:49,065 - INFO - Waiting
2025-04-09 17:14:56,095 - INFO - Distance Error is 3.615245496505043
2025-04-09 17:14:56,095 - INFO - ###################################### Cycle Completed: 16 ####################################################
2025-04-09 17:14:56,096 - INFO - LN2 Time = {-5.0319621270000425} 
2025-04-09 17:14:56,096 - INFO - Water Bath = -7.0338321869994616 
2025-04-09 17:14:56,096 - INFO - ######################################################################################################################
2025-04-09 17:14:59,136 - WARNING - Distance Error is 9.53205119583397
2025-04-09 17:14:59,136 - INFO - Moving inside LN2
2025-04-09 17:15:01,165 - WARNING - Distance Error is 6.640783086353593
2025-04-09 17:15:04,168 - INFO - Outside LN2
2025-04-09 17:15:06,194 - INFO - Distance Error is 4.216633728461597
2025-04-09 17:15:08,224 - WARNING - Distance Error is 13.518135966175198
2025-04-09 17:15:08,224 - INFO - Moving Inside Water Bath
2025-04-09 17:15:10,253 - INFO - Distance Error is 4.792702786528699
2025-04-09 17:15:15,258 - INFO - Moving outside Water Bath
2025-04-09 17:15:17,292 - WARNING - Distance Error is 13.676622390049358
2025-04-09 17:15:17,292 - INFO - Waiting
2025-04-09 17:15:24,322 - INFO - Distance Error is 3.615245496505043
2025-04-09 17:15:24,322 - INFO - ###################################### Cycle Completed: 17 ####################################################
2025-04-09 17:15:24,322 - INFO - LN2 Time = {-5.031998549000491} 
2025-04-09 17:15:24,323 - INFO - Water Bath = -7.033799472999817 
2025-04-09 17:15:24,323 - INFO - ######################################################################################################################
2025-04-09 17:15:27,362 - WARNING - Distance Error is 9.867623827447009
2025-04-09 17:15:27,362 - INFO - Moving inside LN2
2025-04-09 17:15:29,391 - WARNING - Distance Error is 6.53375848956785
2025-04-09 17:15:32,394 - INFO - Outside LN2
2025-04-09 17:15:34,421 - INFO - Distance Error is 4.216633728461597
2025-04-09 17:15:36,450 - WARNING - Distance Error is 13.584181977579641
2025-04-09 17:15:36,451 - INFO - Moving Inside Water Bath
2025-04-09 17:15:38,480 - INFO - Distance Error is 4.792702786528699
2025-04-09 17:15:43,485 - INFO - Moving outside Water Bath
2025-04-09 17:15:45,520 - WARNING - Distance Error is 13.676622390049358
2025-04-09 17:15:45,520 - INFO - Waiting
2025-04-09 17:15:52,549 - INFO - Distance Error is 3.569313659514949
2025-04-09 17:15:52,549 - INFO - ###################################### Cycle Completed: 18 ####################################################
2025-04-09 17:15:52,549 - INFO - LN2 Time = {-5.03163326000049} 
2025-04-09 17:15:52,550 - INFO - Water Bath = -7.033929088999685 
2025-04-09 17:15:52,550 - INFO - ######################################################################################################################
2025-04-09 17:15:55,589 - WARNING - Distance Error is 9.445104552094694
2025-04-09 17:15:55,589 - INFO - Moving inside LN2
2025-04-09 17:15:57,619 - WARNING - Distance Error is 6.640783086353593
2025-04-09 17:16:00,622 - INFO - Outside LN2
2025-04-09 17:16:02,649 - INFO - Distance Error is 4.216633728461597
2025-04-09 17:16:04,678 - WARNING - Distance Error is 13.40484986861098
2025-04-09 17:16:04,678 - INFO - Moving Inside Water Bath
2025-04-09 17:16:06,708 - INFO - Distance Error is 4.792702786528699
2025-04-09 17:16:11,713 - INFO - Moving outside Water Bath
2025-04-09 17:16:13,747 - WARNING - Distance Error is 13.676622390049358
2025-04-09 17:16:13,747 - INFO - Waiting
2025-04-09 17:16:20,776 - INFO - Distance Error is 3.615245496505043
2025-04-09 17:16:20,776 - INFO - ###################################### Cycle Completed: 19 ####################################################
2025-04-09 17:16:20,776 - INFO - LN2 Time = {-5.032796706999761} 
2025-04-09 17:16:20,777 - INFO - Water Bath = -7.034841587000301 
2025-04-09 17:16:20,777 - INFO - ######################################################################################################################
2025-04-09 17:16:23,817 - WARNING - Distance Error is 9.750384607798816
2025-04-09 17:16:23,817 - INFO - Moving inside LN2
2025-04-09 17:16:25,846 - WARNING - Distance Error is 6.640783086353593
2025-04-09 17:16:28,849 - INFO - Outside LN2
2025-04-09 17:16:30,875 - INFO - Distance Error is 4.216633728461597
2025-04-09 17:16:32,905 - WARNING - Distance Error is 13.518135966175198
2025-04-09 17:16:32,905 - INFO - Moving Inside Water Bath
2025-04-09 17:16:34,934 - INFO - Distance Error is 4.792702786528699
2025-04-09 17:16:39,939 - INFO - Moving outside Water Bath
2025-04-09 17:16:41,963 - WARNING - Distance Error is 13.676622390049358
2025-04-09 17:16:41,963 - INFO - Waiting
2025-04-09 17:16:48,993 - INFO - Distance Error is 4.0607881008494
2025-04-09 17:16:48,993 - INFO - ###################################### Cycle Completed: 20 ####################################################
2025-04-09 17:16:48,994 - INFO - LN2 Time = {-5.0318755380003495} 
2025-04-09 17:16:48,994 - INFO - Water Bath = -7.0338358250000965 
2025-04-09 17:16:48,994 - INFO - ######################################################################################################################
2025-04-09 17:16:52,033 - WARNING - Distance Error is 9.53205119583397
2025-04-09 17:16:52,033 - INFO - Moving inside LN2
2025-04-09 17:16:54,062 - WARNING - Distance Error is 6.354525946126911
2025-04-09 17:16:57,066 - INFO - Outside LN2
2025-04-09 17:16:59,092 - INFO - Distance Error is 3.8483762809787567
2025-04-09 17:17:01,122 - WARNING - Distance Error is 13.40484986861098
2025-04-09 17:17:01,122 - INFO - Moving Inside Water Bath
2025-04-09 17:17:03,151 - INFO - Distance Error is 4.792702786528699
2025-04-09 17:17:08,157 - INFO - Moving outside Water Bath
2025-04-09 17:17:10,181 - WARNING - Distance Error is 13.676622390049358
2025-04-09 17:17:10,181 - INFO - Waiting
2025-04-09 17:17:17,210 - INFO - Distance Error is 3.569313659514949
2025-04-09 17:17:17,211 - INFO - ###################################### Cycle Completed: 21 ####################################################
2025-04-09 17:17:17,211 - INFO - LN2 Time = {-5.031848280000304} 
2025-04-09 17:17:17,211 - INFO - Water Bath = -7.033878188000017 
2025-04-09 17:17:17,211 - INFO - ######################################################################################################################
2025-04-09 17:17:20,250 - WARNING - Distance Error is 9.445104552094694
2025-04-09 17:17:20,250 - INFO - Moving inside LN2
2025-04-09 17:17:22,280 - WARNING - Distance Error is 6.354525946126911
2025-04-09 17:17:25,284 - INFO - Outside LN2
2025-04-09 17:17:27,310 - INFO - Distance Error is 3.8483762809787567
2025-04-09 17:17:29,339 - WARNING - Distance Error is 13.518135966175198
2025-04-09 17:17:29,339 - INFO - Moving Inside Water Bath
2025-04-09 17:17:31,369 - INFO - Distance Error is 4.792702786528699
2025-04-09 17:17:36,374 - INFO - Moving outside Water Bath
2025-04-09 17:17:38,399 - WARNING - Distance Error is 13.676622390049358
2025-04-09 17:17:38,399 - INFO - Waiting
2025-04-09 17:17:45,428 - INFO - Distance Error is 3.569313659514949
2025-04-09 17:17:45,428 - INFO - ###################################### Cycle Completed: 22 ####################################################
2025-04-09 17:17:45,429 - INFO - LN2 Time = {-5.0328600270004245} 
2025-04-09 17:17:45,429 - INFO - Water Bath = -7.034429515000738 
2025-04-09 17:17:45,429 - INFO - ######################################################################################################################
2025-04-09 17:17:48,469 - WARNING - Distance Error is 9.750384607798816
2025-04-09 17:17:48,470 - INFO - Moving inside LN2
2025-04-09 17:17:50,498 - WARNING - Distance Error is 6.640783086353593
2025-04-09 17:17:53,502 - INFO - Outside LN2
2025-04-09 17:17:55,527 - INFO - Distance Error is 3.8483762809787567
2025-04-09 17:17:57,557 - WARNING - Distance Error is 13.518135966175198
2025-04-09 17:17:57,558 - INFO - Moving Inside Water Bath
2025-04-09 17:17:59,587 - INFO - Distance Error is 4.792702786528699
2025-04-09 17:18:04,593 - INFO - Moving outside Water Bath
2025-04-09 17:18:06,616 - WARNING - Distance Error is 13.676622390049358
2025-04-09 17:18:06,617 - INFO - Waiting
2025-04-09 17:18:13,646 - INFO - Distance Error is 3.7134889255254278
2025-04-09 17:18:13,647 - INFO - ###################################### Cycle Completed: 23 ####################################################
2025-04-09 17:18:13,647 - INFO - LN2 Time = {-5.0317771410000205} 
2025-04-09 17:18:13,647 - INFO - Water Bath = -7.034788832999766 
2025-04-09 17:18:13,647 - INFO - ######################################################################################################################
2025-04-09 17:18:16,686 - WARNING - Distance Error is 9.750384607798816
2025-04-09 17:18:16,687 - INFO - Moving inside LN2
2025-04-09 17:18:18,715 - WARNING - Distance Error is 6.640783086353593
2025-04-09 17:18:21,719 - INFO - Outside LN2
2025-04-09 17:18:23,745 - INFO - Distance Error is 3.8483762809787567
2025-04-09 17:18:25,774 - WARNING - Distance Error is 13.62754563375223
2025-04-09 17:18:25,775 - INFO - Moving Inside Water Bath
2025-04-09 17:18:27,803 - INFO - Distance Error is 4.792702786528699
2025-04-09 17:18:32,809 - INFO - Moving outside Water Bath
2025-04-09 17:18:34,833 - WARNING - Distance Error is 13.676622390049358
2025-04-09 17:18:34,834 - INFO - Waiting
2025-04-09 17:18:41,862 - INFO - Distance Error is 3.7656340767525456
2025-04-09 17:18:41,863 - INFO - ###################################### Cycle Completed: 24 ####################################################
2025-04-09 17:18:41,863 - INFO - LN2 Time = {-5.031804447000468} 
2025-04-09 17:18:41,863 - INFO - Water Bath = -7.033803227000135 
2025-04-09 17:18:41,863 - INFO - ######################################################################################################################
2025-04-09 17:18:44,902 - WARNING - Distance Error is 10.042410069301091
2025-04-09 17:18:44,903 - INFO - Moving inside LN2
2025-04-09 17:18:46,932 - WARNING - Distance Error is 6.242595614005452
2025-04-09 17:18:49,936 - INFO - Outside LN2
2025-04-09 17:18:51,962 - INFO - Distance Error is 3.8483762809787567
2025-04-09 17:18:53,991 - WARNING - Distance Error is 13.40484986861098
2025-04-09 17:18:53,992 - INFO - Moving Inside Water Bath
2025-04-09 17:18:56,021 - INFO - Distance Error is 4.792702786528699
2025-04-09 17:19:01,026 - INFO - Moving outside Water Bath
2025-04-09 17:19:03,051 - WARNING - Distance Error is 13.676622390049358
2025-04-09 17:19:03,052 - INFO - Waiting
2025-04-09 17:19:10,080 - INFO - Distance Error is 3.569313659514949
2025-04-09 17:19:10,081 - INFO - ###################################### Cycle Completed: 25 ####################################################
2025-04-09 17:19:10,081 - INFO - LN2 Time = {-5.032901335999668} 
2025-04-09 17:19:10,081 - INFO - Water Bath = -7.034331116999965 
2025-04-09 17:19:10,081 - INFO - ######################################################################################################################
2025-04-09 17:19:13,121 - WARNING - Distance Error is 9.867623827447009
2025-04-09 17:19:13,122 - INFO - Moving inside LN2
2025-04-09 17:19:15,151 - WARNING - Distance Error is 6.242595614005452
2025-04-09 17:19:18,155 - INFO - Outside LN2
2025-04-09 17:19:20,180 - INFO - Distance Error is 3.8483762809787567
2025-04-09 17:19:22,209 - WARNING - Distance Error is 13.518135966175198
2025-04-09 17:19:22,210 - INFO - Moving Inside Water Bath
2025-04-09 17:19:24,239 - INFO - Distance Error is 4.792702786528699
2025-04-09 17:19:29,245 - INFO - Moving outside Water Bath
2025-04-09 17:19:31,268 - WARNING - Distance Error is 13.676622390049358
2025-04-09 17:19:31,269 - INFO - Waiting
2025-04-09 17:19:38,307 - INFO - Distance Error is 3.9924929555354254
2025-04-09 17:19:38,308 - INFO - ###################################### Cycle Completed: 26 ####################################################
2025-04-09 17:19:38,308 - INFO - LN2 Time = {-5.0327752720004355} 
2025-04-09 17:19:38,308 - INFO - Water Bath = -7.034816002000298 
2025-04-09 17:19:38,309 - INFO - ######################################################################################################################
2025-04-09 17:19:41,348 - WARNING - Distance Error is 9.53205119583397
2025-04-09 17:19:41,349 - INFO - Moving inside LN2
2025-04-09 17:19:43,377 - WARNING - Distance Error is 6.354525946126911
2025-04-09 17:19:46,380 - INFO - Outside LN2
2025-04-09 17:19:48,407 - INFO - Distance Error is 3.8483762809787567
2025-04-09 17:19:50,437 - WARNING - Distance Error is 13.62057267518512
2025-04-09 17:19:50,437 - INFO - Moving Inside Water Bath
2025-04-09 17:19:52,466 - INFO - Distance Error is 4.792702786528699
2025-04-09 17:19:57,470 - INFO - Moving outside Water Bath
2025-04-09 17:19:59,495 - WARNING - Distance Error is 13.676622390049358
2025-04-09 17:19:59,495 - INFO - Waiting
2025-04-09 17:20:06,525 - INFO - Distance Error is 3.7134889255254278
2025-04-09 17:20:06,525 - INFO - ###################################### Cycle Completed: 27 ####################################################
2025-04-09 17:20:06,525 - INFO - LN2 Time = {-5.03071367099983} 
2025-04-09 17:20:06,525 - INFO - Water Bath = -7.032915661000516 
2025-04-09 17:20:06,526 - INFO - ######################################################################################################################
2025-04-09 17:20:09,565 - WARNING - Distance Error is 9.445104552094694
2025-04-09 17:20:09,565 - INFO - Moving inside LN2
2025-04-09 17:20:11,594 - WARNING - Distance Error is 6.242595614005452
2025-04-09 17:20:14,597 - INFO - Outside LN2
2025-04-09 17:20:16,624 - INFO - Distance Error is 4.177319714841069
2025-04-09 17:20:18,654 - WARNING - Distance Error is 13.463283403390111
2025-04-09 17:20:18,654 - INFO - Moving Inside Water Bath
2025-04-09 17:20:20,683 - INFO - Distance Error is 4.792702786528699
2025-04-09 17:20:25,688 - INFO - Moving outside Water Bath
2025-04-09 17:20:27,713 - WARNING - Distance Error is 13.676622390049358
2025-04-09 17:20:27,713 - INFO - Waiting
2025-04-09 17:20:34,752 - INFO - Distance Error is 3.569313659514949
2025-04-09 17:20:34,752 - INFO - ###################################### Cycle Completed: 28 ####################################################
2025-04-09 17:20:34,752 - INFO - LN2 Time = {-5.031908691999888} 
2025-04-09 17:20:34,752 - INFO - Water Bath = -7.033699663000334 
2025-04-09 17:20:34,753 - INFO - ######################################################################################################################
2025-04-09 17:20:37,792 - WARNING - Distance Error is 9.596874491208048
2025-04-09 17:20:37,792 - INFO - Moving inside LN2
2025-04-09 17:20:39,822 - WARNING - Distance Error is 6.354525946126911
2025-04-09 17:20:42,825 - INFO - Outside LN2
2025-04-09 17:20:44,852 - INFO - Distance Error is 3.8483762809787567
2025-04-09 17:20:46,881 - WARNING - Distance Error is 13.62754563375223
2025-04-09 17:20:46,881 - INFO - Moving Inside Water Bath
2025-04-09 17:20:48,911 - INFO - Distance Error is 4.792702786528699
2025-04-09 17:20:53,916 - INFO - Moving outside Water Bath
2025-04-09 17:20:55,941 - WARNING - Distance Error is 13.676622390049358
2025-04-09 17:20:55,941 - INFO - Waiting
2025-04-09 17:21:02,970 - INFO - Distance Error is 3.933192087859427
2025-04-09 17:21:02,971 - INFO - ###################################### Cycle Completed: 29 ####################################################
2025-04-09 17:21:02,971 - INFO - LN2 Time = {-5.032647535000251} 
2025-04-09 17:21:02,971 - INFO - Water Bath = -7.034811010999874 
2025-04-09 17:21:02,971 - INFO - ######################################################################################################################
2025-04-09 17:21:06,011 - WARNING - Distance Error is 9.53205119583397
2025-04-09 17:21:06,011 - INFO - Moving inside LN2
2025-04-09 17:21:08,041 - WARNING - Distance Error is 6.354525946126911
2025-04-09 17:21:11,044 - INFO - Outside LN2
2025-04-09 17:21:13,070 - INFO - Distance Error is 3.8691084244306224
2025-04-09 17:21:15,100 - WARNING - Distance Error is 13.351029922818686
2025-04-09 17:21:15,100 - INFO - Moving Inside Water Bath
2025-04-09 17:21:17,130 - INFO - Distance Error is 4.509988913511886
2025-04-09 17:21:22,135 - INFO - Moving outside Water Bath
2025-04-09 17:21:24,159 - WARNING - Distance Error is 13.676622390049358
2025-04-09 17:21:24,160 - INFO - Waiting
2025-04-09 17:21:31,189 - INFO - Distance Error is 4.053393639902248
2025-04-09 17:21:31,189 - INFO - ###################################### Cycle Completed: 30 ####################################################
2025-04-09 17:21:31,190 - INFO - LN2 Time = {-5.032912663000388} 
2025-04-09 17:21:31,190 - INFO - Water Bath = -7.034859831000176 
2025-04-09 17:21:31,190 - INFO - ######################################################################################################################
2025-04-09 17:21:31,190 - INFO - Operation Completed Sucessfully
2025-04-09 17:21:31,191 - INFO - Programmed execution completed
