2025-04-11 12:48:09,751 - INFO - Starting Experiment
2025-04-11 12:48:09,751 - INFO - Experiment Parameters
2025-04-11 12:48:09,751 - INFO - Experiment Name: Error_Testing
2025-04-11 12:48:09,752 - INFO - Person Responsible: Akshit
2025-04-11 12:48:09,752 - INFO - Thermomixer Time: 5
2025-04-11 12:48:09,752 - INFO - Liquid Nitrogen Time: 5
2025-04-11 12:48:09,752 - INFO - Waiting Time 5
2025-04-11 12:48:09,752 - INFO - Number of Cycles 5
2025-04-11 12:48:09,753 - INFO - Robot Speed 100
2025-04-11 12:48:09,753 - INFO - Run Number 1
2025-04-11 12:48:11,049 - INFO - Starting Experiment
2025-04-11 12:48:13,073 - WARNING - Distance Error is 7.489993324429623
2025-04-11 12:48:15,095 - INFO - Distance Error is 3.7881393849751706
2025-04-11 12:48:18,133 - WARNING - Distance Error is 8.600581375697796
2025-04-11 12:48:18,133 - INFO - Moving inside LN2
2025-04-11 12:48:20,159 - WARNING - Distance Error is 7.708436936240706
2025-04-11 12:48:23,163 - INFO - Outside LN2
2025-04-11 12:48:25,187 - INFO - Distance Error is 4.699999999999988
2025-04-11 12:48:27,213 - WARNING - Distance Error is 13.306013678032947
2025-04-11 12:48:27,214 - INFO - Moving Inside Water Bath
2025-04-11 12:48:29,240 - WARNING - Distance Error is 6.232976816898965
2025-04-11 12:48:32,244 - INFO - Moving outside Water Bath
2025-04-11 12:48:34,268 - WARNING - Distance Error is 13.135067567393754
2025-04-11 12:48:34,268 - INFO - Waiting
2025-04-11 12:48:41,296 - WARNING - Distance Error is 5.50363516232681
2025-04-11 12:48:41,297 - INFO - ###################################### Cycle Completed: 1 ####################################################
2025-04-11 12:48:41,297 - INFO - LN2 Time = {-5.029739302999587} 
2025-04-11 12:48:41,297 - INFO - Water Bath = -5.029610390000016 
2025-04-11 12:48:41,297 - INFO - ######################################################################################################################
2025-04-11 12:48:44,334 - WARNING - Distance Error is 10.264501936285084
2025-04-11 12:48:44,335 - INFO - Moving inside LN2
2025-04-11 12:48:46,361 - WARNING - Distance Error is 7.063285354564109
2025-04-11 12:48:49,365 - INFO - Outside LN2
2025-04-11 12:48:51,389 - INFO - Distance Error is 4.679743582719039
2025-04-11 12:48:53,415 - WARNING - Distance Error is 13.306013678032947
2025-04-11 12:48:53,416 - INFO - Moving Inside Water Bath
2025-04-11 12:48:55,442 - WARNING - Distance Error is 6.181423784210232
2025-04-11 12:48:58,446 - INFO - Moving outside Water Bath
2025-04-11 12:49:00,470 - WARNING - Distance Error is 13.135067567393754
2025-04-11 12:49:00,470 - INFO - Waiting
2025-04-11 12:49:07,498 - INFO - Distance Error is 4.9527769988159225
2025-04-11 12:49:07,499 - INFO - ###################################### Cycle Completed: 2 ####################################################
2025-04-11 12:49:07,499 - INFO - LN2 Time = {-5.02940015600052} 
2025-04-11 12:49:07,499 - INFO - Water Bath = -5.029555871999946 
2025-04-11 12:49:07,499 - INFO - ######################################################################################################################
2025-04-11 12:49:10,536 - WARNING - Distance Error is 10.155786527886443
2025-04-11 12:49:10,537 - INFO - Moving inside LN2
2025-04-11 12:49:12,563 - WARNING - Distance Error is 7.063285354564109
2025-04-11 12:49:15,567 - INFO - Outside LN2
2025-04-11 12:49:17,591 - INFO - Distance Error is 4.679743582719039
2025-04-11 12:49:19,617 - WARNING - Distance Error is 13.028430450365054
2025-04-11 12:49:19,618 - INFO - Moving Inside Water Bath
2025-04-11 12:49:21,644 - WARNING - Distance Error is 5.224940191045241
2025-04-11 12:49:24,648 - INFO - Moving outside Water Bath
2025-04-11 12:49:26,671 - WARNING - Distance Error is 12.854571171377108
2025-04-11 12:49:26,672 - INFO - Waiting
2025-04-11 12:49:33,700 - INFO - Distance Error is 4.9527769988159225
2025-04-11 12:49:33,700 - INFO - ###################################### Cycle Completed: 3 ####################################################
2025-04-11 12:49:33,701 - INFO - LN2 Time = {-5.029788058999657} 
2025-04-11 12:49:33,701 - INFO - Water Bath = -5.029622189999827 
2025-04-11 12:49:33,701 - INFO - ######################################################################################################################
2025-04-11 12:49:36,738 - WARNING - Distance Error is 10.264501936285084
2025-04-11 12:49:36,738 - INFO - Moving inside LN2
2025-04-11 12:49:38,765 - WARNING - Distance Error is 6.89129886160801
2025-04-11 12:49:41,768 - INFO - Outside LN2
2025-04-11 12:49:43,792 - INFO - Distance Error is 4.679743582719039
2025-04-11 12:49:45,819 - WARNING - Distance Error is 13.306013678032947
2025-04-11 12:49:45,819 - INFO - Moving Inside Water Bath
2025-04-11 12:49:47,846 - WARNING - Distance Error is 6.232976816898965
2025-04-11 12:49:50,849 - INFO - Moving outside Water Bath
2025-04-11 12:49:52,873 - WARNING - Distance Error is 13.135067567393754
2025-04-11 12:49:52,874 - INFO - Waiting
2025-04-11 12:49:59,902 - INFO - Distance Error is 4.9527769988159225
2025-04-11 12:49:59,902 - INFO - ###################################### Cycle Completed: 4 ####################################################
2025-04-11 12:49:59,902 - INFO - LN2 Time = {-5.029743026000688} 
2025-04-11 12:49:59,903 - INFO - Water Bath = -5.029462693999449 
2025-04-11 12:49:59,903 - INFO - ######################################################################################################################
2025-04-11 12:50:02,940 - WARNING - Distance Error is 10.271319292087078
2025-04-11 12:50:02,940 - INFO - Moving inside LN2
2025-04-11 12:50:04,966 - WARNING - Distance Error is 7.063285354564109
2025-04-11 12:50:07,970 - INFO - Outside LN2
2025-04-11 12:50:09,994 - INFO - Distance Error is 4.679743582719039
2025-04-11 12:50:12,021 - WARNING - Distance Error is 13.251792331605563
2025-04-11 12:50:12,021 - INFO - Moving Inside Water Bath
2025-04-11 12:50:14,047 - WARNING - Distance Error is 6.232976816898965
2025-04-11 12:50:17,051 - INFO - Moving outside Water Bath
2025-04-11 12:50:19,075 - WARNING - Distance Error is 13.213250924734592
2025-04-11 12:50:19,076 - INFO - Waiting
2025-04-11 12:50:26,103 - INFO - Distance Error is 4.9527769988159225
2025-04-11 12:50:26,104 - INFO - ###################################### Cycle Completed: 5 ####################################################
2025-04-11 12:50:26,104 - INFO - LN2 Time = {-5.029541906000304} 
2025-04-11 12:50:26,104 - INFO - Water Bath = -5.029540590000579 
2025-04-11 12:50:26,104 - INFO - ######################################################################################################################
2025-04-11 12:50:28,130 - INFO - Distance Error is 1.244989959798871
2025-04-11 12:50:28,131 - INFO - Moving to Rest Position
2025-04-11 12:50:30,157 - WARNING - Distance Error is 5.3225933528685285
2025-04-11 12:50:30,157 - INFO - Releasing All Servos
2025-04-11 12:50:30,659 - INFO - Completed and Relesed Motors
2025-04-11 12:50:30,659 - INFO - Operation Completed Sucessfully
2025-04-11 12:50:30,659 - INFO - Programmed execution completed
