2025-04-11 14:42:18,088 - INFO - Starting Experiment
2025-04-11 14:42:18,089 - INFO - Experiment Parameters
2025-04-11 14:42:18,089 - INFO - Experiment Name: Error_Testing
2025-04-11 14:42:18,090 - INFO - Person Responsible: Akshit
2025-04-11 14:42:18,090 - INFO - Thermomixer Time: 5
2025-04-11 14:42:18,090 - INFO - Liquid Nitrogen Time: 5
2025-04-11 14:42:18,091 - INFO - Waiting Time 5
2025-04-11 14:42:18,091 - INFO - Number of Cycles 5
2025-04-11 14:42:18,091 - INFO - Robot Speed 100
2025-04-11 14:42:18,091 - INFO - Run Number 1
2025-04-11 14:42:19,909 - INFO - Starting Experiment
2025-04-11 14:42:21,933 - WARNING - Distance Error is 7.239475119095312
2025-04-11 14:42:23,956 - INFO - Distance Error is 3.2449961479176004
2025-04-11 14:42:26,992 - WARNING - Distance Error is 8.329465769183512
2025-04-11 14:42:26,993 - INFO - Moving inside LN2
2025-04-11 14:42:29,019 - WARNING - Distance Error is 7.387827826905556
2025-04-11 14:42:32,023 - INFO - Outside LN2
2025-04-11 14:42:34,047 - INFO - Distance Error is 4.610856753359394
2025-04-11 14:42:36,074 - WARNING - Distance Error is 13.339415279539052
2025-04-11 14:42:36,074 - INFO - Moving Inside Water Bath
2025-04-11 14:42:38,093 - WARNING - Distance Error is 7.222880311897744
2025-04-11 14:42:41,096 - INFO - Moving outside Water Bath
2025-04-11 14:42:43,118 - WARNING - Distance Error is 13.143439428094897
2025-04-11 14:42:43,119 - INFO - Waiting
2025-04-11 14:42:50,146 - INFO - Distance Error is 4.675467891024385
2025-04-11 14:42:50,146 - INFO - ###################################### Cycle Completed: 1 ####################################################
2025-04-11 14:42:50,147 - INFO - LN2 Time = {-5.028506087999631} 
2025-04-11 14:42:50,147 - INFO - Water Bath = -5.022147216001031 
2025-04-11 14:42:50,147 - INFO - ######################################################################################################################
2025-04-11 14:42:53,184 - WARNING - Distance Error is 8.28613299434664
2025-04-11 14:42:53,185 - INFO - Moving inside LN2
2025-04-11 14:42:55,211 - WARNING - Distance Error is 7.387827826905556
2025-04-11 14:42:58,215 - INFO - Outside LN2
2025-04-11 14:43:00,239 - INFO - Distance Error is 4.558508528016589
2025-04-11 14:43:02,266 - WARNING - Distance Error is 13.221951444472921
2025-04-11 14:43:02,266 - INFO - Moving Inside Water Bath
2025-04-11 14:43:04,292 - WARNING - Distance Error is 7.222880311897744
2025-04-11 14:43:07,295 - INFO - Moving outside Water Bath
2025-04-11 14:43:09,320 - WARNING - Distance Error is 12.68936562638179
2025-04-11 14:43:09,320 - INFO - Waiting
2025-04-11 14:43:16,348 - INFO - Distance Error is 4.805205510693586
2025-04-11 14:43:16,348 - INFO - ###################################### Cycle Completed: 2 ####################################################
2025-04-11 14:43:16,349 - INFO - LN2 Time = {-5.029534328999944} 
2025-04-11 14:43:16,349 - INFO - Water Bath = -5.028642707000472 
2025-04-11 14:43:16,349 - INFO - ######################################################################################################################
2025-04-11 14:43:19,386 - WARNING - Distance Error is 7.836453279386028
2025-04-11 14:43:19,386 - INFO - Moving inside LN2
2025-04-11 14:43:21,412 - WARNING - Distance Error is 7.387827826905556
2025-04-11 14:43:24,416 - INFO - Outside LN2
2025-04-11 14:43:26,441 - INFO - Distance Error is 4.379497688091645
2025-04-11 14:43:28,467 - WARNING - Distance Error is 13.221951444472921
2025-04-11 14:43:28,468 - INFO - Moving Inside Water Bath
2025-04-11 14:43:30,493 - WARNING - Distance Error is 7.222880311897744
2025-04-11 14:43:33,497 - INFO - Moving outside Water Bath
2025-04-11 14:43:35,521 - WARNING - Distance Error is 13.143439428094897
2025-04-11 14:43:35,522 - INFO - Waiting
2025-04-11 14:43:42,549 - INFO - Distance Error is 4.508880127038207
2025-04-11 14:43:42,550 - INFO - ###################################### Cycle Completed: 3 ####################################################
2025-04-11 14:43:42,550 - INFO - LN2 Time = {-5.029498686999432} 
2025-04-11 14:43:42,551 - INFO - Water Bath = -5.0290083439995215 
2025-04-11 14:43:42,551 - INFO - ######################################################################################################################
2025-04-11 14:43:45,588 - WARNING - Distance Error is 7.765307463326873
2025-04-11 14:43:45,588 - INFO - Moving inside LN2
2025-04-11 14:43:47,614 - WARNING - Distance Error is 7.387827826905556
2025-04-11 14:43:50,618 - INFO - Outside LN2
2025-04-11 14:43:52,642 - INFO - Distance Error is 4.3566041821584
2025-04-11 14:43:54,669 - WARNING - Distance Error is 13.221951444472921
2025-04-11 14:43:54,670 - INFO - Moving Inside Water Bath
2025-04-11 14:43:56,695 - WARNING - Distance Error is 7.222880311897744
2025-04-11 14:43:59,699 - INFO - Moving outside Water Bath
2025-04-11 14:44:01,723 - WARNING - Distance Error is 13.043772460450217
2025-04-11 14:44:01,724 - INFO - Waiting
2025-04-11 14:44:08,751 - INFO - Distance Error is 4.508880127038207
2025-04-11 14:44:08,752 - INFO - ###################################### Cycle Completed: 4 ####################################################
2025-04-11 14:44:08,752 - INFO - LN2 Time = {-5.029560503000539} 
2025-04-11 14:44:08,752 - INFO - Water Bath = -5.028960346999156 
2025-04-11 14:44:08,753 - INFO - ######################################################################################################################
2025-04-11 14:44:11,789 - WARNING - Distance Error is 7.765307463326873
2025-04-11 14:44:11,790 - INFO - Moving inside LN2
2025-04-11 14:44:13,816 - WARNING - Distance Error is 7.387827826905556
2025-04-11 14:44:16,820 - INFO - Outside LN2
2025-04-11 14:44:18,844 - INFO - Distance Error is 4.379497688091645
2025-04-11 14:44:20,871 - WARNING - Distance Error is 13.221951444472921
2025-04-11 14:44:20,871 - INFO - Moving Inside Water Bath
2025-04-11 14:44:22,897 - WARNING - Distance Error is 7.170774016799027
2025-04-11 14:44:25,901 - INFO - Moving outside Water Bath
2025-04-11 14:44:27,925 - WARNING - Distance Error is 13.143439428094897
2025-04-11 14:44:27,926 - INFO - Waiting
2025-04-11 14:44:34,953 - INFO - Distance Error is 4.682947789587247
2025-04-11 14:44:34,954 - INFO - ###################################### Cycle Completed: 5 ####################################################
2025-04-11 14:44:34,954 - INFO - LN2 Time = {-5.029434666999805} 
2025-04-11 14:44:34,954 - INFO - Water Bath = -5.028913406000356 
2025-04-11 14:44:34,955 - INFO - ######################################################################################################################
2025-04-11 14:44:36,980 - INFO - Distance Error is 1.244989959798871
2025-04-11 14:44:36,980 - INFO - Moving to Rest Position
2025-04-11 14:44:39,007 - WARNING - Distance Error is 5.555177764932482
2025-04-11 14:44:39,007 - INFO - Releasing All Servos
2025-04-11 14:44:39,509 - INFO - Completed and Relesed Motors
2025-04-11 14:44:39,509 - INFO - Operation Completed Sucessfully
2025-04-11 14:44:39,509 - INFO - Programmed execution completed
