2025-04-14 22:56:35,309 - WARNING - Distance Error is 5.024937810560457
2025-04-14 22:56:37,343 - INFO - Distance Error is 1.2884098726724937
2025-04-14 22:56:40,383 - WARNING - Distance Error is 7.075309180523474
2025-04-14 22:56:40,427 - INFO - Moving inside LN2
2025-04-14 22:56:42,454 - INFO - Distance Error is 4.929503017546485
2025-04-14 22:56:45,456 - INFO - Outside LN2
2025-04-14 22:56:47,534 - INFO - Distance Error is 4.209513035969827
2025-04-14 22:56:49,605 - WARNING - Distance Error is 13.195074838741913
2025-04-14 22:56:49,605 - INFO - Moving Inside Water Bath
2025-04-14 22:56:51,686 - WARNING - Distance Error is 5.03785668712401
2025-04-14 22:56:54,690 - INFO - Moving outside Water Bath
2025-04-14 22:56:56,766 - WARNING - Distance Error is 13.072872675888778
2025-04-14 22:56:56,766 - INFO - Waiting
2025-04-14 22:57:00,889 - INFO - Distance Error is 4.27668095606862
2025-04-14 22:57:00,889 - INFO - ###################################### Cycle Completed: 1 ####################################################
2025-04-14 22:57:00,889 - INFO - LN2 Time = {-5.027966145000391} 
2025-04-14 22:57:00,890 - INFO - Water Bath = -5.083985163997568 
2025-04-14 22:57:00,890 - INFO - ######################################################################################################################
2025-04-14 22:57:02,968 - INFO - Distance Error is 1.0344080432788616
2025-04-14 22:57:04,998 - INFO - Distance Error is 4.913247398615313
2025-04-14 22:57:05,499 - INFO - Completed and relesed motors
2025-04-14 23:05:40,052 - WARNING - Distance Error is 5.297169055259632
2025-04-14 23:05:42,076 - INFO - Distance Error is 1.5099668870541545
2025-04-14 23:05:45,116 - WARNING - Distance Error is 7.1617037079175345
2025-04-14 23:05:45,161 - INFO - Moving inside LN2
2025-04-14 23:05:47,187 - INFO - Distance Error is 4.929503017546485
2025-04-14 23:05:50,191 - INFO - Outside LN2
2025-04-14 23:05:52,257 - INFO - Distance Error is 4.209513035969827
2025-04-14 23:05:54,338 - WARNING - Distance Error is 13.27780102275975
2025-04-14 23:05:54,338 - INFO - Moving Inside Water Bath
2025-04-14 23:05:56,409 - WARNING - Distance Error is 5.03785668712401
2025-04-14 23:05:59,412 - INFO - Moving outside Water Bath
2025-04-14 23:06:01,470 - WARNING - Distance Error is 12.97767313504233
2025-04-14 23:06:01,470 - INFO - Waiting
2025-04-14 23:06:08,602 - INFO - Distance Error is 4.17252920900501
2025-04-14 23:06:08,602 - INFO - ###################################### Cycle Completed: 1 ####################################################
2025-04-14 23:06:08,603 - INFO - LN2 Time = {-5.029476348998287} 
2025-04-14 23:06:08,603 - INFO - Water Bath = -5.0739776820009865 
2025-04-14 23:06:08,603 - INFO - ######################################################################################################################
2025-04-14 23:06:11,642 - WARNING - Distance Error is 7.042726744663608
2025-04-14 23:06:11,686 - INFO - Moving inside LN2
2025-04-14 23:06:13,713 - WARNING - Distance Error is 5.224940191045241
2025-04-14 23:06:16,715 - INFO - Outside LN2
2025-04-14 23:06:18,783 - INFO - Distance Error is 4.290687590584974
2025-04-14 23:06:20,864 - WARNING - Distance Error is 13.27780102275975
2025-04-14 23:06:20,865 - INFO - Moving Inside Water Bath
2025-04-14 23:06:22,944 - WARNING - Distance Error is 5.4580216195980915
2025-04-14 23:06:25,948 - INFO - Moving outside Water Bath
2025-04-14 23:06:28,015 - WARNING - Distance Error is 13.098473193467987
2025-04-14 23:06:28,016 - INFO - Waiting
2025-04-14 23:06:35,156 - INFO - Distance Error is 4.535416188179423
2025-04-14 23:06:35,157 - INFO - ###################################### Cycle Completed: 2 ####################################################
2025-04-14 23:06:35,157 - INFO - LN2 Time = {-5.025993014998676} 
2025-04-14 23:06:35,157 - INFO - Water Bath = -5.082646866998402 
2025-04-14 23:06:35,157 - INFO - ######################################################################################################################
2025-04-14 23:06:38,199 - WARNING - Distance Error is 7.038465741907117
2025-04-14 23:06:38,242 - INFO - Moving inside LN2
2025-04-14 23:06:40,268 - WARNING - Distance Error is 5.264028875300731
2025-04-14 23:06:43,271 - INFO - Outside LN2
2025-04-14 23:06:45,338 - INFO - Distance Error is 4.234383071948015
2025-04-14 23:06:47,420 - WARNING - Distance Error is 13.178011989674314
2025-04-14 23:06:47,420 - INFO - Moving Inside Water Bath
2025-04-14 23:06:49,499 - WARNING - Distance Error is 5.55517776493247
2025-04-14 23:06:52,503 - INFO - Moving outside Water Bath
2025-04-14 23:06:54,561 - WARNING - Distance Error is 13.265368445693476
2025-04-14 23:06:54,561 - INFO - Waiting
2025-04-14 23:07:01,692 - INFO - Distance Error is 4.029888335921977
2025-04-14 23:07:01,692 - INFO - ###################################### Cycle Completed: 3 ####################################################
2025-04-14 23:07:01,692 - INFO - LN2 Time = {-5.026650718999008} 
2025-04-14 23:07:01,692 - INFO - Water Bath = -5.082705773998896 
2025-04-14 23:07:01,693 - INFO - ######################################################################################################################
2025-04-14 23:07:04,733 - WARNING - Distance Error is 6.946221994724906
2025-04-14 23:07:04,780 - INFO - Moving inside LN2
2025-04-14 23:07:06,813 - WARNING - Distance Error is 5.224940191045241
2025-04-14 23:07:09,816 - INFO - Outside LN2
2025-04-14 23:07:11,884 - INFO - Distance Error is 4.372642221815079
2025-04-14 23:07:13,965 - WARNING - Distance Error is 13.226488574069835
2025-04-14 23:07:13,965 - INFO - Moving Inside Water Bath
2025-04-14 23:07:16,096 - WARNING - Distance Error is 5.55517776493247
2025-04-14 23:07:19,100 - INFO - Moving outside Water Bath
2025-04-14 23:07:21,157 - WARNING - Distance Error is 13.472193585307483
2025-04-14 23:07:21,157 - INFO - Waiting
2025-04-14 23:07:28,299 - INFO - Distance Error is 4.143669871020128
2025-04-14 23:07:28,299 - INFO - ###################################### Cycle Completed: 4 ####################################################
2025-04-14 23:07:28,299 - INFO - LN2 Time = {-5.035856366997905} 
2025-04-14 23:07:28,300 - INFO - Water Bath = -5.134152662998531 
2025-04-14 23:07:28,300 - INFO - ######################################################################################################################
2025-04-14 23:07:31,340 - WARNING - Distance Error is 6.848357467305579
2025-04-14 23:07:31,379 - INFO - Moving inside LN2
2025-04-14 23:07:33,411 - WARNING - Distance Error is 5.108815909777918
2025-04-14 23:07:36,415 - INFO - Outside LN2
2025-04-14 23:07:38,482 - INFO - Distance Error is 4.299999999999989
2025-04-14 23:07:40,563 - WARNING - Distance Error is 13.178011989674314
2025-04-14 23:07:40,564 - INFO - Moving Inside Water Bath
2025-04-14 23:07:42,644 - WARNING - Distance Error is 5.55517776493247
2025-04-14 23:07:45,648 - INFO - Moving outside Water Bath
2025-04-14 23:07:47,715 - WARNING - Distance Error is 13.098473193467987
2025-04-14 23:07:47,716 - INFO - Waiting
2025-04-14 23:07:54,846 - INFO - Distance Error is 4.535416188179423
2025-04-14 23:07:54,847 - INFO - ###################################### Cycle Completed: 5 ####################################################
2025-04-14 23:07:54,847 - INFO - LN2 Time = {-5.035106145998725} 
2025-04-14 23:07:54,847 - INFO - Water Bath = -5.083794255999237 
2025-04-14 23:07:54,847 - INFO - ######################################################################################################################
2025-04-14 23:07:57,886 - WARNING - Distance Error is 7.038465741907117
2025-04-14 23:07:57,928 - INFO - Moving inside LN2
2025-04-14 23:07:59,957 - WARNING - Distance Error is 5.224940191045241
2025-04-14 23:08:02,960 - INFO - Outside LN2
2025-04-14 23:08:05,027 - INFO - Distance Error is 4.299999999999989
2025-04-14 23:08:07,099 - WARNING - Distance Error is 13.324788928909904
2025-04-14 23:08:07,099 - INFO - Moving Inside Water Bath
2025-04-14 23:08:09,168 - WARNING - Distance Error is 5.55517776493247
2025-04-14 23:08:12,172 - INFO - Moving outside Water Bath
2025-04-14 23:08:14,240 - WARNING - Distance Error is 12.80195297601112
2025-04-14 23:08:14,240 - INFO - Waiting
2025-04-14 23:08:21,360 - INFO - Distance Error is 4.535416188179423
2025-04-14 23:08:21,361 - INFO - ###################################### Cycle Completed: 6 ####################################################
2025-04-14 23:08:21,361 - INFO - LN2 Time = {-5.030682608998177} 
2025-04-14 23:08:21,361 - INFO - Water Bath = -5.072204479001812 
2025-04-14 23:08:21,362 - INFO - ######################################################################################################################
2025-04-14 23:08:24,401 - WARNING - Distance Error is 7.038465741907117
2025-04-14 23:08:24,443 - INFO - Moving inside LN2
2025-04-14 23:08:26,472 - WARNING - Distance Error is 5.224940191045241
2025-04-14 23:08:29,475 - INFO - Outside LN2
2025-04-14 23:08:31,552 - INFO - Distance Error is 4.299999999999989
2025-04-14 23:08:33,633 - WARNING - Distance Error is 13.349906366712831
2025-04-14 23:08:33,633 - INFO - Moving Inside Water Bath
2025-04-14 23:08:35,713 - WARNING - Distance Error is 5.55517776493247
2025-04-14 23:08:38,716 - INFO - Moving outside Water Bath
2025-04-14 23:08:40,784 - WARNING - Distance Error is 13.098473193467987
2025-04-14 23:08:40,784 - INFO - Waiting
2025-04-14 23:08:47,905 - INFO - Distance Error is 4.535416188179423
2025-04-14 23:08:47,905 - INFO - ###################################### Cycle Completed: 7 ####################################################
2025-04-14 23:08:47,906 - INFO - LN2 Time = {-5.031437552999705} 
2025-04-14 23:08:47,906 - INFO - Water Bath = -5.082907330001035 
2025-04-14 23:08:47,906 - INFO - ######################################################################################################################
2025-04-14 23:08:50,948 - WARNING - Distance Error is 7.038465741907117
2025-04-14 23:08:51,005 - INFO - Moving inside LN2
2025-04-14 23:08:53,028 - WARNING - Distance Error is 5.264028875300731
2025-04-14 23:08:56,031 - INFO - Outside LN2
2025-04-14 23:08:58,108 - INFO - Distance Error is 4.299999999999989
2025-04-14 23:09:00,199 - WARNING - Distance Error is 13.325539388707673
2025-04-14 23:09:00,199 - INFO - Moving Inside Water Bath
2025-04-14 23:09:02,300 - WARNING - Distance Error is 5.500000000000005
2025-04-14 23:09:05,303 - INFO - Moving outside Water Bath
2025-04-14 23:09:07,381 - WARNING - Distance Error is 13.193180056377614
2025-04-14 23:09:07,381 - INFO - Waiting
2025-04-14 23:09:14,513 - INFO - Distance Error is 3.920459156782529
2025-04-14 23:09:14,514 - INFO - ###################################### Cycle Completed: 8 ####################################################
2025-04-14 23:09:14,514 - INFO - LN2 Time = {-5.0248446830009925} 
2025-04-14 23:09:14,514 - INFO - Water Bath = -5.103664996997395 
2025-04-14 23:09:14,514 - INFO - ######################################################################################################################
2025-04-14 23:09:17,554 - WARNING - Distance Error is 6.861486719363382
2025-04-14 23:09:17,600 - INFO - Moving inside LN2
2025-04-14 23:09:19,625 - WARNING - Distance Error is 5.1176166327695825
2025-04-14 23:09:22,627 - INFO - Outside LN2
2025-04-14 23:09:24,706 - INFO - Distance Error is 4.267317658670361
2025-04-14 23:09:26,787 - WARNING - Distance Error is 13.301879566437213
2025-04-14 23:09:26,788 - INFO - Moving Inside Water Bath
2025-04-14 23:09:28,868 - WARNING - Distance Error is 5.55517776493247
2025-04-14 23:09:31,872 - INFO - Moving outside Water Bath
2025-04-14 23:09:33,939 - WARNING - Distance Error is 12.928650354928763
2025-04-14 23:09:33,940 - INFO - Waiting
2025-04-14 23:09:41,060 - INFO - Distance Error is 4.172529209005013
2025-04-14 23:09:41,061 - INFO - ###################################### Cycle Completed: 9 ####################################################
2025-04-14 23:09:41,061 - INFO - LN2 Time = {-5.026697774999775} 
2025-04-14 23:09:41,061 - INFO - Water Bath = -5.083753663002426 
2025-04-14 23:09:41,062 - INFO - ######################################################################################################################
2025-04-14 23:09:44,101 - WARNING - Distance Error is 7.038465741907117
2025-04-14 23:09:44,147 - INFO - Moving inside LN2
2025-04-14 23:09:46,182 - WARNING - Distance Error is 5.1176166327695825
2025-04-14 23:09:49,183 - INFO - Outside LN2
2025-04-14 23:09:51,252 - INFO - Distance Error is 4.234383071948015
2025-04-14 23:09:53,332 - WARNING - Distance Error is 13.334541611919018
2025-04-14 23:09:53,332 - INFO - Moving Inside Water Bath
2025-04-14 23:09:55,413 - WARNING - Distance Error is 5.506359959174487
2025-04-14 23:09:58,416 - INFO - Moving outside Water Bath
2025-04-14 23:10:00,483 - WARNING - Distance Error is 12.928650354928763
2025-04-14 23:10:00,483 - INFO - Waiting
2025-04-14 23:10:07,605 - INFO - Distance Error is 4.172529209005013
2025-04-14 23:10:07,605 - INFO - ###################################### Cycle Completed: 10 ####################################################
2025-04-14 23:10:07,605 - INFO - LN2 Time = {-5.035563162997278} 
2025-04-14 23:10:07,606 - INFO - Water Bath = -5.08372062700073 
2025-04-14 23:10:07,606 - INFO - ######################################################################################################################
2025-04-14 23:10:09,675 - INFO - Distance Error is 1.0198039027185513
2025-04-14 23:10:11,705 - WARNING - Distance Error is 5.293392107146423
2025-04-14 23:10:12,207 - INFO - Completed and relesed motors
2025-04-14 23:29:12,951 - WARNING - Distance Error is 7.619055059520174
2025-04-14 23:29:14,969 - INFO - Distance Error is 1.6552945357246733
2025-04-14 23:29:18,010 - WARNING - Distance Error is 7.966178506661774
2025-04-14 23:29:18,051 - INFO - Moving inside LN2
2025-04-14 23:29:20,081 - WARNING - Distance Error is 5.1234753829798
2025-04-14 23:30:18,139 - INFO - Outside LN2
2025-04-14 23:30:20,211 - INFO - Distance Error is 4.992995093127976
2025-04-14 23:30:22,292 - WARNING - Distance Error is 13.519615379144469
2025-04-14 23:30:22,293 - INFO - Moving Inside Water Bath
2025-04-14 23:30:24,373 - WARNING - Distance Error is 6.4140470843298445
2025-04-14 23:32:22,464 - INFO - Moving outside Water Bath
2025-04-14 23:32:24,535 - WARNING - Distance Error is 13.423486879346939
2025-04-14 23:32:24,535 - INFO - Waiting
2025-04-14 23:32:31,656 - INFO - Distance Error is 4.934571916590132
2025-04-14 23:32:31,656 - INFO - ###################################### Cycle Completed: 1 ####################################################
2025-04-14 23:32:31,657 - INFO - LN2 Time = {-60.08750048300135} 
2025-04-14 23:32:31,657 - INFO - Water Bath = -120.1713495030017 
2025-04-14 23:32:31,657 - INFO - ######################################################################################################################
2025-04-14 23:32:34,697 - WARNING - Distance Error is 7.751128950030445
2025-04-14 23:32:34,738 - INFO - Moving inside LN2
2025-04-14 23:32:36,767 - WARNING - Distance Error is 5.5380501984001596
2025-04-14 23:33:34,826 - INFO - Outside LN2
2025-04-14 23:33:36,899 - INFO - Distance Error is 4.65939910288869
2025-04-14 23:33:38,980 - WARNING - Distance Error is 13.278554138158272
2025-04-14 23:33:38,980 - INFO - Moving Inside Water Bath
2025-04-14 23:33:41,051 - WARNING - Distance Error is 5.969924622639732
2025-04-14 23:35:39,151 - INFO - Moving outside Water Bath
2025-04-14 23:35:41,223 - WARNING - Distance Error is 12.92826361117378
2025-04-14 23:35:41,224 - INFO - Waiting
2025-04-14 23:35:48,345 - INFO - Distance Error is 4.710626285325542
2025-04-14 23:35:48,346 - INFO - ###################################### Cycle Completed: 2 ####################################################
2025-04-14 23:35:48,346 - INFO - LN2 Time = {-60.087399834999815} 
2025-04-14 23:35:48,346 - INFO - Water Bath = -120.1707939279986 
2025-04-14 23:35:48,346 - INFO - ######################################################################################################################
2025-04-14 23:35:51,387 - WARNING - Distance Error is 7.826237921249268
2025-04-14 23:35:51,480 - INFO - Moving inside LN2
2025-04-14 23:35:53,506 - WARNING - Distance Error is 5.25357021462548
2025-04-14 23:36:51,565 - INFO - Outside LN2
2025-04-14 23:36:53,648 - INFO - Distance Error is 4.758150901348126
2025-04-14 23:36:55,768 - WARNING - Distance Error is 13.339415279539052
2025-04-14 23:36:55,769 - INFO - Moving Inside Water Bath
2025-04-14 23:36:57,839 - WARNING - Distance Error is 6.044832503882973
2025-04-14 23:38:55,860 - INFO - Moving outside Water Bath
2025-04-14 23:38:57,931 - WARNING - Distance Error is 12.92826361117378
2025-04-14 23:38:57,931 - INFO - Waiting
2025-04-14 23:39:05,073 - INFO - Distance Error is 4.710626285325542
2025-04-14 23:39:05,073 - INFO - ###################################### Cycle Completed: 3 ####################################################
2025-04-14 23:39:05,073 - INFO - LN2 Time = {-60.084389834999456} 
2025-04-14 23:39:05,074 - INFO - Water Bath = -120.09134105799967 
2025-04-14 23:39:05,074 - INFO - ######################################################################################################################
2025-04-14 23:39:08,113 - WARNING - Distance Error is 7.751128950030445
2025-04-14 23:39:08,154 - INFO - Moving inside LN2
2025-04-14 23:39:10,184 - WARNING - Distance Error is 6.391400472509919
2025-04-14 23:40:08,204 - INFO - Outside LN2
2025-04-14 23:40:10,276 - INFO - Distance Error is 4.733920151417838
2025-04-14 23:40:12,356 - WARNING - Distance Error is 13.278554138158272
2025-04-14 23:40:12,356 - INFO - Moving Inside Water Bath
2025-04-14 23:40:14,437 - WARNING - Distance Error is 6.062177826491078
2025-04-14 23:42:12,534 - INFO - Moving outside Water Bath
2025-04-14 23:42:14,599 - WARNING - Distance Error is 12.685030547854408
2025-04-14 23:42:14,600 - INFO - Waiting
2025-04-14 23:42:21,730 - INFO - Distance Error is 4.710626285325542
2025-04-14 23:42:21,731 - INFO - ###################################### Cycle Completed: 4 ####################################################
2025-04-14 23:42:21,731 - INFO - LN2 Time = {-60.048685556001146} 
2025-04-14 23:42:21,731 - INFO - Water Bath = -120.17766718799976 
2025-04-14 23:42:21,731 - INFO - ######################################################################################################################
2025-04-14 23:42:24,770 - WARNING - Distance Error is 7.751128950030445
2025-04-14 23:42:24,810 - INFO - Moving inside LN2
2025-04-14 23:42:26,841 - WARNING - Distance Error is 6.521502894272154
2025-04-14 23:43:24,900 - INFO - Outside LN2
2025-04-14 23:43:26,972 - INFO - Distance Error is 4.59782557302907
2025-04-14 23:43:29,104 - WARNING - Distance Error is 13.245754036671531
2025-04-14 23:43:29,105 - INFO - Moving Inside Water Bath
2025-04-14 23:43:31,194 - WARNING - Distance Error is 6.063827174318219
2025-04-14 23:45:29,284 - INFO - Moving outside Water Bath
2025-04-14 23:45:31,357 - WARNING - Distance Error is 12.92826361117378
2025-04-14 23:45:31,357 - INFO - Waiting
2025-04-14 23:45:38,478 - INFO - Distance Error is 4.710626285325542
2025-04-14 23:45:38,479 - INFO - ###################################### Cycle Completed: 5 ####################################################
2025-04-14 23:45:38,479 - INFO - LN2 Time = {-60.0888467420009} 
2025-04-14 23:45:38,479 - INFO - Water Bath = -120.17819694700302 
2025-04-14 23:45:38,479 - INFO - ######################################################################################################################
2025-04-14 23:45:41,518 - WARNING - Distance Error is 7.751128950030445
2025-04-14 23:45:41,597 - INFO - Moving inside LN2
2025-04-14 23:45:43,629 - INFO - Distance Error is 4.699999999999988
2025-04-14 23:46:41,634 - INFO - Outside LN2
2025-04-14 23:46:43,700 - WARNING - Distance Error is 7.501333214835886
2025-04-14 23:46:45,821 - ERROR - Distance Error is 15.141334155218944
2025-04-14 23:46:45,831 - ERROR - Error Function returns mc.get_error_information() =2
2025-04-14 23:46:45,862 - ERROR - Distance Error is 15.141334155218944
2025-04-14 23:46:45,968 - ERROR - Error Function returns mc.get_error_information() =-1
2025-04-14 23:46:45,995 - ERROR - Distance Error is 15.06851021169644
2025-04-14 23:46:46,098 - ERROR - Error Function returns mc.get_error_information() =-1
2025-04-14 23:46:46,128 - WARNING - Distance Error is 14.629764181284667
2025-04-14 23:46:46,129 - INFO - Moving Inside Water Bath
2025-04-14 23:46:48,210 - INFO - Distance Error is 4.261455150532501
2025-04-14 23:48:46,227 - INFO - Moving outside Water Bath
2025-04-14 23:48:48,292 - WARNING - Distance Error is 13.043389130130247
2025-04-14 23:48:48,293 - INFO - Waiting
2025-04-14 23:48:55,424 - INFO - Distance Error is 4.614108798023725
2025-04-14 23:48:55,425 - INFO - ###################################### Cycle Completed: 6 ####################################################
2025-04-14 23:48:55,425 - INFO - LN2 Time = {-60.036746353001945} 
2025-04-14 23:48:55,425 - INFO - Water Bath = -120.09796478100179 
2025-04-14 23:48:55,425 - INFO - ######################################################################################################################
2025-04-14 23:48:58,465 - WARNING - Distance Error is 7.671375365604252
2025-04-14 23:48:58,506 - INFO - Moving inside LN2
2025-04-14 23:49:00,535 - WARNING - Distance Error is 6.43972049082878
2025-04-14 23:49:58,594 - INFO - Outside LN2
2025-04-14 23:50:00,657 - INFO - Distance Error is 4.618441295502204
2025-04-14 23:50:02,727 - WARNING - Distance Error is 13.283824750424845
2025-04-14 23:50:02,728 - INFO - Moving Inside Water Bath
2025-04-14 23:50:04,799 - WARNING - Distance Error is 5.969924622639732
2025-04-14 23:52:02,899 - INFO - Moving outside Water Bath
2025-04-14 23:52:04,970 - WARNING - Distance Error is 13.012686117785215
2025-04-14 23:52:04,970 - INFO - Waiting
2025-04-14 23:52:12,102 - INFO - Distance Error is 4.710626285325542
2025-04-14 23:52:12,102 - INFO - ###################################### Cycle Completed: 7 ####################################################
2025-04-14 23:52:12,102 - INFO - LN2 Time = {-60.08742563099804} 
2025-04-14 23:52:12,103 - INFO - Water Bath = -120.1707224290003 
2025-04-14 23:52:12,103 - INFO - ######################################################################################################################
2025-04-14 23:52:15,143 - WARNING - Distance Error is 7.751128950030445
2025-04-14 23:52:15,186 - INFO - Moving inside LN2
2025-04-14 23:52:17,214 - WARNING - Distance Error is 6.325345840347394
2025-04-14 23:53:15,230 - INFO - Outside LN2
2025-04-14 23:53:17,296 - INFO - Distance Error is 4.91019347887635
2025-04-14 23:53:19,376 - WARNING - Distance Error is 13.363756956784263
2025-04-14 23:53:19,376 - INFO - Moving Inside Water Bath
2025-04-14 23:53:21,456 - WARNING - Distance Error is 6.044832503882973
2025-04-14 23:55:19,542 - INFO - Moving outside Water Bath
2025-04-14 23:55:21,609 - WARNING - Distance Error is 12.92826361117378
2025-04-14 23:55:21,609 - INFO - Waiting
2025-04-14 23:55:28,780 - INFO - Distance Error is 4.710626285325542
2025-04-14 23:55:28,781 - INFO - ###################################### Cycle Completed: 8 ####################################################
2025-04-14 23:55:28,781 - INFO - LN2 Time = {-60.043476926999574} 
2025-04-14 23:55:28,781 - INFO - Water Bath = -120.16561728000306 
2025-04-14 23:55:28,781 - INFO - ######################################################################################################################
2025-04-14 23:55:31,821 - WARNING - Distance Error is 7.751128950030445
2025-04-14 23:55:31,863 - INFO - Moving inside LN2
2025-04-14 23:55:33,891 - WARNING - Distance Error is 5.794825277780179
2025-04-14 23:56:31,932 - INFO - Outside LN2
2025-04-14 23:56:34,012 - INFO - Distance Error is 4.805205510693588
2025-04-14 23:56:36,083 - WARNING - Distance Error is 13.151425778218883
2025-04-14 23:56:36,084 - INFO - Moving Inside Water Bath
2025-04-14 23:56:38,154 - WARNING - Distance Error is 6.062177826491078
2025-04-14 23:58:36,255 - INFO - Moving outside Water Bath
2025-04-14 23:58:38,327 - WARNING - Distance Error is 13.012686117785215
2025-04-14 23:58:38,327 - INFO - Waiting
2025-04-14 23:58:45,458 - INFO - Distance Error is 4.710626285325542
2025-04-14 23:58:45,458 - INFO - ###################################### Cycle Completed: 9 ####################################################
2025-04-14 23:58:45,458 - INFO - LN2 Time = {-60.06841038999846} 
2025-04-14 23:58:45,459 - INFO - Water Bath = -120.17091450299995 
2025-04-14 23:58:45,459 - INFO - ######################################################################################################################
2025-04-14 23:58:48,498 - WARNING - Distance Error is 7.751128950030445
2025-04-14 23:58:48,540 - INFO - Moving inside LN2
2025-04-14 23:58:50,569 - WARNING - Distance Error is 6.509224224129939
2025-04-14 23:59:48,627 - INFO - Outside LN2
2025-04-14 23:59:50,700 - INFO - Distance Error is 4.801041553663109
2025-04-14 23:59:52,781 - WARNING - Distance Error is 13.245754036671531
2025-04-14 23:59:52,782 - INFO - Moving Inside Water Bath
2025-04-14 23:59:54,861 - WARNING - Distance Error is 6.044832503882973
2025-04-15 00:01:52,883 - INFO - Moving outside Water Bath
2025-04-15 00:01:54,953 - WARNING - Distance Error is 12.92826361117378
2025-04-15 00:01:54,954 - INFO - Waiting
2025-04-15 00:02:02,085 - INFO - Distance Error is 4.710626285325542
2025-04-15 00:02:02,085 - INFO - ###################################### Cycle Completed: 10 ####################################################
2025-04-15 00:02:02,085 - INFO - LN2 Time = {-60.086264092999045} 
2025-04-15 00:02:02,085 - INFO - Water Bath = -120.10058466899864 
2025-04-15 00:02:02,086 - INFO - ######################################################################################################################
2025-04-15 00:02:04,155 - INFO - Distance Error is 1.1224972160321793
2025-04-15 00:02:06,185 - WARNING - Distance Error is 5.838664230798007
2025-04-15 00:02:06,687 - INFO - Completed and relesed motors
2025-04-15 00:10:03,179 - WARNING - Distance Error is 8.002499609497049
2025-04-15 00:10:05,204 - INFO - Distance Error is 1.5033296378372996
2025-04-15 00:10:08,245 - WARNING - Distance Error is 7.974960814950759
2025-04-15 00:10:08,288 - INFO - Moving inside LN2
2025-04-15 00:10:10,316 - WARNING - Distance Error is 5.492722457943792
2025-04-15 00:11:08,374 - INFO - Outside LN2
2025-04-15 00:11:10,447 - WARNING - Distance Error is 5.375872022286232
2025-04-15 00:11:12,529 - WARNING - Distance Error is 13.628646301082126
2025-04-15 00:11:12,530 - INFO - Moving Inside Water Bath
2025-04-15 00:11:14,609 - WARNING - Distance Error is 6.191122676865645
2025-04-15 00:13:12,688 - INFO - Moving outside Water Bath
2025-04-15 00:13:14,752 - WARNING - Distance Error is 13.012686117785215
2025-04-15 00:13:14,753 - INFO - Waiting
2025-04-15 00:13:21,873 - INFO - Distance Error is 4.710626285325542
2025-04-15 00:13:21,874 - INFO - ###################################### Cycle Completed: 1 ####################################################
2025-04-15 00:13:21,874 - INFO - LN2 Time = {-60.08543265000117} 
2025-04-15 00:13:21,874 - INFO - Water Bath = -120.15834500200071 
2025-04-15 00:13:21,874 - INFO - ######################################################################################################################
2025-04-15 00:13:24,914 - WARNING - Distance Error is 7.751128950030445
2025-04-15 00:13:24,953 - INFO - Moving inside LN2
2025-04-15 00:13:26,984 - WARNING - Distance Error is 6.2569960843842525
2025-04-15 00:14:25,042 - INFO - Outside LN2
2025-04-15 00:14:27,106 - INFO - Distance Error is 4.780167361086833
2025-04-15 00:14:29,176 - WARNING - Distance Error is 13.363756956784263
2025-04-15 00:14:29,176 - INFO - Moving Inside Water Bath
2025-04-15 00:14:31,256 - WARNING - Distance Error is 6.044832503882973
2025-04-15 00:16:29,355 - INFO - Moving outside Water Bath
2025-04-15 00:16:31,419 - WARNING - Distance Error is 12.92826361117378
2025-04-15 00:16:31,420 - INFO - Waiting
2025-04-15 00:16:38,540 - INFO - Distance Error is 4.710626285325542
2025-04-15 00:16:38,540 - INFO - ###################################### Cycle Completed: 2 ####################################################
2025-04-15 00:16:38,540 - INFO - LN2 Time = {-60.088293667999096} 
2025-04-15 00:16:38,541 - INFO - Water Bath = -120.17848274299831 
2025-04-15 00:16:38,541 - INFO - ######################################################################################################################
2025-04-15 00:16:41,579 - WARNING - Distance Error is 7.751128950030445
2025-04-15 00:16:41,623 - INFO - Moving inside LN2
2025-04-15 00:16:43,651 - WARNING - Distance Error is 5.56596802003031
2025-04-15 00:17:41,681 - INFO - Outside LN2
2025-04-15 00:17:43,751 - INFO - Distance Error is 4.869291529575923
2025-04-15 00:17:45,833 - WARNING - Distance Error is 13.245754036671531
2025-04-15 00:17:45,833 - INFO - Moving Inside Water Bath
2025-04-15 00:17:47,912 - WARNING - Distance Error is 6.062177826491078
2025-04-15 00:19:45,999 - INFO - Moving outside Water Bath
2025-04-15 00:19:48,085 - WARNING - Distance Error is 13.012686117785215
2025-04-15 00:19:48,086 - INFO - Waiting
2025-04-15 00:19:55,226 - INFO - Distance Error is 4.710626285325542
2025-04-15 00:19:55,226 - INFO - ###################################### Cycle Completed: 3 ####################################################
2025-04-15 00:19:55,227 - INFO - LN2 Time = {-60.0570086129992} 
2025-04-15 00:19:55,227 - INFO - Water Bath = -120.1654374289974 
2025-04-15 00:19:55,227 - INFO - ######################################################################################################################
2025-04-15 00:19:58,268 - WARNING - Distance Error is 7.751128950030445
2025-04-15 00:19:58,311 - INFO - Moving inside LN2
2025-04-15 00:20:00,338 - WARNING - Distance Error is 6.22334315300065
2025-04-15 00:20:58,389 - INFO - Outside LN2
2025-04-15 00:21:00,459 - INFO - Distance Error is 4.679743582719039
2025-04-15 00:21:02,540 - WARNING - Distance Error is 13.278554138158272
2025-04-15 00:21:02,540 - INFO - Moving Inside Water Bath
2025-04-15 00:21:04,620 - WARNING - Distance Error is 6.062177826491078
2025-04-15 00:23:02,638 - INFO - Moving outside Water Bath
2025-04-15 00:23:04,703 - WARNING - Distance Error is 13.012686117785215
2025-04-15 00:23:04,703 - INFO - Waiting
2025-04-15 00:23:11,814 - INFO - Distance Error is 4.710626285325542
2025-04-15 00:23:11,814 - INFO - ###################################### Cycle Completed: 4 ####################################################
2025-04-15 00:23:11,815 - INFO - LN2 Time = {-60.07706885299922} 
2025-04-15 00:23:11,815 - INFO - Water Bath = -120.09692466900015 
2025-04-15 00:23:11,815 - INFO - ######################################################################################################################
2025-04-15 00:23:14,855 - WARNING - Distance Error is 7.751128950030445
2025-04-15 00:23:14,900 - INFO - Moving inside LN2
2025-04-15 00:23:16,924 - WARNING - Distance Error is 6.391400472509919
2025-04-15 00:24:14,968 - INFO - Outside LN2
2025-04-15 00:24:17,036 - INFO - Distance Error is 4.747630988187675
2025-04-15 00:24:19,116 - WARNING - Distance Error is 13.278554138158272
2025-04-15 00:24:19,117 - INFO - Moving Inside Water Bath
2025-04-15 00:24:21,197 - WARNING - Distance Error is 6.044832503882973
2025-04-15 00:26:19,251 - INFO - Moving outside Water Bath
2025-04-15 00:26:21,319 - WARNING - Distance Error is 12.92826361117378
2025-04-15 00:26:21,320 - INFO - Waiting
2025-04-15 00:26:28,450 - INFO - Distance Error is 4.710626285325542
2025-04-15 00:26:28,451 - INFO - ###################################### Cycle Completed: 5 ####################################################
2025-04-15 00:26:28,451 - INFO - LN2 Time = {-60.06705437100027} 
2025-04-15 00:26:28,451 - INFO - Water Bath = -120.13381490999745 
2025-04-15 00:26:28,451 - INFO - ######################################################################################################################
2025-04-15 00:26:31,491 - WARNING - Distance Error is 7.751128950030445
2025-04-15 00:26:31,534 - INFO - Moving inside LN2
2025-04-15 00:26:33,571 - WARNING - Distance Error is 6.391400472509919
2025-04-15 00:27:31,619 - INFO - Outside LN2
2025-04-15 00:27:33,682 - INFO - Distance Error is 4.7592016137163204
2025-04-15 00:27:35,763 - WARNING - Distance Error is 13.245754036671531
2025-04-15 00:27:35,764 - INFO - Moving Inside Water Bath
2025-04-15 00:27:37,844 - WARNING - Distance Error is 6.354525946126893
2025-04-15 00:29:35,937 - INFO - Moving outside Water Bath
2025-04-15 00:29:38,027 - WARNING - Distance Error is 12.92826361117378
2025-04-15 00:29:38,027 - INFO - Waiting
2025-04-15 00:29:45,149 - INFO - Distance Error is 4.710626285325542
2025-04-15 00:29:45,149 - INFO - ###################################### Cycle Completed: 6 ####################################################
2025-04-15 00:29:45,149 - INFO - LN2 Time = {-60.084696852998604} 
2025-04-15 00:29:45,150 - INFO - Water Bath = -120.1728029650003 
2025-04-15 00:29:45,150 - INFO - ######################################################################################################################
2025-04-15 00:29:48,190 - WARNING - Distance Error is 7.751128950030445
2025-04-15 00:29:48,234 - INFO - Moving inside LN2
2025-04-15 00:29:50,261 - WARNING - Distance Error is 6.843244844370251
2025-04-15 00:30:48,269 - INFO - Outside LN2
2025-04-15 00:30:50,333 - INFO - Distance Error is 4.801041553663109
2025-04-15 00:30:52,404 - WARNING - Distance Error is 13.278554138158272
2025-04-15 00:30:52,404 - INFO - Moving Inside Water Bath
2025-04-15 00:30:54,485 - WARNING - Distance Error is 6.062177826491078
2025-04-15 00:32:52,499 - INFO - Moving outside Water Bath
2025-04-15 00:32:54,567 - WARNING - Distance Error is 13.012686117785215
2025-04-15 00:32:54,568 - INFO - Waiting
2025-04-15 00:33:01,688 - INFO - Distance Error is 4.710626285325542
2025-04-15 00:33:01,689 - INFO - ###################################### Cycle Completed: 7 ####################################################
2025-04-15 00:33:01,689 - INFO - LN2 Time = {-60.03440711199801} 
2025-04-15 00:33:01,689 - INFO - Water Bath = -120.0940152990006 
2025-04-15 00:33:01,689 - INFO - ######################################################################################################################
2025-04-15 00:33:04,728 - WARNING - Distance Error is 7.751128950030445
2025-04-15 00:33:04,769 - INFO - Moving inside LN2
2025-04-15 00:33:06,799 - WARNING - Distance Error is 6.843244844370251
2025-04-15 00:34:04,812 - INFO - Outside LN2
2025-04-15 00:34:06,880 - WARNING - Distance Error is 5.375872022286232
2025-04-15 00:34:08,951 - WARNING - Distance Error is 13.661991070118571
2025-04-15 00:34:08,952 - INFO - Moving Inside Water Bath
2025-04-15 00:34:11,021 - WARNING - Distance Error is 6.191122676865645
2025-04-15 00:36:09,113 - INFO - Moving outside Water Bath
2025-04-15 00:36:11,184 - WARNING - Distance Error is 12.92826361117378
2025-04-15 00:36:11,184 - INFO - Waiting
2025-04-15 00:36:18,315 - INFO - Distance Error is 4.710626285325542
2025-04-15 00:36:18,315 - INFO - ###################################### Cycle Completed: 8 ####################################################
2025-04-15 00:36:18,316 - INFO - LN2 Time = {-60.042155297000136} 
2025-04-15 00:36:18,316 - INFO - Water Bath = -120.16087287299888 
2025-04-15 00:36:18,316 - INFO - ######################################################################################################################
2025-04-15 00:36:21,357 - WARNING - Distance Error is 7.751128950030445
2025-04-15 00:36:21,398 - INFO - Moving inside LN2
2025-04-15 00:36:23,427 - WARNING - Distance Error is 7.283543093852061
2025-04-15 00:37:21,476 - INFO - Outside LN2
2025-04-15 00:37:23,529 - INFO - Distance Error is 4.618441295502204
2025-04-15 00:37:25,610 - WARNING - Distance Error is 13.128213892224618
2025-04-15 00:37:25,611 - INFO - Moving Inside Water Bath
2025-04-15 00:37:27,691 - WARNING - Distance Error is 7.120393247567162
2025-04-15 00:39:25,791 - INFO - Moving outside Water Bath
2025-04-15 00:39:27,864 - WARNING - Distance Error is 13.318783728253846
2025-04-15 00:39:27,874 - INFO - Waiting
2025-04-15 00:39:35,006 - INFO - Distance Error is 4.852834223420363
2025-04-15 00:39:35,006 - INFO - ###################################### Cycle Completed: 9 ####################################################
2025-04-15 00:39:35,006 - INFO - LN2 Time = {-60.07631896399835} 
2025-04-15 00:39:35,007 - INFO - Water Bath = -120.18042581699774 
2025-04-15 00:39:35,007 - INFO - ######################################################################################################################
2025-04-15 00:39:38,047 - WARNING - Distance Error is 7.826237921249268
2025-04-15 00:39:38,089 - INFO - Moving inside LN2
2025-04-15 00:39:40,117 - WARNING - Distance Error is 7.283543093852061
2025-04-15 00:40:38,175 - INFO - Outside LN2
2025-04-15 00:40:40,238 - WARNING - Distance Error is 5.2239831546436
2025-04-15 00:40:42,318 - WARNING - Distance Error is 13.661991070118571
2025-04-15 00:40:42,319 - INFO - Moving Inside Water Bath
2025-04-15 00:40:44,400 - WARNING - Distance Error is 6.816157275180788
2025-04-15 00:42:42,475 - INFO - Moving outside Water Bath
2025-04-15 00:42:44,542 - WARNING - Distance Error is 12.665306944563158
2025-04-15 00:42:44,543 - INFO - Waiting
2025-04-15 00:42:51,664 - INFO - Distance Error is 4.710626285325542
2025-04-15 00:42:51,665 - INFO - ###################################### Cycle Completed: 10 ####################################################
2025-04-15 00:42:51,665 - INFO - LN2 Time = {-60.08581761200185} 
2025-04-15 00:42:51,665 - INFO - Water Bath = -120.15633468799933 
2025-04-15 00:42:51,665 - INFO - ######################################################################################################################
2025-04-15 00:42:53,734 - INFO - Distance Error is 1.2688577540449444
2025-04-15 00:42:55,764 - WARNING - Distance Error is 5.825804665451823
2025-04-15 00:42:56,265 - INFO - Completed and relesed motors
