2025-04-07 16:01:12,870 - INFO - Distance Error is 2.641968962724558
2025-04-07 16:01:15,901 - INFO - Distance Error is 1.723368793961421
2025-04-07 16:01:18,927 - WARNING - Distance Error is 13.475162336684487
2025-04-07 16:01:18,959 - INFO - Moving inside LN2
2025-04-07 16:01:20,982 - INFO - Distance Error is 4.861069841094648
2025-04-07 16:01:23,984 - INFO - Outside LN2
2025-04-07 16:01:26,047 - WARNING - Distance Error is 13.351778907696175
2025-04-07 16:01:28,112 - INFO - Distance Error is 2.0736441353327772
2025-04-07 16:01:30,138 - INFO - Distance Error is 1.860107523773801
2025-04-07 16:01:30,138 - INFO - Moving Inside Water Bath
2025-04-07 16:01:31,197 - INFO - Distance Error is 2.0880613017821044
2025-04-07 16:01:35,203 - INFO - Moving outside Water Bath
2025-04-07 16:01:37,257 - INFO - Distance Error is 1.0049875621120947
2025-04-07 16:01:39,282 - INFO - Distance Error is 0.8062257748298585
2025-04-07 16:01:39,283 - INFO - Waiting
2025-04-07 16:01:46,386 - WARNING - Distance Error is 11.734990413289655
2025-04-07 16:01:46,387 - INFO - ###################################### Cycle Completed: 2 ####################################################
2025-04-07 16:01:46,387 - INFO - LN2 Time = {-5.024596379000286} 
2025-04-07 16:01:46,387 - INFO - Water Bath = -5.064996732999134 
2025-04-07 16:01:46,388 - INFO - ######################################################################################################################
2025-04-07 16:01:48,412 - WARNING - Distance Error is 11.734990413289655
2025-04-07 16:01:48,447 - INFO - Moving inside LN2
2025-04-07 16:01:50,478 - WARNING - Distance Error is 7.256031973468704
2025-04-07 16:01:53,481 - INFO - Outside LN2
2025-04-07 16:01:55,542 - WARNING - Distance Error is 11.587493257818965
2025-04-07 16:01:57,608 - INFO - Distance Error is 2.034698994937573
2025-04-07 16:01:59,634 - INFO - Distance Error is 1.8330302779822987
2025-04-07 16:01:59,634 - INFO - Moving Inside Water Bath
2025-04-07 16:02:00,702 - INFO - Distance Error is 1.774823934929881
2025-04-07 16:02:04,709 - INFO - Moving outside Water Bath
2025-04-07 16:02:06,762 - INFO - Distance Error is 1.0049875621120947
2025-04-07 16:02:08,786 - INFO - Distance Error is 0.9433981132056385
2025-04-07 16:02:08,786 - INFO - Waiting
2025-04-07 16:02:15,900 - WARNING - Distance Error is 11.68160947814984
2025-04-07 16:02:15,900 - INFO - ###################################### Cycle Completed: 3 ####################################################
2025-04-07 16:02:15,901 - INFO - LN2 Time = {-5.033605569000429} 
2025-04-07 16:02:15,901 - INFO - Water Bath = -5.074774906001039 
2025-04-07 16:02:15,901 - INFO - ######################################################################################################################
2025-04-07 16:02:17,924 - WARNING - Distance Error is 11.734990413289655
2025-04-07 16:02:17,959 - INFO - Moving inside LN2
2025-04-07 16:02:19,990 - WARNING - Distance Error is 6.949100661236666
2025-04-07 16:02:22,994 - INFO - Outside LN2
2025-04-07 16:02:25,046 - WARNING - Distance Error is 11.590081966923277
2025-04-07 16:02:27,110 - INFO - Distance Error is 2.0024984394500684
2025-04-07 16:02:29,136 - INFO - Distance Error is 1.8330302779822987
2025-04-07 16:02:29,137 - INFO - Moving Inside Water Bath
2025-04-07 16:02:30,213 - INFO - Distance Error is 1.774823934929881
2025-04-07 16:02:34,216 - INFO - Moving outside Water Bath
2025-04-07 16:02:36,275 - INFO - Distance Error is 1.0049875621120947
2025-04-07 16:02:38,299 - INFO - Distance Error is 0.8062257748298585
2025-04-07 16:02:38,300 - INFO - Waiting
2025-04-07 16:02:45,413 - WARNING - Distance Error is 11.538197432874865
2025-04-07 16:02:45,413 - INFO - ###################################### Cycle Completed: 4 ####################################################
2025-04-07 16:02:45,414 - INFO - LN2 Time = {-5.0340619220005465} 
2025-04-07 16:02:45,414 - INFO - Water Bath = -5.079016996000064 
2025-04-07 16:02:45,414 - INFO - ######################################################################################################################
2025-04-07 16:02:47,437 - WARNING - Distance Error is 11.734990413289655
2025-04-07 16:02:47,473 - INFO - Moving inside LN2
2025-04-07 16:02:49,494 - WARNING - Distance Error is 7.084490101623406
2025-04-07 16:02:52,498 - INFO - Outside LN2
2025-04-07 16:02:54,550 - WARNING - Distance Error is 11.590081966923277
2025-04-07 16:02:56,624 - INFO - Distance Error is 2.034698994937573
2025-04-07 16:02:58,650 - INFO - Distance Error is 1.8330302779822987
2025-04-07 16:02:58,650 - INFO - Moving Inside Water Bath
2025-04-07 16:02:59,717 - INFO - Distance Error is 1.3964240043768936
2025-04-07 16:03:03,725 - INFO - Moving outside Water Bath
2025-04-07 16:03:05,778 - INFO - Distance Error is 1.0049875621120947
2025-04-07 16:03:07,803 - INFO - Distance Error is 0.9433981132056385
2025-04-07 16:03:07,804 - INFO - Waiting
2025-04-07 16:03:14,917 - WARNING - Distance Error is 11.68160947814984
2025-04-07 16:03:14,917 - INFO - ###################################### Cycle Completed: 5 ####################################################
2025-04-07 16:03:14,918 - INFO - LN2 Time = {-5.0239231569994445} 
2025-04-07 16:03:14,918 - INFO - Water Bath = -5.074523371999021 
2025-04-07 16:03:14,918 - INFO - ######################################################################################################################
2025-04-07 16:03:16,942 - WARNING - Distance Error is 11.734990413289655
2025-04-07 16:03:16,977 - INFO - Moving inside LN2
2025-04-07 16:03:18,998 - WARNING - Distance Error is 7.256031973468704
2025-04-07 16:03:22,000 - INFO - Outside LN2
2025-04-07 16:03:24,052 - WARNING - Distance Error is 11.587493257818965
2025-04-07 16:03:26,118 - INFO - Distance Error is 2.0024984394500684
2025-04-07 16:03:28,144 - INFO - Distance Error is 1.8330302779822987
2025-04-07 16:03:28,144 - INFO - Moving Inside Water Bath
2025-04-07 16:03:29,209 - INFO - Distance Error is 1.8055470085267733
2025-04-07 16:03:33,213 - INFO - Moving outside Water Bath
2025-04-07 16:03:35,273 - INFO - Distance Error is 1.0049875621120947
2025-04-07 16:03:37,297 - INFO - Distance Error is 0.9433981132056385
2025-04-07 16:03:37,298 - INFO - Waiting
2025-04-07 16:03:44,451 - WARNING - Distance Error is 11.68160947814984
2025-04-07 16:03:44,452 - INFO - ###################################### Cycle Completed: 6 ####################################################
2025-04-07 16:03:44,452 - INFO - LN2 Time = {-5.022181139000168} 
2025-04-07 16:03:44,453 - INFO - Water Bath = -5.068899605999832 
2025-04-07 16:03:44,453 - INFO - ######################################################################################################################
2025-04-07 16:03:46,506 - INFO - Distance Error is 3.498571136907196
2025-04-07 16:03:49,532 - INFO - Distance Error is 2.5357444666212117
2025-04-07 16:03:52,057 - INFO - Distance Error is 1.6370705543744908
2025-04-07 16:03:53,059 - INFO - Completed and relesed motors
2025-04-07 16:03:55,335 - INFO - Distance Error is 3.0232432915662044
2025-04-07 16:03:58,358 - INFO - Distance Error is 1.61554944214038
2025-04-07 16:04:01,424 - INFO - Distance Error is 1.691153452528807
2025-04-07 16:04:04,449 - INFO - Distance Error is 2.3769728648009343
2025-04-07 16:04:06,974 - INFO - Distance Error is 1.1357816691600553
2025-04-07 16:04:07,976 - INFO - Completed and relesed motors
2025-04-07 16:04:10,070 - INFO - Distance Error is 2.773084924772397
2025-04-07 16:04:13,094 - INFO - Distance Error is 1.6822603841260728
2025-04-07 16:04:16,170 - INFO - Distance Error is 1.760681686165904
