2025-04-07 17:37:20,316 - INFO - Distance Error is 2.865309756378906
2025-04-07 17:37:23,342 - INFO - Distance Error is 1.9646882704388902
2025-04-07 17:37:26,368 - WARNING - Distance Error is 13.224598292575843
2025-04-07 17:37:26,411 - INFO - Moving inside LN2
2025-04-07 17:37:28,444 - INFO - Distance Error is 4.780167361086846
2025-04-07 17:37:31,447 - INFO - Outside LN2
2025-04-07 17:37:33,509 - WARNING - Distance Error is 13.311649033835
2025-04-07 17:37:35,576 - INFO - Distance Error is 2.7748873851023292
2025-04-07 17:37:37,602 - INFO - Distance Error is 2.2561028345356946
2025-04-07 17:37:37,602 - INFO - Moving Inside Water Bath
2025-04-07 17:37:38,667 - INFO - Distance Error is 1.6673332000533012
2025-04-07 17:37:42,672 - INFO - Moving outside Water Bath
2025-04-07 17:37:44,726 - INFO - Distance Error is 1.063014581273466
2025-04-07 17:37:46,750 - INFO - Distance Error is 0.8485281374238389
2025-04-07 17:37:46,751 - INFO - Waiting
2025-04-07 17:37:50,858 - WARNING - Distance Error is 11.786008654332498
2025-04-07 17:37:50,859 - INFO - ###################################### Cycle Completed: 1 ####################################################
2025-04-07 17:37:50,859 - INFO - LN2 Time = {-5.035471417999361} 
2025-04-07 17:37:50,859 - INFO - Water Bath = -5.069861480002146 
2025-04-07 17:37:50,860 - INFO - ######################################################################################################################
2025-04-07 17:37:52,945 - INFO - Distance Error is 3.3615472627943213
2025-04-07 17:37:55,971 - INFO - Distance Error is 2.6570660511173014
2025-04-07 17:37:58,497 - INFO - Distance Error is 1.7606816861658974
2025-04-07 17:37:59,499 - INFO - Completed and relesed motors
