2025-04-07 15:15:21,004 - INFO - Distance Error is 3.101612483854174
2025-04-07 15:15:24,029 - INFO - Distance Error is 1.5165750888103233
2025-04-07 15:15:27,055 - WARNING - Distance Error is 13.274411474713288
2025-04-07 15:15:27,084 - INFO - Moving inside LN2
2025-04-07 15:15:29,111 - INFO - Distance Error is 4.657252408878017
2025-04-07 15:15:32,114 - INFO - Outside LN2
2025-04-07 15:15:34,167 - WARNING - Distance Error is 13.278930679840158
2025-04-07 15:15:36,233 - INFO - Distance Error is 2.1400934559032754
2025-04-07 15:15:38,259 - INFO - Distance Error is 1.726267650163199
2025-04-07 15:15:38,260 - INFO - Moving Inside Water Bath
2025-04-07 15:15:39,319 - INFO - Distance Error is 1.4866068747318497
2025-04-07 15:15:43,328 - INFO - Moving outside Water Bath
2025-04-07 15:15:45,379 - INFO - Distance Error is 0.7280109889280268
2025-04-07 15:15:47,405 - INFO - Distance Error is 0.7549834435270716
2025-04-07 15:15:47,405 - INFO - Waiting
2025-04-07 15:15:54,510 - WARNING - Distance Error is 11.69487067051192
2025-04-07 15:15:54,511 - INFO - ###################################### Cycle Completed: 1 ####################################################
2025-04-07 15:15:54,511 - INFO - LN2 Time = {-5.029474660001142} 
2025-04-07 15:15:54,511 - INFO - Water Bath = -5.068283615000837 
2025-04-07 15:15:54,512 - INFO - ######################################################################################################################
2025-04-07 15:15:56,535 - WARNING - Distance Error is 11.759676866308872
2025-04-07 15:15:56,573 - INFO - Moving inside LN2
2025-04-07 15:15:58,601 - WARNING - Distance Error is 6.379655163094623
2025-04-07 15:16:01,604 - INFO - Outside LN2
2025-04-07 15:16:03,658 - WARNING - Distance Error is 11.584903970253706
2025-04-07 15:16:05,723 - INFO - Distance Error is 2.0712315177207885
2025-04-07 15:16:07,749 - INFO - Distance Error is 1.726267650163199
2025-04-07 15:16:07,750 - INFO - Moving Inside Water Bath
2025-04-07 15:16:08,811 - INFO - Distance Error is 2.7748873851023266
2025-04-07 15:16:12,817 - INFO - Moving outside Water Bath
2025-04-07 15:16:14,870 - INFO - Distance Error is 0.7280109889280268
2025-04-07 15:16:16,895 - INFO - Distance Error is 0.7141428428542822
2025-04-07 15:16:16,895 - INFO - Waiting
2025-04-07 15:16:23,990 - WARNING - Distance Error is 11.69487067051192
2025-04-07 15:16:23,991 - INFO - ###################################### Cycle Completed: 2 ####################################################
2025-04-07 15:16:23,991 - INFO - LN2 Time = {-5.0309164190002775} 
2025-04-07 15:16:23,991 - INFO - Water Bath = -5.067008268000791 
2025-04-07 15:16:23,991 - INFO - ######################################################################################################################
2025-04-07 15:16:26,015 - WARNING - Distance Error is 11.759676866308872
2025-04-07 15:16:26,050 - INFO - Moving inside LN2
2025-04-07 15:16:28,071 - WARNING - Distance Error is 6.379655163094623
2025-04-07 15:16:31,073 - INFO - Outside LN2
2025-04-07 15:16:33,137 - WARNING - Distance Error is 11.581882403132925
2025-04-07 15:16:35,194 - INFO - Distance Error is 2.0712315177207885
2025-04-07 15:16:37,220 - INFO - Distance Error is 1.726267650163199
2025-04-07 15:16:37,220 - INFO - Moving Inside Water Bath
2025-04-07 15:16:38,292 - INFO - Distance Error is 2.7748873851023266
2025-04-07 15:16:42,298 - INFO - Moving outside Water Bath
2025-04-07 15:16:44,350 - INFO - Distance Error is 0.7280109889280268
2025-04-07 15:16:46,375 - INFO - Distance Error is 0.6633249580710808
2025-04-07 15:16:46,375 - INFO - Waiting
2025-04-07 15:16:53,470 - WARNING - Distance Error is 11.69487067051192
2025-04-07 15:16:53,471 - INFO - ###################################### Cycle Completed: 3 ####################################################
2025-04-07 15:16:53,471 - INFO - LN2 Time = {-5.022734473001037} 
2025-04-07 15:16:53,471 - INFO - Water Bath = -5.077539624000565 
2025-04-07 15:16:53,471 - INFO - ######################################################################################################################
2025-04-07 15:16:55,495 - WARNING - Distance Error is 11.812705024675761
2025-04-07 15:16:55,527 - INFO - Moving inside LN2
2025-04-07 15:16:57,553 - WARNING - Distance Error is 6.379655163094623
2025-04-07 15:17:00,556 - INFO - Outside LN2
2025-04-07 15:17:02,617 - WARNING - Distance Error is 11.581882403132925
2025-04-07 15:17:04,683 - INFO - Distance Error is 2.0712315177207885
2025-04-07 15:17:06,709 - INFO - Distance Error is 1.726267650163199
2025-04-07 15:17:06,710 - INFO - Moving Inside Water Bath
2025-04-07 15:17:07,769 - INFO - Distance Error is 2.7748873851023266
2025-04-07 15:17:11,775 - INFO - Moving outside Water Bath
2025-04-07 15:17:13,830 - INFO - Distance Error is 1.0049875621120947
2025-04-07 15:17:15,855 - INFO - Distance Error is 0.6999999999999967
2025-04-07 15:17:15,855 - INFO - Waiting
2025-04-07 15:17:22,970 - WARNING - Distance Error is 11.693160394008112
2025-04-07 15:17:22,971 - INFO - ###################################### Cycle Completed: 4 ####################################################
2025-04-07 15:17:22,971 - INFO - LN2 Time = {-5.028278927000429} 
2025-04-07 15:17:22,971 - INFO - Water Bath = -5.064998421999917 
2025-04-07 15:17:22,971 - INFO - ######################################################################################################################
2025-04-07 15:17:24,995 - WARNING - Distance Error is 11.693160394008112
2025-04-07 15:17:25,030 - INFO - Moving inside LN2
2025-04-07 15:17:27,051 - WARNING - Distance Error is 6.319810123729979
2025-04-07 15:17:30,052 - INFO - Outside LN2
2025-04-07 15:17:32,107 - WARNING - Distance Error is 11.54209686322206
2025-04-07 15:17:34,163 - INFO - Distance Error is 2.0712315177207885
2025-04-07 15:17:36,190 - INFO - Distance Error is 1.726267650163199
2025-04-07 15:17:36,190 - INFO - Moving Inside Water Bath
2025-04-07 15:17:37,252 - INFO - Distance Error is 2.7748873851023266
2025-04-07 15:17:41,260 - INFO - Moving outside Water Bath
2025-04-07 15:17:43,310 - INFO - Distance Error is 1.0049875621120947
2025-04-07 15:17:45,335 - INFO - Distance Error is 0.6782329983125218
2025-04-07 15:17:45,335 - INFO - Waiting
2025-04-07 15:17:52,440 - WARNING - Distance Error is 11.526057435220428
2025-04-07 15:17:52,441 - INFO - ###################################### Cycle Completed: 5 ####################################################
2025-04-07 15:17:52,441 - INFO - LN2 Time = {-5.021177546001127} 
2025-04-07 15:17:52,441 - INFO - Water Bath = -5.069597240000803 
2025-04-07 15:17:52,441 - INFO - ######################################################################################################################
2025-04-07 15:17:54,465 - WARNING - Distance Error is 11.63314230979747
2025-04-07 15:17:54,501 - INFO - Moving inside LN2
2025-04-07 15:17:56,522 - WARNING - Distance Error is 6.191122676865628
2025-04-07 15:17:59,526 - INFO - Outside LN2
2025-04-07 15:18:01,578 - WARNING - Distance Error is 11.54209686322206
2025-04-07 15:18:03,634 - INFO - Distance Error is 2.111871208194276
2025-04-07 15:18:05,660 - INFO - Distance Error is 1.7029386365926356
2025-04-07 15:18:05,660 - INFO - Moving Inside Water Bath
2025-04-07 15:18:06,728 - INFO - Distance Error is 1.4491376746189453
2025-04-07 15:18:10,733 - INFO - Moving outside Water Bath
2025-04-07 15:18:12,830 - INFO - Distance Error is 1.0049875621120947
2025-04-07 15:18:14,855 - INFO - Distance Error is 0.640312423743284
2025-04-07 15:18:14,855 - INFO - Waiting
2025-04-07 15:18:21,960 - WARNING - Distance Error is 11.48433715980163
2025-04-07 15:18:21,961 - INFO - ###################################### Cycle Completed: 6 ####################################################
2025-04-07 15:18:21,961 - INFO - LN2 Time = {-5.0245688720006} 
2025-04-07 15:18:21,961 - INFO - Water Bath = -5.071848092999062 
2025-04-07 15:18:21,961 - INFO - ######################################################################################################################
2025-04-07 15:18:23,985 - WARNING - Distance Error is 11.59008196692329
2025-04-07 15:18:24,024 - INFO - Moving inside LN2
2025-04-07 15:18:26,052 - WARNING - Distance Error is 6.503076195155647
2025-04-07 15:18:29,055 - INFO - Outside LN2
2025-04-07 15:18:31,117 - WARNING - Distance Error is 11.54209686322206
2025-04-07 15:18:33,184 - INFO - Distance Error is 2.0712315177207885
2025-04-07 15:18:35,210 - INFO - Distance Error is 1.7029386365926356
2025-04-07 15:18:35,211 - INFO - Moving Inside Water Bath
2025-04-07 15:18:36,279 - INFO - Distance Error is 1.9748417658131538
2025-04-07 15:18:40,286 - INFO - Moving outside Water Bath
2025-04-07 15:18:42,350 - INFO - Distance Error is 1.0049875621120947
2025-04-07 15:18:44,375 - INFO - Distance Error is 0.640312423743284
2025-04-07 15:18:44,375 - INFO - Waiting
2025-04-07 15:18:51,470 - WARNING - Distance Error is 11.48433715980163
2025-04-07 15:18:51,471 - INFO - ###################################### Cycle Completed: 7 ####################################################
2025-04-07 15:18:51,471 - INFO - LN2 Time = {-5.0300255629990716} 
2025-04-07 15:18:51,471 - INFO - Water Bath = -5.0748138159997325 
2025-04-07 15:18:51,472 - INFO - ######################################################################################################################
2025-04-07 15:18:53,495 - WARNING - Distance Error is 11.59008196692329
2025-04-07 15:18:53,532 - INFO - Moving inside LN2
2025-04-07 15:18:55,562 - WARNING - Distance Error is 6.191122676865628
2025-04-07 15:18:58,565 - INFO - Outside LN2
2025-04-07 15:19:00,618 - WARNING - Distance Error is 11.48085362679971
2025-04-07 15:19:02,684 - INFO - Distance Error is 2.0712315177207885
2025-04-07 15:19:04,710 - INFO - Distance Error is 1.7029386365926356
2025-04-07 15:19:04,710 - INFO - Moving Inside Water Bath
2025-04-07 15:19:05,790 - INFO - Distance Error is 1.774823934929881
2025-04-07 15:19:09,796 - INFO - Moving outside Water Bath
2025-04-07 15:19:11,911 - INFO - Distance Error is 1.0049875621120947
2025-04-07 15:19:13,935 - INFO - Distance Error is 0.640312423743284
2025-04-07 15:19:13,936 - INFO - Waiting
2025-04-07 15:19:21,082 - WARNING - Distance Error is 11.549458861782233
2025-04-07 15:19:21,083 - INFO - ###################################### Cycle Completed: 8 ####################################################
2025-04-07 15:19:21,083 - INFO - LN2 Time = {-5.033181845999934} 
2025-04-07 15:19:21,083 - INFO - Water Bath = -5.085349004999443 
2025-04-07 15:19:21,084 - INFO - ######################################################################################################################
2025-04-07 15:19:23,106 - WARNING - Distance Error is 11.63314230979747
2025-04-07 15:19:23,143 - INFO - Moving inside LN2
2025-04-07 15:19:25,172 - WARNING - Distance Error is 6.191122676865628
2025-04-07 15:19:28,175 - INFO - Outside LN2
2025-04-07 15:19:30,238 - WARNING - Distance Error is 11.48085362679971
2025-04-07 15:19:32,294 - INFO - Distance Error is 2.0712315177207885
2025-04-07 15:19:34,320 - INFO - Distance Error is 1.726267650163199
2025-04-07 15:19:34,320 - INFO - Moving Inside Water Bath
2025-04-07 15:19:35,378 - INFO - Distance Error is 2.7748873851023266
2025-04-07 15:19:39,384 - INFO - Moving outside Water Bath
2025-04-07 15:19:41,440 - INFO - Distance Error is 1.0049875621120947
2025-04-07 15:19:43,465 - INFO - Distance Error is 0.640312423743284
2025-04-07 15:19:43,466 - INFO - Waiting
2025-04-07 15:19:50,571 - WARNING - Distance Error is 11.549458861782233
2025-04-07 15:19:50,571 - INFO - ###################################### Cycle Completed: 9 ####################################################
2025-04-07 15:19:50,571 - INFO - LN2 Time = {-5.031089867999981} 
2025-04-07 15:19:50,572 - INFO - Water Bath = -5.063288489000115 
2025-04-07 15:19:50,572 - INFO - ######################################################################################################################
2025-04-07 15:19:52,595 - WARNING - Distance Error is 11.63314230979747
2025-04-07 15:19:52,629 - INFO - Moving inside LN2
2025-04-07 15:19:54,652 - WARNING - Distance Error is 6.191122676865628
2025-04-07 15:19:57,655 - INFO - Outside LN2
2025-04-07 15:19:59,708 - WARNING - Distance Error is 11.48085362679971
2025-04-07 15:20:01,784 - INFO - Distance Error is 2.0024984394500684
2025-04-07 15:20:03,810 - INFO - Distance Error is 1.726267650163199
2025-04-07 15:20:03,810 - INFO - Moving Inside Water Bath
2025-04-07 15:20:04,870 - INFO - Distance Error is 2.111871208194292
2025-04-07 15:20:08,877 - INFO - Moving outside Water Bath
2025-04-07 15:20:10,930 - INFO - Distance Error is 1.0049875621120947
2025-04-07 15:20:12,955 - INFO - Distance Error is 0.700000000000009
2025-04-07 15:20:12,956 - INFO - Waiting
2025-04-07 15:20:20,050 - WARNING - Distance Error is 11.48433715980163
2025-04-07 15:20:20,051 - INFO - ###################################### Cycle Completed: 10 ####################################################
2025-04-07 15:20:20,051 - INFO - LN2 Time = {-5.025586101000954} 
2025-04-07 15:20:20,052 - INFO - Water Bath = -5.066392345001077 
2025-04-07 15:20:20,052 - INFO - ######################################################################################################################
2025-04-07 15:20:22,076 - INFO - Distance Error is 2.787471972953266
2025-04-07 15:20:25,102 - INFO - Distance Error is 2.402082429892883
2025-04-07 15:20:27,628 - INFO - Distance Error is 1.3747727084867514
2025-04-07 15:20:28,630 - INFO - Completed and relesed motors
2025-04-07 15:20:30,654 - INFO - Distance Error is 2.906888370749736
2025-04-07 15:20:33,679 - INFO - Distance Error is 1.61554944214038
2025-04-07 15:20:36,705 - WARNING - Distance Error is 13.237824594698324
2025-04-07 15:20:36,737 - INFO - Moving inside LN2
2025-04-07 15:20:38,761 - INFO - Distance Error is 4.676537180435973
2025-04-07 15:20:41,765 - INFO - Outside LN2
2025-04-07 15:20:43,817 - WARNING - Distance Error is 13.278930679840158
2025-04-07 15:20:45,878 - INFO - Distance Error is 2.0736441353327772
2025-04-07 15:20:47,900 - INFO - Distance Error is 1.726267650163199
2025-04-07 15:20:47,900 - INFO - Moving Inside Water Bath
2025-04-07 15:20:48,968 - INFO - Distance Error is 1.9390719429665342
2025-04-07 15:20:52,976 - INFO - Moving outside Water Bath
2025-04-07 15:20:55,030 - INFO - Distance Error is 1.0049875621120947
2025-04-07 15:20:57,055 - INFO - Distance Error is 0.700000000000009
2025-04-07 15:20:57,055 - INFO - Waiting
2025-04-07 15:21:04,160 - WARNING - Distance Error is 11.526057435220428
2025-04-07 15:21:04,161 - INFO - ###################################### Cycle Completed: 1 ####################################################
2025-04-07 15:21:04,161 - INFO - LN2 Time = {-5.0270084329986275} 
2025-04-07 15:21:04,161 - INFO - Water Bath = -5.075665984999432 
2025-04-07 15:21:04,162 - INFO - ######################################################################################################################
2025-04-07 15:21:06,185 - WARNING - Distance Error is 11.63314230979747
2025-04-07 15:21:06,225 - INFO - Moving inside LN2
2025-04-07 15:21:08,251 - WARNING - Distance Error is 6.811754546370571
2025-04-07 15:21:11,254 - INFO - Outside LN2
2025-04-07 15:21:13,307 - WARNING - Distance Error is 11.48085362679971
2025-04-07 15:21:15,364 - INFO - Distance Error is 2.0712315177207885
2025-04-07 15:21:17,390 - INFO - Distance Error is 1.726267650163199
2025-04-07 15:21:17,390 - INFO - Moving Inside Water Bath
2025-04-07 15:21:18,460 - INFO - Distance Error is 1.4866068747318497
2025-04-07 15:21:22,464 - INFO - Moving outside Water Bath
2025-04-07 15:21:24,520 - INFO - Distance Error is 1.0049875621120947
2025-04-07 15:21:26,545 - INFO - Distance Error is 0.700000000000009
2025-04-07 15:21:26,546 - INFO - Waiting
