2025-04-07 12:29:25,033 - INFO - Starting Experiment
2025-04-07 12:29:25,034 - INFO - Experiment Parameters
2025-04-07 12:29:25,034 - INFO - Experiment Name: Error_Testing
2025-04-07 12:29:25,034 - INFO - Person Responsible: Akshit
2025-04-07 12:29:25,035 - INFO - Thermomixer Time: 5
2025-04-07 12:29:25,035 - INFO - Liquid Nitrogen Time: 5
2025-04-07 12:29:25,035 - INFO - Waiting Time 5
2025-04-07 12:29:25,035 - INFO - Number of Cycles 30
2025-04-07 12:29:25,036 - INFO - Robot Speed 100
2025-04-07 12:29:25,036 - INFO - Run Number 1
2025-04-07 12:29:27,062 - INFO - Distance Error is 2.3622023622035657
2025-04-07 12:29:30,094 - INFO - Distance Error is 1.417744687875804
2025-04-07 12:29:33,119 - WARNING - Distance Error is 13.170421405558745
2025-04-07 12:29:33,120 - INFO - Moving inside LN2
2025-04-07 12:29:35,146 - INFO - Distance Error is 4.676537180435973
2025-04-07 12:29:38,149 - INFO - Outside LN2
2025-04-07 12:29:40,172 - WARNING - Distance Error is 13.507405376311173
2025-04-07 12:29:42,198 - INFO - Distance Error is 2.0736441353327772
2025-04-07 12:29:44,224 - INFO - Distance Error is 2.0124611797498013
2025-04-07 12:29:44,224 - INFO - Moving Inside Water Bath
2025-04-07 12:29:45,249 - INFO - Distance Error is 2.7748873851023266
2025-04-07 12:29:48,252 - INFO - Moving outside Water Bath
2025-04-07 12:29:50,274 - INFO - Distance Error is 0.7681145747868438
2025-04-07 12:29:52,299 - INFO - Distance Error is 0.7071067811865275
2025-04-07 12:29:52,299 - INFO - Waiting
2025-04-07 12:29:59,334 - WARNING - Distance Error is 11.727744881263426
2025-04-07 12:29:59,334 - INFO - ###################################### Cycle Completed: 1 ####################################################
2025-04-07 12:29:59,335 - INFO - LN2 Time = {-5.028760703999978} 
2025-04-07 12:29:59,335 - INFO - Water Bath = -4.027599677000126 
2025-04-07 12:29:59,335 - INFO - ######################################################################################################################
2025-04-07 12:30:01,359 - WARNING - Distance Error is 11.727744881263426
2025-04-07 12:30:01,359 - INFO - Moving inside LN2
2025-04-07 12:30:03,385 - WARNING - Distance Error is 7.066823897621904
2025-04-07 12:30:06,389 - INFO - Outside LN2
2025-04-07 12:30:08,411 - WARNING - Distance Error is 11.569788243524602
2025-04-07 12:30:10,437 - INFO - Distance Error is 2.0024984394500684
2025-04-07 12:30:12,463 - INFO - Distance Error is 2.0124611797498013
2025-04-07 12:30:12,464 - INFO - Moving Inside Water Bath
2025-04-07 12:30:13,488 - INFO - Distance Error is 1.6309506430300114
2025-04-07 12:30:16,492 - INFO - Moving outside Water Bath
2025-04-07 12:30:18,514 - INFO - Distance Error is 0.7280109889280268
2025-04-07 12:30:20,538 - INFO - Distance Error is 0.7483314773547799
2025-04-07 12:30:20,539 - INFO - Waiting
2025-04-07 12:30:27,574 - WARNING - Distance Error is 11.759676866308872
2025-04-07 12:30:27,574 - INFO - ###################################### Cycle Completed: 2 ####################################################
2025-04-07 12:30:27,575 - INFO - LN2 Time = {-5.028700500000014} 
2025-04-07 12:30:27,575 - INFO - Water Bath = -4.027570965999985 
2025-04-07 12:30:27,575 - INFO - ######################################################################################################################
2025-04-07 12:30:29,599 - WARNING - Distance Error is 11.759676866308872
2025-04-07 12:30:29,599 - INFO - Moving inside LN2
2025-04-07 12:30:31,625 - WARNING - Distance Error is 7.2062472896786005
2025-04-07 12:30:34,628 - INFO - Outside LN2
2025-04-07 12:30:36,651 - WARNING - Distance Error is 11.569788243524602
2025-04-07 12:30:38,677 - INFO - Distance Error is 2.0024984394500684
2025-04-07 12:30:40,703 - INFO - Distance Error is 1.726267650163199
2025-04-07 12:30:40,703 - INFO - Moving Inside Water Bath
2025-04-07 12:30:41,728 - INFO - Distance Error is 2.0124611797498093
2025-04-07 12:30:44,731 - INFO - Moving outside Water Bath
2025-04-07 12:30:46,754 - INFO - Distance Error is 0.7280109889280268
2025-04-07 12:30:48,778 - INFO - Distance Error is 0.7483314773547799
2025-04-07 12:30:48,778 - INFO - Waiting
2025-04-07 12:30:55,813 - WARNING - Distance Error is 11.759676866308872
2025-04-07 12:30:55,814 - INFO - ###################################### Cycle Completed: 3 ####################################################
2025-04-07 12:30:55,814 - INFO - LN2 Time = {-5.028842230000009} 
2025-04-07 12:30:55,815 - INFO - Water Bath = -4.027712031999727 
2025-04-07 12:30:55,815 - INFO - ######################################################################################################################
2025-04-07 12:30:57,838 - WARNING - Distance Error is 11.759676866308872
2025-04-07 12:30:57,839 - INFO - Moving inside LN2
2025-04-07 12:30:59,864 - WARNING - Distance Error is 7.2062472896786005
2025-04-07 12:31:02,868 - INFO - Outside LN2
2025-04-07 12:31:04,891 - WARNING - Distance Error is 11.581882403132925
2025-04-07 12:31:06,917 - INFO - Distance Error is 2.0024984394500684
2025-04-07 12:31:08,943 - INFO - Distance Error is 2.0124611797498013
2025-04-07 12:31:08,943 - INFO - Moving Inside Water Bath
2025-04-07 12:31:09,968 - INFO - Distance Error is 2.8425340807103825
2025-04-07 12:31:12,971 - INFO - Moving outside Water Bath
2025-04-07 12:31:14,994 - INFO - Distance Error is 0.7681145747868438
2025-04-07 12:31:17,018 - INFO - Distance Error is 0.6633249580710808
2025-04-07 12:31:17,019 - INFO - Waiting
2025-04-07 12:31:24,053 - WARNING - Distance Error is 11.688455843266892
2025-04-07 12:31:24,054 - INFO - ###################################### Cycle Completed: 4 ####################################################
2025-04-07 12:31:24,054 - INFO - LN2 Time = {-5.028851324000243} 
2025-04-07 12:31:24,054 - INFO - Water Bath = -4.027699026000391 
2025-04-07 12:31:24,055 - INFO - ######################################################################################################################
2025-04-07 12:31:26,078 - WARNING - Distance Error is 11.688455843266892
2025-04-07 12:31:26,079 - INFO - Moving inside LN2
2025-04-07 12:31:28,104 - WARNING - Distance Error is 7.2062472896786005
2025-04-07 12:31:31,108 - INFO - Outside LN2
2025-04-07 12:31:33,131 - WARNING - Distance Error is 11.54209686322206
2025-04-07 12:31:35,157 - INFO - Distance Error is 2.0024984394500684
2025-04-07 12:31:37,183 - INFO - Distance Error is 1.726267650163199
2025-04-07 12:31:37,183 - INFO - Moving Inside Water Bath
2025-04-07 12:31:38,208 - INFO - Distance Error is 1.574801574802361
2025-04-07 12:31:41,211 - INFO - Moving outside Water Bath
2025-04-07 12:31:43,234 - INFO - Distance Error is 0.7280109889280268
2025-04-07 12:31:45,258 - INFO - Distance Error is 0.7141428428542822
2025-04-07 12:31:45,259 - INFO - Waiting
2025-04-07 12:31:52,293 - WARNING - Distance Error is 11.646887996370532
2025-04-07 12:31:52,294 - INFO - ###################################### Cycle Completed: 5 ####################################################
2025-04-07 12:31:52,294 - INFO - LN2 Time = {-5.0288117709997096} 
2025-04-07 12:31:52,295 - INFO - Water Bath = -4.027756325000155 
2025-04-07 12:31:52,295 - INFO - ######################################################################################################################
2025-04-07 12:31:54,319 - WARNING - Distance Error is 11.71195969938422
2025-04-07 12:31:54,319 - INFO - Moving inside LN2
2025-04-07 12:31:56,345 - WARNING - Distance Error is 7.2062472896786005
2025-04-07 12:31:59,348 - INFO - Outside LN2
2025-04-07 12:32:01,371 - WARNING - Distance Error is 11.54209686322206
2025-04-07 12:32:03,397 - INFO - Distance Error is 2.0024984394500684
2025-04-07 12:32:05,423 - INFO - Distance Error is 1.726267650163199
2025-04-07 12:32:05,424 - INFO - Moving Inside Water Bath
2025-04-07 12:32:06,448 - INFO - Distance Error is 2.111871208194292
2025-04-07 12:32:09,452 - INFO - Moving outside Water Bath
2025-04-07 12:32:11,474 - INFO - Distance Error is 0.7280109889280268
2025-04-07 12:32:13,498 - INFO - Distance Error is 0.6633249580710808
2025-04-07 12:32:13,499 - INFO - Waiting
2025-04-07 12:32:20,534 - WARNING - Distance Error is 11.688455843266892
2025-04-07 12:32:20,534 - INFO - ###################################### Cycle Completed: 6 ####################################################
2025-04-07 12:32:20,535 - INFO - LN2 Time = {-5.028870466000171} 
2025-04-07 12:32:20,535 - INFO - Water Bath = -4.027688837999904 
2025-04-07 12:32:20,535 - INFO - ######################################################################################################################
2025-04-07 12:32:22,559 - WARNING - Distance Error is 11.688455843266892
2025-04-07 12:32:22,559 - INFO - Moving inside LN2
2025-04-07 12:32:24,585 - WARNING - Distance Error is 7.2062472896786005
2025-04-07 12:32:27,588 - INFO - Outside LN2
2025-04-07 12:32:29,611 - WARNING - Distance Error is 11.54209686322206
2025-04-07 12:32:31,637 - INFO - Distance Error is 2.034698994937573
2025-04-07 12:32:33,663 - INFO - Distance Error is 1.8330302779822987
2025-04-07 12:32:33,664 - INFO - Moving Inside Water Bath
2025-04-07 12:32:34,688 - INFO - Distance Error is 2.874021572639988
2025-04-07 12:32:37,692 - INFO - Moving outside Water Bath
2025-04-07 12:32:39,714 - INFO - Distance Error is 0.7280109889280268
2025-04-07 12:32:41,739 - INFO - Distance Error is 0.7549834435270716
2025-04-07 12:32:41,739 - INFO - Waiting
2025-04-07 12:32:48,766 - WARNING - Distance Error is 11.63314230979747
2025-04-07 12:32:48,766 - INFO - ###################################### Cycle Completed: 7 ####################################################
2025-04-07 12:32:48,767 - INFO - LN2 Time = {-5.0283250779998525} 
2025-04-07 12:32:48,767 - INFO - Water Bath = -4.0276617029999215 
2025-04-07 12:32:48,767 - INFO - ######################################################################################################################
2025-04-07 12:32:50,789 - WARNING - Distance Error is 11.688455843266892
2025-04-07 12:32:50,790 - INFO - Moving inside LN2
2025-04-07 12:32:52,815 - WARNING - Distance Error is 6.6670833203133135
2025-04-07 12:32:55,819 - INFO - Outside LN2
2025-04-07 12:32:57,842 - WARNING - Distance Error is 11.54209686322206
2025-04-07 12:32:59,868 - INFO - Distance Error is 2.0024984394500684
2025-04-07 12:33:01,894 - INFO - Distance Error is 1.726267650163199
2025-04-07 12:33:01,894 - INFO - Moving Inside Water Bath
2025-04-07 12:33:02,919 - INFO - Distance Error is 2.111871208194292
2025-04-07 12:33:05,922 - INFO - Moving outside Water Bath
2025-04-07 12:33:07,944 - INFO - Distance Error is 1.0049875621120947
2025-04-07 12:33:09,969 - INFO - Distance Error is 0.5385164807134409
2025-04-07 12:33:09,970 - INFO - Waiting
2025-04-07 12:33:16,995 - WARNING - Distance Error is 11.681609478149834
2025-04-07 12:33:16,995 - INFO - ###################################### Cycle Completed: 8 ####################################################
2025-04-07 12:33:16,995 - INFO - LN2 Time = {-5.027767842999765} 
2025-04-07 12:33:16,996 - INFO - Water Bath = -4.027803991999917 
2025-04-07 12:33:16,996 - INFO - ######################################################################################################################
2025-04-07 12:33:19,020 - WARNING - Distance Error is 11.681609478149834
2025-04-07 12:33:19,020 - INFO - Moving inside LN2
2025-04-07 12:33:21,046 - WARNING - Distance Error is 7.066823897621904
2025-04-07 12:33:24,049 - INFO - Outside LN2
2025-04-07 12:33:26,072 - WARNING - Distance Error is 11.495216396397245
2025-04-07 12:33:28,098 - INFO - Distance Error is 2.034698994937573
2025-04-07 12:33:30,124 - INFO - Distance Error is 1.726267650163199
2025-04-07 12:33:30,125 - INFO - Moving Inside Water Bath
2025-04-07 12:33:31,149 - INFO - Distance Error is 1.4866068747318497
2025-04-07 12:33:34,153 - INFO - Moving outside Water Bath
2025-04-07 12:33:36,175 - INFO - Distance Error is 0.7280109889280268
2025-04-07 12:33:38,200 - INFO - Distance Error is 0.7549834435270716
2025-04-07 12:33:38,200 - INFO - Waiting
2025-04-07 12:33:45,226 - WARNING - Distance Error is 11.71195969938422
2025-04-07 12:33:45,226 - INFO - ###################################### Cycle Completed: 9 ####################################################
2025-04-07 12:33:45,227 - INFO - LN2 Time = {-5.028856669000106} 
2025-04-07 12:33:45,227 - INFO - Water Bath = -4.027764237000156 
2025-04-07 12:33:45,227 - INFO - ######################################################################################################################
2025-04-07 12:33:47,250 - WARNING - Distance Error is 11.766902736064408
2025-04-07 12:33:47,251 - INFO - Moving inside LN2
2025-04-07 12:33:49,276 - WARNING - Distance Error is 7.2062472896786005
2025-04-07 12:33:52,280 - INFO - Outside LN2
2025-04-07 12:33:54,303 - WARNING - Distance Error is 11.54209686322206
2025-04-07 12:33:56,329 - INFO - Distance Error is 2.034698994937573
2025-04-07 12:33:58,355 - INFO - Distance Error is 1.726267650163199
2025-04-07 12:33:58,355 - INFO - Moving Inside Water Bath
2025-04-07 12:33:59,380 - INFO - Distance Error is 2.7748873851023266
2025-04-07 12:34:02,383 - INFO - Moving outside Water Bath
2025-04-07 12:34:04,406 - INFO - Distance Error is 0.7280109889280268
2025-04-07 12:34:06,430 - INFO - Distance Error is 0.7681145747868672
2025-04-07 12:34:06,431 - INFO - Waiting
2025-04-07 12:34:13,466 - WARNING - Distance Error is 11.71195969938422
2025-04-07 12:34:13,466 - INFO - ###################################### Cycle Completed: 10 ####################################################
2025-04-07 12:34:13,466 - INFO - LN2 Time = {-5.028965284000151} 
2025-04-07 12:34:13,467 - INFO - Water Bath = -4.0277816580000945 
2025-04-07 12:34:13,467 - INFO - ######################################################################################################################
2025-04-07 12:34:15,491 - WARNING - Distance Error is 11.766902736064408
2025-04-07 12:34:15,491 - INFO - Moving inside LN2
2025-04-07 12:34:17,517 - WARNING - Distance Error is 6.6670833203133135
2025-04-07 12:34:20,520 - INFO - Outside LN2
2025-04-07 12:34:22,543 - WARNING - Distance Error is 11.54209686322206
2025-04-07 12:34:24,569 - INFO - Distance Error is 2.034698994937573
2025-04-07 12:34:26,595 - INFO - Distance Error is 1.726267650163199
2025-04-07 12:34:26,596 - INFO - Moving Inside Water Bath
2025-04-07 12:34:27,620 - INFO - Distance Error is 1.6309506430300114
2025-04-07 12:34:30,624 - INFO - Moving outside Water Bath
2025-04-07 12:34:32,646 - INFO - Distance Error is 0.7280109889280268
2025-04-07 12:34:34,671 - INFO - Distance Error is 0.7483314773547799
2025-04-07 12:34:34,671 - INFO - Waiting
2025-04-07 12:34:41,698 - WARNING - Distance Error is 11.569788243524602
2025-04-07 12:34:41,698 - INFO - ###################################### Cycle Completed: 11 ####################################################
2025-04-07 12:34:41,699 - INFO - LN2 Time = {-5.028925964999871} 
2025-04-07 12:34:41,699 - INFO - Water Bath = -4.027872570999989 
2025-04-07 12:34:41,699 - INFO - ######################################################################################################################
2025-04-07 12:34:43,721 - WARNING - Distance Error is 11.766902736064408
2025-04-07 12:34:43,722 - INFO - Moving inside LN2
2025-04-07 12:34:45,747 - WARNING - Distance Error is 7.066823897621904
2025-04-07 12:34:48,751 - INFO - Outside LN2
2025-04-07 12:34:50,774 - WARNING - Distance Error is 11.54209686322206
2025-04-07 12:34:52,800 - INFO - Distance Error is 2.034698994937573
2025-04-07 12:34:54,826 - INFO - Distance Error is 1.726267650163199
2025-04-07 12:34:54,826 - INFO - Moving Inside Water Bath
2025-04-07 12:34:55,851 - INFO - Distance Error is 2.874021572639988
2025-04-07 12:34:58,852 - INFO - Moving outside Water Bath
2025-04-07 12:35:00,876 - INFO - Distance Error is 0.7280109889280268
2025-04-07 12:35:02,901 - INFO - Distance Error is 0.5385164807134409
2025-04-07 12:35:02,902 - INFO - Waiting
2025-04-07 12:35:09,927 - WARNING - Distance Error is 11.689311356961978
2025-04-07 12:35:09,927 - INFO - ###################################### Cycle Completed: 12 ####################################################
2025-04-07 12:35:09,928 - INFO - LN2 Time = {-5.028900659000101} 
2025-04-07 12:35:09,928 - INFO - Water Bath = -4.025305822000064 
2025-04-07 12:35:09,928 - INFO - ######################################################################################################################
2025-04-07 12:35:11,952 - WARNING - Distance Error is 11.629273408085322
2025-04-07 12:35:11,953 - INFO - Moving inside LN2
2025-04-07 12:35:13,978 - WARNING - Distance Error is 7.066823897621904
2025-04-07 12:35:16,982 - INFO - Outside LN2
2025-04-07 12:35:19,004 - WARNING - Distance Error is 11.495216396397245
2025-04-07 12:35:21,030 - INFO - Distance Error is 2.034698994937573
2025-04-07 12:35:23,057 - INFO - Distance Error is 1.726267650163199
2025-04-07 12:35:23,057 - INFO - Moving Inside Water Bath
2025-04-07 12:35:24,081 - INFO - Distance Error is 2.111871208194292
2025-04-07 12:35:27,085 - INFO - Moving outside Water Bath
2025-04-07 12:35:29,107 - INFO - Distance Error is 0.7681145747868438
2025-04-07 12:35:31,132 - INFO - Distance Error is 0.6633249580710808
2025-04-07 12:35:31,132 - INFO - Waiting
2025-04-07 12:35:38,158 - WARNING - Distance Error is 11.581882403132925
2025-04-07 12:35:38,158 - INFO - ###################################### Cycle Completed: 13 ####################################################
2025-04-07 12:35:38,159 - INFO - LN2 Time = {-5.028844643999946} 
2025-04-07 12:35:38,159 - INFO - Water Bath = -4.027557372000047 
2025-04-07 12:35:38,159 - INFO - ######################################################################################################################
2025-04-07 12:35:40,183 - WARNING - Distance Error is 11.688455843266892
2025-04-07 12:35:40,183 - INFO - Moving inside LN2
2025-04-07 12:35:42,209 - WARNING - Distance Error is 7.066823897621904
2025-04-07 12:35:45,212 - INFO - Outside LN2
2025-04-07 12:35:47,235 - WARNING - Distance Error is 11.495216396397245
2025-04-07 12:35:49,261 - INFO - Distance Error is 2.034698994937573
2025-04-07 12:35:51,287 - INFO - Distance Error is 1.8330302779822987
2025-04-07 12:35:51,288 - INFO - Moving Inside Water Bath
2025-04-07 12:35:52,312 - INFO - Distance Error is 1.4866068747318497
2025-04-07 12:35:55,316 - INFO - Moving outside Water Bath
2025-04-07 12:35:57,338 - INFO - Distance Error is 0.7280109889280268
2025-04-07 12:35:59,363 - INFO - Distance Error is 0.7483314773547799
2025-04-07 12:35:59,363 - INFO - Waiting
2025-04-07 12:36:06,390 - WARNING - Distance Error is 11.584903970253706
2025-04-07 12:36:06,390 - INFO - ###################################### Cycle Completed: 14 ####################################################
2025-04-07 12:36:06,391 - INFO - LN2 Time = {-5.029035813000064} 
2025-04-07 12:36:06,391 - INFO - Water Bath = -4.027811675999601 
2025-04-07 12:36:06,391 - INFO - ######################################################################################################################
2025-04-07 12:36:08,414 - WARNING - Distance Error is 11.688455843266892
2025-04-07 12:36:08,414 - INFO - Moving inside LN2
2025-04-07 12:36:10,439 - WARNING - Distance Error is 7.066823897621904
2025-04-07 12:36:13,443 - INFO - Outside LN2
2025-04-07 12:36:15,466 - WARNING - Distance Error is 11.495216396397245
2025-04-07 12:36:17,492 - INFO - Distance Error is 2.034698994937573
2025-04-07 12:36:19,518 - INFO - Distance Error is 2.0124611797498013
2025-04-07 12:36:19,518 - INFO - Moving Inside Water Bath
2025-04-07 12:36:20,543 - INFO - Distance Error is 2.874021572639988
2025-04-07 12:36:23,546 - INFO - Moving outside Water Bath
2025-04-07 12:36:25,568 - INFO - Distance Error is 1.0049875621120947
2025-04-07 12:36:27,593 - INFO - Distance Error is 0.7071067811865275
2025-04-07 12:36:27,593 - INFO - Waiting
2025-04-07 12:36:34,618 - WARNING - Distance Error is 11.54209686322206
2025-04-07 12:36:34,618 - INFO - ###################################### Cycle Completed: 15 ####################################################
2025-04-07 12:36:34,619 - INFO - LN2 Time = {-5.028143844000169} 
2025-04-07 12:36:34,619 - INFO - Water Bath = -4.025529901000027 
2025-04-07 12:36:34,619 - INFO - ######################################################################################################################
2025-04-07 12:36:36,642 - WARNING - Distance Error is 11.629273408085322
2025-04-07 12:36:36,643 - INFO - Moving inside LN2
2025-04-07 12:36:38,668 - WARNING - Distance Error is 7.066823897621904
2025-04-07 12:36:41,672 - INFO - Outside LN2
2025-04-07 12:36:43,694 - WARNING - Distance Error is 11.54209686322206
2025-04-07 12:36:45,719 - INFO - Distance Error is 2.034698994937573
2025-04-07 12:36:47,745 - INFO - Distance Error is 2.0124611797498013
2025-04-07 12:36:47,746 - INFO - Moving Inside Water Bath
2025-04-07 12:36:48,770 - INFO - Distance Error is 2.111871208194292
2025-04-07 12:36:51,774 - INFO - Moving outside Water Bath
2025-04-07 12:36:53,795 - INFO - Distance Error is 1.0049875621120947
2025-04-07 12:36:55,820 - INFO - Distance Error is 0.7483314773547799
2025-04-07 12:36:55,820 - INFO - Waiting
2025-04-07 12:37:02,846 - WARNING - Distance Error is 11.584903970253706
2025-04-07 12:37:02,846 - INFO - ###################################### Cycle Completed: 16 ####################################################
2025-04-07 12:37:02,847 - INFO - LN2 Time = {-5.028515655999854} 
2025-04-07 12:37:02,847 - INFO - Water Bath = -4.027587763000156 
2025-04-07 12:37:02,847 - INFO - ######################################################################################################################
2025-04-07 12:37:04,870 - WARNING - Distance Error is 11.670903992407784
2025-04-07 12:37:04,871 - INFO - Moving inside LN2
2025-04-07 12:37:06,895 - WARNING - Distance Error is 7.066823897621904
2025-04-07 12:37:09,899 - INFO - Outside LN2
2025-04-07 12:37:11,922 - WARNING - Distance Error is 11.495216396397245
2025-04-07 12:37:13,947 - INFO - Distance Error is 2.034698994937573
2025-04-07 12:37:15,973 - INFO - Distance Error is 2.0124611797498013
2025-04-07 12:37:15,973 - INFO - Moving Inside Water Bath
2025-04-07 12:37:16,998 - INFO - Distance Error is 1.4866068747318497
2025-04-07 12:37:20,001 - INFO - Moving outside Water Bath
2025-04-07 12:37:22,023 - INFO - Distance Error is 1.0049875621120947
2025-04-07 12:37:24,048 - INFO - Distance Error is 0.7071067811865275
2025-04-07 12:37:24,048 - INFO - Waiting
2025-04-07 12:37:31,074 - WARNING - Distance Error is 11.509126813099249
2025-04-07 12:37:31,074 - INFO - ###################################### Cycle Completed: 17 ####################################################
2025-04-07 12:37:31,075 - INFO - LN2 Time = {-5.028077544999633} 
2025-04-07 12:37:31,075 - INFO - Water Bath = -4.027613191 
2025-04-07 12:37:31,075 - INFO - ######################################################################################################################
2025-04-07 12:37:33,098 - WARNING - Distance Error is 11.598275733918381
2025-04-07 12:37:33,098 - INFO - Moving inside LN2
2025-04-07 12:37:35,123 - WARNING - Distance Error is 6.907966415668224
2025-04-07 12:37:38,127 - INFO - Outside LN2
2025-04-07 12:37:40,149 - WARNING - Distance Error is 11.495216396397245
2025-04-07 12:37:42,175 - INFO - Distance Error is 2.034698994937573
2025-04-07 12:37:44,201 - INFO - Distance Error is 1.726267650163199
2025-04-07 12:37:44,201 - INFO - Moving Inside Water Bath
2025-04-07 12:37:45,226 - INFO - Distance Error is 2.874021572639988
2025-04-07 12:37:48,229 - INFO - Moving outside Water Bath
2025-04-07 12:37:50,251 - INFO - Distance Error is 0.7280109889280268
2025-04-07 12:37:52,275 - INFO - Distance Error is 0.7681145747868672
2025-04-07 12:37:52,276 - INFO - Waiting
2025-04-07 12:37:59,302 - WARNING - Distance Error is 11.584903970253706
2025-04-07 12:37:59,302 - INFO - ###################################### Cycle Completed: 18 ####################################################
2025-04-07 12:37:59,303 - INFO - LN2 Time = {-5.027913962000184} 
2025-04-07 12:37:59,303 - INFO - Water Bath = -4.027624141999695 
2025-04-07 12:37:59,303 - INFO - ######################################################################################################################
2025-04-07 12:38:01,326 - WARNING - Distance Error is 11.688455843266892
2025-04-07 12:38:01,326 - INFO - Moving inside LN2
2025-04-07 12:38:03,351 - WARNING - Distance Error is 6.6670833203133135
2025-04-07 12:38:06,355 - INFO - Outside LN2
2025-04-07 12:38:08,378 - WARNING - Distance Error is 11.495216396397245
2025-04-07 12:38:10,403 - INFO - Distance Error is 2.034698994937573
2025-04-07 12:38:12,429 - INFO - Distance Error is 1.726267650163199
2025-04-07 12:38:12,429 - INFO - Moving Inside Water Bath
2025-04-07 12:38:13,454 - INFO - Distance Error is 2.111871208194292
2025-04-07 12:38:16,457 - INFO - Moving outside Water Bath
2025-04-07 12:38:18,479 - INFO - Distance Error is 0.7280109889280268
2025-04-07 12:38:20,504 - INFO - Distance Error is 0.7681145747868672
2025-04-07 12:38:20,504 - INFO - Waiting
2025-04-07 12:38:27,540 - WARNING - Distance Error is 11.526057435220428
2025-04-07 12:38:27,542 - INFO - ###################################### Cycle Completed: 19 ####################################################
2025-04-07 12:38:27,542 - INFO - LN2 Time = {-5.027947837999818} 
2025-04-07 12:38:27,543 - INFO - Water Bath = -4.027790329999789 
2025-04-07 12:38:27,543 - INFO - ######################################################################################################################
2025-04-07 12:38:29,564 - WARNING - Distance Error is 11.688455843266892
2025-04-07 12:38:29,565 - INFO - Moving inside LN2
2025-04-07 12:38:31,589 - WARNING - Distance Error is 7.066823897621904
2025-04-07 12:38:34,593 - INFO - Outside LN2
2025-04-07 12:38:36,615 - WARNING - Distance Error is 11.451200810395395
2025-04-07 12:38:38,641 - INFO - Distance Error is 2.034698994937573
2025-04-07 12:38:40,667 - INFO - Distance Error is 1.726267650163199
2025-04-07 12:38:40,668 - INFO - Moving Inside Water Bath
2025-04-07 12:38:41,692 - INFO - Distance Error is 2.7748873851023266
2025-04-07 12:38:44,696 - INFO - Moving outside Water Bath
2025-04-07 12:38:46,718 - INFO - Distance Error is 1.0049875621120947
2025-04-07 12:38:48,742 - INFO - Distance Error is 0.7071067811865275
2025-04-07 12:38:48,742 - INFO - Waiting
2025-04-07 12:38:55,777 - WARNING - Distance Error is 11.54209686322206
2025-04-07 12:38:55,777 - INFO - ###################################### Cycle Completed: 20 ####################################################
2025-04-07 12:38:55,778 - INFO - LN2 Time = {-5.027725557999929} 
2025-04-07 12:38:55,778 - INFO - Water Bath = -4.027504366999892 
2025-04-07 12:38:55,778 - INFO - ######################################################################################################################
2025-04-07 12:38:57,802 - WARNING - Distance Error is 11.629273408085322
2025-04-07 12:38:57,802 - INFO - Moving inside LN2
2025-04-07 12:38:59,828 - WARNING - Distance Error is 7.066823897621904
2025-04-07 12:39:02,831 - INFO - Outside LN2
2025-04-07 12:39:04,854 - WARNING - Distance Error is 11.495216396397245
2025-04-07 12:39:06,880 - INFO - Distance Error is 2.034698994937573
2025-04-07 12:39:08,906 - INFO - Distance Error is 1.726267650163199
2025-04-07 12:39:08,906 - INFO - Moving Inside Water Bath
2025-04-07 12:39:09,931 - INFO - Distance Error is 1.6309506430300114
2025-04-07 12:39:12,934 - INFO - Moving outside Water Bath
2025-04-07 12:39:14,956 - INFO - Distance Error is 1.0049875621120947
2025-04-07 12:39:16,981 - INFO - Distance Error is 0.7483314773547799
2025-04-07 12:39:16,981 - INFO - Waiting
2025-04-07 12:39:24,006 - WARNING - Distance Error is 11.581882403132925
2025-04-07 12:39:24,007 - INFO - ###################################### Cycle Completed: 21 ####################################################
2025-04-07 12:39:24,007 - INFO - LN2 Time = {-5.02865611199968} 
2025-04-07 12:39:24,007 - INFO - Water Bath = -4.02775991999988 
2025-04-07 12:39:24,007 - INFO - ######################################################################################################################
2025-04-07 12:39:26,031 - WARNING - Distance Error is 11.688455843266892
2025-04-07 12:39:26,031 - INFO - Moving inside LN2
2025-04-07 12:39:28,057 - WARNING - Distance Error is 7.066823897621904
2025-04-07 12:39:31,060 - INFO - Outside LN2
