2025-04-07 17:13:40,324 - INFO - Distance Error is 2.8337254630609374
2025-04-07 17:13:43,350 - INFO - Distance Error is 2.2494443758404286
2025-04-07 17:13:46,376 - WARNING - Distance Error is 13.233669181296637
2025-04-07 17:13:46,416 - INFO - Moving inside LN2
2025-04-07 17:13:48,443 - WARNING - Distance Error is 5.288667128870947
2025-04-07 17:13:51,447 - INFO - Outside LN2
2025-04-07 17:13:53,510 - WARNING - Distance Error is 13.179150200221564
2025-04-07 17:13:55,577 - INFO - Distance Error is 3.0886890422961115
2025-04-07 17:13:57,603 - INFO - Distance Error is 2.0124611797498013
2025-04-07 17:13:57,604 - INFO - Moving Inside Water Bath
2025-04-07 17:13:58,671 - INFO - Distance Error is 1.6340134638368156
2025-04-07 17:14:02,676 - INFO - Moving outside Water Bath
2025-04-07 17:14:04,746 - INFO - Distance Error is 1.0049875621120947
2025-04-07 17:14:06,772 - INFO - Distance Error is 1.0630145812734753
2025-04-07 17:14:06,773 - INFO - Waiting
2025-04-07 17:14:10,890 - WARNING - Distance Error is 11.759676866308872
2025-04-07 17:14:10,891 - INFO - ###################################### Cycle Completed: 1 ####################################################
2025-04-07 17:14:10,891 - INFO - LN2 Time = {-5.029984813001647} 
2025-04-07 17:14:10,892 - INFO - Water Bath = -5.071847130999231 
2025-04-07 17:14:10,892 - INFO - ######################################################################################################################
2025-04-07 17:14:12,958 - INFO - Distance Error is 3.3166247903554145
2025-04-07 17:14:15,984 - INFO - Distance Error is 2.428991560298244
2025-04-07 17:14:18,510 - INFO - Distance Error is 1.3747727084867514
2025-04-07 17:14:19,512 - INFO - Completed and relesed motors
