2025-04-11 12:01:35,606 - INFO - Starting Experiment
2025-04-11 12:01:35,607 - INFO - Experiment Parameters
2025-04-11 12:01:35,607 - INFO - Experiment Name: Error_Testing
2025-04-11 12:01:35,607 - INFO - Person Responsible: Akshit
2025-04-11 12:01:35,608 - INFO - Thermomixer Time: 5
2025-04-11 12:01:35,608 - INFO - Liquid Nitrogen Time: 5
2025-04-11 12:01:35,608 - INFO - Waiting Time 5
2025-04-11 12:01:35,608 - INFO - Number of Cycles 5
2025-04-11 12:01:35,608 - INFO - Robot Speed 100
2025-04-11 12:01:35,609 - INFO - Run Number 1
2025-04-11 12:01:38,649 - WARNING - Distance Error is 10.804628637764473
2025-04-11 12:01:38,649 - INFO - Moving inside LN2
2025-04-11 12:01:40,675 - WARNING - Distance Error is 8.07341315677577
2025-04-11 12:01:43,679 - INFO - Outside LN2
2025-04-11 12:01:45,703 - INFO - Distance Error is 4.763402145525809
2025-04-11 12:01:47,730 - WARNING - Distance Error is 13.306013678032947
2025-04-11 12:01:47,730 - INFO - Moving Inside Water Bath
2025-04-11 12:01:49,756 - WARNING - Distance Error is 7.017834423809107
2025-04-11 12:01:52,760 - INFO - Moving outside Water Bath
2025-04-11 12:01:54,784 - WARNING - Distance Error is 13.018832512940616
2025-04-11 12:01:54,785 - INFO - Waiting
2025-04-11 12:02:01,812 - WARNING - Distance Error is 5.069516742254636
2025-04-11 12:02:01,813 - INFO - ###################################### Cycle Completed: 1 ####################################################
2025-04-11 12:02:01,813 - INFO - LN2 Time = {-5.029541178999807} 
2025-04-11 12:02:01,813 - INFO - Water Bath = -5.029657182000392 
2025-04-11 12:02:01,814 - INFO - ######################################################################################################################
2025-04-11 12:02:04,851 - WARNING - Distance Error is 10.653168542738813
2025-04-11 12:02:04,851 - INFO - Moving inside LN2
2025-04-11 12:02:06,877 - WARNING - Distance Error is 7.34370478709486
2025-04-11 12:02:09,881 - INFO - Outside LN2
2025-04-11 12:02:11,905 - INFO - Distance Error is 4.722287581247025
2025-04-11 12:02:13,931 - WARNING - Distance Error is 13.306013678032947
2025-04-11 12:02:13,932 - INFO - Moving Inside Water Bath
2025-04-11 12:02:15,958 - WARNING - Distance Error is 6.539877674696988
2025-04-11 12:02:18,962 - INFO - Moving outside Water Bath
2025-04-11 12:02:20,986 - WARNING - Distance Error is 13.213250924734592
2025-04-11 12:02:20,986 - INFO - Waiting
2025-04-11 12:02:28,014 - WARNING - Distance Error is 5.190375708944392
2025-04-11 12:02:28,015 - INFO - ###################################### Cycle Completed: 2 ####################################################
2025-04-11 12:02:28,015 - INFO - LN2 Time = {-5.029483148999589} 
2025-04-11 12:02:28,015 - INFO - Water Bath = -5.029418666999845 
2025-04-11 12:02:28,015 - INFO - ######################################################################################################################
2025-04-11 12:02:31,052 - WARNING - Distance Error is 10.602358228243366
2025-04-11 12:02:31,053 - INFO - Moving inside LN2
2025-04-11 12:02:33,079 - WARNING - Distance Error is 7.34370478709486
2025-04-11 12:02:36,083 - INFO - Outside LN2
2025-04-11 12:02:38,106 - INFO - Distance Error is 4.721228653645153
2025-04-11 12:02:40,133 - WARNING - Distance Error is 13.306013678032947
2025-04-11 12:02:40,134 - INFO - Moving Inside Water Bath
2025-04-11 12:02:42,160 - WARNING - Distance Error is 6.525335240430186
2025-04-11 12:02:45,163 - INFO - Moving outside Water Bath
2025-04-11 12:02:47,187 - WARNING - Distance Error is 13.018832512940616
2025-04-11 12:02:47,188 - INFO - Waiting
2025-04-11 12:02:54,216 - WARNING - Distance Error is 5.50363516232681
2025-04-11 12:02:54,216 - INFO - ###################################### Cycle Completed: 3 ####################################################
2025-04-11 12:02:54,217 - INFO - LN2 Time = {-5.029631182999765} 
2025-04-11 12:02:54,217 - INFO - Water Bath = -5.029542934999881 
2025-04-11 12:02:54,217 - INFO - ######################################################################################################################
2025-04-11 12:02:57,254 - WARNING - Distance Error is 10.264501936285084
2025-04-11 12:02:57,254 - INFO - Moving inside LN2
2025-04-11 12:02:59,281 - WARNING - Distance Error is 7.30068489937759
2025-04-11 12:03:02,284 - INFO - Outside LN2
2025-04-11 12:03:04,308 - INFO - Distance Error is 4.623851208678749
2025-04-11 12:03:06,335 - WARNING - Distance Error is 13.306013678032947
2025-04-11 12:03:06,335 - INFO - Moving Inside Water Bath
2025-04-11 12:03:08,362 - WARNING - Distance Error is 6.539877674696988
2025-04-11 12:03:11,365 - INFO - Moving outside Water Bath
2025-04-11 12:03:13,389 - WARNING - Distance Error is 13.018832512940616
2025-04-11 12:03:13,390 - INFO - Waiting
2025-04-11 12:03:20,418 - WARNING - Distance Error is 5.50363516232681
2025-04-11 12:03:20,418 - INFO - ###################################### Cycle Completed: 4 ####################################################
2025-04-11 12:03:20,418 - INFO - LN2 Time = {-5.029502923000109} 
2025-04-11 12:03:20,419 - INFO - Water Bath = -5.029364101999818 
2025-04-11 12:03:20,419 - INFO - ######################################################################################################################
2025-04-11 12:03:23,456 - WARNING - Distance Error is 10.602358228243366
2025-04-11 12:03:23,456 - INFO - Moving inside LN2
2025-04-11 12:03:25,482 - WARNING - Distance Error is 7.063285354564109
2025-04-11 12:03:28,486 - INFO - Outside LN2
2025-04-11 12:03:30,510 - INFO - Distance Error is 4.65939910288869
2025-04-11 12:03:32,537 - WARNING - Distance Error is 13.306013678032947
2025-04-11 12:03:32,537 - INFO - Moving Inside Water Bath
2025-04-11 12:03:34,563 - WARNING - Distance Error is 6.181423784210232
2025-04-11 12:03:37,567 - INFO - Moving outside Water Bath
2025-04-11 12:03:39,591 - WARNING - Distance Error is 13.018832512940616
2025-04-11 12:03:39,592 - INFO - Waiting
2025-04-11 12:03:46,620 - WARNING - Distance Error is 5.50363516232681
2025-04-11 12:03:46,620 - INFO - ###################################### Cycle Completed: 5 ####################################################
2025-04-11 12:03:46,620 - INFO - LN2 Time = {-5.029548366000199} 
2025-04-11 12:03:46,620 - INFO - Water Bath = -5.029509909999888 
2025-04-11 12:03:46,621 - INFO - ######################################################################################################################
2025-04-11 12:03:46,621 - INFO - Operation Completed Sucessfully
2025-04-11 12:03:46,621 - INFO - Programmed execution completed
