2025-04-04 15:01:17,326 - INFO - Starting Experiment
2025-04-04 15:01:17,326 - INFO - Experiment Parameters
2025-04-04 15:01:17,327 - INFO - Experiment Name: MLB-BQ-022-2_15cyc
2025-04-04 15:01:17,327 - INFO - Person Responsible: Ben Quach
2025-04-04 15:01:17,327 - INFO - Thermomixer Time: 5
2025-04-04 15:01:17,327 - INFO - Liquid Nitrogen Time: 5
2025-04-04 15:01:17,327 - INFO - Waiting Time 5
2025-04-04 15:01:17,328 - INFO - Number of Cycles 30
2025-04-04 15:01:17,328 - INFO - Robot Speed 100
2025-04-04 15:01:17,328 - INFO - Run Number 30
2025-04-04 15:01:19,390 - INFO - distance error 5.022947341949749 mm
2025-04-04 15:01:22,446 - INFO - distance error 2.5729360660537237 mm
2025-04-04 15:01:25,506 - INFO - distance error 13.28984574778804 mm
2025-04-04 15:01:25,507 - INFO - Moving inside LN2
2025-04-04 15:01:27,567 - INFO - distance error 4.809365862564416 mm
2025-04-04 15:01:30,569 - INFO - Outside LN2
2025-04-04 15:01:32,634 - INFO - distance error 13.123261789661916 mm
2025-04-04 15:01:34,694 - INFO - distance error 2.1400934559032754 mm
2025-04-04 15:01:36,755 - INFO - distance error 1.987460691435172 mm
2025-04-04 15:01:36,755 - INFO - Moving Inside Water Bath
2025-04-04 15:01:37,766 - WARNING - Bug, can't find distance error
2025-04-04 15:01:40,770 - INFO - Moving outside Water Bath
2025-04-04 15:01:42,834 - INFO - distance error 0.7681145747868438 mm
2025-04-04 15:01:44,895 - INFO - distance error 0.7141428428542822 mm
2025-04-04 15:01:44,895 - INFO - Waiting
2025-04-04 15:01:49,564 - ERROR - Experiment manually stooped with Keyboard Interrupt (crtl + c)
2025-04-04 15:01:54,565 - INFO - Programmed execution completed
