2025-04-11 14:41:23,324 - INFO - Starting Experiment
2025-04-11 14:41:23,325 - INFO - Experiment Parameters
2025-04-11 14:41:23,326 - INFO - Experiment Name: Error_Testing
2025-04-11 14:41:23,326 - INFO - Person Responsible: Akshit
2025-04-11 14:41:23,326 - INFO - Thermomixer Time: 5
2025-04-11 14:41:23,327 - INFO - Liquid Nitrogen Time: 5
2025-04-11 14:41:23,327 - INFO - Waiting Time 5
2025-04-11 14:41:23,327 - INFO - Number of Cycles 5
2025-04-11 14:41:23,328 - INFO - Robot Speed 100
2025-04-11 14:41:23,328 - INFO - Run Number 1
2025-04-11 14:41:25,148 - INFO - Starting Experiment
2025-04-11 14:41:27,174 - WARNING - Distance Error is 7.451845409024552
2025-04-11 14:41:29,194 - INFO - Distance Error is 2.102379604162856
2025-04-11 14:41:32,232 - WARNING - Distance Error is 8.367795408588805
2025-04-11 14:41:32,233 - INFO - Moving inside LN2
2025-04-11 14:41:34,259 - WARNING - Distance Error is 7.2725511342306834
2025-04-11 14:41:37,260 - INFO - Outside LN2
2025-04-11 14:41:39,286 - INFO - Distance Error is 4.940647730814253
2025-04-11 14:41:41,314 - ERROR - Distance Error is 283.1806137432434
2025-04-11 14:41:41,322 - ERROR - Error Function returns mc.get_error_information() =32
2025-04-11 14:41:41,349 - ERROR - Distance Error is 283.1806137432434
2025-04-11 14:41:41,359 - ERROR - Error Function returns mc.get_error_information() =32
2025-04-11 14:41:41,386 - ERROR - Distance Error is 283.1806137432434
2025-04-11 14:41:41,400 - ERROR - Error Function returns mc.get_error_information() =32
2025-04-11 14:41:41,423 - ERROR - Distance Error is 283.1806137432434
2025-04-11 14:41:41,432 - ERROR - Error Function returns mc.get_error_information() =32
2025-04-11 14:41:41,458 - ERROR - Distance Error is 283.1806137432434
2025-04-11 14:41:41,467 - ERROR - Error Function returns mc.get_error_information() =32
2025-04-11 14:41:41,494 - ERROR - Distance Error is 283.1806137432434
2025-04-11 14:41:41,503 - ERROR - Error Function returns mc.get_error_information() =32
2025-04-11 14:41:41,530 - ERROR - Distance Error is 283.1806137432434
2025-04-11 14:41:41,539 - ERROR - Error Function returns mc.get_error_information() =32
2025-04-11 14:41:41,568 - ERROR - Distance Error is 283.1806137432434
2025-04-11 14:41:41,575 - ERROR - Error Function returns mc.get_error_information() =32
2025-04-11 14:41:41,604 - ERROR - Distance Error is 283.1806137432434
2025-04-11 14:41:41,614 - ERROR - Error Function returns mc.get_error_information() =32
2025-04-11 14:41:41,643 - ERROR - Distance Error is 283.1806137432434
2025-04-11 14:41:41,653 - ERROR - Error Function returns mc.get_error_information() =32
2025-04-11 14:41:41,680 - ERROR - Distance Error is 283.1806137432434
2025-04-11 14:41:41,688 - ERROR - Error Function returns mc.get_error_information() =32
2025-04-11 14:41:41,715 - ERROR - Distance Error is 283.1806137432434
2025-04-11 14:41:41,724 - ERROR - Error Function returns mc.get_error_information() =32
2025-04-11 14:41:41,752 - ERROR - Distance Error is 283.12052203964305
2025-04-11 14:41:41,760 - ERROR - Error Function returns mc.get_error_information() =32
2025-04-11 14:41:41,786 - ERROR - Distance Error is 283.12052203964305
2025-04-11 14:41:41,796 - ERROR - Error Function returns mc.get_error_information() =32
2025-04-11 14:41:41,825 - ERROR - Distance Error is 283.12052203964305
2025-04-11 14:41:41,831 - ERROR - Error Function returns mc.get_error_information() =32
2025-04-11 14:41:41,858 - ERROR - Distance Error is 283.12052203964305
2025-04-11 14:41:41,867 - ERROR - Error Function returns mc.get_error_information() =32
2025-04-11 14:41:41,894 - ERROR - Distance Error is 283.12052203964305
2025-04-11 14:41:41,904 - ERROR - Error Function returns mc.get_error_information() =32
2025-04-11 14:41:41,931 - ERROR - Distance Error is 283.12052203964305
2025-04-11 14:41:41,941 - ERROR - Error Function returns mc.get_error_information() =32
2025-04-11 14:41:41,967 - ERROR - Distance Error is 283.12052203964305
2025-04-11 14:41:41,977 - ERROR - Error Function returns mc.get_error_information() =32
2025-04-11 14:41:42,005 - ERROR - Distance Error is 283.12052203964305
2025-04-11 14:41:42,013 - ERROR - Error Function returns mc.get_error_information() =32
2025-04-11 14:41:42,040 - ERROR - Distance Error is 283.12052203964305
2025-04-11 14:41:42,049 - ERROR - Error Function returns mc.get_error_information() =32
2025-04-11 14:41:42,076 - ERROR - Distance Error is 283.12052203964305
2025-04-11 14:41:42,085 - ERROR - Error Function returns mc.get_error_information() =32
2025-04-11 14:41:42,113 - ERROR - Distance Error is 262.13366819239377
2025-04-11 14:41:42,122 - ERROR - Error Function returns mc.get_error_information() =32
2025-04-11 14:41:42,151 - ERROR - Distance Error is 283.12052203964305
2025-04-11 14:41:42,161 - ERROR - Error Function returns mc.get_error_information() =32
2025-04-11 14:41:42,188 - ERROR - Distance Error is 283.12052203964305
2025-04-11 14:41:42,197 - ERROR - Error Function returns mc.get_error_information() =32
2025-04-11 14:41:42,223 - ERROR - Distance Error is 283.12052203964305
2025-04-11 14:41:42,233 - ERROR - Error Function returns mc.get_error_information() =32
2025-04-11 14:41:42,259 - ERROR - Distance Error is 283.12052203964305
2025-04-11 14:41:42,269 - ERROR - Error Function returns mc.get_error_information() =32
2025-04-11 14:41:42,301 - ERROR - Distance Error is 283.12052203964305
2025-04-11 14:41:42,304 - ERROR - Error Function returns mc.get_error_information() =32
2025-04-11 14:41:42,332 - ERROR - Distance Error is 283.12052203964305
2025-04-11 14:41:42,340 - ERROR - Error Function returns mc.get_error_information() =32
2025-04-11 14:41:42,368 - ERROR - Distance Error is 283.12052203964305
2025-04-11 14:41:42,376 - ERROR - Error Function returns mc.get_error_information() =32
2025-04-11 14:41:42,403 - ERROR - Distance Error is 283.12052203964305
2025-04-11 14:41:42,414 - ERROR - Error Function returns mc.get_error_information() =32
2025-04-11 14:41:42,440 - ERROR - Distance Error is 283.12052203964305
2025-04-11 14:41:42,450 - ERROR - Error Function returns mc.get_error_information() =32
2025-04-11 14:41:42,476 - ERROR - Distance Error is 283.12052203964305
2025-04-11 14:41:42,486 - ERROR - Error Function returns mc.get_error_information() =32
2025-04-11 14:41:42,513 - ERROR - Distance Error is 283.12052203964305
2025-04-11 14:41:42,522 - ERROR - Error Function returns mc.get_error_information() =32
2025-04-11 14:41:42,548 - ERROR - Distance Error is 283.12052203964305
2025-04-11 14:41:42,558 - ERROR - Error Function returns mc.get_error_information() =32
2025-04-11 14:41:42,584 - ERROR - Distance Error is 283.12052203964305
2025-04-11 14:41:42,594 - ERROR - Error Function returns mc.get_error_information() =32
2025-04-11 14:41:42,622 - ERROR - Distance Error is 283.12052203964305
2025-04-11 14:41:42,632 - ERROR - Error Function returns mc.get_error_information() =32
2025-04-11 14:41:42,660 - ERROR - Distance Error is 283.12052203964305
2025-04-11 14:41:42,671 - ERROR - Error Function returns mc.get_error_information() =32
2025-04-11 14:41:42,697 - ERROR - Distance Error is 283.12052203964305
2025-04-11 14:41:42,706 - ERROR - Error Function returns mc.get_error_information() =32
2025-04-11 14:41:42,741 - ERROR - Distance Error is 283.12052203964305
2025-04-11 14:41:42,752 - ERROR - Error Function returns mc.get_error_information() =32
2025-04-11 14:41:42,779 - ERROR - Distance Error is 283.12052203964305
2025-04-11 14:41:42,789 - ERROR - Error Function returns mc.get_error_information() =32
2025-04-11 14:41:42,816 - ERROR - Distance Error is 283.12052203964305
2025-04-11 14:41:42,824 - ERROR - Error Function returns mc.get_error_information() =32
2025-04-11 14:41:42,850 - ERROR - Distance Error is 283.12052203964305
2025-04-11 14:41:42,860 - ERROR - Error Function returns mc.get_error_information() =32
2025-04-11 14:41:42,886 - ERROR - Distance Error is 283.05654912048936
2025-04-11 14:41:42,896 - ERROR - Error Function returns mc.get_error_information() =32
2025-04-11 14:41:42,924 - ERROR - Distance Error is 283.05654912048936
2025-04-11 14:41:42,932 - ERROR - Error Function returns mc.get_error_information() =32
2025-04-11 14:41:42,960 - ERROR - Distance Error is 283.05654912048936
2025-04-11 14:41:42,968 - ERROR - Error Function returns mc.get_error_information() =32
2025-04-11 14:41:42,996 - ERROR - Distance Error is 283.05654912048936
2025-04-11 14:41:43,006 - ERROR - Error Function returns mc.get_error_information() =32
2025-04-11 14:41:43,034 - ERROR - Distance Error is 283.05654912048936
2025-04-11 14:41:43,045 - ERROR - Error Function returns mc.get_error_information() =32
2025-04-11 14:41:43,071 - ERROR - Distance Error is 283.05654912048936
2025-04-11 14:41:43,081 - ERROR - Error Function returns mc.get_error_information() =32
2025-04-11 14:41:43,108 - ERROR - Distance Error is 283.05654912048936
2025-04-11 14:41:43,117 - ERROR - Error Function returns mc.get_error_information() =32
2025-04-11 14:41:43,144 - ERROR - Distance Error is 283.05654912048936
2025-04-11 14:41:43,153 - ERROR - Error Function returns mc.get_error_information() =32
2025-04-11 14:41:43,180 - ERROR - Distance Error is 283.05654912048936
2025-04-11 14:41:43,189 - ERROR - Error Function returns mc.get_error_information() =32
2025-04-11 14:41:43,216 - ERROR - Distance Error is 283.05654912048936
2025-04-11 14:41:43,225 - ERROR - Error Function returns mc.get_error_information() =32
2025-04-11 14:41:43,252 - ERROR - Distance Error is 283.05654912048936
2025-04-11 14:41:43,262 - ERROR - Error Function returns mc.get_error_information() =32
2025-04-11 14:41:43,289 - ERROR - Distance Error is 283.05654912048936
2025-04-11 14:41:43,298 - ERROR - Error Function returns mc.get_error_information() =32
2025-04-11 14:41:43,325 - ERROR - Distance Error is 283.05654912048936
2025-04-11 14:41:43,334 - ERROR - Error Function returns mc.get_error_information() =32
2025-04-11 14:41:43,364 - ERROR - Distance Error is 283.05654912048936
2025-04-11 14:41:43,370 - ERROR - Error Function returns mc.get_error_information() =32
2025-04-11 14:41:43,397 - ERROR - Distance Error is 283.05654912048936
2025-04-11 14:41:43,406 - ERROR - Error Function returns mc.get_error_information() =32
2025-04-11 14:41:43,434 - ERROR - Distance Error is 283.05654912048936
2025-04-11 14:41:43,444 - ERROR - Error Function returns mc.get_error_information() =32
2025-04-11 14:41:43,472 - ERROR - Distance Error is 283.05654912048936
2025-04-11 14:41:43,483 - ERROR - Error Function returns mc.get_error_information() =32
2025-04-11 14:41:43,509 - ERROR - Distance Error is 283.05654912048936
2025-04-11 14:41:43,519 - ERROR - Error Function returns mc.get_error_information() =32
2025-04-11 14:41:43,546 - ERROR - Distance Error is 283.05654912048936
2025-04-11 14:41:43,555 - ERROR - Error Function returns mc.get_error_information() =32
2025-04-11 14:41:43,583 - ERROR - Distance Error is 283.05654912048936
2025-04-11 14:41:43,591 - ERROR - Error Function returns mc.get_error_information() =32
2025-04-11 14:41:43,620 - ERROR - Distance Error is 283.05654912048936
2025-04-11 14:41:43,627 - ERROR - Error Function returns mc.get_error_information() =32
2025-04-11 14:41:43,654 - ERROR - Distance Error is 283.05654912048936
2025-04-11 14:41:43,663 - ERROR - Error Function returns mc.get_error_information() =32
2025-04-11 14:41:43,690 - ERROR - Distance Error is 283.05654912048936
2025-04-11 14:41:43,700 - ERROR - Error Function returns mc.get_error_information() =32
2025-04-11 14:41:43,727 - ERROR - Distance Error is 283.19775775948506
2025-04-11 14:41:43,737 - ERROR - Error Function returns mc.get_error_information() =32
2025-04-11 14:41:43,763 - ERROR - Distance Error is 283.19775775948506
2025-04-11 14:41:43,772 - ERROR - Error Function returns mc.get_error_information() =32
2025-04-11 14:41:43,801 - ERROR - Distance Error is 283.19775775948506
2025-04-11 14:41:43,808 - ERROR - Error Function returns mc.get_error_information() =32
2025-04-11 14:41:43,836 - ERROR - Distance Error is 283.19775775948506
2025-04-11 14:41:43,844 - ERROR - Error Function returns mc.get_error_information() =32
2025-04-11 14:41:43,871 - ERROR - Distance Error is 283.19775775948506
2025-04-11 14:41:43,880 - ERROR - Error Function returns mc.get_error_information() =32
2025-04-11 14:41:43,908 - ERROR - Distance Error is 283.19775775948506
2025-04-11 14:41:43,918 - ERROR - Error Function returns mc.get_error_information() =32
2025-04-11 14:41:43,948 - ERROR - Distance Error is 262.24625831458485
2025-04-11 14:41:43,958 - ERROR - Error Function returns mc.get_error_information() =32
2025-04-11 14:41:43,988 - ERROR - Distance Error is 283.19775775948506
2025-04-11 14:41:43,995 - ERROR - Error Function returns mc.get_error_information() =32
2025-04-11 14:41:44,023 - ERROR - Distance Error is 283.19775775948506
2025-04-11 14:41:44,031 - ERROR - Error Function returns mc.get_error_information() =32
2025-04-11 14:41:44,060 - ERROR - Distance Error is 283.19775775948506
2025-04-11 14:41:44,067 - ERROR - Error Function returns mc.get_error_information() =32
2025-04-11 14:41:44,094 - ERROR - Distance Error is 283.19775775948506
2025-04-11 14:41:44,103 - ERROR - Error Function returns mc.get_error_information() =32
2025-04-11 14:41:44,130 - ERROR - Distance Error is 283.19775775948506
2025-04-11 14:41:44,139 - ERROR - Error Function returns mc.get_error_information() =32
2025-04-11 14:41:44,166 - ERROR - Distance Error is 283.19775775948506
2025-04-11 14:41:44,176 - ERROR - Error Function returns mc.get_error_information() =32
2025-04-11 14:41:44,203 - ERROR - Distance Error is 283.19775775948506
2025-04-11 14:41:44,213 - ERROR - Error Function returns mc.get_error_information() =32
2025-04-11 14:41:44,240 - ERROR - Distance Error is 283.19775775948506
2025-04-11 14:41:44,248 - ERROR - Error Function returns mc.get_error_information() =32
2025-04-11 14:41:44,276 - ERROR - Distance Error is 283.19775775948506
2025-04-11 14:41:44,284 - ERROR - Error Function returns mc.get_error_information() =32
2025-04-11 14:41:44,312 - ERROR - Distance Error is 283.19775775948506
2025-04-11 14:41:44,320 - ERROR - Error Function returns mc.get_error_information() =32
2025-04-11 14:41:44,348 - ERROR - Distance Error is 283.1116034358182
2025-04-11 14:41:44,358 - ERROR - Error Function returns mc.get_error_information() =32
2025-04-11 14:41:44,387 - ERROR - Distance Error is 283.09297059446743
2025-04-11 14:41:44,397 - ERROR - Error Function returns mc.get_error_information() =32
2025-04-11 14:41:44,424 - ERROR - Distance Error is 282.9950706284475
2025-04-11 14:41:44,433 - ERROR - Error Function returns mc.get_error_information() =32
2025-04-11 14:41:44,460 - ERROR - Distance Error is 283.09062153310555
2025-04-11 14:41:44,469 - ERROR - Error Function returns mc.get_error_information() =32
2025-04-11 14:41:44,496 - ERROR - Distance Error is 283.07046825834726
2025-04-11 14:41:44,505 - ERROR - Error Function returns mc.get_error_information() =32
2025-04-11 14:41:44,532 - ERROR - Distance Error is 283.0545707103137
2025-04-11 14:41:44,541 - ERROR - Error Function returns mc.get_error_information() =32
2025-04-11 14:41:44,568 - ERROR - Distance Error is 282.82991355229734
2025-04-11 14:41:44,577 - ERROR - Error Function returns mc.get_error_information() =32
2025-04-11 14:41:44,604 - ERROR - Distance Error is 282.82264760800183
2025-04-11 14:41:44,614 - ERROR - Error Function returns mc.get_error_information() =32
2025-04-11 14:41:44,641 - ERROR - Distance Error is 282.82264760800183
2025-04-11 14:41:44,651 - ERROR - Error Function returns mc.get_error_information() =32
2025-04-11 14:41:44,680 - ERROR - Distance Error is 283.1086010703313
2025-04-11 14:41:44,686 - ERROR - Error Function returns mc.get_error_information() =32
2025-04-11 14:41:44,716 - ERROR - Distance Error is 283.33741369610897
2025-04-11 14:41:44,722 - ERROR - Error Function returns mc.get_error_information() =32
2025-04-11 14:41:44,749 - ERROR - Distance Error is 282.9881622965879
2025-04-11 14:41:44,758 - ERROR - Error Function returns mc.get_error_information() =32
2025-04-11 14:41:44,785 - ERROR - Distance Error is 283.36404147315517
2025-04-11 14:41:44,794 - ERROR - Error Function returns mc.get_error_information() =32
2025-04-11 14:41:44,822 - ERROR - Distance Error is 283.6591969247604
2025-04-11 14:41:44,833 - ERROR - Error Function returns mc.get_error_information() =32
2025-04-11 14:41:44,861 - ERROR - Distance Error is 283.6591969247604
2025-04-11 14:41:44,872 - ERROR - Error Function returns mc.get_error_information() =32
2025-04-11 14:41:44,898 - ERROR - Distance Error is 283.6591969247604
2025-04-11 14:41:44,906 - ERROR - Error Function returns mc.get_error_information() =32
2025-04-11 14:41:44,936 - ERROR - Distance Error is 283.6591969247604
2025-04-11 14:41:44,942 - ERROR - Error Function returns mc.get_error_information() =32
2025-04-11 14:41:44,969 - ERROR - Distance Error is 283.6591969247604
2025-04-11 14:41:44,978 - ERROR - Error Function returns mc.get_error_information() =32
2025-04-11 14:41:45,005 - ERROR - Distance Error is 283.6575576289128
2025-04-11 14:41:45,014 - ERROR - Error Function returns mc.get_error_information() =32
2025-04-11 14:41:45,041 - ERROR - Distance Error is 283.8023608076578
2025-04-11 14:41:45,050 - ERROR - Error Function returns mc.get_error_information() =32
2025-04-11 14:41:45,077 - ERROR - Distance Error is 284.08894733868124
2025-04-11 14:41:45,087 - ERROR - Error Function returns mc.get_error_information() =32
2025-04-11 14:41:45,113 - ERROR - Distance Error is 284.13181800002616
2025-04-11 14:41:45,124 - ERROR - Error Function returns mc.get_error_information() =32
2025-04-11 14:41:45,152 - ERROR - Distance Error is 284.0300336232068
2025-04-11 14:41:45,160 - ERROR - Error Function returns mc.get_error_information() =32
2025-04-11 14:41:45,188 - ERROR - Distance Error is 283.9722521655945
2025-04-11 14:41:45,195 - ERROR - Error Function returns mc.get_error_information() =32
2025-04-11 14:41:45,222 - ERROR - Distance Error is 283.6870635048415
2025-04-11 14:41:45,231 - ERROR - Error Function returns mc.get_error_information() =32
2025-04-11 14:41:45,258 - ERROR - Distance Error is 283.6904298703077
2025-04-11 14:41:45,268 - ERROR - Error Function returns mc.get_error_information() =32
2025-04-11 14:41:45,294 - ERROR - Distance Error is 283.6428211677496
2025-04-11 14:41:45,304 - ERROR - Error Function returns mc.get_error_information() =32
2025-04-11 14:41:45,332 - ERROR - Distance Error is 262.65957054712476
2025-04-11 14:41:45,342 - ERROR - Error Function returns mc.get_error_information() =32
2025-04-11 14:41:45,370 - ERROR - Distance Error is 283.66460829648804
2025-04-11 14:41:45,381 - ERROR - Error Function returns mc.get_error_information() =32
2025-04-11 14:41:45,407 - ERROR - Distance Error is 283.66460829648804
2025-04-11 14:41:45,416 - ERROR - Error Function returns mc.get_error_information() =32
2025-04-11 14:41:45,444 - ERROR - Distance Error is 283.66460829648804
2025-04-11 14:41:45,452 - ERROR - Error Function returns mc.get_error_information() =32
2025-04-11 14:41:45,479 - ERROR - Distance Error is 283.66460829648804
2025-04-11 14:41:45,489 - ERROR - Error Function returns mc.get_error_information() =32
2025-04-11 14:41:45,515 - ERROR - Distance Error is 283.66460829648804
2025-04-11 14:41:45,525 - ERROR - Error Function returns mc.get_error_information() =32
2025-04-11 14:41:45,552 - ERROR - Distance Error is 283.66460829648804
2025-04-11 14:41:45,561 - ERROR - Error Function returns mc.get_error_information() =32
2025-04-11 14:41:45,588 - ERROR - Distance Error is 283.66460829648804
2025-04-11 14:41:45,598 - ERROR - Error Function returns mc.get_error_information() =32
2025-04-11 14:41:45,624 - ERROR - Distance Error is 283.66460829648804
2025-04-11 14:41:45,634 - ERROR - Error Function returns mc.get_error_information() =32
2025-04-11 14:41:45,660 - ERROR - Distance Error is 282.928630576688
2025-04-11 14:41:45,670 - ERROR - Error Function returns mc.get_error_information() =32
2025-04-11 14:41:45,696 - ERROR - Distance Error is 282.70815340205525
2025-04-11 14:41:45,706 - ERROR - Error Function returns mc.get_error_information() =32
2025-04-11 14:41:45,732 - ERROR - Distance Error is 282.4878227463973
2025-04-11 14:41:45,742 - ERROR - Error Function returns mc.get_error_information() =32
2025-04-11 14:41:45,768 - ERROR - Distance Error is 282.4878227463973
2025-04-11 14:41:45,778 - ERROR - Error Function returns mc.get_error_information() =32
2025-04-11 14:41:45,808 - ERROR - Distance Error is 282.4878227463973
2025-04-11 14:41:45,815 - ERROR - Error Function returns mc.get_error_information() =32
2025-04-11 14:41:45,844 - ERROR - Distance Error is 383.40006520604555
2025-04-11 14:41:45,855 - ERROR - Error Function returns mc.get_error_information() =17
2025-04-11 14:41:45,882 - ERROR - Distance Error is 282.4878227463973
2025-04-11 14:41:45,891 - ERROR - Error Function returns mc.get_error_information() =32
2025-04-11 14:41:45,917 - ERROR - Distance Error is 282.4144118135617
2025-04-11 14:41:45,927 - ERROR - Error Function returns mc.get_error_information() =32
2025-04-11 14:41:45,953 - ERROR - Distance Error is 282.4144118135617
2025-04-11 14:41:45,963 - ERROR - Error Function returns mc.get_error_information() =32
2025-04-11 14:41:45,990 - ERROR - Distance Error is 282.4144118135617
2025-04-11 14:41:45,999 - ERROR - Error Function returns mc.get_error_information() =32
2025-04-11 14:41:46,028 - ERROR - Distance Error is 282.4144118135617
2025-04-11 14:41:46,035 - ERROR - Error Function returns mc.get_error_information() =32
2025-04-11 14:41:46,064 - ERROR - Distance Error is 282.4144118135617
2025-04-11 14:41:46,071 - ERROR - Error Function returns mc.get_error_information() =32
2025-04-11 14:41:46,098 - ERROR - Distance Error is 282.4144118135617
2025-04-11 14:41:46,108 - ERROR - Error Function returns mc.get_error_information() =32
2025-04-11 14:41:46,135 - ERROR - Distance Error is 282.4144118135617
2025-04-11 14:41:46,144 - ERROR - Error Function returns mc.get_error_information() =32
2025-04-11 14:41:46,170 - ERROR - Distance Error is 282.4144118135617
2025-04-11 14:41:46,180 - ERROR - Error Function returns mc.get_error_information() =32
2025-04-11 14:41:46,207 - ERROR - Distance Error is 282.4144118135617
2025-04-11 14:41:46,216 - ERROR - Error Function returns mc.get_error_information() =32
2025-04-11 14:41:46,244 - ERROR - Distance Error is 282.4144118135617
2025-04-11 14:41:46,252 - ERROR - Error Function returns mc.get_error_information() =32
2025-04-11 14:41:46,280 - ERROR - Distance Error is 282.4878227463973
2025-04-11 14:41:46,289 - ERROR - Error Function returns mc.get_error_information() =32
2025-04-11 14:41:46,318 - ERROR - Distance Error is 262.33756879257686
2025-04-11 14:41:46,329 - ERROR - Error Function returns mc.get_error_information() =32
2025-04-11 14:41:46,356 - ERROR - Distance Error is 282.4878227463973
2025-04-11 14:41:46,366 - ERROR - Error Function returns mc.get_error_information() =32
2025-04-11 14:41:46,393 - ERROR - Distance Error is 282.5612499972351
2025-04-11 14:41:46,402 - ERROR - Error Function returns mc.get_error_information() =32
2025-04-11 14:41:46,429 - ERROR - Distance Error is 282.5612499972351
2025-04-11 14:41:46,438 - ERROR - Error Function returns mc.get_error_information() =32
2025-04-11 14:41:46,465 - ERROR - Distance Error is 282.5612499972351
2025-04-11 14:41:46,474 - ERROR - Error Function returns mc.get_error_information() =32
2025-04-11 14:41:46,501 - ERROR - Distance Error is 282.5612499972351
2025-04-11 14:41:46,510 - ERROR - Error Function returns mc.get_error_information() =32
2025-04-11 14:41:46,537 - ERROR - Distance Error is 282.5612499972351
2025-04-11 14:41:46,547 - ERROR - Error Function returns mc.get_error_information() =32
2025-04-11 14:41:46,574 - ERROR - Distance Error is 282.5612499972351
2025-04-11 14:41:46,583 - ERROR - Error Function returns mc.get_error_information() =32
2025-04-11 14:41:46,610 - ERROR - Distance Error is 282.5612499972351
2025-04-11 14:41:46,619 - ERROR - Error Function returns mc.get_error_information() =32
2025-04-11 14:41:46,646 - ERROR - Distance Error is 282.5612499972351
2025-04-11 14:41:46,655 - ERROR - Error Function returns mc.get_error_information() =32
2025-04-11 14:41:46,684 - ERROR - Distance Error is 282.5612499972351
2025-04-11 14:41:46,691 - ERROR - Error Function returns mc.get_error_information() =32
2025-04-11 14:41:46,720 - ERROR - Distance Error is 282.5612499972351
2025-04-11 14:41:46,727 - ERROR - Error Function returns mc.get_error_information() =32
2025-04-11 14:41:46,755 - ERROR - Distance Error is 282.5612499972351
2025-04-11 14:41:46,765 - ERROR - Error Function returns mc.get_error_information() =32
2025-04-11 14:41:46,794 - ERROR - Distance Error is 459.1360582659567
2025-04-11 14:41:46,804 - ERROR - Error Function returns mc.get_error_information() =17
2025-04-11 14:41:46,830 - ERROR - Distance Error is 282.5612499972351
2025-04-11 14:41:46,840 - ERROR - Error Function returns mc.get_error_information() =32
2025-04-11 14:41:46,867 - ERROR - Distance Error is 282.5612499972351
2025-04-11 14:41:46,876 - ERROR - Error Function returns mc.get_error_information() =32
2025-04-11 14:41:46,903 - ERROR - Distance Error is 282.5612499972351
2025-04-11 14:41:46,912 - ERROR - Error Function returns mc.get_error_information() =32
2025-04-11 14:41:46,940 - ERROR - Distance Error is 282.5612499972351
2025-04-11 14:41:46,948 - ERROR - Error Function returns mc.get_error_information() =32
2025-04-11 14:41:46,975 - ERROR - Distance Error is 282.5612499972351
2025-04-11 14:41:46,984 - ERROR - Error Function returns mc.get_error_information() =32
2025-04-11 14:41:47,011 - ERROR - Distance Error is 282.5612499972351
2025-04-11 14:41:47,020 - ERROR - Error Function returns mc.get_error_information() =32
2025-04-11 14:41:47,047 - ERROR - Distance Error is 282.5612499972351
2025-04-11 14:41:47,057 - ERROR - Error Function returns mc.get_error_information() =32
2025-04-11 14:41:47,084 - ERROR - Distance Error is 282.5612499972351
2025-04-11 14:41:47,093 - ERROR - Error Function returns mc.get_error_information() =32
2025-04-11 14:41:47,120 - ERROR - Distance Error is 282.5612499972351
2025-04-11 14:41:47,129 - ERROR - Error Function returns mc.get_error_information() =32
2025-04-11 14:41:47,156 - ERROR - Distance Error is 282.5612499972351
2025-04-11 14:41:47,165 - ERROR - Error Function returns mc.get_error_information() =32
2025-04-11 14:41:47,192 - ERROR - Distance Error is 282.5612499972351
2025-04-11 14:41:47,201 - ERROR - Error Function returns mc.get_error_information() =32
2025-04-11 14:41:47,228 - ERROR - Distance Error is 282.5612499972351
2025-04-11 14:41:47,238 - ERROR - Error Function returns mc.get_error_information() =32
2025-04-11 14:41:47,266 - ERROR - Distance Error is 282.7816295306327
2025-04-11 14:41:47,276 - ERROR - Error Function returns mc.get_error_information() =32
2025-04-11 14:41:47,305 - ERROR - Distance Error is 458.99482567889584
2025-04-11 14:41:47,315 - ERROR - Error Function returns mc.get_error_information() =17
2025-04-11 14:41:47,345 - ERROR - Distance Error is 283.37002311465477
2025-04-11 14:41:47,351 - ERROR - Error Function returns mc.get_error_information() =32
2025-04-11 14:41:47,380 - ERROR - Distance Error is 283.37002311465477
2025-04-11 14:41:47,387 - ERROR - Error Function returns mc.get_error_information() =32
2025-04-11 14:41:47,414 - ERROR - Distance Error is 283.43761218299875
2025-04-11 14:41:47,423 - ERROR - Error Function returns mc.get_error_information() =32
2025-04-11 14:41:47,450 - ERROR - Distance Error is 283.43761218299875
2025-04-11 14:41:47,459 - ERROR - Error Function returns mc.get_error_information() =32
2025-04-11 14:41:47,486 - ERROR - Distance Error is 283.43761218299875
2025-04-11 14:41:47,495 - ERROR - Error Function returns mc.get_error_information() =32
2025-04-11 14:41:47,522 - ERROR - Distance Error is 283.43761218299875
2025-04-11 14:41:47,531 - ERROR - Error Function returns mc.get_error_information() =32
2025-04-11 14:41:47,560 - ERROR - Distance Error is 283.51121670932173
2025-04-11 14:41:47,568 - ERROR - Error Function returns mc.get_error_information() =32
2025-04-11 14:41:47,600 - ERROR - Distance Error is 283.4386882555026
2025-04-11 14:41:47,604 - ERROR - Error Function returns mc.get_error_information() =32
2025-04-11 14:41:47,631 - ERROR - Distance Error is 283.4386882555026
2025-04-11 14:41:47,640 - ERROR - Error Function returns mc.get_error_information() =32
2025-04-11 14:41:47,667 - ERROR - Distance Error is 283.4386882555026
2025-04-11 14:41:47,676 - ERROR - Error Function returns mc.get_error_information() =32
2025-04-11 14:41:47,703 - ERROR - Distance Error is 283.4386882555026
2025-04-11 14:41:47,713 - ERROR - Error Function returns mc.get_error_information() =32
2025-04-11 14:41:47,739 - ERROR - Distance Error is 283.4386882555026
2025-04-11 14:41:47,750 - ERROR - Error Function returns mc.get_error_information() =32
2025-04-11 14:41:47,778 - ERROR - Distance Error is 283.4386882555026
2025-04-11 14:41:47,787 - ERROR - Error Function returns mc.get_error_information() =32
2025-04-11 14:41:47,817 - ERROR - Distance Error is 459.1712643447976
2025-04-11 14:41:47,827 - ERROR - Error Function returns mc.get_error_information() =17
2025-04-11 14:41:47,855 - ERROR - Distance Error is 283.4386882555026
2025-04-11 14:41:47,864 - ERROR - Error Function returns mc.get_error_information() =32
2025-04-11 14:41:47,891 - ERROR - Distance Error is 283.5848373943854
2025-04-11 14:41:47,900 - ERROR - Error Function returns mc.get_error_information() =32
2025-04-11 14:41:47,927 - ERROR - Distance Error is 283.0698323735682
2025-04-11 14:41:47,937 - ERROR - Error Function returns mc.get_error_information() =32
2025-04-11 14:41:47,963 - ERROR - Distance Error is 283.14335591710426
2025-04-11 14:41:47,972 - ERROR - Error Function returns mc.get_error_information() =32
2025-04-11 14:41:48,004 - ERROR - Distance Error is 283.14335591710426
2025-04-11 14:41:48,008 - ERROR - Error Function returns mc.get_error_information() =32
2025-04-11 14:41:48,036 - ERROR - Distance Error is 283.28455658577644
2025-04-11 14:41:48,045 - ERROR - Error Function returns mc.get_error_information() =32
2025-04-11 14:41:48,072 - ERROR - Distance Error is 283.28455658577644
2025-04-11 14:41:48,082 - ERROR - Error Function returns mc.get_error_information() =32
2025-04-11 14:41:48,108 - ERROR - Distance Error is 283.28455658577644
2025-04-11 14:41:48,117 - ERROR - Error Function returns mc.get_error_information() =32
2025-04-11 14:41:48,144 - ERROR - Distance Error is 283.28455658577644
2025-04-11 14:41:48,154 - ERROR - Error Function returns mc.get_error_information() =32
2025-04-11 14:41:48,180 - ERROR - Distance Error is 283.28455658577644
2025-04-11 14:41:48,190 - ERROR - Error Function returns mc.get_error_information() =32
2025-04-11 14:41:48,221 - ERROR - Distance Error is 283.28455658577644
2025-04-11 14:41:48,225 - ERROR - Error Function returns mc.get_error_information() =32
2025-04-11 14:41:48,254 - ERROR - Distance Error is 283.28455658577644
2025-04-11 14:41:48,263 - ERROR - Error Function returns mc.get_error_information() =32
2025-04-11 14:41:48,293 - ERROR - Distance Error is 263.0556024873829
2025-04-11 14:41:48,303 - ERROR - Error Function returns mc.get_error_information() =32
2025-04-11 14:41:48,331 - ERROR - Distance Error is 283.28455658577644
2025-04-11 14:41:48,341 - ERROR - Error Function returns mc.get_error_information() =32
2025-04-11 14:41:48,367 - ERROR - Distance Error is 283.28455658577644
2025-04-11 14:41:48,377 - ERROR - Error Function returns mc.get_error_information() =32
2025-04-11 14:41:48,412 - ERROR - Distance Error is 283.28455658577644
2025-04-11 14:41:48,422 - ERROR - Error Function returns mc.get_error_information() =32
2025-04-11 14:41:48,449 - ERROR - Distance Error is 283.28455658577644
2025-04-11 14:41:48,459 - ERROR - Error Function returns mc.get_error_information() =32
2025-04-11 14:41:48,485 - ERROR - Distance Error is 283.28455658577644
2025-04-11 14:41:48,495 - ERROR - Error Function returns mc.get_error_information() =32
2025-04-11 14:41:48,521 - ERROR - Distance Error is 283.28455658577644
2025-04-11 14:41:48,531 - ERROR - Error Function returns mc.get_error_information() =32
2025-04-11 14:41:48,560 - ERROR - Distance Error is 283.28455658577644
2025-04-11 14:41:48,567 - ERROR - Error Function returns mc.get_error_information() =32
2025-04-11 14:41:48,596 - ERROR - Distance Error is 283.28455658577644
2025-04-11 14:41:48,605 - ERROR - Error Function returns mc.get_error_information() =32
2025-04-11 14:41:48,633 - ERROR - Distance Error is 459.40587719357706
2025-04-11 14:41:48,644 - ERROR - Error Function returns mc.get_error_information() =17
2025-04-11 14:41:48,670 - ERROR - Distance Error is 283.28455658577644
2025-04-11 14:41:48,680 - ERROR - Error Function returns mc.get_error_information() =32
2025-04-11 14:41:48,706 - ERROR - Distance Error is 283.28455658577644
2025-04-11 14:41:48,716 - ERROR - Error Function returns mc.get_error_information() =32
2025-04-11 14:41:48,743 - ERROR - Distance Error is 283.28455658577644
2025-04-11 14:41:48,752 - ERROR - Error Function returns mc.get_error_information() =32
2025-04-11 14:41:48,780 - ERROR - Distance Error is 283.28455658577644
2025-04-11 14:41:48,788 - ERROR - Error Function returns mc.get_error_information() =32
2025-04-11 14:41:48,817 - ERROR - Distance Error is 283.28455658577644
2025-04-11 14:41:48,824 - ERROR - Error Function returns mc.get_error_information() =32
2025-04-11 14:41:48,851 - ERROR - Distance Error is 283.28455658577644
2025-04-11 14:41:48,860 - ERROR - Error Function returns mc.get_error_information() =32
2025-04-11 14:41:48,887 - ERROR - Distance Error is 283.28455658577644
2025-04-11 14:41:48,897 - ERROR - Error Function returns mc.get_error_information() =32
2025-04-11 14:41:48,924 - ERROR - Distance Error is 283.28455658577644
2025-04-11 14:41:48,933 - ERROR - Error Function returns mc.get_error_information() =32
2025-04-11 14:41:48,960 - ERROR - Distance Error is 283.28455658577644
2025-04-11 14:41:48,969 - ERROR - Error Function returns mc.get_error_information() =32
2025-04-11 14:41:48,995 - ERROR - Distance Error is 283.28455658577644
2025-04-11 14:41:49,005 - ERROR - Error Function returns mc.get_error_information() =32
2025-04-11 14:41:49,032 - ERROR - Distance Error is 283.28455658577644
2025-04-11 14:41:49,041 - ERROR - Error Function returns mc.get_error_information() =32
2025-04-11 14:41:49,072 - ERROR - Distance Error is 283.28455658577644
2025-04-11 14:41:49,079 - ERROR - Error Function returns mc.get_error_information() =32
2025-04-11 14:41:49,108 - ERROR - Distance Error is 263.0556024873829
2025-04-11 14:41:49,119 - ERROR - Error Function returns mc.get_error_information() =32
2025-04-11 14:41:49,146 - ERROR - Distance Error is 283.28455658577644
2025-04-11 14:41:49,156 - ERROR - Error Function returns mc.get_error_information() =32
2025-04-11 14:41:49,183 - ERROR - Distance Error is 283.28455658577644
2025-04-11 14:41:49,192 - ERROR - Error Function returns mc.get_error_information() =32
2025-04-11 14:41:49,218 - ERROR - Distance Error is 283.28455658577644
2025-04-11 14:41:49,228 - ERROR - Error Function returns mc.get_error_information() =32
2025-04-11 14:41:49,255 - ERROR - Distance Error is 283.28455658577644
2025-04-11 14:41:49,264 - ERROR - Error Function returns mc.get_error_information() =32
2025-04-11 14:41:49,296 - ERROR - Distance Error is 283.28455658577644
2025-04-11 14:41:49,300 - ERROR - Error Function returns mc.get_error_information() =32
2025-04-11 14:41:49,328 - ERROR - Distance Error is 283.28455658577644
2025-04-11 14:41:49,337 - ERROR - Error Function returns mc.get_error_information() =32
2025-04-11 14:41:49,364 - ERROR - Distance Error is 283.28455658577644
2025-04-11 14:41:49,373 - ERROR - Error Function returns mc.get_error_information() =32
2025-04-11 14:41:49,400 - ERROR - Distance Error is 283.28455658577644
2025-04-11 14:41:49,409 - ERROR - Error Function returns mc.get_error_information() =32
2025-04-11 14:41:49,436 - ERROR - Distance Error is 283.28455658577644
2025-04-11 14:41:49,445 - ERROR - Error Function returns mc.get_error_information() =32
2025-04-11 14:41:49,471 - ERROR - Distance Error is 283.28455658577644
2025-04-11 14:41:49,481 - ERROR - Error Function returns mc.get_error_information() =32
2025-04-11 14:41:49,508 - ERROR - Distance Error is 283.28455658577644
2025-04-11 14:41:49,517 - ERROR - Error Function returns mc.get_error_information() =32
2025-04-11 14:41:49,544 - ERROR - Distance Error is 283.28455658577644
2025-04-11 14:41:49,554 - ERROR - Error Function returns mc.get_error_information() =32
2025-04-11 14:41:49,584 - ERROR - Distance Error is 283.28455658577644
2025-04-11 14:41:49,592 - ERROR - Error Function returns mc.get_error_information() =32
2025-04-11 14:41:49,622 - ERROR - Distance Error is 263.0556024873829
2025-04-11 14:41:49,632 - ERROR - Error Function returns mc.get_error_information() =32
2025-04-11 14:41:49,659 - ERROR - Distance Error is 283.28455658577644
2025-04-11 14:41:49,668 - ERROR - Error Function returns mc.get_error_information() =32
2025-04-11 14:41:49,695 - ERROR - Distance Error is 283.28455658577644
2025-04-11 14:41:49,704 - ERROR - Error Function returns mc.get_error_information() =32
2025-04-11 14:41:49,731 - ERROR - Distance Error is 283.28455658577644
2025-04-11 14:41:49,740 - ERROR - Error Function returns mc.get_error_information() =32
2025-04-11 14:41:49,768 - ERROR - Distance Error is 283.28455658577644
2025-04-11 14:41:49,776 - ERROR - Error Function returns mc.get_error_information() =32
2025-04-11 14:41:49,804 - ERROR - Distance Error is 283.28455658577644
2025-04-11 14:41:49,812 - ERROR - Error Function returns mc.get_error_information() =32
2025-04-11 14:41:49,840 - ERROR - Distance Error is 283.28455658577644
2025-04-11 14:41:49,848 - ERROR - Error Function returns mc.get_error_information() =32
2025-04-11 14:41:49,875 - ERROR - Distance Error is 283.28455658577644
2025-04-11 14:41:49,884 - ERROR - Error Function returns mc.get_error_information() =32
2025-04-11 14:41:49,911 - ERROR - Distance Error is 283.28455658577644
2025-04-11 14:41:49,921 - ERROR - Error Function returns mc.get_error_information() =32
2025-04-11 14:41:49,948 - ERROR - Distance Error is 283.28455658577644
2025-04-11 14:41:49,957 - ERROR - Error Function returns mc.get_error_information() =32
2025-04-11 14:41:49,984 - ERROR - Distance Error is 283.28455658577644
2025-04-11 14:41:49,993 - ERROR - Error Function returns mc.get_error_information() =32
2025-04-11 14:41:50,020 - ERROR - Distance Error is 283.28455658577644
2025-04-11 14:41:50,029 - ERROR - Error Function returns mc.get_error_information() =32
2025-04-11 14:41:50,056 - ERROR - Distance Error is 283.28455658577644
2025-04-11 14:41:50,065 - ERROR - Error Function returns mc.get_error_information() =32
2025-04-11 14:41:50,093 - ERROR - Distance Error is 283.28455658577644
2025-04-11 14:41:50,103 - ERROR - Error Function returns mc.get_error_information() =32
2025-04-11 14:41:50,132 - ERROR - Distance Error is 283.28455658577644
2025-04-11 14:41:50,142 - ERROR - Error Function returns mc.get_error_information() =32
2025-04-11 14:41:50,168 - ERROR - Distance Error is 283.28455658577644
2025-04-11 14:41:50,178 - ERROR - Error Function returns mc.get_error_information() =32
2025-04-11 14:41:50,205 - ERROR - Distance Error is 283.28455658577644
2025-04-11 14:41:50,214 - ERROR - Error Function returns mc.get_error_information() =32
2025-04-11 14:41:50,241 - ERROR - Distance Error is 283.28455658577644
2025-04-11 14:41:50,250 - ERROR - Error Function returns mc.get_error_information() =32
2025-04-11 14:41:50,280 - ERROR - Distance Error is 283.28455658577644
2025-04-11 14:41:50,286 - ERROR - Error Function returns mc.get_error_information() =32
2025-04-11 14:41:50,316 - ERROR - Distance Error is 283.28455658577644
2025-04-11 14:41:50,322 - ERROR - Error Function returns mc.get_error_information() =32
2025-04-11 14:41:50,352 - ERROR - Distance Error is 283.28455658577644
2025-04-11 14:41:50,359 - ERROR - Error Function returns mc.get_error_information() =32
2025-04-11 14:41:50,386 - ERROR - Distance Error is 283.28455658577644
2025-04-11 14:41:50,395 - ERROR - Error Function returns mc.get_error_information() =32
2025-04-11 14:41:50,422 - ERROR - Distance Error is 283.28455658577644
2025-04-11 14:41:50,431 - ERROR - Error Function returns mc.get_error_information() =32
2025-04-11 14:41:50,458 - ERROR - Distance Error is 283.28455658577644
2025-04-11 14:41:50,467 - ERROR - Error Function returns mc.get_error_information() =32
2025-04-11 14:41:50,494 - ERROR - Distance Error is 283.28455658577644
2025-04-11 14:41:50,503 - ERROR - Error Function returns mc.get_error_information() =32
2025-04-11 14:41:50,530 - ERROR - Distance Error is 283.28455658577644
2025-04-11 14:41:50,540 - ERROR - Error Function returns mc.get_error_information() =32
2025-04-11 14:41:50,568 - ERROR - Distance Error is 283.28455658577644
2025-04-11 14:41:50,576 - ERROR - Error Function returns mc.get_error_information() =32
2025-04-11 14:41:50,606 - ERROR - Distance Error is 283.28455658577644
2025-04-11 14:41:50,616 - ERROR - Error Function returns mc.get_error_information() =32
2025-04-11 14:41:50,644 - ERROR - Distance Error is 283.28455658577644
2025-04-11 14:41:50,653 - ERROR - Error Function returns mc.get_error_information() =32
2025-04-11 14:41:50,680 - ERROR - Distance Error is 283.28455658577644
2025-04-11 14:41:50,689 - ERROR - Error Function returns mc.get_error_information() =32
2025-04-11 14:41:50,716 - ERROR - Distance Error is 283.28455658577644
2025-04-11 14:41:50,725 - ERROR - Error Function returns mc.get_error_information() =32
2025-04-11 14:41:50,752 - ERROR - Distance Error is 283.28455658577644
2025-04-11 14:41:50,761 - ERROR - Error Function returns mc.get_error_information() =32
2025-04-11 14:41:50,788 - ERROR - Distance Error is 283.28455658577644
2025-04-11 14:41:50,798 - ERROR - Error Function returns mc.get_error_information() =32
2025-04-11 14:41:50,832 - ERROR - Distance Error is 283.28455658577644
2025-04-11 14:41:50,834 - ERROR - Error Function returns mc.get_error_information() =32
2025-04-11 14:41:50,864 - ERROR - Distance Error is 283.28455658577644
2025-04-11 14:41:50,871 - ERROR - Error Function returns mc.get_error_information() =32
2025-04-11 14:41:50,897 - ERROR - Distance Error is 283.28455658577644
2025-04-11 14:41:50,906 - ERROR - Error Function returns mc.get_error_information() =32
2025-04-11 14:41:50,933 - ERROR - Distance Error is 283.28455658577644
2025-04-11 14:41:50,942 - ERROR - Error Function returns mc.get_error_information() =32
2025-04-11 14:41:50,969 - ERROR - Distance Error is 283.28455658577644
2025-04-11 14:41:50,979 - ERROR - Error Function returns mc.get_error_information() =32
2025-04-11 14:41:51,005 - ERROR - Distance Error is 283.28455658577644
2025-04-11 14:41:51,015 - ERROR - Error Function returns mc.get_error_information() =32
2025-04-11 14:41:51,042 - ERROR - Distance Error is 283.28455658577644
2025-04-11 14:41:51,049 - ERROR - Experiment manually stooped with Keyboard Interrupt (crtl + c)
2025-04-11 14:41:51,049 - INFO - servo will release in 5 seconds. hold on to the robot to prevent damage
2025-04-11 14:41:56,557 - INFO - Programmed execution completed
