2025-04-07 14:02:08,332 - INFO - Starting Experiment
2025-04-07 14:02:08,332 - INFO - Experiment Parameters
2025-04-07 14:02:08,333 - INFO - Experiment Name: Error_Testing
2025-04-07 14:02:08,333 - INFO - Person Responsible: Akshit
2025-04-07 14:02:08,333 - INFO - Thermomixer Time: 240
2025-04-07 14:02:08,333 - INFO - Liquid Nitrogen Time: 60
2025-04-07 14:02:08,334 - INFO - Waiting Time 5
2025-04-07 14:02:08,334 - INFO - Number of Cycles 30
2025-04-07 14:02:08,334 - INFO - Robot Speed 100
2025-04-07 14:02:08,334 - INFO - Run Number 1
2025-04-07 14:02:10,360 - INFO - Distance Error is 2.5159491250818093
2025-04-07 14:02:13,386 - INFO - Distance Error is 3.1080540535840315
2025-04-07 14:02:16,413 - WARNING - Distance Error is 13.076314465475361
2025-04-07 14:02:16,413 - INFO - Moving inside LN2
2025-04-07 14:02:18,439 - INFO - Distance Error is 4.648655719667763
2025-04-07 14:03:16,497 - INFO - Outside LN2
2025-04-07 14:03:18,526 - WARNING - Distance Error is 13.376845667047236
2025-04-07 14:03:20,552 - INFO - Distance Error is 2.0736441353327772
2025-04-07 14:03:22,577 - INFO - Distance Error is 1.726267650163199
2025-04-07 14:03:22,577 - INFO - Moving Inside Water Bath
2025-04-07 14:03:23,603 - INFO - Distance Error is 2.1213203435596384
2025-04-07 14:07:22,648 - INFO - Moving outside Water Bath
2025-04-07 14:07:24,678 - INFO - Distance Error is 1.0049875621120947
2025-04-07 14:07:26,704 - INFO - Distance Error is 0.7348469228349503
2025-04-07 14:07:26,704 - INFO - Waiting
2025-04-07 14:07:33,730 - WARNING - Distance Error is 11.71195969938422
2025-04-07 14:07:33,731 - INFO - ###################################### Cycle Completed: 1 ####################################################
2025-04-07 14:07:33,731 - INFO - LN2 Time = {-60.08344733800004} 
2025-04-07 14:07:33,731 - INFO - Water Bath = -240.0702536689996 
2025-04-07 14:07:33,731 - INFO - ######################################################################################################################
2025-04-07 14:07:35,756 - WARNING - Distance Error is 11.71195969938422
2025-04-07 14:07:35,757 - INFO - Moving inside LN2
2025-04-07 14:07:37,782 - WARNING - Distance Error is 7.1847059786744305
2025-04-07 14:08:35,841 - INFO - Outside LN2
2025-04-07 14:08:37,862 - WARNING - Distance Error is 11.61981066971404
2025-04-07 14:08:39,886 - INFO - Distance Error is 2.0712315177207885
2025-04-07 14:08:41,913 - INFO - Distance Error is 1.726267650163199
2025-04-07 14:08:41,913 - INFO - Moving Inside Water Bath
2025-04-07 14:08:42,938 - INFO - Distance Error is 1.4866068747318497
2025-04-07 14:12:42,038 - INFO - Moving outside Water Bath
2025-04-07 14:12:44,061 - INFO - Distance Error is 1.0049875621120947
2025-04-07 14:12:46,086 - INFO - Distance Error is 0.7348469228349503
2025-04-07 14:12:46,087 - INFO - Waiting
2025-04-07 14:12:53,122 - WARNING - Distance Error is 11.642164747159352
2025-04-07 14:12:53,122 - INFO - ###################################### Cycle Completed: 2 ####################################################
2025-04-07 14:12:53,123 - INFO - LN2 Time = {-60.0837554360005} 
2025-04-07 14:12:53,123 - INFO - Water Bath = -240.12472643 
2025-04-07 14:12:53,123 - INFO - ######################################################################################################################
2025-04-07 14:12:55,147 - WARNING - Distance Error is 11.786008654332498
2025-04-07 14:12:55,147 - INFO - Moving inside LN2
2025-04-07 14:12:57,173 - WARNING - Distance Error is 7.2062472896786005
2025-04-07 14:13:55,232 - INFO - Outside LN2
2025-04-07 14:13:57,261 - WARNING - Distance Error is 11.62798348812038
2025-04-07 14:13:59,287 - INFO - Distance Error is 2.0712315177207885
2025-04-07 14:14:01,313 - INFO - Distance Error is 1.7029386365926356
2025-04-07 14:14:01,314 - INFO - Moving Inside Water Bath
2025-04-07 14:14:02,338 - INFO - Distance Error is 1.9748417658131538
2025-04-07 14:18:01,364 - INFO - Moving outside Water Bath
2025-04-07 14:18:03,392 - INFO - Distance Error is 0.7280109889280268
2025-04-07 14:18:05,417 - INFO - Distance Error is 0.7681145747868672
2025-04-07 14:18:05,418 - INFO - Waiting
2025-04-07 14:18:12,443 - WARNING - Distance Error is 11.759676866308872
2025-04-07 14:18:12,443 - INFO - ###################################### Cycle Completed: 3 ####################################################
2025-04-07 14:18:12,443 - INFO - LN2 Time = {-60.083913231001134} 
2025-04-07 14:18:12,444 - INFO - Water Bath = -240.04970263699943 
2025-04-07 14:18:12,444 - INFO - ######################################################################################################################
2025-04-07 14:18:14,468 - WARNING - Distance Error is 11.759676866308872
2025-04-07 14:18:14,468 - INFO - Moving inside LN2
2025-04-07 14:18:16,494 - WARNING - Distance Error is 6.6670833203133135
2025-04-07 14:19:14,500 - INFO - Outside LN2
2025-04-07 14:19:16,522 - WARNING - Distance Error is 11.62798348812038
2025-04-07 14:19:18,548 - INFO - Distance Error is 2.111871208194276
2025-04-07 14:19:20,574 - INFO - Distance Error is 1.726267650163199
2025-04-07 14:19:20,575 - INFO - Moving Inside Water Bath
2025-04-07 14:19:21,599 - INFO - Distance Error is 1.9748417658131538
2025-04-07 14:23:20,700 - INFO - Moving outside Water Bath
2025-04-07 14:23:22,723 - INFO - Distance Error is 1.0049875621120947
2025-04-07 14:23:24,748 - INFO - Distance Error is 0.6164414002968995
2025-04-07 14:23:24,748 - INFO - Waiting
2025-04-07 14:23:31,774 - WARNING - Distance Error is 11.646887996370532
2025-04-07 14:23:31,774 - INFO - ###################################### Cycle Completed: 4 ####################################################
2025-04-07 14:23:31,775 - INFO - LN2 Time = {-60.03150966999965} 
2025-04-07 14:23:31,775 - INFO - Water Bath = -240.12470724500054 
2025-04-07 14:23:31,775 - INFO - ######################################################################################################################
2025-04-07 14:23:33,798 - WARNING - Distance Error is 11.766902736064408
2025-04-07 14:23:33,799 - INFO - Moving inside LN2
2025-04-07 14:23:35,824 - WARNING - Distance Error is 7.066823897621904
2025-04-07 14:24:33,883 - INFO - Outside LN2
2025-04-07 14:24:35,913 - WARNING - Distance Error is 11.587493257818965
2025-04-07 14:24:37,939 - INFO - Distance Error is 2.0712315177207885
2025-04-07 14:24:39,965 - INFO - Distance Error is 1.726267650163199
2025-04-07 14:24:39,965 - INFO - Moving Inside Water Bath
2025-04-07 14:24:40,990 - INFO - Distance Error is 1.4866068747318497
2025-04-07 14:28:40,090 - INFO - Moving outside Water Bath
2025-04-07 14:28:42,114 - INFO - Distance Error is 0.7280109889280268
2025-04-07 14:28:44,139 - INFO - Distance Error is 0.7681145747868672
2025-04-07 14:28:44,139 - INFO - Waiting
2025-04-07 14:28:51,166 - WARNING - Distance Error is 11.569788243524602
2025-04-07 14:28:51,166 - INFO - ###################################### Cycle Completed: 5 ####################################################
2025-04-07 14:28:51,167 - INFO - LN2 Time = {-60.08386908600005} 
2025-04-07 14:28:51,167 - INFO - Water Bath = -240.12473805899936 
2025-04-07 14:28:51,167 - INFO - ######################################################################################################################
2025-04-07 14:28:53,190 - WARNING - Distance Error is 11.766902736064408
2025-04-07 14:28:53,190 - INFO - Moving inside LN2
2025-04-07 14:28:55,215 - WARNING - Distance Error is 7.1847059786744305
2025-04-07 14:29:53,274 - INFO - Outside LN2
2025-04-07 14:29:55,294 - WARNING - Distance Error is 11.590081966923277
2025-04-07 14:29:57,320 - INFO - Distance Error is 2.0712315177207885
2025-04-07 14:29:59,346 - INFO - Distance Error is 1.726267650163199
2025-04-07 14:29:59,346 - INFO - Moving Inside Water Bath
2025-04-07 14:30:00,371 - INFO - Distance Error is 1.4866068747318497
2025-04-07 14:33:11,774 - ERROR - Experiment manually stooped with Keyboard Interrupt (crtl + c)
2025-04-07 14:33:16,781 - INFO - Programmed execution completed
