2025-05-20 14:29:01,196 - INFO - Distance Error is 4.134005321718878
2025-05-20 14:29:03,305 - INFO - Distance Error is 2.7440845468024513
2025-05-20 14:29:06,577 - WARNING - Distance Error is 6.969935437290657
2025-05-20 14:29:06,618 - INFO - Moving inside LN2
2025-05-20 14:29:08,807 - WARNING - Distance Error is 5.6780278266313475
2025-05-20 14:29:11,933 - INFO - Outside LN2
2025-05-20 14:29:14,139 - INFO - Distance Error is 4.002499219237903
2025-05-20 14:29:16,359 - WARNING - Distance Error is 13.301879566437213
2025-05-20 14:29:16,359 - INFO - Moving Inside Water Bath
2025-05-20 14:29:18,579 - WARNING - Distance Error is 5.600892785976188
2025-05-20 14:29:21,706 - INFO - Moving outside Water Bath
2025-05-20 14:29:23,930 - WARNING - Distance Error is 13.315029102484134
2025-05-20 14:29:23,930 - INFO - Waiting
2025-05-20 14:29:26,130 - INFO - ###################################### Cycle Completed: 1 ####################################################
2025-05-20 14:29:26,131 - INFO - LN2 Time = {-5.314636637000035} 
2025-05-20 14:29:26,131 - INFO - Water Bath = -5.346028864000004 
2025-05-20 14:29:26,131 - INFO - ######################################################################################################################
2025-05-20 14:29:28,463 - WARNING - Distance Error is 13.399253710561629
2025-05-20 14:29:30,492 - INFO - Distance Error is 1.1575836902790153
2025-05-20 14:29:30,492 - INFO - Moving to rest position
2025-05-20 14:29:32,522 - INFO - Distance Error is 4.7021271782035114
2025-05-20 14:29:32,522 - INFO - releasing all servos
2025-05-20 14:29:48,098 - WARNING - Distance Error is 7.548509786706272
