2025-05-20 14:34:07,815 - INFO - Distance Error is 4.395452195167194
2025-05-20 14:34:09,934 - INFO - Distance Error is 2.791057147390563
2025-05-20 14:34:13,206 - WARNING - Distance Error is 6.923871749245514
2025-05-20 14:34:13,245 - INFO - Moving inside LN2
2025-05-20 14:34:15,427 - WARNING - Distance Error is 5.6780278266313475
2025-05-20 14:34:18,572 - INFO - Outside LN2
2025-05-20 14:34:20,788 - INFO - Distance Error is 4.002499219237903
2025-05-20 14:34:23,840 - WARNING - Distance Error is 13.449535307957651
2025-05-20 14:34:25,869 - INFO - Distance Error is 1.2569805089976447
2025-05-20 14:34:25,869 - INFO - Moving to rest position
2025-05-20 14:34:27,899 - INFO - Distance Error is 4.753945729601889
2025-05-20 14:34:27,899 - INFO - releasing all servos
2025-05-20 14:34:46,364 - WARNING - Distance Error is 7.5299402388067005
2025-05-20 14:34:48,474 - INFO - Distance Error is 2.78028775489156
2025-05-20 14:34:51,243 - ERROR - Distance Error is 16.052725625263765
2025-05-20 14:34:51,253 - ERROR - Error Function returns mc.get_error_information() =0
2025-05-20 14:34:51,493 - WARNING - Distance Error is 12.33004460656975
2025-05-20 14:34:53,523 - INFO - Distance Error is 2.0639767440550063
2025-05-20 14:34:53,523 - INFO - Moving to rest position
2025-05-20 14:34:55,553 - INFO - Distance Error is 4.609772228646461
2025-05-20 14:34:55,553 - INFO - releasing all servos
2025-05-20 14:56:20,998 - WARNING - Distance Error is 7.485318964479756
2025-05-20 14:56:23,140 - INFO - Distance Error is 2.9086079144498087
2025-05-20 14:56:26,129 - WARNING - Distance Error is 7.259476565152598
2025-05-20 14:56:28,158 - INFO - Distance Error is 1.9026297590440249
2025-05-20 14:56:28,158 - INFO - Moving to rest position
2025-05-20 14:56:30,188 - INFO - Distance Error is 4.487761134463381
2025-05-20 14:56:30,189 - INFO - releasing all servos
2025-05-20 14:59:20,504 - WARNING - Distance Error is 7.43908596535894
2025-05-20 14:59:22,633 - INFO - Distance Error is 2.8089143810376402
2025-05-20 14:59:25,845 - WARNING - Distance Error is 7.259476565152598
2025-05-20 14:59:27,875 - INFO - Distance Error is 1.9261360284258027
2025-05-20 14:59:27,875 - INFO - Moving to rest position
2025-05-20 14:59:29,904 - INFO - Distance Error is 4.346262762420153
2025-05-20 14:59:29,904 - INFO - releasing all servos
2025-05-20 15:37:21,934 - WARNING - Distance Error is 7.173562573784391
