2025-04-07 16:12:55,559 - INFO - Distance Error is 3.2878564445547225
2025-04-07 16:12:58,584 - INFO - Distance Error is 3.2649655434629343
2025-04-07 16:13:01,611 - WARNING - Distance Error is 12.968423188653283
2025-04-07 16:13:01,658 - INFO - Moving inside LN2
2025-04-07 16:13:03,679 - INFO - Distance Error is 4.596737973824465
2025-04-07 16:13:06,682 - INFO - Outside LN2
2025-04-07 16:13:08,745 - WARNING - Distance Error is 13.011533345459334
2025-04-07 16:13:10,832 - INFO - Distance Error is 2.213594362117872
2025-04-07 16:13:12,858 - INFO - Distance Error is 1.846618531261912
2025-04-07 16:13:12,859 - INFO - Moving Inside Water Bath
2025-04-07 16:13:13,925 - INFO - Distance Error is 1.878829422805588
2025-04-07 16:13:17,929 - INFO - Moving outside Water Bath
2025-04-07 16:13:19,991 - INFO - Distance Error is 1.063014581273466
2025-04-07 16:13:22,016 - INFO - Distance Error is 1.029563014098705
2025-04-07 16:13:22,017 - INFO - Waiting
2025-04-07 16:13:29,154 - WARNING - Distance Error is 11.786008654332498
2025-04-07 16:13:29,154 - INFO - ###################################### Cycle Completed: 1 ####################################################
2025-04-07 16:13:29,155 - INFO - LN2 Time = {-5.023707094000201} 
2025-04-07 16:13:29,155 - INFO - Water Bath = -5.070110521999595 
2025-04-07 16:13:29,155 - INFO - ######################################################################################################################
2025-04-07 16:13:31,179 - WARNING - Distance Error is 11.786008654332498
2025-04-07 16:13:31,229 - INFO - Moving inside LN2
2025-04-07 16:13:33,256 - WARNING - Distance Error is 7.633478892353087
2025-04-07 16:13:36,260 - INFO - Outside LN2
2025-04-07 16:13:38,322 - WARNING - Distance Error is 11.61981066971404
2025-04-07 16:13:40,398 - INFO - Distance Error is 2.0024984394500684
2025-04-07 16:13:42,423 - INFO - Distance Error is 1.860107523773801
2025-04-07 16:13:42,424 - INFO - Moving Inside Water Bath
2025-04-07 16:13:43,500 - INFO - Distance Error is 1.8681541692269312
2025-04-07 16:13:47,504 - INFO - Moving outside Water Bath
2025-04-07 16:13:49,598 - INFO - Distance Error is 1.0049875621120947
2025-04-07 16:13:51,623 - INFO - Distance Error is 0.8062257748298585
2025-04-07 16:13:51,624 - INFO - Waiting
2025-04-07 16:13:58,742 - WARNING - Distance Error is 11.734990413289655
2025-04-07 16:13:58,742 - INFO - ###################################### Cycle Completed: 1 ####################################################
2025-04-07 16:13:58,743 - INFO - LN2 Time = {-5.029785349999656} 
2025-04-07 16:13:58,743 - INFO - Water Bath = -5.0803404150010465 
2025-04-07 16:13:58,743 - INFO - ######################################################################################################################
2025-04-07 16:14:00,768 - WARNING - Distance Error is 11.734990413289655
2025-04-07 16:14:00,818 - INFO - Moving inside LN2
2025-04-07 16:14:02,845 - WARNING - Distance Error is 7.084490101623406
2025-04-07 16:14:05,848 - INFO - Outside LN2
2025-04-07 16:14:07,902 - WARNING - Distance Error is 11.590081966923277
2025-04-07 16:14:09,970 - INFO - Distance Error is 2.0024984394500684
2025-04-07 16:14:11,996 - INFO - Distance Error is 1.8330302779822987
2025-04-07 16:14:11,996 - INFO - Moving Inside Water Bath
2025-04-07 16:14:13,072 - INFO - Distance Error is 1.8055470085267733
2025-04-07 16:14:17,076 - INFO - Moving outside Water Bath
2025-04-07 16:14:19,139 - INFO - Distance Error is 1.0049875621120947
2025-04-07 16:14:21,165 - INFO - Distance Error is 0.9433981132056385
2025-04-07 16:14:21,166 - INFO - Waiting
2025-04-07 16:14:28,284 - WARNING - Distance Error is 11.616367762773354
2025-04-07 16:14:28,284 - INFO - ###################################### Cycle Completed: 1 ####################################################
2025-04-07 16:14:28,285 - INFO - LN2 Time = {-5.029570195998531} 
2025-04-07 16:14:28,285 - INFO - Water Bath = -5.0801321559993085 
2025-04-07 16:14:28,285 - INFO - ######################################################################################################################
2025-04-07 16:14:30,310 - WARNING - Distance Error is 11.734990413289655
2025-04-07 16:14:30,356 - INFO - Moving inside LN2
2025-04-07 16:14:32,378 - WARNING - Distance Error is 6.949100661236666
2025-04-07 16:14:35,382 - INFO - Outside LN2
