2025-04-14 18:27:39,323 - WARNING - Distance Error is 7.066823897621913
2025-04-14 18:27:41,351 - INFO - Distance Error is 2.78028775489156
2025-04-14 18:27:44,491 - WARNING - Distance Error is 7.259476565152598
2025-04-14 18:27:44,549 - INFO - Moving inside LN2
2025-04-14 18:27:46,576 - WARNING - Distance Error is 6.046486583132386
2025-04-14 18:28:44,750 - INFO - Outside LN2
2025-04-14 18:28:46,813 - INFO - Distance Error is 4.718050444834162
2025-04-14 18:28:48,873 - WARNING - Distance Error is 13.691603266235814
2025-04-14 18:28:48,873 - INFO - Moving Inside Water Bath
2025-04-14 18:28:50,934 - WARNING - Distance Error is 5.600892785976188
2025-04-14 18:30:49,091 - INFO - Moving outside Water Bath
2025-04-14 18:30:51,185 - WARNING - Distance Error is 13.34203882470741
2025-04-14 18:30:51,186 - INFO - Waiting
2025-04-14 18:30:56,308 - INFO - ###################################### Cycle Completed: 1 ####################################################
2025-04-14 18:30:56,309 - INFO - LN2 Time = {-60.200547315999756} 
2025-04-14 18:30:56,315 - INFO - Water Bath = -120.21718804000011 
2025-04-14 18:30:56,316 - INFO - ######################################################################################################################
2025-04-14 18:30:59,449 - WARNING - Distance Error is 7.042726744663608
2025-04-14 18:30:59,486 - INFO - Moving inside LN2
2025-04-14 18:31:01,509 - WARNING - Distance Error is 6.017474553332149
2025-04-14 18:31:59,600 - INFO - Outside LN2
2025-04-14 18:32:01,670 - INFO - Distance Error is 4.101219330881973
2025-04-14 18:32:03,749 - WARNING - Distance Error is 13.215899515356488
2025-04-14 18:32:03,751 - INFO - Moving Inside Water Bath
2025-04-14 18:32:05,888 - WARNING - Distance Error is 5.565069631190625
