2025-04-09 15:45:39,204 - INFO - Starting Experiment
2025-04-09 15:45:39,205 - INFO - Experiment Parameters
2025-04-09 15:45:39,207 - INFO - Experiment Name: Error_Testing
2025-04-09 15:45:39,209 - INFO - Person Responsible: Akshit
2025-04-09 15:45:39,211 - INFO - Thermomixer Time: 5
2025-04-09 15:45:39,213 - INFO - Liquid Nitrogen Time: 5
2025-04-09 15:45:39,215 - INFO - Waiting Time 5
2025-04-09 15:45:39,217 - INFO - Number of Cycles 30
2025-04-09 15:45:39,219 - INFO - Robot Speed 100
2025-04-09 15:45:39,808 - INFO - Run Number 1
2025-04-09 15:45:52,426 - WARNING - Distance Error is 13.456968455042157
2025-04-09 15:46:03,969 - WARNING - Distance Error is 5.473572873361622
2025-04-09 15:46:26,166 - WARNING - Distance Error is 6.398437309218545
2025-04-09 15:46:40,487 - INFO - Distance Error is 3.801315561749647
2025-04-09 15:53:37,430 - WARNING - Distance Error is 13.787675656179328
2025-04-09 15:53:45,350 - INFO - Distance Error is 3.4219877264537284
2025-04-09 15:54:10,333 - ERROR - Distance Error is 136.47358718814422
2025-04-09 15:54:10,339 - ERROR - Error Function returns mc.get_error_information() =0
2025-04-09 15:54:10,370 - ERROR - Distance Error is 136.5139553305815
2025-04-09 15:54:10,476 - ERROR - Error Function returns mc.get_error_information() =-1
2025-04-09 15:54:10,506 - ERROR - Distance Error is 132.84344168983276
2025-04-09 15:54:10,510 - ERROR - Error Function returns mc.get_error_information() =0
2025-04-09 15:54:10,544 - INFO - Distance Error is 0.09999999999999432
2025-04-09 15:54:27,473 - INFO - Distance Error is 2.851315485876663
2025-04-09 15:54:36,243 - INFO - Distance Error is 1.2884098726725426
2025-04-09 15:54:44,373 - WARNING - Distance Error is 13.86290012948229
2025-04-09 15:54:51,203 - INFO - Distance Error is 4.419275958796872
2025-04-09 15:54:58,272 - WARNING - Distance Error is 13.714955340794932
2025-04-09 15:55:05,663 - INFO - Distance Error is 2.5475478405714047
2025-04-09 15:55:11,683 - INFO - Distance Error is 2.357965224510323
2025-04-09 15:55:34,342 - INFO - Distance Error is 4.037325847637284
2025-04-09 15:56:41,412 - INFO - Distance Error is 1.2845232578665151
2025-04-09 15:56:51,049 - INFO - Distance Error is 1.0488088481701543
2025-04-09 15:56:56,249 - WARNING - Distance Error is 14.398958295654573
2025-04-09 15:57:01,048 - INFO - Distance Error is 2.4698178070456973
2025-04-09 15:57:05,367 - WARNING - Distance Error is 13.57203006185882
2025-04-09 15:57:11,837 - INFO - Distance Error is 1.7972200755611383
2025-04-09 15:57:19,337 - WARNING - Distance Error is 14.371499573809256
2025-04-09 15:57:27,517 - INFO - Distance Error is 1.8788294228055897
2025-04-09 15:57:51,548 - INFO - Distance Error is 3.7282703764614404
2025-04-09 15:58:05,147 - ERROR - Timeout, cannot detect current position
2025-04-09 15:58:05,248 - ERROR - Error Function returns mc.get_error_information() =-1
2025-04-09 15:58:10,451 - ERROR - Timeout, cannot detect current position
2025-04-09 15:58:10,552 - ERROR - Error Function returns mc.get_error_information() =-1
2025-04-09 15:58:15,676 - ERROR - Timeout, cannot detect current position
2025-04-09 15:58:15,777 - ERROR - Error Function returns mc.get_error_information() =-1
2025-04-09 15:58:16,828 - INFO - Distance Error is 3.4423828956117113
2025-04-09 15:58:29,426 - ERROR - Distance Error is 92.00548896669154
2025-04-09 15:58:29,435 - ERROR - Error Function returns mc.get_error_information() =0
2025-04-09 15:58:29,469 - ERROR - Distance Error is 91.70447099242216
2025-04-09 15:58:29,573 - ERROR - Error Function returns mc.get_error_information() =-1
2025-04-09 15:58:29,602 - INFO - Distance Error is 0.0
2025-04-09 15:58:39,622 - INFO - Distance Error is 2.942787793912432
2025-04-09 15:59:17,373 - ERROR - Timeout, cannot detect current position
2025-04-09 15:59:17,474 - ERROR - Error Function returns mc.get_error_information() =-1
2025-04-09 15:59:22,667 - ERROR - Timeout, cannot detect current position
2025-04-09 15:59:22,768 - ERROR - Error Function returns mc.get_error_information() =-1
2025-04-09 15:59:25,481 - INFO - Distance Error is 2.5709920264364907
2025-04-09 16:00:18,983 - INFO - Distance Error is 2.7147743920996334
2025-04-09 16:01:52,886 - INFO - Distance Error is 3.5397740040855736
2025-04-09 16:02:07,105 - INFO - Distance Error is 3.1464265445104562
2025-04-09 16:02:46,335 - ERROR - Distance Error is 68.57032886022934
2025-04-09 16:02:46,343 - ERROR - Error Function returns mc.get_error_information() =0
2025-04-09 16:02:46,574 - ERROR - Distance Error is 69.99221385268507
2025-04-09 16:02:46,583 - ERROR - Error Function returns mc.get_error_information() =0
2025-04-09 16:02:46,661 - ERROR - Distance Error is 69.7121223317724
2025-04-09 16:02:46,670 - ERROR - Error Function returns mc.get_error_information() =0
2025-04-09 16:02:46,701 - ERROR - Distance Error is 66.28212428702025
2025-04-09 16:02:46,809 - ERROR - Error Function returns mc.get_error_information() =-1
2025-04-09 16:02:46,886 - ERROR - Distance Error is 46.080581593551955
2025-04-09 16:02:46,895 - ERROR - Error Function returns mc.get_error_information() =0
2025-04-09 16:02:46,926 - ERROR - Distance Error is 33.47013594235912
2025-04-09 16:02:47,035 - ERROR - Error Function returns mc.get_error_information() =-1
2025-04-09 16:02:47,111 - WARNING - Distance Error is 10.471389592599428
2025-04-09 16:03:09,041 - INFO - Distance Error is 3.733630940518885
2025-04-09 16:03:36,482 - INFO - Distance Error is 1.9748417658131576
2025-04-09 16:03:52,652 - INFO - Distance Error is 2.317326045251309
2025-04-09 16:04:00,152 - INFO - Distance Error is 4.06201920231797
2025-04-09 16:04:15,773 - INFO - Distance Error is 2.8017851452243874
2025-04-09 16:04:20,772 - INFO - Distance Error is 3.777565353504833
2025-04-09 16:04:24,572 - INFO - Distance Error is 2.222611077089299
2025-04-09 16:04:30,241 - WARNING - Distance Error is 14.228843944607716
2025-04-09 16:07:52,447 - INFO - Distance Error is 2.86181760425085
2025-04-09 16:08:10,247 - ERROR - Distance Error is 101.89018598471591
2025-04-09 16:08:10,257 - ERROR - Error Function returns mc.get_error_information() =19
2025-04-09 16:08:10,288 - ERROR - Distance Error is 101.89018598471591
2025-04-09 16:08:10,298 - ERROR - Error Function returns mc.get_error_information() =19
2025-04-09 16:08:10,328 - ERROR - Distance Error is 101.89018598471591
2025-04-09 16:08:10,337 - ERROR - Error Function returns mc.get_error_information() =19
2025-04-09 16:08:10,368 - ERROR - Distance Error is 101.89018598471591
2025-04-09 16:08:10,377 - ERROR - Error Function returns mc.get_error_information() =19
2025-04-09 16:08:10,408 - ERROR - Distance Error is 101.89018598471591
2025-04-09 16:08:10,417 - ERROR - Error Function returns mc.get_error_information() =19
2025-04-09 16:08:10,450 - ERROR - Distance Error is 101.89018598471591
2025-04-09 16:08:10,458 - ERROR - Error Function returns mc.get_error_information() =19
2025-04-09 16:08:10,489 - ERROR - Distance Error is 101.89018598471591
2025-04-09 16:08:10,498 - ERROR - Error Function returns mc.get_error_information() =19
2025-04-09 16:08:10,530 - ERROR - Distance Error is 101.89018598471591
2025-04-09 16:08:10,540 - ERROR - Error Function returns mc.get_error_information() =19
2025-04-09 16:08:10,573 - ERROR - Distance Error is 101.89018598471591
2025-04-09 16:08:10,583 - ERROR - Error Function returns mc.get_error_information() =19
2025-04-09 16:08:10,617 - ERROR - Distance Error is 101.89018598471591
2025-04-09 16:08:10,628 - ERROR - Error Function returns mc.get_error_information() =19
2025-04-09 16:08:10,661 - ERROR - Distance Error is 151.74577424099823
2025-04-09 16:08:10,670 - ERROR - Error Function returns mc.get_error_information() =19
2025-04-09 16:08:10,703 - ERROR - Distance Error is 151.74577424099823
2025-04-09 16:08:10,713 - ERROR - Error Function returns mc.get_error_information() =19
2025-04-09 16:08:10,746 - ERROR - Distance Error is 151.74577424099823
2025-04-09 16:08:10,756 - ERROR - Error Function returns mc.get_error_information() =19
2025-04-09 16:08:10,789 - ERROR - Distance Error is 151.74577424099823
2025-04-09 16:08:10,799 - ERROR - Error Function returns mc.get_error_information() =19
2025-04-09 16:08:10,832 - ERROR - Distance Error is 151.74577424099823
2025-04-09 16:08:10,842 - ERROR - Error Function returns mc.get_error_information() =19
2025-04-09 16:08:10,875 - ERROR - Distance Error is 151.74577424099823
2025-04-09 16:08:10,885 - ERROR - Error Function returns mc.get_error_information() =19
2025-04-09 16:08:10,918 - ERROR - Distance Error is 151.74577424099823
2025-04-09 16:08:10,928 - ERROR - Error Function returns mc.get_error_information() =19
2025-04-09 16:08:10,961 - ERROR - Distance Error is 151.74577424099823
2025-04-09 16:08:10,971 - ERROR - Error Function returns mc.get_error_information() =19
2025-04-09 16:08:11,004 - ERROR - Distance Error is 151.74577424099823
2025-04-09 16:08:11,014 - ERROR - Error Function returns mc.get_error_information() =19
2025-04-09 16:08:11,047 - ERROR - Distance Error is 151.74577424099823
2025-04-09 16:08:11,057 - ERROR - Error Function returns mc.get_error_information() =19
2025-04-09 16:08:11,090 - ERROR - Distance Error is 151.74577424099823
2025-04-09 16:08:11,101 - ERROR - Error Function returns mc.get_error_information() =19
2025-04-09 16:08:11,133 - ERROR - Distance Error is 151.74577424099823
2025-04-09 16:08:11,143 - ERROR - Error Function returns mc.get_error_information() =19
2025-04-09 16:08:11,176 - ERROR - Distance Error is 151.74577424099823
2025-04-09 16:08:11,186 - ERROR - Error Function returns mc.get_error_information() =19
2025-04-09 16:08:11,219 - ERROR - Distance Error is 151.74577424099823
2025-04-09 16:08:11,229 - ERROR - Error Function returns mc.get_error_information() =19
2025-04-09 16:08:11,262 - ERROR - Distance Error is 151.74577424099823
2025-04-09 16:08:11,272 - ERROR - Error Function returns mc.get_error_information() =19
2025-04-09 16:08:11,305 - ERROR - Distance Error is 151.74577424099823
2025-04-09 16:08:11,315 - ERROR - Error Function returns mc.get_error_information() =19
2025-04-09 16:08:11,348 - ERROR - Distance Error is 151.74577424099823
2025-04-09 16:08:11,358 - ERROR - Error Function returns mc.get_error_information() =19
2025-04-09 16:08:11,391 - ERROR - Distance Error is 151.74577424099823
2025-04-09 16:08:11,401 - ERROR - Error Function returns mc.get_error_information() =19
2025-04-09 16:08:11,434 - ERROR - Distance Error is 151.74577424099823
2025-04-09 16:08:11,445 - ERROR - Error Function returns mc.get_error_information() =19
2025-04-09 16:08:11,477 - ERROR - Distance Error is 151.74577424099823
2025-04-09 16:08:11,487 - ERROR - Error Function returns mc.get_error_information() =19
2025-04-09 16:08:11,520 - ERROR - Distance Error is 151.74577424099823
2025-04-09 16:08:11,530 - ERROR - Error Function returns mc.get_error_information() =19
2025-04-09 16:08:11,563 - ERROR - Distance Error is 151.74577424099823
2025-04-09 16:08:11,574 - ERROR - Error Function returns mc.get_error_information() =19
2025-04-09 16:08:11,607 - ERROR - Distance Error is 151.74577424099823
2025-04-09 16:08:11,616 - ERROR - Error Function returns mc.get_error_information() =19
2025-04-09 16:08:11,649 - ERROR - Distance Error is 151.74577424099823
2025-04-09 16:08:11,659 - ERROR - Error Function returns mc.get_error_information() =19
2025-04-09 16:08:11,692 - ERROR - Distance Error is 151.74577424099823
2025-04-09 16:08:11,703 - ERROR - Error Function returns mc.get_error_information() =19
2025-04-09 16:08:11,735 - ERROR - Distance Error is 151.74577424099823
2025-04-09 16:08:11,745 - ERROR - Error Function returns mc.get_error_information() =19
2025-04-09 16:08:11,778 - ERROR - Distance Error is 151.74577424099823
2025-04-09 16:08:11,788 - ERROR - Error Function returns mc.get_error_information() =19
2025-04-09 16:08:11,821 - ERROR - Distance Error is 151.74577424099823
2025-04-09 16:08:11,832 - ERROR - Error Function returns mc.get_error_information() =19
2025-04-09 16:08:11,865 - ERROR - Distance Error is 151.74577424099823
2025-04-09 16:08:11,874 - ERROR - Error Function returns mc.get_error_information() =19
2025-04-09 16:08:11,907 - ERROR - Distance Error is 151.74577424099823
2025-04-09 16:08:11,917 - ERROR - Error Function returns mc.get_error_information() =19
2025-04-09 16:08:11,950 - ERROR - Distance Error is 151.74577424099823
2025-04-09 16:08:11,961 - ERROR - Error Function returns mc.get_error_information() =19
2025-04-09 16:08:11,993 - ERROR - Distance Error is 151.74577424099823
2025-04-09 16:08:12,003 - ERROR - Error Function returns mc.get_error_information() =19
2025-04-09 16:08:12,036 - ERROR - Distance Error is 151.74577424099823
2025-04-09 16:08:12,047 - ERROR - Error Function returns mc.get_error_information() =19
2025-04-09 16:08:12,079 - ERROR - Distance Error is 151.74577424099823
2025-04-09 16:08:12,089 - ERROR - Error Function returns mc.get_error_information() =19
2025-04-09 16:08:12,122 - ERROR - Distance Error is 151.74577424099823
2025-04-09 16:08:12,132 - ERROR - Error Function returns mc.get_error_information() =19
2025-04-09 16:08:12,165 - ERROR - Distance Error is 151.74577424099823
2025-04-09 16:08:12,176 - ERROR - Error Function returns mc.get_error_information() =19
2025-04-09 16:08:12,208 - ERROR - Distance Error is 151.74577424099823
2025-04-09 16:08:19,827 - WARNING - Distance Error is 13.57755500817434
2025-04-09 16:08:25,276 - ERROR - Distance Error is 156.58176777645602
2025-04-09 16:08:25,286 - ERROR - Error Function returns mc.get_error_information() =-1
2025-04-09 16:08:25,317 - ERROR - Distance Error is 130.0040383988128
2025-04-09 16:08:25,424 - ERROR - Error Function returns mc.get_error_information() =-1
2025-04-09 16:08:25,458 - INFO - Distance Error is 1.7748239349298804
2025-04-09 16:08:31,493 - INFO - Distance Error is 4.007492981902758
2025-04-09 16:14:28,462 - ERROR - Distance Error is 407.34997238247115
2025-04-09 16:14:28,466 - ERROR - Error Function returns mc.get_error_information() =32
2025-04-09 16:14:28,497 - ERROR - Distance Error is 407.35311463151965
2025-04-09 16:14:28,507 - ERROR - Error Function returns mc.get_error_information() =32
2025-04-09 16:14:28,537 - ERROR - Distance Error is 407.4301289791908
2025-04-09 16:14:28,546 - ERROR - Error Function returns mc.get_error_information() =32
2025-04-09 16:14:28,578 - ERROR - Distance Error is 407.7661707400456
2025-04-09 16:14:28,588 - ERROR - Error Function returns mc.get_error_information() =32
2025-04-09 16:14:28,620 - ERROR - Distance Error is 408.67422233363334
2025-04-09 16:14:28,629 - ERROR - Error Function returns mc.get_error_information() =32
2025-04-09 16:14:28,660 - ERROR - Distance Error is 410.9224987756207
2025-04-09 16:14:28,669 - ERROR - Error Function returns mc.get_error_information() =32
2025-04-09 16:14:28,699 - ERROR - Distance Error is 414.42713472937555
2025-04-09 16:14:28,708 - ERROR - Error Function returns mc.get_error_information() =32
2025-04-09 16:14:28,738 - ERROR - Distance Error is 418.84435056474143
2025-04-09 16:14:28,748 - ERROR - Error Function returns mc.get_error_information() =32
2025-04-09 16:14:28,782 - ERROR - Distance Error is 422.720687925254
2025-04-09 16:14:28,789 - ERROR - Error Function returns mc.get_error_information() =32
2025-04-09 16:14:28,820 - ERROR - Distance Error is 425.3783727459589
2025-04-09 16:14:28,830 - ERROR - Error Function returns mc.get_error_information() =32
2025-04-09 16:14:28,859 - ERROR - Distance Error is 426.4966236677613
2025-04-09 16:14:28,869 - ERROR - Error Function returns mc.get_error_information() =32
2025-04-09 16:14:28,899 - ERROR - Distance Error is 426.6405747230331
2025-04-09 16:14:28,909 - ERROR - Error Function returns mc.get_error_information() =32
2025-04-09 16:14:28,942 - ERROR - Distance Error is 426.5332108992218
2025-04-09 16:14:28,949 - ERROR - Error Function returns mc.get_error_information() =32
2025-04-09 16:14:28,979 - ERROR - Distance Error is 426.45635181106167
2025-04-09 16:14:28,988 - ERROR - Error Function returns mc.get_error_information() =32
2025-04-09 16:14:29,020 - ERROR - Distance Error is 426.3695111050977
2025-04-09 16:14:29,031 - ERROR - Error Function returns mc.get_error_information() =32
2025-04-09 16:14:29,063 - ERROR - Distance Error is 425.91150489274173
2025-04-09 16:14:29,072 - ERROR - Error Function returns mc.get_error_information() =32
2025-04-09 16:14:29,102 - ERROR - Distance Error is 425.71691298326397
2025-04-09 16:14:29,112 - ERROR - Error Function returns mc.get_error_information() =32
2025-04-09 16:14:29,142 - ERROR - Distance Error is 425.19363824027283
2025-04-09 16:14:29,152 - ERROR - Error Function returns mc.get_error_information() =32
2025-04-09 16:14:29,182 - ERROR - Distance Error is 425.2559464604816
2025-04-09 16:14:29,191 - ERROR - Error Function returns mc.get_error_information() =32
2025-04-09 16:14:29,222 - ERROR - Distance Error is 425.67539275837873
2025-04-09 16:14:29,233 - ERROR - Error Function returns mc.get_error_information() =32
2025-04-09 16:14:29,264 - ERROR - Distance Error is 426.20920919191786
2025-04-09 16:14:29,274 - ERROR - Error Function returns mc.get_error_information() =32
2025-04-09 16:14:29,304 - ERROR - Distance Error is 426.6726262604621
2025-04-09 16:14:29,314 - ERROR - Error Function returns mc.get_error_information() =32
2025-04-09 16:14:29,346 - ERROR - Distance Error is 427.0705445239697
2025-04-09 16:14:29,353 - ERROR - Error Function returns mc.get_error_information() =32
2025-04-09 16:14:29,383 - ERROR - Distance Error is 427.27267640231804
2025-04-09 16:14:29,393 - ERROR - Error Function returns mc.get_error_information() =32
2025-04-09 16:14:29,423 - ERROR - Distance Error is 427.32491151347585
2025-04-09 16:14:29,434 - ERROR - Error Function returns mc.get_error_information() =32
2025-04-09 16:14:29,465 - ERROR - Distance Error is 427.2988298603215
2025-04-09 16:14:29,475 - ERROR - Error Function returns mc.get_error_information() =32
2025-04-09 16:14:29,506 - ERROR - Distance Error is 427.372881685303
2025-04-09 16:14:29,514 - ERROR - Error Function returns mc.get_error_information() =32
2025-04-09 16:14:29,544 - ERROR - Distance Error is 427.35378786200084
2025-04-09 16:14:29,554 - ERROR - Error Function returns mc.get_error_information() =32
2025-04-09 16:14:29,584 - ERROR - Distance Error is 427.44103686941435
2025-04-09 16:14:29,594 - ERROR - Error Function returns mc.get_error_information() =32
2025-04-09 16:14:29,625 - ERROR - Distance Error is 428.1631581535245
2025-04-09 16:14:29,634 - ERROR - Error Function returns mc.get_error_information() =32
2025-04-09 16:14:30,068 - ERROR - Distance Error is 424.12498157972254
2025-04-09 16:14:30,077 - ERROR - Error Function returns mc.get_error_information() =32
2025-04-09 16:14:30,107 - ERROR - Distance Error is 423.314563888369
2025-04-09 16:14:30,117 - ERROR - Error Function returns mc.get_error_information() =32
2025-04-09 16:14:30,147 - ERROR - Distance Error is 422.67463846320373
2025-04-09 16:14:30,157 - ERROR - Error Function returns mc.get_error_information() =32
2025-04-09 16:14:30,189 - ERROR - Distance Error is 421.9174326808505
2025-04-09 16:14:30,200 - ERROR - Error Function returns mc.get_error_information() =32
2025-04-09 16:14:30,231 - ERROR - Distance Error is 421.11268088244503
2025-04-09 16:14:30,241 - ERROR - Error Function returns mc.get_error_information() =32
2025-04-09 16:14:30,271 - ERROR - Distance Error is 420.45694190963246
2025-04-09 16:14:30,281 - ERROR - Error Function returns mc.get_error_information() =32
2025-04-09 16:14:30,311 - ERROR - Distance Error is 419.8463528482771
2025-04-09 16:14:30,321 - ERROR - Error Function returns mc.get_error_information() =32
2025-04-09 16:14:30,351 - ERROR - Distance Error is 419.2553994881879
2025-04-09 16:14:30,360 - ERROR - Error Function returns mc.get_error_information() =32
2025-04-09 16:14:30,391 - ERROR - Distance Error is 418.72069449694027
2025-04-09 16:14:30,402 - ERROR - Error Function returns mc.get_error_information() =32
2025-04-09 16:14:30,433 - ERROR - Distance Error is 418.18896446463054
2025-04-09 16:14:30,443 - ERROR - Error Function returns mc.get_error_information() =32
2025-04-09 16:14:30,473 - ERROR - Distance Error is 417.6602207536648
2025-04-09 16:14:30,483 - ERROR - Error Function returns mc.get_error_information() =32
2025-04-09 16:14:30,513 - ERROR - Distance Error is 417.1344747200835
2025-04-09 16:14:30,522 - ERROR - Error Function returns mc.get_error_information() =32
2025-04-09 16:14:30,552 - ERROR - Distance Error is 416.2679065217495
2025-04-09 16:14:30,562 - ERROR - Error Function returns mc.get_error_information() =32
2025-04-09 16:14:30,592 - ERROR - Distance Error is 415.11822412416444
2025-04-09 16:14:30,603 - ERROR - Error Function returns mc.get_error_information() =32
2025-04-09 16:14:30,634 - ERROR - Distance Error is 413.8191513209605
2025-04-09 16:14:30,644 - ERROR - Error Function returns mc.get_error_information() =32
2025-04-09 16:14:30,673 - ERROR - Distance Error is 412.33774990897933
2025-04-09 16:14:30,683 - ERROR - Error Function returns mc.get_error_information() =32
2025-04-09 16:14:30,713 - ERROR - Distance Error is 410.8340540899695
2025-04-09 16:14:30,723 - ERROR - Error Function returns mc.get_error_information() =32
2025-04-09 16:14:30,754 - ERROR - Distance Error is 409.3457951414672
2025-04-09 16:14:30,763 - ERROR - Error Function returns mc.get_error_information() =32
2025-04-09 16:14:30,794 - ERROR - Distance Error is 408.39299700166254
2025-04-09 16:14:30,803 - ERROR - Error Function returns mc.get_error_information() =32
2025-04-09 16:14:30,836 - ERROR - Distance Error is 407.92917277390205
2025-04-09 16:14:30,846 - ERROR - Error Function returns mc.get_error_information() =32
2025-04-09 16:14:30,878 - ERROR - Distance Error is 408.00709552653615
2025-04-09 16:14:30,887 - ERROR - Error Function returns mc.get_error_information() =32
2025-04-09 16:14:30,918 - ERROR - Distance Error is 408.0085538319019
2025-04-09 16:14:30,927 - ERROR - Error Function returns mc.get_error_information() =32
2025-04-09 16:14:30,957 - ERROR - Distance Error is 408.0085538319019
2025-04-09 16:14:30,967 - ERROR - Error Function returns mc.get_error_information() =32
2025-04-09 16:14:30,997 - ERROR - Distance Error is 408.0085538319019
2025-04-09 16:14:31,007 - ERROR - Error Function returns mc.get_error_information() =32
2025-04-09 16:14:31,039 - ERROR - Distance Error is 408.105060002936
2025-04-09 16:14:31,050 - ERROR - Error Function returns mc.get_error_information() =32
2025-04-09 16:14:31,081 - ERROR - Distance Error is 408.105060002936
2025-04-09 16:14:31,091 - ERROR - Error Function returns mc.get_error_information() =32
2025-04-09 16:14:31,121 - ERROR - Distance Error is 408.105060002936
2025-04-09 16:14:31,131 - ERROR - Error Function returns mc.get_error_information() =32
2025-04-09 16:14:31,162 - ERROR - Distance Error is 408.105060002936
2025-04-09 16:14:31,171 - ERROR - Error Function returns mc.get_error_information() =32
2025-04-09 16:14:31,202 - ERROR - Distance Error is 408.105060002936
2025-04-09 16:14:31,210 - ERROR - Error Function returns mc.get_error_information() =32
2025-04-09 16:14:31,241 - ERROR - Distance Error is 407.69033591685735
2025-04-09 16:14:31,252 - ERROR - Error Function returns mc.get_error_information() =32
2025-04-09 16:14:31,283 - ERROR - Distance Error is 407.0712222695188
2025-04-09 16:14:31,293 - ERROR - Error Function returns mc.get_error_information() =32
2025-04-09 16:14:31,323 - ERROR - Distance Error is 407.5224410998737
2025-04-09 16:14:31,333 - ERROR - Error Function returns mc.get_error_information() =32
2025-04-09 16:14:31,363 - ERROR - Distance Error is 407.53885704310454
2025-04-09 16:14:31,372 - ERROR - Error Function returns mc.get_error_information() =32
2025-04-09 16:14:31,402 - ERROR - Distance Error is 407.1533126477052
2025-04-09 16:14:31,412 - ERROR - Error Function returns mc.get_error_information() =32
2025-04-09 16:14:31,442 - ERROR - Distance Error is 407.56968729286035
2025-04-09 16:14:31,453 - ERROR - Error Function returns mc.get_error_information() =32
2025-04-09 16:14:31,484 - ERROR - Distance Error is 408.3660735173773
2025-04-09 16:14:31,494 - ERROR - Error Function returns mc.get_error_information() =32
2025-04-09 16:14:31,523 - ERROR - Distance Error is 409.46427194567286
2025-04-09 16:14:31,533 - ERROR - Error Function returns mc.get_error_information() =32
2025-04-09 16:14:31,563 - ERROR - Distance Error is 410.72538270722936
2025-04-09 16:14:31,573 - ERROR - Error Function returns mc.get_error_information() =32
2025-04-09 16:14:31,603 - ERROR - Distance Error is 412.0488927299769
2025-04-09 16:14:31,613 - ERROR - Error Function returns mc.get_error_information() =32
2025-04-09 16:14:31,643 - ERROR - Distance Error is 412.9274149290648
2025-04-09 16:14:31,653 - ERROR - Error Function returns mc.get_error_information() =32
2025-04-09 16:14:31,686 - ERROR - Distance Error is 413.6307652967801
2025-04-09 16:14:31,696 - ERROR - Error Function returns mc.get_error_information() =32
2025-04-09 16:14:31,727 - ERROR - Distance Error is 413.84400442678884
2025-04-09 16:14:31,737 - ERROR - Error Function returns mc.get_error_information() =32
2025-04-09 16:14:31,767 - ERROR - Distance Error is 413.6163439710767
2025-04-09 16:14:31,777 - ERROR - Error Function returns mc.get_error_information() =32
2025-04-09 16:14:31,807 - ERROR - Distance Error is 413.22411594678255
2025-04-09 16:14:31,817 - ERROR - Error Function returns mc.get_error_information() =32
2025-04-09 16:14:31,847 - ERROR - Distance Error is 412.75013022408604
2025-04-09 16:14:31,856 - ERROR - Error Function returns mc.get_error_information() =32
2025-04-09 16:14:31,888 - ERROR - Distance Error is 412.2776855470109
2025-04-09 16:14:31,898 - ERROR - Error Function returns mc.get_error_information() =32
2025-04-09 16:14:31,930 - ERROR - Distance Error is 410.8632132474262
2025-04-09 16:14:31,939 - ERROR - Error Function returns mc.get_error_information() =32
2025-04-09 16:14:31,969 - ERROR - Distance Error is 408.00662984809446
2025-04-09 16:14:31,979 - ERROR - Error Function returns mc.get_error_information() =32
2025-04-09 16:14:32,010 - ERROR - Distance Error is 404.1205884386491
2025-04-09 16:14:32,018 - ERROR - Error Function returns mc.get_error_information() =32
2025-04-09 16:14:32,050 - ERROR - Distance Error is 399.3286616309929
2025-04-09 16:14:32,058 - ERROR - Error Function returns mc.get_error_information() =32
2025-04-09 16:14:32,088 - ERROR - Distance Error is 394.21548675819423
2025-04-09 16:14:32,099 - ERROR - Error Function returns mc.get_error_information() =32
2025-04-09 16:14:32,130 - ERROR - Distance Error is 388.69620528119384
2025-04-09 16:14:32,140 - ERROR - Error Function returns mc.get_error_information() =32
2025-04-09 16:14:32,170 - ERROR - Distance Error is 384.06750708697035
2025-04-09 16:14:32,179 - ERROR - Error Function returns mc.get_error_information() =32
2025-04-09 16:14:32,210 - ERROR - Distance Error is 380.1452880149904
2025-04-09 16:14:32,219 - ERROR - Error Function returns mc.get_error_information() =32
2025-04-09 16:14:32,249 - ERROR - Distance Error is 376.8519603239447
2025-04-09 16:14:32,259 - ERROR - Error Function returns mc.get_error_information() =32
2025-04-09 16:14:32,289 - ERROR - Distance Error is 374.80566964761886
2025-04-09 16:14:32,298 - ERROR - Error Function returns mc.get_error_information() =32
2025-04-09 16:14:32,331 - ERROR - Distance Error is 373.80746380991377
2025-04-09 16:14:32,341 - ERROR - Error Function returns mc.get_error_information() =32
2025-04-09 16:14:32,372 - ERROR - Distance Error is 373.48700111248854
2025-04-09 16:14:32,382 - ERROR - Error Function returns mc.get_error_information() =32
2025-04-09 16:14:32,412 - ERROR - Distance Error is 374.0733885215574
2025-04-09 16:14:32,422 - ERROR - Error Function returns mc.get_error_information() =32
2025-04-09 16:14:32,454 - ERROR - Distance Error is 375.47105081483977
2025-04-09 16:14:32,463 - ERROR - Error Function returns mc.get_error_information() =32
2025-04-09 16:14:32,494 - ERROR - Distance Error is 376.87296268106047
2025-04-09 16:14:32,502 - ERROR - Error Function returns mc.get_error_information() =32
2025-04-09 16:14:32,534 - ERROR - Distance Error is 377.942336871645
2025-04-09 16:14:32,545 - ERROR - Error Function returns mc.get_error_information() =32
2025-04-09 16:14:32,577 - ERROR - Distance Error is 379.16384321293083
2025-04-09 16:14:32,586 - ERROR - Error Function returns mc.get_error_information() =32
2025-04-09 16:14:32,618 - ERROR - Distance Error is 380.1414078997446
2025-04-09 16:14:32,626 - ERROR - Error Function returns mc.get_error_information() =32
2025-04-09 16:14:32,656 - ERROR - Distance Error is 380.54484624022956
2025-04-09 16:14:32,666 - ERROR - Error Function returns mc.get_error_information() =32
2025-04-09 16:14:32,696 - ERROR - Distance Error is 380.5481441289656
2025-04-09 16:14:32,705 - ERROR - Error Function returns mc.get_error_information() =32
2025-04-09 16:14:32,737 - ERROR - Distance Error is 380.50940855647707
2025-04-09 16:14:32,747 - ERROR - Error Function returns mc.get_error_information() =32
2025-04-09 16:14:32,778 - ERROR - Distance Error is 380.35149533030625
2025-04-09 16:14:32,788 - ERROR - Error Function returns mc.get_error_information() =32
2025-04-09 16:14:32,818 - ERROR - Distance Error is 380.5649616031408
2025-04-09 16:14:32,828 - ERROR - Error Function returns mc.get_error_information() =32
2025-04-09 16:14:32,858 - ERROR - Distance Error is 380.5608229967977
2025-04-09 16:14:32,867 - ERROR - Error Function returns mc.get_error_information() =32
2025-04-09 16:14:32,898 - ERROR - Distance Error is 380.48617583297295
2025-04-09 16:14:32,907 - ERROR - Error Function returns mc.get_error_information() =32
2025-04-09 16:14:32,937 - ERROR - Distance Error is 380.3108859867148
2025-04-09 16:14:32,948 - ERROR - Error Function returns mc.get_error_information() =32
2025-04-09 16:14:32,979 - ERROR - Distance Error is 379.8692538229437
2025-04-09 16:14:32,989 - ERROR - Error Function returns mc.get_error_information() =32
2025-04-09 16:14:33,019 - ERROR - Distance Error is 379.28664621892506
2025-04-09 16:14:33,028 - ERROR - Error Function returns mc.get_error_information() =32
2025-04-09 16:14:33,058 - ERROR - Distance Error is 378.4267696662064
2025-04-09 16:14:33,068 - ERROR - Error Function returns mc.get_error_information() =32
2025-04-09 16:14:33,098 - ERROR - Distance Error is 377.3120989313754
2025-04-09 16:14:33,108 - ERROR - Error Function returns mc.get_error_information() =32
2025-04-09 16:14:33,138 - ERROR - Distance Error is 376.2709927698387
2025-04-09 16:14:33,147 - ERROR - Error Function returns mc.get_error_information() =32
2025-04-09 16:14:33,179 - ERROR - Distance Error is 375.668537410308
2025-04-09 16:14:33,190 - ERROR - Error Function returns mc.get_error_information() =32
2025-04-09 16:14:33,221 - ERROR - Distance Error is 375.3268575521874
2025-04-09 16:14:33,231 - ERROR - Error Function returns mc.get_error_information() =32
2025-04-09 16:14:33,261 - ERROR - Distance Error is 375.2350063626793
2025-04-09 16:14:33,270 - ERROR - Error Function returns mc.get_error_information() =32
2025-04-09 16:14:33,302 - ERROR - Distance Error is 374.9866264281968
2025-04-09 16:14:33,310 - ERROR - Error Function returns mc.get_error_information() =32
2025-04-09 16:14:33,342 - ERROR - Distance Error is 374.73118365036026
2025-04-09 16:14:33,350 - ERROR - Error Function returns mc.get_error_information() =32
2025-04-09 16:14:33,381 - ERROR - Distance Error is 374.647847985278
2025-04-09 16:14:33,392 - ERROR - Error Function returns mc.get_error_information() =32
2025-04-09 16:14:33,424 - ERROR - Distance Error is 374.4765012654332
2025-04-09 16:14:33,433 - ERROR - Error Function returns mc.get_error_information() =32
2025-04-09 16:14:33,464 - ERROR - Distance Error is 374.3105261677796
2025-04-09 16:14:33,473 - ERROR - Error Function returns mc.get_error_information() =32
2025-04-09 16:14:33,503 - ERROR - Distance Error is 374.13139403156214
2025-04-09 16:14:33,512 - ERROR - Error Function returns mc.get_error_information() =32
2025-04-09 16:14:33,542 - ERROR - Distance Error is 374.04870003784265
2025-04-09 16:14:33,552 - ERROR - Error Function returns mc.get_error_information() =32
2025-04-09 16:14:33,586 - ERROR - Distance Error is 373.79598713736885
2025-04-09 16:14:33,593 - ERROR - Error Function returns mc.get_error_information() =32
2025-04-09 16:14:33,624 - ERROR - Distance Error is 373.36249142087104
2025-04-09 16:14:33,634 - ERROR - Error Function returns mc.get_error_information() =32
2025-04-09 16:14:33,663 - ERROR - Distance Error is 372.8524372992619
2025-04-09 16:14:33,673 - ERROR - Error Function returns mc.get_error_information() =32
2025-04-09 16:14:33,703 - ERROR - Distance Error is 372.2547649124185
2025-04-09 16:14:33,713 - ERROR - Error Function returns mc.get_error_information() =32
2025-04-09 16:14:33,746 - ERROR - Distance Error is 372.2641266627769
2025-04-09 16:14:33,753 - ERROR - Error Function returns mc.get_error_information() =32
2025-04-09 16:14:33,783 - ERROR - Distance Error is 372.17401843761206
2025-04-09 16:14:33,793 - ERROR - Error Function returns mc.get_error_information() =32
2025-04-09 16:14:33,826 - ERROR - Distance Error is 372.17401843761206
2025-04-09 16:14:33,836 - ERROR - Error Function returns mc.get_error_information() =32
2025-04-09 16:14:33,868 - ERROR - Distance Error is 372.17401843761206
2025-04-09 16:14:33,877 - ERROR - Error Function returns mc.get_error_information() =32
2025-04-09 16:14:33,907 - ERROR - Distance Error is 372.17401843761206
2025-04-09 16:14:33,917 - ERROR - Error Function returns mc.get_error_information() =32
2025-04-09 16:14:33,947 - ERROR - Distance Error is 372.17401843761206
2025-04-09 16:14:33,957 - ERROR - Error Function returns mc.get_error_information() =32
2025-04-09 16:14:33,988 - ERROR - Distance Error is 372.17401843761206
2025-04-09 16:14:33,997 - ERROR - Error Function returns mc.get_error_information() =32
2025-04-09 16:14:34,029 - ERROR - Distance Error is 372.17401843761206
2025-04-09 16:14:34,040 - ERROR - Error Function returns mc.get_error_information() =32
2025-04-09 16:14:34,071 - ERROR - Distance Error is 372.17401843761206
2025-04-09 16:14:34,081 - ERROR - Error Function returns mc.get_error_information() =32
2025-04-09 16:14:34,111 - ERROR - Distance Error is 372.17401843761206
2025-04-09 16:14:34,121 - ERROR - Error Function returns mc.get_error_information() =32
2025-04-09 16:14:34,152 - ERROR - Distance Error is 372.17401843761206
2025-04-09 16:14:34,161 - ERROR - Error Function returns mc.get_error_information() =32
2025-04-09 16:14:34,191 - ERROR - Distance Error is 372.17401843761206
2025-04-09 16:14:34,200 - ERROR - Error Function returns mc.get_error_information() =32
2025-04-09 16:14:34,231 - ERROR - Distance Error is 372.17401843761206
2025-04-09 16:14:34,242 - ERROR - Error Function returns mc.get_error_information() =32
2025-04-09 16:14:34,274 - ERROR - Distance Error is 372.17401843761206
2025-04-09 16:14:34,283 - ERROR - Error Function returns mc.get_error_information() =32
2025-04-09 16:14:34,314 - ERROR - Distance Error is 372.17401843761206
2025-04-09 16:14:34,323 - ERROR - Error Function returns mc.get_error_information() =32
2025-04-09 16:14:34,353 - ERROR - Distance Error is 372.17401843761206
2025-04-09 16:14:34,362 - ERROR - Error Function returns mc.get_error_information() =32
2025-04-09 16:14:34,392 - ERROR - Distance Error is 372.17401843761206
2025-04-09 16:14:34,402 - ERROR - Error Function returns mc.get_error_information() =32
2025-04-09 16:14:34,438 - ERROR - Distance Error is 372.17401843761206
2025-04-09 16:14:34,443 - ERROR - Error Function returns mc.get_error_information() =32
2025-04-09 16:14:34,474 - ERROR - Distance Error is 372.17401843761206
2025-04-09 16:14:34,484 - ERROR - Error Function returns mc.get_error_information() =32
2025-04-09 16:14:34,513 - ERROR - Distance Error is 372.17401843761206
2025-04-09 16:14:34,523 - ERROR - Error Function returns mc.get_error_information() =32
2025-04-09 16:14:34,554 - ERROR - Distance Error is 372.17401843761206
2025-04-09 16:14:34,563 - ERROR - Error Function returns mc.get_error_information() =32
2025-04-09 16:14:34,594 - ERROR - Distance Error is 372.17401843761206
2025-04-09 16:14:34,603 - ERROR - Error Function returns mc.get_error_information() =32
2025-04-09 16:14:34,633 - ERROR - Distance Error is 372.17401843761206
2025-04-09 16:14:34,643 - ERROR - Error Function returns mc.get_error_information() =32
2025-04-09 16:14:34,676 - ERROR - Distance Error is 372.17401843761206
2025-04-09 16:14:34,686 - ERROR - Error Function returns mc.get_error_information() =32
2025-04-09 16:14:34,718 - ERROR - Distance Error is 372.17401843761206
2025-04-09 16:14:34,727 - ERROR - Error Function returns mc.get_error_information() =32
2025-04-09 16:14:34,757 - ERROR - Distance Error is 372.17401843761206
2025-04-09 16:14:34,767 - ERROR - Error Function returns mc.get_error_information() =32
2025-04-09 16:14:34,797 - ERROR - Distance Error is 372.17401843761206
2025-04-09 16:14:34,807 - ERROR - Error Function returns mc.get_error_information() =32
2025-04-09 16:14:34,838 - ERROR - Distance Error is 372.17401843761206
2025-04-09 16:14:34,847 - ERROR - Error Function returns mc.get_error_information() =32
2025-04-09 16:14:34,879 - ERROR - Distance Error is 372.17401843761206
2025-04-09 16:14:34,890 - ERROR - Error Function returns mc.get_error_information() =32
2025-04-09 16:14:34,921 - ERROR - Distance Error is 372.17401843761206
2025-04-09 16:14:34,931 - ERROR - Error Function returns mc.get_error_information() =32
2025-04-09 16:14:34,961 - ERROR - Distance Error is 372.17401843761206
2025-04-09 16:14:34,971 - ERROR - Error Function returns mc.get_error_information() =32
2025-04-09 16:14:35,006 - ERROR - Distance Error is 372.17401843761206
2025-04-09 16:14:35,011 - ERROR - Error Function returns mc.get_error_information() =32
2025-04-09 16:14:35,041 - ERROR - Distance Error is 372.17401843761206
2025-04-09 16:14:35,051 - ERROR - Error Function returns mc.get_error_information() =32
2025-04-09 16:14:35,083 - ERROR - Distance Error is 372.17401843761206
2025-04-09 16:14:35,094 - ERROR - Error Function returns mc.get_error_information() =32
2025-04-09 16:14:35,125 - ERROR - Distance Error is 372.17401843761206
2025-04-09 16:14:35,135 - ERROR - Error Function returns mc.get_error_information() =32
2025-04-09 16:14:35,165 - ERROR - Distance Error is 372.17401843761206
2025-04-09 16:14:35,175 - ERROR - Error Function returns mc.get_error_information() =32
2025-04-09 16:14:35,205 - ERROR - Distance Error is 372.17401843761206
2025-04-09 16:14:35,215 - ERROR - Error Function returns mc.get_error_information() =32
2025-04-09 16:14:35,250 - ERROR - Distance Error is 372.17401843761206
2025-04-09 16:14:35,255 - ERROR - Error Function returns mc.get_error_information() =32
2025-04-09 16:14:35,287 - ERROR - Distance Error is 372.17401843761206
2025-04-09 16:14:35,298 - ERROR - Error Function returns mc.get_error_information() =32
2025-04-09 16:14:35,329 - ERROR - Distance Error is 372.17401843761206
2025-04-09 16:14:35,339 - ERROR - Error Function returns mc.get_error_information() =32
2025-04-09 16:14:35,370 - ERROR - Distance Error is 372.17401843761206
2025-04-09 16:14:35,379 - ERROR - Error Function returns mc.get_error_information() =32
2025-04-09 16:14:35,410 - ERROR - Distance Error is 372.17401843761206
2025-04-09 16:14:35,419 - ERROR - Error Function returns mc.get_error_information() =32
2025-04-09 16:14:35,449 - ERROR - Distance Error is 372.17401843761206
2025-04-09 16:14:35,459 - ERROR - Error Function returns mc.get_error_information() =32
2025-04-09 16:14:35,492 - ERROR - Distance Error is 372.17401843761206
2025-04-09 16:14:35,502 - ERROR - Error Function returns mc.get_error_information() =32
2025-04-09 16:14:35,534 - ERROR - Distance Error is 372.17401843761206
2025-04-09 16:14:35,543 - ERROR - Error Function returns mc.get_error_information() =32
2025-04-09 16:14:35,573 - ERROR - Distance Error is 372.17401843761206
2025-04-09 16:14:35,583 - ERROR - Error Function returns mc.get_error_information() =32
2025-04-09 16:14:35,613 - ERROR - Distance Error is 372.17401843761206
2025-04-09 16:14:35,624 - ERROR - Error Function returns mc.get_error_information() =32
2025-04-09 16:14:35,658 - ERROR - Distance Error is 372.17401843761206
2025-04-09 16:14:35,664 - ERROR - Error Function returns mc.get_error_information() =32
2025-04-09 16:14:35,697 - ERROR - Distance Error is 372.17401843761206
2025-04-09 16:14:35,707 - ERROR - Error Function returns mc.get_error_information() =32
2025-04-09 16:14:35,738 - ERROR - Distance Error is 372.17401843761206
2025-04-09 16:14:35,748 - ERROR - Error Function returns mc.get_error_information() =32
2025-04-09 16:14:35,779 - ERROR - Distance Error is 372.17401843761206
2025-04-09 16:14:35,788 - ERROR - Error Function returns mc.get_error_information() =32
2025-04-09 16:14:35,819 - ERROR - Distance Error is 372.17401843761206
2025-04-09 16:14:35,828 - ERROR - Error Function returns mc.get_error_information() =32
2025-04-09 16:14:35,858 - ERROR - Distance Error is 372.17401843761206
2025-04-09 16:14:35,868 - ERROR - Error Function returns mc.get_error_information() =32
2025-04-09 16:14:35,901 - ERROR - Distance Error is 372.17401843761206
2025-04-09 16:14:35,911 - ERROR - Error Function returns mc.get_error_information() =32
2025-04-09 16:14:35,943 - ERROR - Distance Error is 372.17401843761206
2025-04-09 16:14:35,952 - ERROR - Error Function returns mc.get_error_information() =32
2025-04-09 16:14:35,982 - ERROR - Distance Error is 372.17401843761206
2025-04-09 16:14:35,992 - ERROR - Error Function returns mc.get_error_information() =32
2025-04-09 16:14:36,022 - ERROR - Distance Error is 372.17401843761206
2025-04-09 16:14:36,033 - ERROR - Error Function returns mc.get_error_information() =32
2025-04-09 16:14:36,070 - ERROR - Distance Error is 372.17401843761206
2025-04-09 16:14:36,073 - ERROR - Error Function returns mc.get_error_information() =32
2025-04-09 16:14:36,106 - ERROR - Distance Error is 372.17401843761206
2025-04-09 16:14:36,116 - ERROR - Error Function returns mc.get_error_information() =32
2025-04-09 16:14:36,147 - ERROR - Distance Error is 372.17401843761206
2025-04-09 16:14:36,157 - ERROR - Error Function returns mc.get_error_information() =32
2025-04-09 16:14:36,188 - ERROR - Distance Error is 372.17401843761206
2025-04-09 16:14:36,197 - ERROR - Error Function returns mc.get_error_information() =32
2025-04-09 16:14:36,227 - ERROR - Distance Error is 372.17401843761206
2025-04-09 16:14:36,238 - ERROR - Error Function returns mc.get_error_information() =32
2025-04-09 16:14:36,268 - ERROR - Distance Error is 372.17401843761206
2025-04-09 16:14:36,278 - ERROR - Error Function returns mc.get_error_information() =32
2025-04-09 16:14:36,311 - ERROR - Distance Error is 372.17401843761206
2025-04-09 16:14:36,321 - ERROR - Error Function returns mc.get_error_information() =32
2025-04-09 16:14:36,353 - ERROR - Distance Error is 372.17401843761206
2025-04-09 16:14:36,362 - ERROR - Error Function returns mc.get_error_information() =32
2025-04-09 16:14:36,392 - ERROR - Distance Error is 372.17401843761206
2025-04-09 16:14:36,402 - ERROR - Error Function returns mc.get_error_information() =32
2025-04-09 16:14:36,432 - ERROR - Distance Error is 372.17401843761206
2025-04-09 16:14:36,443 - ERROR - Error Function returns mc.get_error_information() =32
2025-04-09 16:14:36,474 - ERROR - Distance Error is 372.17401843761206
2025-04-09 16:14:36,483 - ERROR - Error Function returns mc.get_error_information() =32
2025-04-09 16:14:36,516 - ERROR - Distance Error is 372.17401843761206
2025-04-09 16:14:36,526 - ERROR - Error Function returns mc.get_error_information() =32
2025-04-09 16:14:36,557 - ERROR - Distance Error is 372.17401843761206
2025-04-09 16:14:36,567 - ERROR - Error Function returns mc.get_error_information() =32
2025-04-09 16:14:36,598 - ERROR - Distance Error is 372.17401843761206
2025-04-09 16:14:36,607 - ERROR - Error Function returns mc.get_error_information() =32
2025-04-09 16:14:36,638 - ERROR - Distance Error is 372.17401843761206
2025-04-09 16:14:36,647 - ERROR - Error Function returns mc.get_error_information() =32
2025-04-09 16:14:36,677 - ERROR - Distance Error is 372.17401843761206
2025-04-09 16:14:36,687 - ERROR - Error Function returns mc.get_error_information() =32
2025-04-09 16:14:36,720 - ERROR - Distance Error is 372.17401843761206
2025-04-09 16:14:36,730 - ERROR - Error Function returns mc.get_error_information() =32
2025-04-09 16:14:36,762 - ERROR - Distance Error is 372.17401843761206
2025-04-09 16:14:36,771 - ERROR - Error Function returns mc.get_error_information() =32
2025-04-09 16:14:36,801 - ERROR - Distance Error is 372.17401843761206
2025-04-09 16:14:36,811 - ERROR - Error Function returns mc.get_error_information() =32
2025-04-09 16:14:36,841 - ERROR - Distance Error is 372.17401843761206
2025-04-09 16:14:36,851 - ERROR - Error Function returns mc.get_error_information() =32
2025-04-09 16:14:36,882 - ERROR - Distance Error is 372.17401843761206
2025-04-09 16:14:36,891 - ERROR - Error Function returns mc.get_error_information() =32
2025-04-09 16:14:36,923 - ERROR - Distance Error is 372.17401843761206
2025-04-09 16:14:36,934 - ERROR - Error Function returns mc.get_error_information() =32
2025-04-09 16:14:36,965 - ERROR - Distance Error is 372.17401843761206
2025-04-09 16:14:36,975 - ERROR - Error Function returns mc.get_error_information() =32
2025-04-09 16:14:37,006 - ERROR - Distance Error is 372.17401843761206
2025-04-09 16:14:37,015 - ERROR - Error Function returns mc.get_error_information() =32
2025-04-09 16:14:37,046 - ERROR - Distance Error is 372.17401843761206
2025-04-09 16:14:37,055 - ERROR - Error Function returns mc.get_error_information() =32
2025-04-09 16:14:37,085 - ERROR - Distance Error is 372.17401843761206
2025-04-09 16:14:37,095 - ERROR - Error Function returns mc.get_error_information() =32
2025-04-09 16:14:37,128 - ERROR - Distance Error is 372.17401843761206
2025-04-09 16:14:37,138 - ERROR - Error Function returns mc.get_error_information() =32
2025-04-09 16:14:37,170 - ERROR - Distance Error is 372.17401843761206
2025-04-09 16:14:37,179 - ERROR - Error Function returns mc.get_error_information() =32
2025-04-09 16:14:37,209 - ERROR - Distance Error is 372.17401843761206
2025-04-09 16:14:37,219 - ERROR - Error Function returns mc.get_error_information() =32
2025-04-09 16:14:37,249 - ERROR - Distance Error is 372.17401843761206
2025-04-09 16:14:37,259 - ERROR - Error Function returns mc.get_error_information() =32
2025-04-09 16:14:37,290 - ERROR - Distance Error is 372.17401843761206
2025-04-09 16:14:37,298 - ERROR - Error Function returns mc.get_error_information() =32
2025-04-09 16:14:37,330 - ERROR - Distance Error is 372.17401843761206
2025-04-09 16:14:37,340 - ERROR - Error Function returns mc.get_error_information() =32
2025-04-09 16:14:37,371 - ERROR - Distance Error is 372.17401843761206
2025-04-09 16:14:37,381 - ERROR - Error Function returns mc.get_error_information() =32
2025-04-09 16:14:37,411 - ERROR - Distance Error is 372.17401843761206
2025-04-09 16:14:37,421 - ERROR - Error Function returns mc.get_error_information() =32
2025-04-09 16:14:37,452 - ERROR - Distance Error is 372.17401843761206
2025-04-09 16:14:37,460 - ERROR - Error Function returns mc.get_error_information() =32
2025-04-09 16:14:37,490 - ERROR - Distance Error is 372.17401843761206
2025-04-09 16:14:37,500 - ERROR - Error Function returns mc.get_error_information() =32
2025-04-09 16:14:37,530 - ERROR - Distance Error is 372.17401843761206
2025-04-09 16:14:37,541 - ERROR - Error Function returns mc.get_error_information() =32
2025-04-09 16:14:37,573 - ERROR - Distance Error is 372.17401843761206
2025-04-09 16:14:37,582 - ERROR - Error Function returns mc.get_error_information() =32
2025-04-09 16:14:37,614 - ERROR - Distance Error is 372.17401843761206
2025-04-09 16:14:37,621 - ERROR - Error Function returns mc.get_error_information() =32
2025-04-09 16:14:37,651 - ERROR - Distance Error is 372.17401843761206
2025-04-09 16:14:37,661 - ERROR - Error Function returns mc.get_error_information() =32
2025-04-09 16:14:37,692 - ERROR - Distance Error is 372.17401843761206
2025-04-09 16:14:37,701 - ERROR - Error Function returns mc.get_error_information() =32
2025-04-09 16:14:37,732 - ERROR - Distance Error is 372.17401843761206
2025-04-09 16:14:37,741 - ERROR - Error Function returns mc.get_error_information() =32
2025-04-09 16:14:37,774 - ERROR - Distance Error is 372.17401843761206
2025-04-09 16:14:37,784 - ERROR - Error Function returns mc.get_error_information() =32
2025-04-09 16:14:37,815 - ERROR - Distance Error is 372.17401843761206
2025-04-09 16:14:37,825 - ERROR - Error Function returns mc.get_error_information() =32
2025-04-09 16:14:37,858 - ERROR - Distance Error is 372.17401843761206
2025-04-09 16:14:37,865 - ERROR - Error Function returns mc.get_error_information() =32
2025-04-09 16:14:37,896 - ERROR - Distance Error is 372.17401843761206
2025-04-09 16:14:37,905 - ERROR - Error Function returns mc.get_error_information() =32
2025-04-09 16:14:37,935 - ERROR - Distance Error is 372.17401843761206
2025-04-09 16:14:37,945 - ERROR - Error Function returns mc.get_error_information() =32
2025-04-09 16:14:37,978 - ERROR - Distance Error is 372.17401843761206
2025-04-09 16:14:37,988 - ERROR - Error Function returns mc.get_error_information() =32
2025-04-09 16:14:38,020 - ERROR - Distance Error is 372.17401843761206
2025-04-09 16:14:38,029 - ERROR - Error Function returns mc.get_error_information() =32
2025-04-09 16:14:38,059 - ERROR - Distance Error is 372.17401843761206
2025-04-09 16:14:38,069 - ERROR - Error Function returns mc.get_error_information() =32
2025-04-09 16:14:38,099 - ERROR - Distance Error is 372.17401843761206
2025-04-09 16:14:38,109 - ERROR - Error Function returns mc.get_error_information() =32
2025-04-09 16:14:38,142 - ERROR - Distance Error is 372.17401843761206
2025-04-09 16:14:38,149 - ERROR - Error Function returns mc.get_error_information() =32
2025-04-09 16:14:38,182 - ERROR - Distance Error is 372.17401843761206
2025-04-09 16:14:38,192 - ERROR - Error Function returns mc.get_error_information() =32
2025-04-09 16:14:38,223 - ERROR - Distance Error is 372.17401843761206
2025-04-09 16:14:38,233 - ERROR - Error Function returns mc.get_error_information() =32
2025-04-09 16:15:00,786 - ERROR - Distance Error is 36.708309685955314
2025-04-09 16:15:00,796 - ERROR - Error Function returns mc.get_error_information() =32
2025-04-09 16:15:01,266 - ERROR - Distance Error is 30.5073761572509
2025-04-09 16:15:01,275 - ERROR - Error Function returns mc.get_error_information() =32
2025-04-09 16:15:01,305 - ERROR - Distance Error is 30.47556398165585
2025-04-09 16:15:01,315 - ERROR - Error Function returns mc.get_error_information() =32
2025-04-09 16:15:01,345 - ERROR - Distance Error is 29.473208172847425
2025-04-09 16:15:01,455 - ERROR - Error Function returns mc.get_error_information() =-1
2025-04-09 16:15:01,488 - ERROR - Distance Error is 27.685555800814242
2025-04-09 16:15:01,496 - ERROR - Error Function returns mc.get_error_information() =32
2025-04-09 16:15:01,573 - ERROR - Distance Error is 27.433738352619756
2025-04-09 16:15:01,583 - ERROR - Error Function returns mc.get_error_information() =32
2025-04-09 16:15:01,613 - ERROR - Distance Error is 26.158746147321363
2025-04-09 16:15:01,623 - ERROR - Error Function returns mc.get_error_information() =32
2025-04-09 16:15:01,653 - ERROR - Distance Error is 25.624402432056826
2025-04-09 16:15:01,764 - ERROR - Error Function returns mc.get_error_information() =-1
2025-04-09 16:15:01,839 - ERROR - Distance Error is 23.92822601030005
2025-04-09 16:15:01,849 - ERROR - Error Function returns mc.get_error_information() =32
2025-04-09 16:15:01,879 - ERROR - Distance Error is 22.699118925632337
2025-04-09 16:15:01,889 - ERROR - Error Function returns mc.get_error_information() =32
2025-04-09 16:15:01,919 - ERROR - Distance Error is 22.372751283648594
2025-04-09 16:15:02,029 - ERROR - Error Function returns mc.get_error_information() =-1
2025-04-09 16:15:02,105 - ERROR - Distance Error is 20.7436737344184
2025-04-09 16:15:02,115 - ERROR - Error Function returns mc.get_error_information() =32
2025-04-09 16:15:02,145 - ERROR - Distance Error is 19.492049661336274
2025-04-09 16:15:02,254 - ERROR - Error Function returns mc.get_error_information() =-1
2025-04-09 16:15:02,330 - ERROR - Distance Error is 17.82301882398154
2025-04-09 16:15:02,340 - ERROR - Error Function returns mc.get_error_information() =32
2025-04-09 16:15:02,370 - ERROR - Distance Error is 16.87986966774328
2025-04-09 16:15:02,479 - ERROR - Error Function returns mc.get_error_information() =-1
2025-04-09 16:15:02,555 - WARNING - Distance Error is 14.979986648859214
2025-04-09 16:15:10,835 - INFO - Distance Error is 3.3151168908501463
2025-04-09 16:16:53,114 - WARNING - Distance Error is 12.789448776237382
2025-04-09 16:17:00,072 - WARNING - Distance Error is 13.115639519291449
2025-04-09 16:17:06,051 - WARNING - Distance Error is 5.284884104689515
2025-04-09 16:17:13,590 - WARNING - Distance Error is 6.847627326308005
2025-04-09 16:17:20,218 - ERROR - Distance Error is 570.2683754163473
2025-04-09 16:17:20,227 - ERROR - Error Function returns mc.get_error_information() =32
2025-04-09 16:17:20,258 - ERROR - Distance Error is 570.2683754163473
2025-04-09 16:17:20,268 - ERROR - Error Function returns mc.get_error_information() =32
2025-04-09 16:17:20,298 - ERROR - Distance Error is 570.2683754163473
2025-04-09 16:17:20,308 - ERROR - Error Function returns mc.get_error_information() =32
2025-04-09 16:17:20,338 - ERROR - Distance Error is 570.2683754163473
2025-04-09 16:17:20,347 - ERROR - Error Function returns mc.get_error_information() =32
2025-04-09 16:17:20,378 - ERROR - Distance Error is 570.2683754163473
2025-04-09 16:17:20,387 - ERROR - Error Function returns mc.get_error_information() =32
2025-04-09 16:17:20,418 - ERROR - Distance Error is 570.2683754163473
2025-04-09 16:17:20,426 - ERROR - Error Function returns mc.get_error_information() =32
2025-04-09 16:17:20,457 - ERROR - Distance Error is 570.2683754163473
2025-04-09 16:17:20,466 - ERROR - Error Function returns mc.get_error_information() =32
2025-04-09 16:17:20,496 - ERROR - Distance Error is 570.2683754163473
2025-04-09 16:17:20,506 - ERROR - Error Function returns mc.get_error_information() =32
2025-04-09 16:17:20,538 - ERROR - Distance Error is 570.2683754163473
2025-04-09 16:17:20,545 - ERROR - Error Function returns mc.get_error_information() =32
2025-04-09 16:17:20,582 - ERROR - Distance Error is 570.2683754163473
2025-04-09 16:17:20,585 - ERROR - Error Function returns mc.get_error_information() =32
2025-04-09 16:17:20,616 - ERROR - Distance Error is 570.2683754163473
2025-04-09 16:17:20,625 - ERROR - Error Function returns mc.get_error_information() =32
2025-04-09 16:17:20,655 - ERROR - Distance Error is 570.2683754163473
2025-04-09 16:17:20,665 - ERROR - Error Function returns mc.get_error_information() =32
2025-04-09 16:17:20,696 - ERROR - Distance Error is 570.2683754163473
2025-04-09 16:17:20,704 - ERROR - Error Function returns mc.get_error_information() =32
2025-04-09 16:17:20,735 - ERROR - Distance Error is 570.2683754163473
2025-04-09 16:17:20,743 - ERROR - Error Function returns mc.get_error_information() =32
2025-04-09 16:17:20,774 - ERROR - Distance Error is 570.2683754163473
2025-04-09 16:17:20,784 - ERROR - Error Function returns mc.get_error_information() =32
2025-04-09 16:17:20,814 - ERROR - Distance Error is 570.2683754163473
2025-04-09 16:17:20,824 - ERROR - Error Function returns mc.get_error_information() =32
2025-04-09 16:17:20,854 - ERROR - Distance Error is 570.2683754163473
2025-04-09 16:17:20,863 - ERROR - Error Function returns mc.get_error_information() =32
2025-04-09 16:17:20,894 - ERROR - Distance Error is 570.2683754163473
2025-04-09 16:17:20,902 - ERROR - Error Function returns mc.get_error_information() =32
2025-04-09 16:17:20,933 - ERROR - Distance Error is 570.2683754163473
2025-04-09 16:17:20,942 - ERROR - Error Function returns mc.get_error_information() =32
2025-04-09 16:17:20,973 - ERROR - Distance Error is 570.2683754163473
2025-04-09 16:17:20,983 - ERROR - Error Function returns mc.get_error_information() =32
2025-04-09 16:17:21,014 - ERROR - Distance Error is 570.2683754163473
2025-04-09 16:17:21,022 - ERROR - Error Function returns mc.get_error_information() =32
2025-04-09 16:17:21,054 - ERROR - Distance Error is 570.2683754163473
2025-04-09 16:17:21,061 - ERROR - Error Function returns mc.get_error_information() =32
2025-04-09 16:17:21,092 - ERROR - Distance Error is 570.2683754163473
2025-04-09 16:17:21,101 - ERROR - Error Function returns mc.get_error_information() =32
2025-04-09 16:17:21,132 - ERROR - Distance Error is 570.2683754163473
2025-04-09 16:17:21,142 - ERROR - Error Function returns mc.get_error_information() =32
2025-04-09 16:17:21,172 - ERROR - Distance Error is 570.2683754163473
2025-04-09 16:17:21,181 - ERROR - Error Function returns mc.get_error_information() =32
2025-04-09 16:17:21,211 - ERROR - Distance Error is 570.2683754163473
2025-04-09 16:17:21,220 - ERROR - Error Function returns mc.get_error_information() =32
2025-04-09 16:17:21,251 - ERROR - Distance Error is 570.2683754163473
2025-04-09 16:17:21,260 - ERROR - Error Function returns mc.get_error_information() =32
2025-04-09 16:17:21,291 - ERROR - Distance Error is 570.2683754163473
2025-04-09 16:17:21,300 - ERROR - Error Function returns mc.get_error_information() =32
2025-04-09 16:17:21,330 - ERROR - Distance Error is 570.2683754163473
2025-04-09 16:17:21,340 - ERROR - Error Function returns mc.get_error_information() =32
2025-04-09 16:17:21,370 - ERROR - Distance Error is 570.2683754163473
2025-04-09 16:17:21,379 - ERROR - Error Function returns mc.get_error_information() =32
2025-04-09 16:17:21,410 - ERROR - Distance Error is 570.2683754163473
2025-04-09 16:17:21,419 - ERROR - Error Function returns mc.get_error_information() =32
2025-04-09 16:17:21,450 - ERROR - Distance Error is 570.2683754163473
2025-04-09 16:17:21,460 - ERROR - Error Function returns mc.get_error_information() =32
2025-04-09 16:17:21,490 - ERROR - Distance Error is 570.2683754163473
2025-04-09 16:17:21,500 - ERROR - Error Function returns mc.get_error_information() =32
2025-04-09 16:17:21,530 - ERROR - Distance Error is 570.2683754163473
2025-04-09 16:17:21,539 - ERROR - Error Function returns mc.get_error_information() =32
2025-04-09 16:17:21,570 - ERROR - Distance Error is 570.2683754163473
2025-04-09 16:17:21,578 - ERROR - Error Function returns mc.get_error_information() =32
2025-04-09 16:17:21,609 - ERROR - Distance Error is 570.2683754163473
2025-04-09 16:17:21,619 - ERROR - Error Function returns mc.get_error_information() =32
2025-04-09 16:17:21,650 - ERROR - Distance Error is 570.2683754163473
2025-04-09 16:17:21,658 - ERROR - Error Function returns mc.get_error_information() =32
2025-04-09 16:17:21,690 - ERROR - Distance Error is 570.2683754163473
2025-04-09 16:17:21,698 - ERROR - Error Function returns mc.get_error_information() =32
2025-04-09 16:17:21,729 - ERROR - Distance Error is 570.2683754163473
2025-04-09 16:17:21,738 - ERROR - Error Function returns mc.get_error_information() =32
2025-04-09 16:17:21,769 - ERROR - Distance Error is 570.2683754163473
2025-04-09 16:17:21,779 - ERROR - Error Function returns mc.get_error_information() =32
2025-04-09 16:17:21,818 - ERROR - Distance Error is 570.2683754163473
2025-04-09 16:17:21,828 - ERROR - Error Function returns mc.get_error_information() =32
2025-04-09 16:17:21,859 - ERROR - Distance Error is 570.2683754163473
2025-04-09 16:17:21,868 - ERROR - Error Function returns mc.get_error_information() =32
2025-04-09 16:17:21,898 - ERROR - Distance Error is 570.2683754163473
2025-04-09 16:17:21,908 - ERROR - Error Function returns mc.get_error_information() =32
2025-04-09 16:17:21,942 - ERROR - Distance Error is 570.2683754163473
2025-04-09 16:17:21,947 - ERROR - Error Function returns mc.get_error_information() =32
2025-04-09 16:17:21,978 - ERROR - Distance Error is 570.2683754163473
2025-04-09 16:17:21,986 - ERROR - Error Function returns mc.get_error_information() =32
2025-04-09 16:17:22,017 - ERROR - Distance Error is 570.2683754163473
2025-04-09 16:17:22,027 - ERROR - Error Function returns mc.get_error_information() =32
2025-04-09 16:17:22,057 - ERROR - Distance Error is 570.2683754163473
2025-04-09 16:17:22,067 - ERROR - Error Function returns mc.get_error_information() =32
2025-04-09 16:17:22,098 - ERROR - Distance Error is 570.2683754163473
2025-04-09 16:17:22,105 - ERROR - Error Function returns mc.get_error_information() =32
2025-04-09 16:17:22,136 - ERROR - Distance Error is 570.2683754163473
2025-04-09 16:17:22,145 - ERROR - Error Function returns mc.get_error_information() =32
2025-04-09 16:17:22,176 - ERROR - Distance Error is 570.2683754163473
2025-04-09 16:17:22,185 - ERROR - Error Function returns mc.get_error_information() =32
2025-04-09 16:17:22,216 - ERROR - Distance Error is 570.2683754163473
2025-04-09 16:17:22,226 - ERROR - Error Function returns mc.get_error_information() =32
2025-04-09 16:17:22,258 - ERROR - Distance Error is 570.2683754163473
2025-04-09 16:17:22,264 - ERROR - Error Function returns mc.get_error_information() =32
2025-04-09 16:17:22,295 - ERROR - Distance Error is 570.2683754163473
2025-04-09 16:17:22,304 - ERROR - Error Function returns mc.get_error_information() =32
2025-04-09 16:17:22,335 - ERROR - Distance Error is 570.2683754163473
2025-04-09 16:17:22,344 - ERROR - Error Function returns mc.get_error_information() =32
2025-04-09 16:17:22,375 - ERROR - Distance Error is 570.2683754163473
2025-04-09 16:17:22,384 - ERROR - Error Function returns mc.get_error_information() =32
2025-04-09 16:17:22,418 - ERROR - Distance Error is 570.2683754163473
2025-04-09 16:17:22,423 - ERROR - Error Function returns mc.get_error_information() =32
2025-04-09 16:17:22,454 - ERROR - Distance Error is 570.2683754163473
2025-04-09 16:17:22,463 - ERROR - Error Function returns mc.get_error_information() =32
2025-04-09 16:17:22,494 - ERROR - Distance Error is 570.2683754163473
2025-04-09 16:17:22,503 - ERROR - Error Function returns mc.get_error_information() =32
2025-04-09 16:17:22,534 - ERROR - Distance Error is 570.2683754163473
2025-04-09 16:17:22,542 - ERROR - Error Function returns mc.get_error_information() =32
2025-04-09 16:17:22,574 - ERROR - Distance Error is 570.2683754163473
2025-04-09 16:17:22,582 - ERROR - Error Function returns mc.get_error_information() =32
2025-04-09 16:17:22,614 - ERROR - Distance Error is 570.2683754163473
2025-04-09 16:17:22,622 - ERROR - Error Function returns mc.get_error_information() =32
2025-04-09 16:17:22,653 - ERROR - Distance Error is 570.2683754163473
2025-04-09 16:17:22,661 - ERROR - Error Function returns mc.get_error_information() =32
2025-04-09 16:17:22,692 - ERROR - Distance Error is 570.2683754163473
2025-04-09 16:17:22,702 - ERROR - Error Function returns mc.get_error_information() =32
2025-04-09 16:17:22,738 - ERROR - Distance Error is 570.2683754163473
2025-04-09 16:17:22,741 - ERROR - Error Function returns mc.get_error_information() =32
2025-04-09 16:17:22,772 - ERROR - Distance Error is 570.2683754163473
2025-04-09 16:17:22,781 - ERROR - Error Function returns mc.get_error_information() =32
2025-04-09 16:17:22,812 - ERROR - Distance Error is 570.2683754163473
2025-04-09 16:17:22,820 - ERROR - Error Function returns mc.get_error_information() =32
2025-04-09 16:26:43,784 - ERROR - Distance Error is 98.81922889802368
2025-04-09 16:26:43,794 - ERROR - Error Function returns mc.get_error_information() =-1
2025-04-09 16:26:43,817 - WARNING - Distance Error is 5.852349955359803
2025-04-09 16:27:57,797 - INFO - Distance Error is 3.448187929913333
2025-04-09 16:29:28,690 - ERROR - Distance Error is 437.9697363973908
2025-04-09 16:29:28,699 - ERROR - Error Function returns mc.get_error_information() =32
2025-04-09 16:29:28,729 - ERROR - Distance Error is 437.9697363973908
2025-04-09 16:29:28,739 - ERROR - Error Function returns mc.get_error_information() =32
2025-04-09 16:29:28,769 - ERROR - Distance Error is 437.9697363973908
2025-04-09 16:29:28,779 - ERROR - Error Function returns mc.get_error_information() =32
2025-04-09 16:29:28,809 - ERROR - Distance Error is 437.9697363973908
2025-04-09 16:29:28,819 - ERROR - Error Function returns mc.get_error_information() =32
2025-04-09 16:29:28,850 - ERROR - Distance Error is 437.9697363973908
2025-04-09 16:29:28,859 - ERROR - Error Function returns mc.get_error_information() =32
2025-04-09 16:29:28,890 - ERROR - Distance Error is 437.9697363973908
2025-04-09 16:29:28,897 - ERROR - Error Function returns mc.get_error_information() =32
2025-04-09 16:29:28,927 - ERROR - Distance Error is 437.9697363973908
2025-04-09 16:29:28,937 - ERROR - Error Function returns mc.get_error_information() =32
2025-04-09 16:29:28,968 - ERROR - Distance Error is 437.9697363973908
2025-04-09 16:29:28,978 - ERROR - Error Function returns mc.get_error_information() =32
2025-04-09 16:29:29,014 - ERROR - Distance Error is 437.9697363973908
2025-04-09 16:29:29,018 - ERROR - Error Function returns mc.get_error_information() =32
2025-04-09 16:29:29,050 - ERROR - Distance Error is 437.9697363973908
2025-04-09 16:29:29,057 - ERROR - Error Function returns mc.get_error_information() =32
2025-04-09 16:29:29,087 - ERROR - Distance Error is 437.9697363973908
2025-04-09 16:29:29,097 - ERROR - Error Function returns mc.get_error_information() =32
2025-04-09 16:29:29,127 - ERROR - Distance Error is 437.9697363973908
2025-04-09 16:29:29,137 - ERROR - Error Function returns mc.get_error_information() =32
2025-04-09 16:29:29,167 - ERROR - Distance Error is 437.9697363973908
2025-04-09 16:29:29,177 - ERROR - Error Function returns mc.get_error_information() =32
2025-04-09 16:29:29,207 - ERROR - Distance Error is 437.9697363973908
2025-04-09 16:29:29,217 - ERROR - Error Function returns mc.get_error_information() =32
2025-04-09 16:29:29,247 - ERROR - Distance Error is 437.9697363973908
2025-04-09 16:29:29,257 - ERROR - Error Function returns mc.get_error_information() =32
2025-04-09 16:29:29,287 - ERROR - Distance Error is 437.9697363973908
2025-04-09 16:29:29,296 - ERROR - Error Function returns mc.get_error_information() =32
2025-04-09 16:29:29,330 - ERROR - Distance Error is 437.9697363973908
2025-04-09 16:29:29,336 - ERROR - Error Function returns mc.get_error_information() =32
2025-04-09 16:29:29,366 - ERROR - Distance Error is 437.9697363973908
2025-04-09 16:29:29,376 - ERROR - Error Function returns mc.get_error_information() =32
2025-04-09 16:29:29,406 - ERROR - Distance Error is 437.9697363973908
2025-04-09 16:29:29,416 - ERROR - Error Function returns mc.get_error_information() =32
2025-04-09 16:29:29,446 - ERROR - Distance Error is 437.9697363973908
2025-04-09 16:29:29,455 - ERROR - Error Function returns mc.get_error_information() =32
2025-04-09 16:29:29,486 - ERROR - Distance Error is 437.9697363973908
2025-04-09 16:29:29,495 - ERROR - Error Function returns mc.get_error_information() =32
2025-04-09 16:29:29,526 - ERROR - Distance Error is 437.9697363973908
2025-04-09 16:29:29,535 - ERROR - Error Function returns mc.get_error_information() =32
2025-04-09 16:29:29,565 - ERROR - Distance Error is 437.9697363973908
2025-04-09 16:29:29,574 - ERROR - Error Function returns mc.get_error_information() =32
2025-04-09 16:29:29,604 - ERROR - Distance Error is 437.9697363973908
2025-04-09 16:29:29,614 - ERROR - Error Function returns mc.get_error_information() =32
2025-04-09 16:29:29,646 - ERROR - Distance Error is 437.9697363973908
2025-04-09 16:29:29,654 - ERROR - Error Function returns mc.get_error_information() =32
2025-04-09 16:29:29,686 - ERROR - Distance Error is 437.9697363973908
2025-04-09 16:29:29,694 - ERROR - Error Function returns mc.get_error_information() =32
2025-04-09 16:29:29,724 - ERROR - Distance Error is 437.9697363973908
2025-04-09 16:29:29,734 - ERROR - Error Function returns mc.get_error_information() =32
2025-04-09 16:29:29,764 - ERROR - Distance Error is 437.9697363973908
2025-04-09 16:29:29,774 - ERROR - Error Function returns mc.get_error_information() =32
2025-04-09 16:29:29,805 - ERROR - Distance Error is 437.9697363973908
2025-04-09 16:29:29,814 - ERROR - Error Function returns mc.get_error_information() =32
2025-04-09 16:29:29,846 - ERROR - Distance Error is 437.9697363973908
2025-04-09 16:29:29,853 - ERROR - Error Function returns mc.get_error_information() =32
2025-04-09 16:29:29,883 - ERROR - Distance Error is 437.9697363973908
2025-04-09 16:29:29,893 - ERROR - Error Function returns mc.get_error_information() =32
2025-04-09 16:29:29,923 - ERROR - Distance Error is 437.9697363973908
2025-04-09 16:29:29,933 - ERROR - Error Function returns mc.get_error_information() =32
2025-04-09 16:29:29,964 - ERROR - Distance Error is 437.9697363973908
2025-04-09 16:29:29,973 - ERROR - Error Function returns mc.get_error_information() =32
2025-04-09 16:29:30,003 - ERROR - Distance Error is 437.9697363973908
2025-04-09 16:29:30,012 - ERROR - Error Function returns mc.get_error_information() =32
2025-04-09 16:29:30,042 - ERROR - Distance Error is 437.9697363973908
2025-04-09 16:29:30,051 - ERROR - Error Function returns mc.get_error_information() =32
2025-04-09 16:29:30,081 - ERROR - Distance Error is 437.9697363973908
2025-04-09 16:29:30,091 - ERROR - Error Function returns mc.get_error_information() =32
2025-04-09 16:29:30,122 - ERROR - Distance Error is 437.9697363973908
2025-04-09 16:29:30,131 - ERROR - Error Function returns mc.get_error_information() =32
2025-04-09 16:29:30,162 - ERROR - Distance Error is 437.9697363973908
2025-04-09 16:29:30,170 - ERROR - Error Function returns mc.get_error_information() =32
2025-04-09 16:29:30,200 - ERROR - Distance Error is 437.9697363973908
2025-04-09 16:29:30,210 - ERROR - Error Function returns mc.get_error_information() =32
2025-04-09 16:29:30,240 - ERROR - Distance Error is 437.9697363973908
2025-04-09 16:29:30,250 - ERROR - Error Function returns mc.get_error_information() =32
2025-04-09 16:29:30,282 - ERROR - Distance Error is 437.9697363973908
2025-04-09 16:29:30,288 - ERROR - Error Function returns mc.get_error_information() =32
2025-04-09 16:29:30,318 - ERROR - Distance Error is 437.9697363973908
2025-04-09 16:29:30,328 - ERROR - Error Function returns mc.get_error_information() =32
2025-04-09 16:29:30,358 - ERROR - Distance Error is 437.9697363973908
2025-04-09 16:29:30,368 - ERROR - Error Function returns mc.get_error_information() =32
2025-04-09 16:29:30,398 - ERROR - Distance Error is 437.9697363973908
2025-04-09 16:29:30,408 - ERROR - Error Function returns mc.get_error_information() =32
2025-04-09 16:29:30,439 - ERROR - Distance Error is 437.9697363973908
2025-04-09 16:29:30,447 - ERROR - Error Function returns mc.get_error_information() =32
2025-04-09 16:29:30,482 - ERROR - Distance Error is 437.9697363973908
2025-04-09 16:29:30,487 - ERROR - Error Function returns mc.get_error_information() =32
2025-04-09 16:29:30,517 - ERROR - Distance Error is 437.9697363973908
2025-04-09 16:29:30,527 - ERROR - Error Function returns mc.get_error_information() =32
2025-04-09 16:29:30,557 - ERROR - Distance Error is 437.9697363973908
2025-04-09 16:29:30,567 - ERROR - Error Function returns mc.get_error_information() =32
2025-04-09 16:29:30,598 - ERROR - Distance Error is 437.9697363973908
2025-04-09 16:29:30,606 - ERROR - Error Function returns mc.get_error_information() =32
2025-04-09 16:29:30,642 - ERROR - Distance Error is 437.9697363973908
2025-04-09 16:29:30,647 - ERROR - Error Function returns mc.get_error_information() =32
2025-04-09 16:29:30,677 - ERROR - Distance Error is 437.9697363973908
2025-04-09 16:29:30,687 - ERROR - Error Function returns mc.get_error_information() =32
2025-04-09 16:29:30,718 - ERROR - Distance Error is 437.9697363973908
2025-04-09 16:29:30,726 - ERROR - Error Function returns mc.get_error_information() =32
2025-04-09 16:29:30,758 - ERROR - Distance Error is 437.9697363973908
2025-04-09 16:29:30,766 - ERROR - Error Function returns mc.get_error_information() =32
2025-04-09 16:29:30,798 - ERROR - Distance Error is 437.9697363973908
2025-04-09 16:29:30,806 - ERROR - Error Function returns mc.get_error_information() =32
2025-04-09 16:29:30,836 - ERROR - Distance Error is 437.9697363973908
2025-04-09 16:29:30,846 - ERROR - Error Function returns mc.get_error_information() =32
2025-04-09 16:29:30,876 - ERROR - Distance Error is 437.9697363973908
2025-04-09 16:29:30,886 - ERROR - Error Function returns mc.get_error_information() =32
2025-04-09 16:29:30,918 - ERROR - Distance Error is 437.9697363973908
2025-04-09 16:29:30,926 - ERROR - Error Function returns mc.get_error_information() =32
2025-04-09 16:29:30,956 - ERROR - Distance Error is 437.9697363973908
2025-04-09 16:29:30,965 - ERROR - Error Function returns mc.get_error_information() =32
2025-04-09 16:29:30,995 - ERROR - Distance Error is 437.9697363973908
2025-04-09 16:29:31,005 - ERROR - Error Function returns mc.get_error_information() =32
2025-04-09 16:29:31,035 - ERROR - Distance Error is 437.9697363973908
2025-04-09 16:29:31,045 - ERROR - Error Function returns mc.get_error_information() =32
2025-04-09 16:29:31,078 - ERROR - Distance Error is 437.9697363973908
2025-04-09 16:29:31,085 - ERROR - Error Function returns mc.get_error_information() =32
2025-04-09 16:29:31,115 - ERROR - Distance Error is 437.9697363973908
2025-04-09 16:29:31,125 - ERROR - Error Function returns mc.get_error_information() =32
2025-04-09 16:29:31,155 - ERROR - Distance Error is 437.9697363973908
2025-04-09 16:29:31,165 - ERROR - Error Function returns mc.get_error_information() =32
2025-04-09 16:29:31,195 - ERROR - Distance Error is 437.9697363973908
2025-04-09 16:29:31,205 - ERROR - Error Function returns mc.get_error_information() =32
2025-04-09 16:29:31,235 - ERROR - Distance Error is 437.9697363973908
2025-04-09 16:29:31,244 - ERROR - Error Function returns mc.get_error_information() =32
2025-04-09 16:29:31,274 - ERROR - Distance Error is 437.9697363973908
2025-04-09 16:29:31,284 - ERROR - Error Function returns mc.get_error_information() =32
2025-04-09 16:29:31,314 - ERROR - Distance Error is 437.9697363973908
2025-04-09 16:29:31,324 - ERROR - Error Function returns mc.get_error_information() =32
2025-04-09 16:29:31,354 - ERROR - Distance Error is 437.9697363973908
2025-04-09 16:29:31,364 - ERROR - Error Function returns mc.get_error_information() =32
2025-04-09 16:29:31,395 - ERROR - Distance Error is 437.9697363973908
2025-04-09 16:29:31,404 - ERROR - Error Function returns mc.get_error_information() =32
2025-04-09 16:29:31,434 - ERROR - Distance Error is 437.9697363973908
2025-04-09 16:29:31,444 - ERROR - Error Function returns mc.get_error_information() =32
2025-04-09 16:29:31,474 - ERROR - Distance Error is 437.9697363973908
2025-04-09 16:29:31,484 - ERROR - Error Function returns mc.get_error_information() =32
2025-04-09 16:29:31,515 - ERROR - Distance Error is 437.9697363973908
2025-04-09 16:29:31,523 - ERROR - Error Function returns mc.get_error_information() =32
2025-04-09 16:29:31,554 - ERROR - Distance Error is 437.9697363973908
2025-04-09 16:29:31,563 - ERROR - Error Function returns mc.get_error_information() =32
2025-04-09 16:29:31,593 - ERROR - Distance Error is 437.9697363973908
2025-04-09 16:29:31,603 - ERROR - Error Function returns mc.get_error_information() =32
2025-04-09 16:29:31,633 - ERROR - Distance Error is 437.9697363973908
2025-04-09 16:29:31,643 - ERROR - Error Function returns mc.get_error_information() =32
2025-04-09 16:29:31,673 - ERROR - Distance Error is 437.9697363973908
2025-04-09 16:29:31,682 - ERROR - Error Function returns mc.get_error_information() =32
2025-04-09 16:29:31,718 - ERROR - Distance Error is 437.9697363973908
2025-04-09 16:29:31,722 - ERROR - Error Function returns mc.get_error_information() =32
2025-04-09 16:29:31,752 - ERROR - Distance Error is 437.9697363973908
2025-04-09 16:29:31,762 - ERROR - Error Function returns mc.get_error_information() =32
2025-04-09 16:29:31,792 - ERROR - Distance Error is 437.9697363973908
2025-04-09 16:29:31,801 - ERROR - Error Function returns mc.get_error_information() =32
2025-04-09 16:29:31,831 - ERROR - Distance Error is 437.9697363973908
2025-04-09 16:29:31,840 - ERROR - Error Function returns mc.get_error_information() =32
2025-04-09 16:29:31,871 - ERROR - Distance Error is 437.9697363973908
2025-04-09 16:29:31,880 - ERROR - Error Function returns mc.get_error_information() =32
2025-04-09 16:29:31,910 - ERROR - Distance Error is 437.9697363973908
2025-04-09 16:29:31,919 - ERROR - Error Function returns mc.get_error_information() =32
2025-04-09 16:29:31,949 - ERROR - Distance Error is 437.9697363973908
2025-04-09 16:29:31,959 - ERROR - Error Function returns mc.get_error_information() =32
2025-04-09 16:29:31,988 - ERROR - Distance Error is 437.9697363973908
2025-04-09 16:29:31,997 - ERROR - Error Function returns mc.get_error_information() =32
2025-04-09 16:29:32,028 - ERROR - Distance Error is 437.9697363973908
2025-04-09 16:29:32,037 - ERROR - Error Function returns mc.get_error_information() =32
2025-04-09 16:29:32,067 - ERROR - Distance Error is 437.9697363973908
2025-04-09 16:29:32,077 - ERROR - Error Function returns mc.get_error_information() =32
2025-04-09 16:29:32,107 - ERROR - Distance Error is 437.9697363973908
2025-04-09 16:29:32,116 - ERROR - Error Function returns mc.get_error_information() =32
2025-04-09 16:29:32,146 - ERROR - Distance Error is 437.9697363973908
2025-04-09 16:29:32,156 - ERROR - Error Function returns mc.get_error_information() =32
2025-04-09 16:29:32,186 - ERROR - Distance Error is 437.9697363973908
2025-04-09 16:29:32,196 - ERROR - Error Function returns mc.get_error_information() =32
2025-04-09 16:29:32,226 - ERROR - Distance Error is 437.9697363973908
2025-04-09 16:29:32,235 - ERROR - Error Function returns mc.get_error_information() =32
2025-04-09 16:29:32,265 - ERROR - Distance Error is 437.9697363973908
2025-04-09 16:29:32,275 - ERROR - Error Function returns mc.get_error_information() =32
2025-04-09 16:29:32,305 - ERROR - Distance Error is 437.9697363973908
2025-04-09 16:29:32,315 - ERROR - Error Function returns mc.get_error_information() =32
2025-04-09 16:29:32,346 - ERROR - Distance Error is 437.9697363973908
2025-04-09 16:29:32,355 - ERROR - Error Function returns mc.get_error_information() =32
2025-04-09 16:29:32,386 - ERROR - Distance Error is 437.9697363973908
2025-04-09 16:29:32,394 - ERROR - Error Function returns mc.get_error_information() =32
2025-04-09 16:29:32,424 - ERROR - Distance Error is 437.9697363973908
2025-04-09 16:29:32,434 - ERROR - Error Function returns mc.get_error_information() =32
2025-04-09 16:29:32,464 - ERROR - Distance Error is 437.9697363973908
2025-04-09 16:29:32,474 - ERROR - Error Function returns mc.get_error_information() =32
2025-04-09 16:29:32,506 - ERROR - Distance Error is 437.9697363973908
2025-04-09 16:29:32,513 - ERROR - Error Function returns mc.get_error_information() =32
2025-04-09 16:29:40,060 - ERROR - Distance Error is 46.1615640982842
2025-04-09 16:29:40,070 - ERROR - Error Function returns mc.get_error_information() =-1
2025-04-09 16:29:40,191 - WARNING - Distance Error is 6.708949247087803
2025-04-09 16:30:39,124 - ERROR - Distance Error is 70.68026598704903
2025-04-09 16:30:39,134 - ERROR - Error Function returns mc.get_error_information() =-1
2025-04-09 16:30:39,255 - INFO - Distance Error is 4.104875150354759
2025-04-09 16:32:23,760 - ERROR - Distance Error is 60.46329465055639
2025-04-09 16:32:23,772 - ERROR - Error Function returns mc.get_error_information() =-1
2025-04-09 16:32:23,801 - WARNING - Distance Error is 5.707013229352099
2025-04-09 16:32:35,490 - ERROR - Distance Error is 392.27949219912074
2025-04-09 16:32:35,499 - ERROR - Error Function returns mc.get_error_information() =32
2025-04-09 16:32:35,530 - ERROR - Distance Error is 392.27949219912074
2025-04-09 16:32:35,540 - ERROR - Error Function returns mc.get_error_information() =32
2025-04-09 16:32:35,570 - ERROR - Distance Error is 392.27949219912074
2025-04-09 16:32:35,578 - ERROR - Error Function returns mc.get_error_information() =32
2025-04-09 16:32:35,609 - ERROR - Distance Error is 392.27949219912074
2025-04-09 16:32:35,619 - ERROR - Error Function returns mc.get_error_information() =32
2025-04-09 16:32:35,650 - ERROR - Distance Error is 392.27949219912074
2025-04-09 16:32:35,659 - ERROR - Error Function returns mc.get_error_information() =32
2025-04-09 16:32:35,690 - ERROR - Distance Error is 392.27949219912074
2025-04-09 16:32:35,697 - ERROR - Error Function returns mc.get_error_information() =32
2025-04-09 16:32:35,727 - ERROR - Distance Error is 392.27949219912074
2025-04-09 16:32:35,737 - ERROR - Error Function returns mc.get_error_information() =32
2025-04-09 16:32:35,767 - ERROR - Distance Error is 392.27949219912074
2025-04-09 16:32:35,777 - ERROR - Error Function returns mc.get_error_information() =32
2025-04-09 16:32:35,807 - ERROR - Distance Error is 392.27949219912074
2025-04-09 16:32:35,817 - ERROR - Error Function returns mc.get_error_information() =32
2025-04-09 16:32:35,847 - ERROR - Distance Error is 392.27949219912074
2025-04-09 16:32:35,855 - ERROR - Error Function returns mc.get_error_information() =32
2025-04-09 16:32:35,886 - ERROR - Distance Error is 392.27949219912074
2025-04-09 16:32:35,896 - ERROR - Error Function returns mc.get_error_information() =32
2025-04-09 16:32:35,926 - ERROR - Distance Error is 392.27949219912074
2025-04-09 16:32:35,936 - ERROR - Error Function returns mc.get_error_information() =32
2025-04-09 16:32:35,966 - ERROR - Distance Error is 392.27949219912074
2025-04-09 16:32:35,975 - ERROR - Error Function returns mc.get_error_information() =32
2025-04-09 16:32:36,006 - ERROR - Distance Error is 392.27949219912074
2025-04-09 16:32:36,014 - ERROR - Error Function returns mc.get_error_information() =32
2025-04-09 16:32:36,045 - ERROR - Distance Error is 392.27949219912074
2025-04-09 16:32:36,055 - ERROR - Error Function returns mc.get_error_information() =32
2025-04-09 16:32:36,085 - ERROR - Distance Error is 392.27949219912074
2025-04-09 16:32:36,095 - ERROR - Error Function returns mc.get_error_information() =32
2025-04-09 16:32:36,126 - ERROR - Distance Error is 392.27949219912074
2025-04-09 16:32:36,134 - ERROR - Error Function returns mc.get_error_information() =32
2025-04-09 16:32:36,164 - ERROR - Distance Error is 392.27949219912074
2025-04-09 16:32:36,173 - ERROR - Error Function returns mc.get_error_information() =32
2025-04-09 16:32:36,204 - ERROR - Distance Error is 392.27949219912074
2025-04-09 16:32:36,214 - ERROR - Error Function returns mc.get_error_information() =32
2025-04-09 16:32:36,246 - ERROR - Distance Error is 392.27949219912074
2025-04-09 16:32:36,253 - ERROR - Error Function returns mc.get_error_information() =32
2025-04-09 16:32:36,283 - ERROR - Distance Error is 392.27949219912074
2025-04-09 16:32:36,292 - ERROR - Error Function returns mc.get_error_information() =32
2025-04-09 16:32:36,323 - ERROR - Distance Error is 392.27949219912074
2025-04-09 16:32:36,332 - ERROR - Error Function returns mc.get_error_information() =32
2025-04-09 16:32:36,363 - ERROR - Distance Error is 392.27949219912074
2025-04-09 16:32:36,373 - ERROR - Error Function returns mc.get_error_information() =32
2025-04-09 16:32:36,403 - ERROR - Distance Error is 392.27949219912074
2025-04-09 16:32:36,412 - ERROR - Error Function returns mc.get_error_information() =32
2025-04-09 16:32:36,442 - ERROR - Distance Error is 392.27949219912074
2025-04-09 16:32:36,451 - ERROR - Error Function returns mc.get_error_information() =32
2025-04-09 16:32:36,482 - ERROR - Distance Error is 392.27949219912074
2025-04-09 16:32:36,492 - ERROR - Error Function returns mc.get_error_information() =32
2025-04-09 16:32:36,522 - ERROR - Distance Error is 392.27949219912074
2025-04-09 16:32:36,531 - ERROR - Error Function returns mc.get_error_information() =32
2025-04-09 16:32:36,562 - ERROR - Distance Error is 392.27949219912074
2025-04-09 16:32:36,571 - ERROR - Error Function returns mc.get_error_information() =32
2025-04-09 16:32:36,602 - ERROR - Distance Error is 392.27949219912074
2025-04-09 16:32:36,611 - ERROR - Error Function returns mc.get_error_information() =32
2025-04-09 16:32:36,642 - ERROR - Distance Error is 392.27949219912074
2025-04-09 16:32:36,652 - ERROR - Error Function returns mc.get_error_information() =32
2025-04-09 16:32:36,682 - ERROR - Distance Error is 392.27949219912074
2025-04-09 16:32:36,691 - ERROR - Error Function returns mc.get_error_information() =32
2025-04-09 16:32:36,722 - ERROR - Distance Error is 392.27949219912074
2025-04-09 16:32:36,730 - ERROR - Error Function returns mc.get_error_information() =32
2025-04-09 16:32:36,761 - ERROR - Distance Error is 392.27949219912074
2025-04-09 16:32:36,770 - ERROR - Error Function returns mc.get_error_information() =32
2025-04-09 16:32:36,801 - ERROR - Distance Error is 392.27949219912074
2025-04-09 16:32:36,809 - ERROR - Error Function returns mc.get_error_information() =32
2025-04-09 16:32:36,839 - ERROR - Distance Error is 392.27949219912074
2025-04-09 16:32:36,849 - ERROR - Error Function returns mc.get_error_information() =32
2025-04-09 16:32:36,879 - ERROR - Distance Error is 392.27949219912074
2025-04-09 16:32:36,888 - ERROR - Error Function returns mc.get_error_information() =32
2025-04-09 16:32:36,919 - ERROR - Distance Error is 392.27949219912074
2025-04-09 16:32:36,928 - ERROR - Error Function returns mc.get_error_information() =32
2025-04-09 16:32:36,959 - ERROR - Distance Error is 392.27949219912074
2025-04-09 16:32:36,969 - ERROR - Error Function returns mc.get_error_information() =32
2025-04-09 16:32:36,999 - ERROR - Distance Error is 392.27949219912074
2025-04-09 16:32:37,009 - ERROR - Error Function returns mc.get_error_information() =32
2025-04-09 16:32:37,039 - ERROR - Distance Error is 392.27949219912074
2025-04-09 16:32:37,048 - ERROR - Error Function returns mc.get_error_information() =32
2025-04-09 16:32:37,079 - ERROR - Distance Error is 392.27949219912074
2025-04-09 16:32:37,087 - ERROR - Error Function returns mc.get_error_information() =32
2025-04-09 16:32:37,117 - ERROR - Distance Error is 392.27949219912074
2025-04-09 16:32:37,127 - ERROR - Error Function returns mc.get_error_information() =32
2025-04-09 16:32:37,158 - ERROR - Distance Error is 392.27949219912074
2025-04-09 16:32:37,166 - ERROR - Error Function returns mc.get_error_information() =32
2025-04-09 16:32:37,198 - ERROR - Distance Error is 392.27949219912074
2025-04-09 16:32:37,206 - ERROR - Error Function returns mc.get_error_information() =32
2025-04-09 16:32:37,237 - ERROR - Distance Error is 392.27949219912074
2025-04-09 16:32:37,246 - ERROR - Error Function returns mc.get_error_information() =32
2025-04-09 16:32:37,276 - ERROR - Distance Error is 392.27949219912074
2025-04-09 16:32:54,124 - INFO - Distance Error is 3.722902093797255
2025-04-09 16:32:59,988 - ERROR - Distance Error is 282.90795322860754
2025-04-09 16:32:59,998 - ERROR - Error Function returns mc.get_error_information() =-1
2025-04-09 16:33:00,023 - WARNING - Distance Error is 13.681008734738818
2025-04-09 16:33:06,143 - INFO - Distance Error is 4.793745925682744
2025-04-09 16:33:12,962 - WARNING - Distance Error is 13.62130683891968
2025-04-09 16:33:27,201 - INFO - Distance Error is 4.40113621693308
2025-04-09 16:33:58,391 - WARNING - Distance Error is 9.387757985802574
2025-04-09 16:34:13,371 - INFO - Distance Error is 4.9608467019249725
2025-04-09 16:34:35,705 - WARNING - Distance Error is 5.22398315464358
2025-04-09 16:35:01,819 - WARNING - Distance Error is 13.224598292575823
2025-04-09 16:35:06,829 - INFO - Distance Error is 4.716990566028302
2025-04-09 16:35:12,568 - WARNING - Distance Error is 13.676622390049358
2025-04-09 16:35:18,558 - INFO - Distance Error is 4.207136793592517
2025-04-09 16:36:11,219 - WARNING - Distance Error is 5.80086200490928
