2025-04-09 18:08:55,582 - INFO - Starting Experiment
2025-04-09 18:08:55,582 - INFO - Experiment Parameters
2025-04-09 18:08:55,583 - INFO - Experiment Name: Error_Testing
2025-04-09 18:08:55,583 - INFO - Person Responsible: Akshit
2025-04-09 18:08:55,583 - INFO - Thermomixer Time: 5
2025-04-09 18:08:55,584 - INFO - Liquid Nitrogen Time: 5
2025-04-09 18:08:55,584 - INFO - Waiting Time 5
2025-04-09 18:08:55,584 - INFO - Number of Cycles 10
2025-04-09 18:08:55,584 - INFO - Robot Speed 100
2025-04-09 18:08:55,585 - INFO - Run Number 1
2025-04-09 18:08:58,628 - WARNING - Distance Error is 10.264501936285084
2025-04-09 18:08:58,628 - INFO - Moving inside LN2
2025-04-09 18:09:05,755 - ERROR - Timeout, cannot detect current position
2025-04-09 18:09:05,856 - ERROR - Error Function returns mc.get_error_information() =-1
2025-04-09 18:09:11,016 - ERROR - Timeout, cannot detect current position
2025-04-09 18:09:11,117 - ERROR - Error Function returns mc.get_error_information() =-1
2025-04-09 18:09:16,190 - ERROR - Timeout, cannot detect current position
2025-04-09 18:09:16,291 - ERROR - Error Function returns mc.get_error_information() =-1
2025-04-09 18:09:21,118 - INFO - Distance Error is 3.443835071544514
2025-04-09 18:09:24,121 - INFO - Outside LN2
2025-04-09 18:09:26,147 - WARNING - Distance Error is 5.953990258641663
2025-04-09 18:09:28,177 - WARNING - Distance Error is 14.644111444536316
2025-04-09 18:09:28,177 - INFO - Moving Inside Water Bath
2025-04-09 18:09:30,207 - INFO - Distance Error is 4.186884283091672
2025-04-09 18:09:33,210 - INFO - Moving outside Water Bath
2025-04-09 18:09:35,236 - WARNING - Distance Error is 13.720787149431334
2025-04-09 18:09:35,236 - INFO - Waiting
2025-04-09 18:09:42,266 - INFO - Distance Error is 4.262628297189427
2025-04-09 18:09:42,266 - INFO - ###################################### Cycle Completed: 1 ####################################################
2025-04-09 18:09:42,266 - INFO - LN2 Time = {-25.49307693999981} 
2025-04-09 18:09:42,267 - INFO - Water Bath = -5.032632296999509 
2025-04-09 18:09:42,267 - INFO - ######################################################################################################################
2025-04-09 18:09:45,307 - WARNING - Distance Error is 10.167103815738278
2025-04-09 18:09:45,307 - INFO - Moving inside LN2
2025-04-09 18:09:47,336 - WARNING - Distance Error is 7.262919523166985
2025-04-09 18:09:50,339 - INFO - Outside LN2
2025-04-09 18:09:52,366 - INFO - Distance Error is 4.504442251822066
2025-04-09 18:09:54,396 - WARNING - Distance Error is 13.41752585240662
2025-04-09 18:09:54,396 - INFO - Moving Inside Water Bath
2025-04-09 18:09:56,425 - INFO - Distance Error is 4.814561246884285
2025-04-09 18:09:59,428 - INFO - Moving outside Water Bath
2025-04-09 18:10:01,455 - WARNING - Distance Error is 13.41752585240662
2025-04-09 18:10:01,455 - INFO - Waiting
2025-04-09 18:10:08,484 - INFO - Distance Error is 3.981205847478882
2025-04-09 18:10:08,484 - INFO - ###################################### Cycle Completed: 2 ####################################################
2025-04-09 18:10:08,484 - INFO - LN2 Time = {-5.031932379000864} 
2025-04-09 18:10:08,485 - INFO - Water Bath = -5.031721937000839 
2025-04-09 18:10:08,485 - INFO - ######################################################################################################################
2025-04-09 18:10:11,524 - WARNING - Distance Error is 10.230835742987948
2025-04-09 18:10:11,524 - INFO - Moving inside LN2
2025-04-09 18:10:13,554 - WARNING - Distance Error is 6.88912185985993
2025-04-09 18:10:16,557 - INFO - Outside LN2
2025-04-09 18:10:18,584 - INFO - Distance Error is 3.8496753109840296
2025-04-09 18:10:20,613 - WARNING - Distance Error is 13.426093996393739
2025-04-09 18:10:20,613 - INFO - Moving Inside Water Bath
2025-04-09 18:10:22,643 - INFO - Distance Error is 4.814561246884285
2025-04-09 18:10:25,646 - INFO - Moving outside Water Bath
2025-04-09 18:10:27,673 - WARNING - Distance Error is 13.381330277666716
2025-04-09 18:10:27,673 - INFO - Waiting
2025-04-09 18:10:34,712 - INFO - Distance Error is 4.3462627624201335
2025-04-09 18:10:34,712 - INFO - ###################################### Cycle Completed: 3 ####################################################
2025-04-09 18:10:34,713 - INFO - LN2 Time = {-5.0327060029994755} 
2025-04-09 18:10:34,713 - INFO - Water Bath = -5.032839965000676 
2025-04-09 18:10:34,713 - INFO - ######################################################################################################################
2025-04-09 18:10:37,753 - WARNING - Distance Error is 10.230835742987948
2025-04-09 18:10:37,753 - INFO - Moving inside LN2
2025-04-09 18:10:44,922 - ERROR - Timeout, cannot detect current position
2025-04-09 18:10:45,024 - ERROR - Error Function returns mc.get_error_information() =-1
2025-04-09 18:10:50,063 - ERROR - Timeout, cannot detect current position
2025-04-09 18:10:50,164 - ERROR - Error Function returns mc.get_error_information() =-1
2025-04-09 18:10:55,320 - ERROR - Timeout, cannot detect current position
2025-04-09 18:10:55,421 - ERROR - Error Function returns mc.get_error_information() =-1
2025-04-09 18:11:00,582 - ERROR - Timeout, cannot detect current position
2025-04-09 18:11:00,683 - ERROR - Error Function returns mc.get_error_information() =-1
2025-04-09 18:11:05,698 - ERROR - Timeout, cannot detect current position
2025-04-09 18:11:05,800 - ERROR - Error Function returns mc.get_error_information() =-1
2025-04-09 18:11:07,673 - INFO - Distance Error is 4.045985664828779
2025-04-09 18:11:10,677 - INFO - Outside LN2
2025-04-09 18:11:12,702 - WARNING - Distance Error is 6.240192304729068
2025-04-09 18:11:14,732 - WARNING - Distance Error is 14.928496240412152
2025-04-09 18:11:14,733 - INFO - Moving Inside Water Bath
2025-04-09 18:11:16,762 - INFO - Distance Error is 4.280186911806542
2025-04-09 18:11:19,765 - INFO - Moving outside Water Bath
2025-04-09 18:11:21,791 - WARNING - Distance Error is 13.773162309360908
2025-04-09 18:11:21,791 - INFO - Waiting
2025-04-09 18:11:28,821 - INFO - Distance Error is 4.20238027789014
2025-04-09 18:11:28,821 - INFO - ###################################### Cycle Completed: 4 ####################################################
2025-04-09 18:11:28,822 - INFO - LN2 Time = {-32.92295667500002} 
2025-04-09 18:11:28,822 - INFO - Water Bath = -5.032288578000589 
2025-04-09 18:11:28,822 - INFO - ######################################################################################################################
2025-04-09 18:11:31,861 - WARNING - Distance Error is 10.049378090210357
2025-04-09 18:11:31,861 - INFO - Moving inside LN2
2025-04-09 18:11:33,890 - WARNING - Distance Error is 6.992138442565342
2025-04-09 18:11:36,894 - INFO - Outside LN2
2025-04-09 18:11:38,920 - INFO - Distance Error is 4.504442251822066
2025-04-09 18:11:40,949 - WARNING - Distance Error is 13.41752585240662
2025-04-09 18:11:40,950 - INFO - Moving Inside Water Bath
2025-04-09 18:11:42,978 - INFO - Distance Error is 4.754997371187492
2025-04-09 18:11:45,982 - INFO - Moving outside Water Bath
2025-04-09 18:11:48,008 - WARNING - Distance Error is 13.41752585240662
2025-04-09 18:11:48,009 - INFO - Waiting
2025-04-09 18:11:55,038 - INFO - Distance Error is 4.1327956639543695
2025-04-09 18:11:55,039 - INFO - ###################################### Cycle Completed: 5 ####################################################
2025-04-09 18:11:55,039 - INFO - LN2 Time = {-5.031964890000381} 
2025-04-09 18:11:55,039 - INFO - Water Bath = -5.031838259001233 
2025-04-09 18:11:55,039 - INFO - ######################################################################################################################
2025-04-09 18:11:58,078 - WARNING - Distance Error is 10.230835742987948
2025-04-09 18:11:58,079 - INFO - Moving inside LN2
2025-04-09 18:12:00,108 - WARNING - Distance Error is 7.041306696913574
2025-04-09 18:12:03,112 - INFO - Outside LN2
2025-04-09 18:12:05,137 - INFO - Distance Error is 4.159326868617087
2025-04-09 18:12:07,167 - WARNING - Distance Error is 13.41752585240662
2025-04-09 18:12:07,167 - INFO - Moving Inside Water Bath
2025-04-09 18:12:09,196 - INFO - Distance Error is 4.814561246884285
2025-04-09 18:12:12,200 - INFO - Moving outside Water Bath
2025-04-09 18:12:14,226 - WARNING - Distance Error is 13.41752585240662
2025-04-09 18:12:14,227 - INFO - Waiting
2025-04-09 18:12:21,255 - INFO - Distance Error is 4.1327956639543695
2025-04-09 18:12:21,256 - INFO - ###################################### Cycle Completed: 6 ####################################################
2025-04-09 18:12:21,256 - INFO - LN2 Time = {-5.032908447001319} 
2025-04-09 18:12:21,256 - INFO - Water Bath = -5.032453132998853 
2025-04-09 18:12:21,256 - INFO - ######################################################################################################################
2025-04-09 18:12:24,296 - WARNING - Distance Error is 10.290286682109503
2025-04-09 18:12:24,297 - INFO - Moving inside LN2
2025-04-09 18:12:31,468 - ERROR - Timeout, cannot detect current position
2025-04-09 18:12:31,569 - ERROR - Error Function returns mc.get_error_information() =-1
2025-04-09 18:12:36,599 - ERROR - Timeout, cannot detect current position
2025-04-09 18:12:36,700 - ERROR - Error Function returns mc.get_error_information() =-1
2025-04-09 18:12:41,854 - ERROR - Timeout, cannot detect current position
2025-04-09 18:12:41,956 - ERROR - Error Function returns mc.get_error_information() =-1
2025-04-09 18:12:47,103 - ERROR - Timeout, cannot detect current position
2025-04-09 18:12:47,205 - ERROR - Error Function returns mc.get_error_information() =-1
2025-04-09 18:12:52,247 - ERROR - Timeout, cannot detect current position
2025-04-09 18:12:52,348 - ERROR - Error Function returns mc.get_error_information() =-1
2025-04-09 18:12:57,495 - ERROR - Timeout, cannot detect current position
2025-04-09 18:12:57,596 - ERROR - Error Function returns mc.get_error_information() =-1
2025-04-09 18:13:02,775 - ERROR - Timeout, cannot detect current position
2025-04-09 18:13:02,877 - ERROR - Error Function returns mc.get_error_information() =-1
2025-04-09 18:13:04,801 - INFO - Distance Error is 3.8858718455450902
2025-04-09 18:13:07,805 - INFO - Outside LN2
2025-04-09 18:13:09,835 - WARNING - Distance Error is 6.204030947698436
2025-04-09 18:13:11,865 - ERROR - Distance Error is 15.023648025696016
2025-04-09 18:13:11,875 - ERROR - Error Function returns mc.get_error_information() =2
2025-04-09 18:13:11,909 - ERROR - Distance Error is 15.023648025696016
2025-04-09 18:13:11,919 - ERROR - Error Function returns mc.get_error_information() =2
2025-04-09 18:13:11,953 - WARNING - Distance Error is 14.629764181284667
2025-04-09 18:13:11,953 - INFO - Moving Inside Water Bath
2025-04-09 18:13:13,983 - WARNING - Distance Error is 6.249799996799893
2025-04-09 18:13:16,987 - INFO - Moving outside Water Bath
2025-04-09 18:13:19,013 - WARNING - Distance Error is 13.477759457714022
2025-04-09 18:13:19,014 - INFO - Waiting
2025-04-09 18:13:26,043 - INFO - Distance Error is 4.323193264243451
2025-04-09 18:13:26,043 - INFO - ###################################### Cycle Completed: 7 ####################################################
2025-04-09 18:13:26,043 - INFO - LN2 Time = {-43.50786715899994} 
2025-04-09 18:13:26,043 - INFO - Water Bath = -5.03325943299933 
2025-04-09 18:13:26,044 - INFO - ######################################################################################################################
2025-04-09 18:13:29,084 - WARNING - Distance Error is 10.230835742987948
2025-04-09 18:13:29,084 - INFO - Moving inside LN2
2025-04-09 18:13:36,255 - ERROR - Timeout, cannot detect current position
2025-04-09 18:13:36,356 - ERROR - Error Function returns mc.get_error_information() =-1
2025-04-09 18:13:41,559 - ERROR - Timeout, cannot detect current position
2025-04-09 18:13:41,660 - ERROR - Error Function returns mc.get_error_information() =-1
2025-04-09 18:13:46,814 - ERROR - Timeout, cannot detect current position
2025-04-09 18:13:46,916 - ERROR - Error Function returns mc.get_error_information() =-1
2025-04-09 18:13:52,063 - ERROR - Timeout, cannot detect current position
2025-04-09 18:13:52,164 - ERROR - Error Function returns mc.get_error_information() =-1
2025-04-09 18:13:57,203 - ERROR - Timeout, cannot detect current position
2025-04-09 18:13:57,304 - ERROR - Error Function returns mc.get_error_information() =-1
2025-04-09 18:14:02,451 - ERROR - Timeout, cannot detect current position
2025-04-09 18:14:02,552 - ERROR - Error Function returns mc.get_error_information() =-1
2025-04-09 18:14:03,605 - WARNING - Distance Error is 6.581033353509154
2025-04-09 18:14:06,609 - INFO - Outside LN2
2025-04-09 18:14:08,633 - INFO - Distance Error is 4.189272013130685
2025-04-09 18:14:10,661 - WARNING - Distance Error is 13.364505228402589
2025-04-09 18:14:10,662 - INFO - Moving Inside Water Bath
2025-04-09 18:14:12,692 - WARNING - Distance Error is 5.888123640006203
2025-04-09 18:14:15,695 - INFO - Moving outside Water Bath
2025-04-09 18:14:17,722 - WARNING - Distance Error is 13.364505228402589
2025-04-09 18:14:17,722 - INFO - Waiting
2025-04-09 18:14:24,751 - INFO - Distance Error is 4.323193264243451
2025-04-09 18:14:24,751 - INFO - ###################################### Cycle Completed: 8 ####################################################
2025-04-09 18:14:24,751 - INFO - LN2 Time = {-37.524602617999335} 
2025-04-09 18:14:24,752 - INFO - Water Bath = -5.032843111999682 
2025-04-09 18:14:24,752 - INFO - ######################################################################################################################
2025-04-09 18:14:27,792 - WARNING - Distance Error is 10.230835742987948
2025-04-09 18:14:27,792 - INFO - Moving inside LN2
2025-04-09 18:14:34,938 - ERROR - Timeout, cannot detect current position
2025-04-09 18:14:35,040 - ERROR - Error Function returns mc.get_error_information() =-1
2025-04-09 18:14:40,078 - ERROR - Timeout, cannot detect current position
2025-04-09 18:14:40,083 - ERROR - Error Function returns mc.get_error_information() =2
2025-04-09 18:14:40,114 - WARNING - Distance Error is 6.581033353509154
2025-04-09 18:14:43,117 - INFO - Outside LN2
2025-04-09 18:14:45,145 - INFO - Distance Error is 3.5496478698597755
2025-04-09 18:14:47,173 - WARNING - Distance Error is 13.364505228402589
2025-04-09 18:14:47,173 - INFO - Moving Inside Water Bath
2025-04-09 18:14:49,203 - INFO - Distance Error is 4.8383881613611734
2025-04-09 18:14:52,206 - INFO - Moving outside Water Bath
2025-04-09 18:14:54,233 - WARNING - Distance Error is 13.364505228402589
2025-04-09 18:14:54,233 - INFO - Waiting
2025-04-09 18:15:01,272 - INFO - Distance Error is 3.981205847478882
2025-04-09 18:15:01,272 - INFO - ###################################### Cycle Completed: 9 ####################################################
2025-04-09 18:15:01,272 - INFO - LN2 Time = {-15.324960448999263} 
2025-04-09 18:15:01,273 - INFO - Water Bath = -5.032781677999083 
2025-04-09 18:15:01,273 - INFO - ######################################################################################################################
2025-04-09 18:15:04,313 - WARNING - Distance Error is 10.230835742987948
2025-04-09 18:15:04,313 - INFO - Moving inside LN2
2025-04-09 18:15:11,485 - ERROR - Timeout, cannot detect current position
2025-04-09 18:15:11,586 - ERROR - Error Function returns mc.get_error_information() =-1
2025-04-09 18:15:14,889 - WARNING - Distance Error is 6.691786009728639
2025-04-09 18:15:17,893 - INFO - Outside LN2
2025-04-09 18:15:19,923 - INFO - Distance Error is 4.504442251822066
2025-04-09 18:15:21,952 - WARNING - Distance Error is 13.364505228402589
2025-04-09 18:15:21,952 - INFO - Moving Inside Water Bath
2025-04-09 18:15:23,982 - WARNING - Distance Error is 5.769748694700659
2025-04-09 18:15:26,986 - INFO - Moving outside Water Bath
2025-04-09 18:15:29,012 - WARNING - Distance Error is 13.41752585240662
2025-04-09 18:15:29,012 - INFO - Waiting
2025-04-09 18:15:36,051 - INFO - Distance Error is 4.4192759587968755
2025-04-09 18:15:36,051 - INFO - ###################################### Cycle Completed: 10 ####################################################
2025-04-09 18:15:36,052 - INFO - LN2 Time = {-13.579349060999448} 
2025-04-09 18:15:36,052 - INFO - Water Bath = -5.032907796001382 
2025-04-09 18:15:36,052 - INFO - ######################################################################################################################
2025-04-09 18:15:36,052 - INFO - Operation Completed Sucessfully
2025-04-09 18:15:36,052 - INFO - Programmed execution completed
