2025-04-07 15:55:51,387 - INFO - Distance Error is 3.252691193458134
2025-04-07 15:55:54,405 - INFO - Distance Error is 3.2588341473600932
2025-04-07 15:55:57,420 - WARNING - Distance Error is 12.98999615088472
2025-04-07 15:55:57,453 - INFO - Moving inside LN2
2025-04-07 15:55:59,475 - WARNING - Distance Error is 5.114684741017759
2025-04-07 15:56:02,479 - INFO - Outside LN2
2025-04-07 15:56:04,542 - WARNING - Distance Error is 13.09732797176586
2025-04-07 15:56:06,598 - INFO - Distance Error is 2.1400934559032754
2025-04-07 15:56:08,624 - INFO - Distance Error is 1.860107523773801
2025-04-07 15:56:08,624 - INFO - Moving Inside Water Bath
2025-04-07 15:56:09,683 - INFO - Distance Error is 2.111871208194283
2025-04-07 15:56:13,691 - INFO - Moving outside Water Bath
2025-04-07 15:56:15,794 - INFO - Distance Error is 1.0049875621120947
2025-04-07 15:56:17,819 - INFO - Distance Error is 0.8660254037844403
2025-04-07 15:56:17,820 - INFO - Waiting
2025-04-07 15:56:24,975 - WARNING - Distance Error is 11.775398082442905
2025-04-07 15:56:24,975 - INFO - ###################################### Cycle Completed: 2 ####################################################
2025-04-07 15:56:24,975 - INFO - LN2 Time = {-5.025806455998463} 
2025-04-07 15:56:24,976 - INFO - Water Bath = -5.0660520600013115 
2025-04-07 15:56:24,976 - INFO - ######################################################################################################################
2025-04-07 15:56:27,000 - WARNING - Distance Error is 11.827510304370906
2025-04-07 15:56:27,053 - INFO - Moving inside LN2
2025-04-07 15:56:29,076 - WARNING - Distance Error is 7.256031973468704
2025-04-07 15:56:32,079 - INFO - Outside LN2
2025-04-07 15:56:34,142 - WARNING - Distance Error is 11.569788243524602
2025-04-07 15:56:36,268 - INFO - Distance Error is 2.05182845286831
2025-04-07 15:56:38,294 - INFO - Distance Error is 1.8330302779822987
2025-04-07 15:56:38,294 - INFO - Moving Inside Water Bath
2025-04-07 15:56:39,381 - INFO - Distance Error is 1.6309506430300114
2025-04-07 15:56:43,386 - INFO - Moving outside Water Bath
2025-04-07 15:56:45,454 - INFO - Distance Error is 1.0049875621120947
2025-04-07 15:56:47,480 - INFO - Distance Error is 1.029563014098705
2025-04-07 15:56:47,480 - INFO - Waiting
2025-04-07 15:56:54,605 - WARNING - Distance Error is 11.853691408164819
2025-04-07 15:56:54,606 - INFO - ###################################### Cycle Completed: 3 ####################################################
2025-04-07 15:56:54,606 - INFO - LN2 Time = {-5.025664401999165} 
2025-04-07 15:56:54,607 - INFO - Water Bath = -5.091443111001354 
2025-04-07 15:56:54,607 - INFO - ######################################################################################################################
2025-04-07 15:56:56,631 - WARNING - Distance Error is 11.786008654332498
2025-04-07 15:56:56,671 - INFO - Moving inside LN2
2025-04-07 15:56:58,696 - WARNING - Distance Error is 7.633478892353087
2025-04-07 15:57:01,700 - INFO - Outside LN2
2025-04-07 15:57:03,762 - WARNING - Distance Error is 11.62798348812038
2025-04-07 15:57:05,818 - INFO - Distance Error is 2.034698994937573
2025-04-07 15:57:07,844 - INFO - Distance Error is 1.726267650163199
2025-04-07 15:57:07,844 - INFO - Moving Inside Water Bath
2025-04-07 15:57:08,910 - INFO - Distance Error is 1.774823934929881
2025-04-07 15:57:12,916 - INFO - Moving outside Water Bath
2025-04-07 15:57:14,974 - INFO - Distance Error is 1.0049875621120947
2025-04-07 15:57:16,999 - INFO - Distance Error is 1.0630145812734753
2025-04-07 15:57:16,999 - INFO - Waiting
2025-04-07 15:57:24,104 - WARNING - Distance Error is 11.68160947814984
2025-04-07 15:57:24,105 - INFO - ###################################### Cycle Completed: 4 ####################################################
2025-04-07 15:57:24,105 - INFO - LN2 Time = {-5.0280524019999575} 
2025-04-07 15:57:24,105 - INFO - Water Bath = -5.0717090660000395 
2025-04-07 15:57:24,105 - INFO - ######################################################################################################################
2025-04-07 15:57:26,129 - WARNING - Distance Error is 11.734990413289655
2025-04-07 15:57:26,165 - INFO - Moving inside LN2
2025-04-07 15:57:28,186 - WARNING - Distance Error is 6.506919393998967
2025-04-07 15:57:31,190 - INFO - Outside LN2
2025-04-07 15:57:33,252 - WARNING - Distance Error is 11.587493257818965
2025-04-07 15:57:35,317 - INFO - Distance Error is 2.034698994937573
2025-04-07 15:57:37,343 - INFO - Distance Error is 1.726267650163199
2025-04-07 15:57:37,344 - INFO - Moving Inside Water Bath
2025-04-07 15:57:38,410 - INFO - Distance Error is 1.4866068747318497
2025-04-07 15:57:42,415 - INFO - Moving outside Water Bath
2025-04-07 15:57:44,474 - INFO - Distance Error is 1.0049875621120947
2025-04-07 15:57:46,499 - INFO - Distance Error is 0.9433981132056385
2025-04-07 15:57:46,499 - INFO - Waiting
2025-04-07 15:57:53,594 - WARNING - Distance Error is 11.61851969916995
2025-04-07 15:57:53,595 - INFO - ###################################### Cycle Completed: 5 ####################################################
2025-04-07 15:57:53,595 - INFO - LN2 Time = {-5.0243524279994745} 
2025-04-07 15:57:53,595 - INFO - Water Bath = -5.070758038000349 
2025-04-07 15:57:53,596 - INFO - ######################################################################################################################
2025-04-07 15:57:55,619 - WARNING - Distance Error is 11.734564329364778
2025-04-07 15:57:55,662 - INFO - Moving inside LN2
2025-04-07 15:57:57,686 - WARNING - Distance Error is 6.319810123729979
2025-04-07 15:58:00,689 - INFO - Outside LN2
2025-04-07 15:58:02,742 - WARNING - Distance Error is 11.590081966923277
2025-04-07 15:58:04,798 - INFO - Distance Error is 2.0712315177207885
2025-04-07 15:58:06,823 - INFO - Distance Error is 1.7029386365926356
2025-04-07 15:58:06,824 - INFO - Moving Inside Water Bath
2025-04-07 15:58:07,889 - INFO - Distance Error is 1.4491376746189453
2025-04-07 15:58:11,894 - INFO - Moving outside Water Bath
2025-04-07 15:58:13,943 - INFO - Distance Error is 1.0049875621120947
2025-04-07 15:58:15,968 - INFO - Distance Error is 1.0198039027185324
2025-04-07 15:58:15,969 - INFO - Waiting
2025-04-07 15:58:23,073 - WARNING - Distance Error is 11.707262703125787
2025-04-07 15:58:23,074 - INFO - ###################################### Cycle Completed: 6 ####################################################
2025-04-07 15:58:23,074 - INFO - LN2 Time = {-5.026551786000709} 
2025-04-07 15:58:23,075 - INFO - Water Bath = -5.069696999000371 
2025-04-07 15:58:23,075 - INFO - ######################################################################################################################
2025-04-07 15:58:25,138 - INFO - Distance Error is 3.2372828112477454
2025-04-07 15:58:28,164 - INFO - Distance Error is 2.402082429892883
2025-04-07 15:58:30,691 - INFO - Distance Error is 1.4628738838327866
2025-04-07 15:58:31,692 - INFO - Completed and relesed motors
2025-04-07 15:58:33,791 - INFO - Distance Error is 2.9478805945967435
2025-04-07 15:58:36,821 - INFO - Distance Error is 1.61554944214038
2025-04-07 15:58:39,877 - INFO - Distance Error is 1.691153452528807
2025-04-07 15:58:42,904 - INFO - Distance Error is 2.3769728648009343
2025-04-07 15:58:45,430 - INFO - Distance Error is 1.1357816691600553
2025-04-07 15:58:46,431 - INFO - Completed and relesed motors
2025-04-07 15:58:48,525 - INFO - Distance Error is 2.773084924772397
