2025-04-09 19:15:37,302 - INFO - Starting Experiment
2025-04-09 19:15:37,302 - INFO - Experiment Parameters
2025-04-09 19:15:37,303 - INFO - Experiment Name: Error_Testing
2025-04-09 19:15:37,303 - INFO - Person Responsible: Akshit
2025-04-09 19:15:37,303 - INFO - Thermomixer Time: 5
2025-04-09 19:15:37,303 - INFO - Liquid Nitrogen Time: 5
2025-04-09 19:15:37,304 - INFO - Waiting Time 5
2025-04-09 19:15:37,304 - INFO - Number of Cycles 5
2025-04-09 19:15:37,304 - INFO - Robot Speed 100
2025-04-09 19:15:37,304 - INFO - Run Number 1
2025-04-09 19:15:40,345 - WARNING - Distance Error is 10.927945827098515
2025-04-09 19:15:40,345 - INFO - Moving inside LN2
2025-04-09 19:15:42,374 - WARNING - Distance Error is 7.258787777583801
2025-04-09 19:15:45,377 - INFO - Outside LN2
2025-04-09 19:15:47,400 - INFO - Distance Error is 4.505552130427537
2025-04-09 19:15:49,426 - WARNING - Distance Error is 13.251792331605563
2025-04-09 19:15:49,426 - INFO - Moving Inside Water Bath
2025-04-09 19:15:51,452 - WARNING - Distance Error is 6.525335240430186
2025-04-09 19:15:54,455 - INFO - Moving outside Water Bath
2025-04-09 19:15:56,478 - WARNING - Distance Error is 13.018832512940616
2025-04-09 19:15:56,479 - INFO - Waiting
2025-04-09 19:16:03,514 - INFO - Distance Error is 4.746577714522326
2025-04-09 19:16:03,514 - INFO - ###################################### Cycle Completed: 1 ####################################################
2025-04-09 19:16:03,514 - INFO - LN2 Time = {-5.031723959999965} 
2025-04-09 19:16:03,515 - INFO - Water Bath = -5.028997016000005 
2025-04-09 19:16:03,515 - INFO - ######################################################################################################################
2025-04-09 19:16:06,551 - WARNING - Distance Error is 10.486658190291125
2025-04-09 19:16:06,551 - INFO - Moving inside LN2
2025-04-09 19:16:08,577 - WARNING - Distance Error is 7.34370478709486
2025-04-09 19:16:11,580 - INFO - Outside LN2
2025-04-09 19:16:13,603 - INFO - Distance Error is 4.548626166217677
2025-04-09 19:16:15,629 - WARNING - Distance Error is 13.21892582625381
2025-04-09 19:16:15,629 - INFO - Moving Inside Water Bath
2025-04-09 19:16:17,655 - WARNING - Distance Error is 6.525335240430186
2025-04-09 19:16:20,658 - INFO - Moving outside Water Bath
2025-04-09 19:16:22,681 - WARNING - Distance Error is 13.213250924734592
2025-04-09 19:16:22,681 - INFO - Waiting
2025-04-09 19:16:29,707 - INFO - Distance Error is 4.746577714522326
2025-04-09 19:16:29,707 - INFO - ###################################### Cycle Completed: 2 ####################################################
2025-04-09 19:16:29,708 - INFO - LN2 Time = {-5.028902238000001} 
2025-04-09 19:16:29,708 - INFO - Water Bath = -5.028833015000032 
2025-04-09 19:16:29,708 - INFO - ######################################################################################################################
2025-04-09 19:16:32,745 - WARNING - Distance Error is 10.486658190291125
2025-04-09 19:16:32,745 - INFO - Moving inside LN2
2025-04-09 19:16:34,770 - WARNING - Distance Error is 7.38782782690555
2025-04-09 19:16:37,774 - INFO - Outside LN2
2025-04-09 19:16:39,796 - INFO - Distance Error is 4.430575583375147
2025-04-09 19:16:41,822 - WARNING - Distance Error is 13.285330255586423
2025-04-09 19:16:41,823 - INFO - Moving Inside Water Bath
2025-04-09 19:16:43,848 - WARNING - Distance Error is 6.539877674696988
2025-04-09 19:16:46,852 - INFO - Moving outside Water Bath
2025-04-09 19:16:48,874 - WARNING - Distance Error is 13.213250924734592
2025-04-09 19:16:48,875 - INFO - Waiting
2025-04-09 19:16:55,902 - INFO - Distance Error is 4.628174586162452
2025-04-09 19:16:55,903 - INFO - ###################################### Cycle Completed: 3 ####################################################
2025-04-09 19:16:55,903 - INFO - LN2 Time = {-5.028414662999978} 
2025-04-09 19:16:55,903 - INFO - Water Bath = -5.028854292999995 
2025-04-09 19:16:55,903 - INFO - ######################################################################################################################
2025-04-09 19:16:58,937 - WARNING - Distance Error is 10.941663493271943
2025-04-09 19:16:58,938 - INFO - Moving inside LN2
2025-04-09 19:17:00,963 - WARNING - Distance Error is 7.34370478709486
2025-04-09 19:17:03,964 - INFO - Outside LN2
2025-04-09 19:17:05,990 - INFO - Distance Error is 4.548626166217677
2025-04-09 19:17:08,016 - WARNING - Distance Error is 13.251792331605563
2025-04-09 19:17:08,016 - INFO - Moving Inside Water Bath
2025-04-09 19:17:10,042 - WARNING - Distance Error is 6.539877674696988
2025-04-09 19:17:13,045 - INFO - Moving outside Water Bath
2025-04-09 19:17:15,068 - WARNING - Distance Error is 13.164725595317192
2025-04-09 19:17:15,068 - INFO - Waiting
2025-04-09 19:17:22,094 - WARNING - Distance Error is 5.190375708944392
2025-04-09 19:17:22,095 - INFO - ###################################### Cycle Completed: 4 ####################################################
2025-04-09 19:17:22,095 - INFO - LN2 Time = {-5.025936275000049} 
2025-04-09 19:17:22,095 - INFO - Water Bath = -5.0287449229999766 
2025-04-09 19:17:22,095 - INFO - ######################################################################################################################
2025-04-09 19:17:25,131 - WARNING - Distance Error is 10.602358228243366
2025-04-09 19:17:25,131 - INFO - Moving inside LN2
2025-04-09 19:17:27,157 - WARNING - Distance Error is 7.34370478709486
2025-04-09 19:17:30,160 - INFO - Outside LN2
2025-04-09 19:17:32,183 - INFO - Distance Error is 4.548626166217677
2025-04-09 19:17:34,209 - WARNING - Distance Error is 13.21892582625381
2025-04-09 19:17:34,209 - INFO - Moving Inside Water Bath
2025-04-09 19:17:36,235 - WARNING - Distance Error is 6.525335240430186
2025-04-09 19:17:39,238 - INFO - Moving outside Water Bath
2025-04-09 19:17:41,261 - WARNING - Distance Error is 13.134686901483398
2025-04-09 19:17:41,261 - INFO - Waiting
2025-04-09 19:17:48,287 - INFO - Distance Error is 4.628174586162452
2025-04-09 19:17:48,287 - INFO - ###################################### Cycle Completed: 5 ####################################################
2025-04-09 19:17:48,288 - INFO - LN2 Time = {-5.028752886000007} 
2025-04-09 19:17:48,288 - INFO - Water Bath = -5.028864959999964 
2025-04-09 19:17:48,288 - INFO - ######################################################################################################################
2025-04-09 19:17:48,288 - INFO - Operation Completed Sucessfully
2025-04-09 19:17:48,289 - INFO - Programmed execution completed
