2025-04-07 15:32:31,657 - INFO - Distance Error is 2.906888370749738
2025-04-07 15:32:34,684 - INFO - Distance Error is 1.5588457268120004
2025-04-07 15:32:37,711 - WARNING - Distance Error is 13.406714735534589
2025-04-07 15:32:37,743 - INFO - Moving inside LN2
2025-04-07 15:32:39,767 - INFO - Distance Error is 4.641120554348924
2025-04-07 15:32:42,771 - INFO - Outside LN2
2025-04-07 15:32:44,824 - WARNING - Distance Error is 13.368993978605872
2025-04-07 15:32:46,892 - INFO - Distance Error is 2.0736441353327772
2025-04-07 15:32:48,917 - INFO - Distance Error is 1.726267650163199
2025-04-07 15:32:48,917 - INFO - Moving Inside Water Bath
2025-04-07 15:32:49,982 - INFO - Distance Error is 2.1213203435596384
2025-04-07 15:32:53,987 - INFO - Moving outside Water Bath
2025-04-07 15:32:56,038 - INFO - Distance Error is 1.0049875621120947
2025-04-07 15:32:58,063 - INFO - Distance Error is 1.0000000000000142
2025-04-07 15:32:58,064 - INFO - Waiting
2025-04-07 15:33:05,170 - WARNING - Distance Error is 11.734990413289655
2025-04-07 15:33:05,170 - INFO - ###################################### Cycle Completed: 2 ####################################################
2025-04-07 15:33:05,170 - INFO - LN2 Time = {-5.02720189899992} 
2025-04-07 15:33:05,171 - INFO - Water Bath = -5.069288639000661 
2025-04-07 15:33:05,171 - INFO - ######################################################################################################################
2025-04-07 15:33:07,195 - WARNING - Distance Error is 11.734990413289655
2025-04-07 15:33:07,233 - INFO - Moving inside LN2
2025-04-07 15:33:09,261 - WARNING - Distance Error is 7.011419257183247
2025-04-07 15:33:12,264 - INFO - Outside LN2
2025-04-07 15:33:14,318 - WARNING - Distance Error is 11.62798348812038
2025-04-07 15:33:16,383 - INFO - Distance Error is 2.111871208194276
2025-04-07 15:33:18,408 - INFO - Distance Error is 1.7029386365926356
2025-04-07 15:33:18,409 - INFO - Moving Inside Water Bath
2025-04-07 15:33:19,473 - INFO - Distance Error is 1.4491376746189453
2025-04-07 15:33:23,478 - INFO - Moving outside Water Bath
2025-04-07 15:33:25,537 - INFO - Distance Error is 1.0049875621120947
2025-04-07 15:33:27,562 - INFO - Distance Error is 0.700000000000009
2025-04-07 15:33:27,563 - INFO - Waiting
2025-04-07 15:33:34,726 - WARNING - Distance Error is 11.590081966923258
2025-04-07 15:33:34,727 - INFO - ###################################### Cycle Completed: 3 ####################################################
2025-04-07 15:33:34,727 - INFO - LN2 Time = {-5.029982428999574} 
2025-04-07 15:33:34,728 - INFO - Water Bath = -5.068970680998973 
2025-04-07 15:33:34,728 - INFO - ######################################################################################################################
2025-04-07 15:33:36,751 - WARNING - Distance Error is 11.786008654332498
2025-04-07 15:33:36,788 - INFO - Moving inside LN2
2025-04-07 15:33:38,806 - WARNING - Distance Error is 7.1847059786744305
2025-04-07 15:33:41,808 - INFO - Outside LN2
2025-04-07 15:33:43,862 - WARNING - Distance Error is 11.62798348812038
2025-04-07 15:33:45,917 - INFO - Distance Error is 2.034698994937573
2025-04-07 15:33:47,942 - INFO - Distance Error is 1.726267650163199
2025-04-07 15:33:47,943 - INFO - Moving Inside Water Bath
2025-04-07 15:33:49,013 - INFO - Distance Error is 1.4866068747318497
2025-04-07 15:33:53,020 - INFO - Moving outside Water Bath
2025-04-07 15:33:55,081 - INFO - Distance Error is 1.0049875621120947
2025-04-07 15:33:57,105 - INFO - Distance Error is 0.700000000000009
2025-04-07 15:33:57,106 - INFO - Waiting
2025-04-07 15:34:04,209 - WARNING - Distance Error is 11.734990413289655
2025-04-07 15:34:04,209 - INFO - ###################################### Cycle Completed: 4 ####################################################
2025-04-07 15:34:04,210 - INFO - LN2 Time = {-5.0189706920009485} 
2025-04-07 15:34:04,210 - INFO - Water Bath = -5.0774484899993695 
2025-04-07 15:34:04,210 - INFO - ######################################################################################################################
2025-04-07 15:34:06,234 - WARNING - Distance Error is 11.734990413289655
2025-04-07 15:34:06,270 - INFO - Moving inside LN2
2025-04-07 15:34:08,290 - WARNING - Distance Error is 7.1847059786744305
2025-04-07 15:34:11,294 - INFO - Outside LN2
2025-04-07 15:34:13,353 - WARNING - Distance Error is 11.590081966923277
2025-04-07 15:34:15,410 - INFO - Distance Error is 2.0712315177207885
2025-04-07 15:34:17,435 - INFO - Distance Error is 1.7029386365926356
2025-04-07 15:34:17,435 - INFO - Moving Inside Water Bath
2025-04-07 15:34:18,512 - INFO - Distance Error is 1.4866068747318497
2025-04-07 15:34:22,517 - INFO - Moving outside Water Bath
2025-04-07 15:34:24,573 - INFO - Distance Error is 1.0049875621120947
2025-04-07 15:34:26,597 - INFO - Distance Error is 0.700000000000009
2025-04-07 15:34:26,598 - INFO - Waiting
2025-04-07 15:34:33,701 - WARNING - Distance Error is 11.71195969938422
2025-04-07 15:34:33,702 - INFO - ###################################### Cycle Completed: 5 ####################################################
2025-04-07 15:34:33,703 - INFO - LN2 Time = {-5.022999830000117} 
2025-04-07 15:34:33,703 - INFO - Water Bath = -5.081582619000983 
2025-04-07 15:34:33,704 - INFO - ######################################################################################################################
2025-04-07 15:34:35,735 - WARNING - Distance Error is 11.71195969938422
2025-04-07 15:34:35,775 - INFO - Moving inside LN2
2025-04-07 15:34:37,800 - WARNING - Distance Error is 6.2999999999999945
2025-04-07 15:34:40,804 - INFO - Outside LN2
2025-04-07 15:34:42,855 - WARNING - Distance Error is 11.587493257818965
2025-04-07 15:34:44,921 - INFO - Distance Error is 2.0712315177207885
2025-04-07 15:34:46,947 - INFO - Distance Error is 1.7029386365926356
2025-04-07 15:34:46,947 - INFO - Moving Inside Water Bath
2025-04-07 15:34:48,016 - INFO - Distance Error is 1.4866068747318497
2025-04-07 15:34:52,023 - INFO - Moving outside Water Bath
2025-04-07 15:34:54,084 - INFO - Distance Error is 1.0049875621120947
2025-04-07 15:34:56,109 - INFO - Distance Error is 0.700000000000009
2025-04-07 15:34:56,109 - INFO - Waiting
2025-04-07 15:35:03,222 - WARNING - Distance Error is 11.734990413289655
2025-04-07 15:35:03,222 - INFO - ###################################### Cycle Completed: 6 ####################################################
2025-04-07 15:35:03,222 - INFO - LN2 Time = {-5.028050067001459} 
2025-04-07 15:35:03,223 - INFO - Water Bath = -5.07520844100145 
2025-04-07 15:35:03,223 - INFO - ######################################################################################################################
2025-04-07 15:35:05,286 - INFO - Distance Error is 2.844292530665583
2025-04-07 15:35:08,312 - INFO - Distance Error is 2.3600847442412105
2025-04-07 15:35:10,837 - INFO - Distance Error is 1.2688577540449562
2025-04-07 15:35:11,838 - INFO - Completed and relesed motors
2025-04-07 15:35:13,926 - INFO - Distance Error is 2.9478805945967435
2025-04-07 15:35:16,956 - INFO - Distance Error is 1.6248076809272274
2025-04-07 15:35:20,021 - INFO - Distance Error is 1.7832554500127327
2025-04-07 15:35:23,046 - INFO - Distance Error is 2.3769728648009343
2025-04-07 15:35:25,572 - INFO - Distance Error is 1.1357816691600553
2025-04-07 15:35:26,574 - INFO - Completed and relesed motors
2025-04-07 15:35:28,667 - INFO - Distance Error is 2.773084924772397
2025-04-07 15:35:31,691 - INFO - Distance Error is 1.61554944214038
2025-04-07 15:35:34,756 - INFO - Distance Error is 1.691153452528807
2025-04-07 15:35:37,782 - INFO - Distance Error is 2.3769728648009343
2025-04-07 15:35:40,309 - INFO - Distance Error is 1.048808848170157
2025-04-07 15:35:41,311 - INFO - Completed and relesed motors
2025-04-07 15:35:43,410 - INFO - Distance Error is 2.773084924772397
2025-04-07 15:35:46,435 - INFO - Distance Error is 1.972308292331644
2025-04-07 15:35:49,494 - INFO - Distance Error is 2.0346989949376186
2025-04-07 15:35:52,530 - INFO - Distance Error is 2.3769728648009343
2025-04-07 15:35:55,057 - INFO - Distance Error is 0.8306623862918133
2025-04-07 15:35:56,059 - INFO - Completed and relesed motors
2025-04-07 15:35:58,155 - INFO - Distance Error is 2.773084924772397
2025-04-07 15:36:01,170 - INFO - Distance Error is 1.6822603841260728
2025-04-07 15:36:04,237 - INFO - Distance Error is 1.760681686165904
2025-04-07 15:36:07,264 - INFO - Distance Error is 2.3769728648009343
2025-04-07 15:36:09,790 - INFO - Distance Error is 0.8306623862918133
2025-04-07 15:36:10,792 - INFO - Completed and relesed motors
2025-04-07 15:36:12,887 - INFO - Distance Error is 2.773084924772397
2025-04-07 15:36:15,913 - INFO - Distance Error is 1.972308292331644
2025-04-07 15:36:18,969 - INFO - Distance Error is 2.0346989949376186
2025-04-07 15:36:21,995 - INFO - Distance Error is 2.3769728648009343
2025-04-07 15:36:24,521 - INFO - Distance Error is 0.8306623862918133
2025-04-07 15:36:25,523 - INFO - Completed and relesed motors
2025-04-07 15:36:27,622 - INFO - Distance Error is 2.773084924772397
2025-04-07 15:36:30,653 - INFO - Distance Error is 1.61554944214038
2025-04-07 15:36:33,710 - INFO - Distance Error is 1.691153452528807
2025-04-07 15:36:36,735 - INFO - Distance Error is 2.3769728648009343
2025-04-07 15:36:39,261 - INFO - Distance Error is 0.8306623862918133
2025-04-07 15:36:40,263 - INFO - Completed and relesed motors
