2025-04-11 13:40:27,372 - INFO - Starting Experiment
2025-04-11 13:40:27,373 - INFO - Experiment Parameters
2025-04-11 13:40:27,373 - INFO - Experiment Name: Error_Testing
2025-04-11 13:40:27,374 - INFO - Person Responsible: Akshit
2025-04-11 13:40:27,374 - INFO - Thermomixer Time: 5
2025-04-11 13:40:27,374 - INFO - Liquid Nitrogen Time: 5
2025-04-11 13:40:27,375 - INFO - Waiting Time 5
2025-04-11 13:40:27,375 - INFO - Number of Cycles 5
2025-04-11 13:40:27,375 - INFO - Robot Speed 100
2025-04-11 13:40:27,376 - INFO - Run Number 1
2025-04-11 13:40:30,419 - INFO - Starting Experiment
2025-04-11 13:40:32,445 - WARNING - Distance Error is 7.495998932764091
2025-04-11 13:40:34,467 - INFO - Distance Error is 1.8708286933869707
2025-04-11 13:40:37,504 - WARNING - Distance Error is 9.28008620649615
2025-04-11 13:40:37,505 - INFO - Moving inside LN2
2025-04-11 13:40:39,531 - WARNING - Distance Error is 7.022107945624306
2025-04-11 13:40:42,535 - INFO - Outside LN2
2025-04-11 13:40:44,559 - INFO - Distance Error is 4.563989482897613
2025-04-11 13:40:46,586 - WARNING - Distance Error is 13.408206442324786
2025-04-11 13:40:46,586 - INFO - Moving Inside Water Bath
2025-04-11 13:40:48,613 - WARNING - Distance Error is 6.288083968904991
2025-04-11 13:40:51,616 - INFO - Moving outside Water Bath
2025-04-11 13:40:53,640 - WARNING - Distance Error is 13.213250924734592
2025-04-11 13:40:53,641 - INFO - Waiting
2025-04-11 13:41:00,669 - INFO - Distance Error is 4.5265881191025095
2025-04-11 13:41:00,669 - INFO - ###################################### Cycle Completed: 1 ####################################################
2025-04-11 13:41:00,670 - INFO - LN2 Time = {-5.029423571000734} 
2025-04-11 13:41:00,670 - INFO - Water Bath = -5.029647753999598 
2025-04-11 13:41:00,670 - INFO - ######################################################################################################################
2025-04-11 13:41:03,706 - WARNING - Distance Error is 10.32182154466934
2025-04-11 13:41:03,706 - INFO - Moving inside LN2
2025-04-11 13:41:05,733 - WARNING - Distance Error is 7.066823897621899
2025-04-11 13:41:08,736 - INFO - Outside LN2
2025-04-11 13:41:10,761 - INFO - Distance Error is 4.447471191587419
2025-04-11 13:41:12,787 - WARNING - Distance Error is 13.35440002396214
2025-04-11 13:41:12,788 - INFO - Moving Inside Water Bath
2025-04-11 13:41:14,814 - WARNING - Distance Error is 6.232976816898965
2025-04-11 13:41:17,817 - INFO - Moving outside Water Bath
2025-04-11 13:41:19,842 - WARNING - Distance Error is 13.213250924734592
2025-04-11 13:41:19,842 - INFO - Waiting
2025-04-11 13:41:26,870 - INFO - Distance Error is 4.9527769988159225
2025-04-11 13:41:26,870 - INFO - ###################################### Cycle Completed: 2 ####################################################
2025-04-11 13:41:26,871 - INFO - LN2 Time = {-5.029506560998925} 
2025-04-11 13:41:26,871 - INFO - Water Bath = -5.028945323001608 
2025-04-11 13:41:26,871 - INFO - ######################################################################################################################
2025-04-11 13:41:29,908 - WARNING - Distance Error is 10.316976301223155
2025-04-11 13:41:29,908 - INFO - Moving inside LN2
2025-04-11 13:41:31,934 - WARNING - Distance Error is 7.066823897621899
2025-04-11 13:41:34,938 - INFO - Outside LN2
2025-04-11 13:41:36,963 - INFO - Distance Error is 4.67011777153425
2025-04-11 13:41:38,989 - WARNING - Distance Error is 13.408206442324786
2025-04-11 13:41:38,990 - INFO - Moving Inside Water Bath
2025-04-11 13:41:41,017 - WARNING - Distance Error is 6.232976816898965
2025-04-11 13:41:44,020 - INFO - Moving outside Water Bath
2025-04-11 13:41:46,044 - WARNING - Distance Error is 13.213250924734592
2025-04-11 13:41:46,044 - INFO - Waiting
2025-04-11 13:41:53,073 - INFO - Distance Error is 4.743416490252574
2025-04-11 13:41:53,073 - INFO - ###################################### Cycle Completed: 3 ####################################################
2025-04-11 13:41:53,073 - INFO - LN2 Time = {-5.029386484000497} 
2025-04-11 13:41:53,074 - INFO - Water Bath = -5.030051533000005 
2025-04-11 13:41:53,074 - INFO - ######################################################################################################################
2025-04-11 13:41:56,110 - WARNING - Distance Error is 10.316976301223155
2025-04-11 13:41:56,110 - INFO - Moving inside LN2
2025-04-11 13:41:58,136 - WARNING - Distance Error is 7.063285354564109
2025-04-11 13:42:01,140 - INFO - Outside LN2
2025-04-11 13:42:03,165 - INFO - Distance Error is 4.679743582719039
2025-04-11 13:42:05,191 - WARNING - Distance Error is 13.251792331605563
2025-04-11 13:42:05,191 - INFO - Moving Inside Water Bath
2025-04-11 13:42:07,217 - WARNING - Distance Error is 6.268173577685923
2025-04-11 13:42:10,221 - INFO - Moving outside Water Bath
2025-04-11 13:42:12,245 - WARNING - Distance Error is 13.213250924734592
2025-04-11 13:42:12,246 - INFO - Waiting
2025-04-11 13:42:19,273 - WARNING - Distance Error is 5.069516742254636
2025-04-11 13:42:19,274 - INFO - ###################################### Cycle Completed: 4 ####################################################
2025-04-11 13:42:19,274 - INFO - LN2 Time = {-5.029519175999667} 
2025-04-11 13:42:19,274 - INFO - Water Bath = -5.029100503001246 
2025-04-11 13:42:19,275 - INFO - ######################################################################################################################
2025-04-11 13:42:22,311 - WARNING - Distance Error is 10.192644406629725
2025-04-11 13:42:22,312 - INFO - Moving inside LN2
2025-04-11 13:42:24,338 - WARNING - Distance Error is 7.218032973047434
2025-04-11 13:42:27,339 - INFO - Outside LN2
2025-04-11 13:42:29,366 - INFO - Distance Error is 4.721228653645153
2025-04-11 13:42:31,393 - WARNING - Distance Error is 13.35440002396214
2025-04-11 13:42:31,393 - INFO - Moving Inside Water Bath
2025-04-11 13:42:33,419 - WARNING - Distance Error is 6.217716622683922
2025-04-11 13:42:36,423 - INFO - Moving outside Water Bath
2025-04-11 13:42:38,447 - WARNING - Distance Error is 13.213250924734592
2025-04-11 13:42:38,448 - INFO - Waiting
2025-04-11 13:42:45,475 - INFO - Distance Error is 4.746577714522326
2025-04-11 13:42:45,476 - INFO - ###################################### Cycle Completed: 5 ####################################################
2025-04-11 13:42:45,476 - INFO - LN2 Time = {-5.026593525999488} 
2025-04-11 13:42:45,476 - INFO - Water Bath = -5.029004990999965 
2025-04-11 13:42:45,476 - INFO - ######################################################################################################################
2025-04-11 13:42:47,502 - INFO - Distance Error is 1.244989959798871
2025-04-11 13:42:47,502 - INFO - Moving to Rest Position
2025-04-11 13:42:49,529 - WARNING - Distance Error is 5.738466694161449
2025-04-11 13:42:49,529 - INFO - Releasing All Servos
2025-04-11 13:42:50,031 - INFO - Completed and Relesed Motors
2025-04-11 13:42:50,031 - INFO - Operation Completed Sucessfully
2025-04-11 13:42:50,031 - INFO - Programmed execution completed
