2025-04-07 17:46:27,997 - INFO - Distance Error is 3.266496594212205
2025-04-07 17:46:31,029 - INFO - Distance Error is 2.692582403567252
2025-04-07 17:46:34,055 - WARNING - Distance Error is 13.274411474713288
2025-04-07 17:46:34,099 - INFO - Moving inside LN2
2025-04-07 17:46:36,122 - INFO - Distance Error is 4.6882832678924204
2025-04-07 17:46:39,126 - INFO - Outside LN2
2025-04-07 17:46:41,188 - WARNING - Distance Error is 13.289469515371948
2025-04-07 17:46:43,264 - INFO - Distance Error is 2.1400934559032754
2025-04-07 17:46:45,290 - INFO - Distance Error is 2.2561028345356946
2025-04-07 17:46:45,291 - INFO - Moving Inside Water Bath
2025-04-07 17:46:46,367 - INFO - Distance Error is 2.4899799195977352
2025-04-07 17:46:50,372 - INFO - Moving outside Water Bath
2025-04-07 17:46:52,433 - INFO - Distance Error is 1.063014581273466
2025-04-07 17:46:54,460 - INFO - Distance Error is 0.9219544457292687
2025-04-07 17:46:54,460 - INFO - Waiting
2025-04-07 17:46:58,577 - WARNING - Distance Error is 11.786008654332498
2025-04-07 17:46:58,578 - INFO - ###################################### Cycle Completed: 1 ####################################################
2025-04-07 17:46:58,578 - INFO - LN2 Time = {-5.02642814399951} 
2025-04-07 17:46:58,579 - INFO - Water Bath = -5.080603598999005 
2025-04-07 17:46:58,579 - INFO - ######################################################################################################################
2025-04-07 17:47:00,645 - INFO - Distance Error is 3.3615472627943213
2025-04-07 17:47:03,671 - INFO - Distance Error is 2.5357444666212117
2025-04-07 17:47:06,201 - INFO - Distance Error is 1.4866068747318577
2025-04-07 17:47:07,203 - INFO - Completed and relesed motors
