2025-04-07 16:17:40,454 - INFO - Distance Error is 3.059411708155694
2025-04-07 16:17:43,477 - INFO - Distance Error is 1.476482306023358
2025-04-07 16:17:46,502 - WARNING - Distance Error is 13.28984574778804
2025-04-07 16:17:46,550 - INFO - Moving inside LN2
2025-04-07 16:17:48,578 - INFO - Distance Error is 4.636809247747832
2025-04-07 16:17:51,582 - INFO - Outside LN2
2025-04-07 16:17:53,645 - WARNING - Distance Error is 13.261221663180214
2025-04-07 16:17:55,720 - INFO - Distance Error is 2.0736441353327772
2025-04-07 16:17:57,746 - INFO - Distance Error is 1.860107523773801
2025-04-07 16:17:57,747 - INFO - Moving Inside Water Bath
2025-04-07 16:17:59,165 - INFO - Distance Error is 1.4352700094407294
2025-04-07 16:18:03,176 - INFO - Moving outside Water Bath
2025-04-07 16:18:05,249 - INFO - Distance Error is 0.7280109889280268
2025-04-07 16:18:07,275 - INFO - Distance Error is 0.9433981132056385
2025-04-07 16:18:07,275 - INFO - Waiting
2025-04-07 16:18:11,394 - WARNING - Distance Error is 11.763502879669824
2025-04-07 16:18:11,395 - INFO - ###################################### Cycle Completed: 1 ####################################################
2025-04-07 16:18:11,395 - INFO - LN2 Time = {-5.031255099998816} 
2025-04-07 16:18:11,395 - INFO - Water Bath = -5.428885294000793 
2025-04-07 16:18:11,395 - INFO - ######################################################################################################################
2025-04-07 16:18:13,418 - WARNING - Distance Error is 11.786008654332498
2025-04-07 16:18:13,464 - INFO - Moving inside LN2
2025-04-07 16:18:15,495 - WARNING - Distance Error is 6.7742158217759725
2025-04-07 16:18:18,499 - INFO - Outside LN2
2025-04-07 16:18:20,563 - WARNING - Distance Error is 11.590081966923277
2025-04-07 16:18:22,630 - INFO - Distance Error is 2.0024984394500684
2025-04-07 16:18:24,655 - INFO - Distance Error is 1.860107523773801
2025-04-07 16:18:24,655 - INFO - Moving Inside Water Bath
2025-04-07 16:18:25,735 - INFO - Distance Error is 1.3999999999999992
2025-04-07 16:18:29,741 - INFO - Moving outside Water Bath
2025-04-07 16:18:31,807 - INFO - Distance Error is 0.7280109889280268
2025-04-07 16:18:33,832 - INFO - Distance Error is 0.9433981132056385
2025-04-07 16:18:33,833 - INFO - Waiting
2025-04-07 16:18:37,950 - WARNING - Distance Error is 11.68160947814984
2025-04-07 16:18:37,950 - INFO - ###################################### Cycle Completed: 1 ####################################################
2025-04-07 16:18:37,951 - INFO - LN2 Time = {-5.033486305999759} 
2025-04-07 16:18:37,951 - INFO - Water Bath = -5.085195126999679 
2025-04-07 16:18:37,951 - INFO - ######################################################################################################################
2025-04-07 16:18:39,976 - WARNING - Distance Error is 11.734990413289655
2025-04-07 16:18:40,023 - INFO - Moving inside LN2
2025-04-07 16:18:42,053 - WARNING - Distance Error is 6.949100661236666
2025-04-07 16:18:45,056 - INFO - Outside LN2
2025-04-07 16:18:47,120 - WARNING - Distance Error is 11.648605066702196
2025-04-07 16:18:49,186 - INFO - Distance Error is 2.0024984394500684
2025-04-07 16:18:51,212 - INFO - Distance Error is 1.726267650163199
2025-04-07 16:18:51,213 - INFO - Moving Inside Water Bath
2025-04-07 16:18:52,288 - INFO - Distance Error is 1.9748417658131538
2025-04-07 16:18:56,293 - INFO - Moving outside Water Bath
2025-04-07 16:18:58,354 - INFO - Distance Error is 0.7211102550927726
2025-04-07 16:19:00,379 - INFO - Distance Error is 1.0198039027185324
2025-04-07 16:19:00,380 - INFO - Waiting
2025-04-07 16:19:04,496 - WARNING - Distance Error is 11.707262703125787
2025-04-07 16:19:04,497 - INFO - ###################################### Cycle Completed: 1 ####################################################
2025-04-07 16:19:04,497 - INFO - LN2 Time = {-5.032291924999299} 
2025-04-07 16:19:04,497 - INFO - Water Bath = -5.079808702999799 
2025-04-07 16:19:04,497 - INFO - ######################################################################################################################
2025-04-07 16:19:06,521 - WARNING - Distance Error is 11.734990413289655
2025-04-07 16:19:06,563 - INFO - Moving inside LN2
2025-04-07 16:19:08,587 - WARNING - Distance Error is 6.7742158217759725
2025-04-07 16:19:11,591 - INFO - Outside LN2
2025-04-07 16:19:13,653 - WARNING - Distance Error is 11.590081966923277
2025-04-07 16:19:15,729 - INFO - Distance Error is 2.0024984394500684
2025-04-07 16:19:17,754 - INFO - Distance Error is 1.726267650163199
2025-04-07 16:19:17,754 - INFO - Moving Inside Water Bath
2025-04-07 16:19:18,821 - INFO - Distance Error is 2.576819745345014
2025-04-07 16:19:22,826 - INFO - Moving outside Water Bath
2025-04-07 16:19:24,878 - INFO - Distance Error is 0.7280109889280268
2025-04-07 16:19:26,903 - INFO - Distance Error is 0.7483314773547496
2025-04-07 16:19:26,903 - INFO - Waiting
2025-04-07 16:19:31,022 - WARNING - Distance Error is 11.68160947814984
2025-04-07 16:19:31,023 - INFO - ###################################### Cycle Completed: 1 ####################################################
2025-04-07 16:19:31,023 - INFO - LN2 Time = {-5.027305208999678} 
2025-04-07 16:19:31,023 - INFO - Water Bath = -5.07124907600155 
2025-04-07 16:19:31,023 - INFO - ######################################################################################################################
2025-04-07 16:19:33,047 - WARNING - Distance Error is 11.734990413289655
2025-04-07 16:19:33,089 - INFO - Moving inside LN2
2025-04-07 16:19:35,114 - WARNING - Distance Error is 6.2999999999999945
2025-04-07 16:19:38,116 - INFO - Outside LN2
2025-04-07 16:19:40,181 - WARNING - Distance Error is 11.587493257818965
2025-04-07 16:19:42,267 - INFO - Distance Error is 2.0024984394500684
2025-04-07 16:19:44,294 - INFO - Distance Error is 1.726267650163199
2025-04-07 16:19:44,296 - INFO - Moving Inside Water Bath
2025-04-07 16:19:45,439 - INFO - Distance Error is 1.4866068747318497
2025-04-07 16:19:49,444 - INFO - Moving outside Water Bath
