2022-04-21 15:06:36,066 - INFO - Starting Experiment
2022-04-21 15:06:36,068 - INFO - Experiment Parameters
2022-04-21 15:06:36,071 - INFO - Experiment Name: Error_Testing
2022-04-21 15:06:36,074 - INFO - Person Responsible: Akshit
2022-04-21 15:06:36,077 - INFO - Thermomixer Time: 5
2022-04-21 15:06:36,079 - INFO - Liquid Nitrogen Time: 5
2022-04-21 15:06:36,080 - INFO - Waiting Time 5
2022-04-21 15:06:36,082 - INFO - Number of Cycles 30
2022-04-21 15:06:36,084 - INFO - Robot Speed 100
2022-04-21 15:06:36,085 - INFO - Run Number 1
2022-04-21 15:12:57,818 - ERROR - Timeout, cannot detect current position
2022-04-21 15:53:23,676 - ERROR - Timeout, cannot detect current position
2022-04-21 15:56:53,632 - ERROR - Timeout, cannot detect current position
2022-04-21 16:01:22,420 - ERROR - Timeout, cannot detect current position
2022-04-21 16:02:19,156 - ERROR - Timeout, cannot detect current position
2022-04-21 16:02:44,960 - ERROR - Timeout, cannot detect current position
2022-04-21 16:02:45,061 - ERROR - Error Function returns mc.get_error_information() =-1
2022-04-21 16:05:42,458 - INFO - Distance Error is 3.652396473549948
2022-04-21 16:25:04,266 - INFO - Distance Error is 3.0659419433511803
2022-04-21 16:25:09,177 - INFO - Distance Error is 2.4535688292770588
2022-04-21 16:25:32,683 - INFO - Distance Error is 1.3190905958272896
2022-04-21 17:09:51,427 - WARNING - Distance Error is 11.522586515188332
2022-04-21 17:37:16,599 - ERROR - Distance Error is 15.153217480126134
2022-04-21 17:37:16,604 - ERROR - Error Function returns mc.get_error_information() =5
2022-04-21 17:37:21,842 - WARNING - Distance Error is 6.483054835492277
2022-04-21 17:55:33,800 - WARNING - Distance Error is 12.395160345876937
2022-04-21 17:55:42,176 - INFO - Distance Error is 2.939387691339817
2022-04-21 17:55:48,343 - ERROR - Distance Error is 60.89573055641913
2022-04-21 17:55:48,352 - ERROR - Error Function returns mc.get_error_information() =19
2022-04-21 17:56:58,930 - INFO - Distance Error is 3.2771939216348
2022-04-21 17:57:03,778 - INFO - Distance Error is 2.4041630560342653
2022-04-21 17:57:07,653 - INFO - Distance Error is 3.128897569432443
2022-04-21 17:57:12,178 - ERROR - Distance Error is 32.37591697543098
2022-04-21 17:57:12,188 - ERROR - Error Function returns mc.get_error_information() =19
