2025-04-09 16:44:17,242 - INFO - Starting Experiment
2025-04-09 16:44:17,242 - INFO - Experiment Parameters
2025-04-09 16:44:17,242 - INFO - Experiment Name: Error_Testing
2025-04-09 16:44:17,243 - INFO - Person Responsible: Akshit
2025-04-09 16:44:17,243 - INFO - Thermomixer Time: 5
2025-04-09 16:44:17,243 - INFO - Liquid Nitrogen Time: 5
2025-04-09 16:44:17,243 - INFO - Waiting Time 5
2025-04-09 16:44:17,243 - INFO - Number of Cycles 30
2025-04-09 16:44:17,244 - INFO - Robot Speed 100
2025-04-09 16:44:17,244 - INFO - Run Number 1
2025-04-09 16:44:19,268 - INFO - Distance Error is 4.2213741838410845
2025-04-09 16:44:19,268 - INFO - Moving inside LN2
2025-04-09 16:44:21,298 - WARNING - Distance Error is 9.525754563287885
2025-04-09 16:44:24,301 - INFO - Outside LN2
2025-04-09 16:44:26,328 - WARNING - Distance Error is 5.244044240850745
2025-04-09 16:44:28,357 - WARNING - Distance Error is 13.339040445249422
2025-04-09 16:44:28,357 - INFO - Moving Inside Water Bath
2025-04-09 16:44:30,387 - INFO - Distance Error is 2.8896366553599786
2025-04-09 16:44:35,392 - INFO - Moving outside Water Bath
2025-04-09 16:44:37,417 - WARNING - Distance Error is 13.766626311482403
2025-04-09 16:44:37,417 - INFO - Waiting
2025-04-09 16:44:44,456 - INFO - Distance Error is 4.253234063627348
2025-04-09 16:44:44,466 - INFO - ###################################### Cycle Completed: 1 ####################################################
2025-04-09 16:44:44,466 - INFO - LN2 Time = {-5.032759466999778} 
2025-04-09 16:44:44,467 - INFO - Water Bath = -7.0347802969999975 
2025-04-09 16:44:44,467 - INFO - ######################################################################################################################
2025-04-09 16:44:46,495 - WARNING - Distance Error is 9.726253132630266
2025-04-09 16:44:46,495 - INFO - Moving inside LN2
2025-04-09 16:44:48,523 - WARNING - Distance Error is 5.825804665451799
2025-04-09 16:44:51,526 - INFO - Outside LN2
2025-04-09 16:44:53,553 - INFO - Distance Error is 3.96106046406767
2025-04-09 16:44:55,583 - WARNING - Distance Error is 13.62057267518512
2025-04-09 16:44:55,583 - INFO - Moving Inside Water Bath
2025-04-09 16:44:57,612 - INFO - Distance Error is 4.486646854834924
2025-04-09 16:45:02,617 - INFO - Moving outside Water Bath
2025-04-09 16:45:04,652 - WARNING - Distance Error is 13.676622390049358
2025-04-09 16:45:04,652 - INFO - Waiting
2025-04-09 16:45:11,682 - INFO - Distance Error is 4.2213741838410845
2025-04-09 16:45:11,694 - INFO - ###################################### Cycle Completed: 2 ####################################################
2025-04-09 16:45:11,695 - INFO - LN2 Time = {-5.0306755269998575} 
2025-04-09 16:45:11,695 - INFO - Water Bath = -7.033904328000062 
2025-04-09 16:45:11,696 - INFO - ######################################################################################################################
2025-04-09 16:45:13,722 - WARNING - Distance Error is 6.288083968904999
2025-04-09 16:45:13,722 - INFO - Moving inside LN2
2025-04-09 16:45:15,752 - WARNING - Distance Error is 5.794825277780164
2025-04-09 16:45:18,755 - INFO - Outside LN2
2025-04-09 16:45:20,782 - INFO - Distance Error is 3.7336309405188866
2025-04-09 16:45:22,811 - WARNING - Distance Error is 13.47182244538577
2025-04-09 16:45:22,811 - INFO - Moving Inside Water Bath
2025-04-09 16:45:24,841 - INFO - Distance Error is 4.792702786528699
2025-04-09 16:45:29,846 - INFO - Moving outside Water Bath
2025-04-09 16:45:31,871 - WARNING - Distance Error is 13.676622390049358
2025-04-09 16:45:31,872 - INFO - Waiting
2025-04-09 16:45:38,900 - INFO - Distance Error is 4.179712908801273
2025-04-09 16:45:38,910 - INFO - ###################################### Cycle Completed: 3 ####################################################
2025-04-09 16:45:38,910 - INFO - LN2 Time = {-5.032827447999807} 
2025-04-09 16:45:38,911 - INFO - Water Bath = -7.034773217000293 
2025-04-09 16:45:38,911 - INFO - ######################################################################################################################
2025-04-09 16:45:40,939 - WARNING - Distance Error is 9.794896630388703
2025-04-09 16:45:40,940 - INFO - Moving inside LN2
2025-04-09 16:45:42,967 - WARNING - Distance Error is 5.651548460377914
2025-04-09 16:45:45,971 - INFO - Outside LN2
2025-04-09 16:45:47,997 - INFO - Distance Error is 4.216633728461597
2025-04-09 16:45:50,027 - WARNING - Distance Error is 13.40484986861098
2025-04-09 16:45:50,028 - INFO - Moving Inside Water Bath
2025-04-09 16:45:52,056 - INFO - Distance Error is 4.465422712353234
2025-04-09 16:45:57,062 - INFO - Moving outside Water Bath
2025-04-09 16:45:59,086 - WARNING - Distance Error is 13.638914912851368
2025-04-09 16:45:59,087 - INFO - Waiting
2025-04-09 16:46:06,116 - INFO - Distance Error is 3.7134889255254278
2025-04-09 16:46:06,126 - INFO - ###################################### Cycle Completed: 4 ####################################################
2025-04-09 16:46:06,126 - INFO - LN2 Time = {-5.030641436999758} 
2025-04-09 16:46:06,127 - INFO - Water Bath = -7.03402402599977 
2025-04-09 16:46:06,127 - INFO - ######################################################################################################################
2025-04-09 16:46:08,156 - INFO - Distance Error is 3.7134889255254278
2025-04-09 16:46:08,157 - INFO - Moving inside LN2
2025-04-09 16:46:10,186 - WARNING - Distance Error is 9.760122950045263
2025-04-09 16:46:13,190 - INFO - Outside LN2
2025-04-09 16:46:15,216 - WARNING - Distance Error is 5.1826634079399625
2025-04-09 16:46:17,245 - WARNING - Distance Error is 13.459197598668347
2025-04-09 16:46:17,246 - INFO - Moving Inside Water Bath
2025-04-09 16:46:19,275 - INFO - Distance Error is 2.791057147390574
2025-04-09 16:46:24,281 - INFO - Moving outside Water Bath
2025-04-09 16:46:26,305 - WARNING - Distance Error is 13.672234638127001
2025-04-09 16:46:26,306 - INFO - Waiting
2025-04-09 16:46:33,334 - INFO - Distance Error is 4.216633728461609
2025-04-09 16:46:33,346 - INFO - ###################################### Cycle Completed: 5 ####################################################
2025-04-09 16:46:33,347 - INFO - LN2 Time = {-5.032830097999977} 
2025-04-09 16:46:33,347 - INFO - Water Bath = -7.034817544999896 
2025-04-09 16:46:33,348 - INFO - ######################################################################################################################
2025-04-09 16:46:35,375 - INFO - Distance Error is 4.223742416388577
2025-04-09 16:46:35,376 - INFO - Moving inside LN2
2025-04-09 16:46:37,404 - WARNING - Distance Error is 9.280624978954815
2025-04-09 16:46:40,408 - INFO - Outside LN2
2025-04-09 16:46:42,433 - WARNING - Distance Error is 5.246903848937954
2025-04-09 16:46:44,463 - WARNING - Distance Error is 13.406341782902595
2025-04-09 16:46:44,464 - INFO - Moving Inside Water Bath
2025-04-09 16:46:46,493 - INFO - Distance Error is 2.839013913315678
2025-04-09 16:46:51,499 - INFO - Moving outside Water Bath
2025-04-09 16:46:53,522 - WARNING - Distance Error is 13.672234638127001
2025-04-09 16:46:53,523 - INFO - Waiting
2025-04-09 16:47:00,552 - INFO - Distance Error is 4.216633728461609
2025-04-09 16:47:00,562 - INFO - ###################################### Cycle Completed: 6 ####################################################
2025-04-09 16:47:00,562 - INFO - LN2 Time = {-5.0318431339997005} 
2025-04-09 16:47:00,563 - INFO - Water Bath = -7.034706220999851 
2025-04-09 16:47:00,563 - INFO - ######################################################################################################################
2025-04-09 16:47:02,592 - INFO - Distance Error is 4.223742416388577
2025-04-09 16:47:02,593 - INFO - Moving inside LN2
2025-04-09 16:47:04,621 - WARNING - Distance Error is 9.276852914647298
2025-04-09 16:47:07,625 - INFO - Outside LN2
2025-04-09 16:47:09,652 - WARNING - Distance Error is 5.136146415358495
2025-04-09 16:47:11,682 - WARNING - Distance Error is 13.440982106974174
2025-04-09 16:47:11,682 - INFO - Moving Inside Water Bath
2025-04-09 16:47:13,710 - INFO - Distance Error is 3.1575306807693955
2025-04-09 16:47:18,716 - INFO - Moving outside Water Bath
2025-04-09 16:47:20,741 - WARNING - Distance Error is 13.671503209230499
2025-04-09 16:47:20,741 - INFO - Waiting
2025-04-09 16:47:27,780 - INFO - Distance Error is 3.6959437225152545
2025-04-09 16:47:27,790 - INFO - ###################################### Cycle Completed: 7 ####################################################
2025-04-09 16:47:27,790 - INFO - LN2 Time = {-5.0319494790001045} 
2025-04-09 16:47:27,791 - INFO - Water Bath = -7.033753977999822 
2025-04-09 16:47:27,791 - INFO - ######################################################################################################################
2025-04-09 16:47:29,821 - INFO - Distance Error is 3.754996671103722
2025-04-09 16:47:29,821 - INFO - Moving inside LN2
2025-04-09 16:47:31,851 - WARNING - Distance Error is 9.621330469326987
2025-04-09 16:47:34,854 - INFO - Outside LN2
2025-04-09 16:47:36,880 - WARNING - Distance Error is 5.102940328869232
2025-04-09 16:47:38,909 - WARNING - Distance Error is 13.274411474713292
2025-04-09 16:47:38,909 - INFO - Moving Inside Water Bath
2025-04-09 16:47:40,939 - INFO - Distance Error is 2.664582518894847
2025-04-09 16:47:45,944 - INFO - Moving outside Water Bath
2025-04-09 16:47:47,968 - WARNING - Distance Error is 13.672234638127001
2025-04-09 16:47:47,968 - INFO - Waiting
2025-04-09 16:47:54,997 - INFO - Distance Error is 3.5014282800023264
2025-04-09 16:47:55,006 - INFO - ###################################### Cycle Completed: 8 ####################################################
2025-04-09 16:47:55,006 - INFO - LN2 Time = {-5.032668206999915} 
2025-04-09 16:47:55,007 - INFO - Water Bath = -7.034849312000006 
2025-04-09 16:47:55,007 - INFO - ######################################################################################################################
2025-04-09 16:47:57,038 - INFO - Distance Error is 3.59026461420325
2025-04-09 16:47:57,038 - INFO - Moving inside LN2
2025-04-09 16:47:59,067 - WARNING - Distance Error is 9.855455342093542
2025-04-09 16:48:02,070 - INFO - Outside LN2
2025-04-09 16:48:04,097 - WARNING - Distance Error is 5.06063237155199
2025-04-09 16:48:06,127 - WARNING - Distance Error is 13.440982106974174
2025-04-09 16:48:06,127 - INFO - Moving Inside Water Bath
2025-04-09 16:48:08,156 - INFO - Distance Error is 2.8896366553599786
2025-04-09 16:48:13,158 - INFO - Moving outside Water Bath
2025-04-09 16:48:15,186 - WARNING - Distance Error is 13.671503209230499
2025-04-09 16:48:15,187 - INFO - Waiting
2025-04-09 16:48:22,216 - INFO - Distance Error is 3.4539832078341157
2025-04-09 16:48:22,226 - INFO - ###################################### Cycle Completed: 9 ####################################################
2025-04-09 16:48:22,226 - INFO - LN2 Time = {-5.03190483599974} 
2025-04-09 16:48:22,227 - INFO - Water Bath = -7.030573482000364 
2025-04-09 16:48:22,227 - INFO - ######################################################################################################################
2025-04-09 16:48:24,255 - INFO - Distance Error is 3.5440090293338717
2025-04-09 16:48:24,255 - INFO - Moving inside LN2
2025-04-09 16:48:26,283 - WARNING - Distance Error is 10.163660757817526
2025-04-09 16:48:29,287 - INFO - Outside LN2
2025-04-09 16:48:31,312 - WARNING - Distance Error is 5.081338406364993
2025-04-09 16:48:33,342 - WARNING - Distance Error is 13.440982106974174
2025-04-09 16:48:33,342 - INFO - Moving Inside Water Bath
2025-04-09 16:48:35,371 - INFO - Distance Error is 2.8896366553599786
2025-04-09 16:48:40,377 - INFO - Moving outside Water Bath
2025-04-09 16:48:42,400 - WARNING - Distance Error is 13.671503209230499
2025-04-09 16:48:42,401 - INFO - Waiting
2025-04-09 16:48:49,430 - INFO - Distance Error is 3.828837943815336
2025-04-09 16:48:49,442 - INFO - ###################################### Cycle Completed: 10 ####################################################
2025-04-09 16:48:49,443 - INFO - LN2 Time = {-5.030926374000046} 
2025-04-09 16:48:49,443 - INFO - Water Bath = -7.033970597000007 
2025-04-09 16:48:49,443 - INFO - ######################################################################################################################
2025-04-09 16:48:51,469 - INFO - Distance Error is 3.8522720568516458
2025-04-09 16:48:51,470 - INFO - Moving inside LN2
2025-04-09 16:48:53,498 - WARNING - Distance Error is 11.092790451459907
2025-04-09 16:48:56,502 - INFO - Outside LN2
2025-04-09 16:48:58,527 - WARNING - Distance Error is 5.114684741017771
2025-04-09 16:49:00,556 - WARNING - Distance Error is 13.440982106974174
2025-04-09 16:49:00,557 - INFO - Moving Inside Water Bath
2025-04-09 16:49:02,586 - INFO - Distance Error is 2.9883105594967945
2025-04-09 16:49:07,592 - INFO - Moving outside Water Bath
2025-04-09 16:49:09,616 - WARNING - Distance Error is 13.671503209230499
2025-04-09 16:49:09,617 - INFO - Waiting
2025-04-09 16:49:16,655 - INFO - Distance Error is 4.148493702538314
2025-04-09 16:49:16,666 - INFO - ###################################### Cycle Completed: 11 ####################################################
2025-04-09 16:49:16,667 - INFO - LN2 Time = {-5.031823584999984} 
2025-04-09 16:49:16,667 - INFO - Water Bath = -7.034795231999851 
2025-04-09 16:49:16,667 - INFO - ######################################################################################################################
2025-04-09 16:49:18,696 - INFO - Distance Error is 4.223742416388577
2025-04-09 16:49:18,697 - INFO - Moving inside LN2
2025-04-09 16:49:20,725 - WARNING - Distance Error is 9.937303457175897
2025-04-09 16:49:23,729 - INFO - Outside LN2
2025-04-09 16:49:25,755 - WARNING - Distance Error is 5.134199061197377
2025-04-09 16:49:27,785 - WARNING - Distance Error is 13.406341782902595
2025-04-09 16:49:27,786 - INFO - Moving Inside Water Bath
2025-04-09 16:49:29,814 - INFO - Distance Error is 2.791057147390574
2025-04-09 16:49:34,820 - INFO - Moving outside Water Bath
2025-04-09 16:49:36,844 - WARNING - Distance Error is 13.672234638127001
2025-04-09 16:49:36,845 - INFO - Waiting
2025-04-09 16:49:43,874 - INFO - Distance Error is 3.656501059756451
2025-04-09 16:49:43,886 - INFO - ###################################### Cycle Completed: 12 ####################################################
2025-04-09 16:49:43,887 - INFO - LN2 Time = {-5.031666727999891} 
2025-04-09 16:49:43,887 - INFO - Water Bath = -7.033766491000279 
2025-04-09 16:49:43,887 - INFO - ######################################################################################################################
2025-04-09 16:49:45,914 - WARNING - Distance Error is 6.419501538281622
2025-04-09 16:49:45,915 - INFO - Moving inside LN2
2025-04-09 16:49:47,944 - WARNING - Distance Error is 5.536244214266564
2025-04-09 16:49:50,948 - INFO - Outside LN2
2025-04-09 16:49:52,974 - INFO - Distance Error is 3.3970575502925944
2025-04-09 16:49:55,003 - WARNING - Distance Error is 13.40484986861098
2025-04-09 16:49:55,004 - INFO - Moving Inside Water Bath
2025-04-09 16:49:57,033 - INFO - Distance Error is 4.410215414239979
2025-04-09 16:50:02,038 - INFO - Moving outside Water Bath
2025-04-09 16:50:04,063 - WARNING - Distance Error is 13.676622390049358
2025-04-09 16:50:04,064 - INFO - Waiting
2025-04-09 16:50:11,093 - INFO - Distance Error is 4.179712908801273
2025-04-09 16:50:11,102 - INFO - ###################################### Cycle Completed: 13 ####################################################
2025-04-09 16:50:11,103 - INFO - LN2 Time = {-5.032687678999537} 
2025-04-09 16:50:11,103 - INFO - Water Bath = -7.034063371000229 
2025-04-09 16:50:11,103 - INFO - ######################################################################################################################
2025-04-09 16:50:13,131 - WARNING - Distance Error is 9.934284070832678
2025-04-09 16:50:13,132 - INFO - Moving inside LN2
2025-04-09 16:50:15,161 - WARNING - Distance Error is 5.819793810780594
2025-04-09 16:50:18,165 - INFO - Outside LN2
2025-04-09 16:50:20,192 - INFO - Distance Error is 3.722902093797259
2025-04-09 16:50:22,221 - WARNING - Distance Error is 13.40484986861098
2025-04-09 16:50:22,221 - INFO - Moving Inside Water Bath
2025-04-09 16:50:24,250 - INFO - Distance Error is 4.509988913511886
2025-04-09 16:50:29,255 - INFO - Moving outside Water Bath
2025-04-09 16:50:31,280 - WARNING - Distance Error is 13.676622390049358
2025-04-09 16:50:31,280 - INFO - Waiting
2025-04-09 16:50:38,310 - INFO - Distance Error is 3.7134889255254278
2025-04-09 16:50:38,322 - INFO - ###################################### Cycle Completed: 14 ####################################################
2025-04-09 16:50:38,323 - INFO - LN2 Time = {-5.0328124509997} 
2025-04-09 16:50:38,323 - INFO - Water Bath = -7.033904828000232 
2025-04-09 16:50:38,323 - INFO - ######################################################################################################################
2025-04-09 16:50:40,350 - INFO - Distance Error is 3.7134889255254278
2025-04-09 16:50:40,350 - INFO - Moving inside LN2
2025-04-09 16:50:42,380 - WARNING - Distance Error is 9.773944955850745
2025-04-09 16:50:45,383 - INFO - Outside LN2
2025-04-09 16:50:47,410 - WARNING - Distance Error is 5.163332257370222
2025-04-09 16:50:49,439 - WARNING - Distance Error is 13.440982106974174
2025-04-09 16:50:49,439 - INFO - Moving Inside Water Bath
2025-04-09 16:50:51,469 - INFO - Distance Error is 2.839013913315678
2025-04-09 16:50:56,474 - INFO - Moving outside Water Bath
2025-04-09 16:50:58,499 - WARNING - Distance Error is 13.672234638127001
2025-04-09 16:50:58,499 - INFO - Waiting
2025-04-09 16:51:05,528 - INFO - Distance Error is 3.656501059756451
2025-04-09 16:51:05,538 - INFO - ###################################### Cycle Completed: 15 ####################################################
2025-04-09 16:51:05,538 - INFO - LN2 Time = {-5.03285879699979} 
2025-04-09 16:51:05,539 - INFO - Water Bath = -7.034861925999394 
2025-04-09 16:51:05,539 - INFO - ######################################################################################################################
2025-04-09 16:51:07,569 - INFO - Distance Error is 3.6891733491393452
2025-04-09 16:51:07,569 - INFO - Moving inside LN2
2025-04-09 16:51:09,598 - WARNING - Distance Error is 9.855455342093542
2025-04-09 16:51:12,601 - INFO - Outside LN2
2025-04-09 16:51:14,627 - WARNING - Distance Error is 5.123475382979802
2025-04-09 16:51:16,657 - WARNING - Distance Error is 13.406341782902595
2025-04-09 16:51:16,657 - INFO - Moving Inside Water Bath
2025-04-09 16:51:18,687 - INFO - Distance Error is 2.9883105594967945
2025-04-09 16:51:23,693 - INFO - Moving outside Water Bath
2025-04-09 16:51:25,716 - WARNING - Distance Error is 13.672234638127001
2025-04-09 16:51:25,716 - INFO - Waiting
2025-04-09 16:51:32,746 - INFO - Distance Error is 3.656501059756451
2025-04-09 16:51:32,758 - INFO - ###################################### Cycle Completed: 16 ####################################################
2025-04-09 16:51:32,759 - INFO - LN2 Time = {-5.0319127250004385} 
2025-04-09 16:51:32,759 - INFO - Water Bath = -7.034990031000234 
2025-04-09 16:51:32,759 - INFO - ######################################################################################################################
2025-04-09 16:51:34,786 - INFO - Distance Error is 3.6891733491393452
2025-04-09 16:51:34,786 - INFO - Moving inside LN2
2025-04-09 16:51:36,815 - WARNING - Distance Error is 9.855455342093542
2025-04-09 16:51:39,818 - INFO - Outside LN2
2025-04-09 16:51:41,845 - WARNING - Distance Error is 5.072474741188952
2025-04-09 16:51:43,874 - WARNING - Distance Error is 13.440982106974174
2025-04-09 16:51:43,874 - INFO - Moving Inside Water Bath
2025-04-09 16:51:45,903 - INFO - Distance Error is 3.1112698372208154
2025-04-09 16:51:50,909 - INFO - Moving outside Water Bath
2025-04-09 16:51:51,925 - ERROR - Experiment manually stooped with Keyboard Interrupt (crtl + c)
2025-04-09 16:51:56,930 - INFO - Programmed execution completed
