2025-04-07 16:14:59,843 - INFO - Distance Error is 2.8390139133156977
2025-04-07 16:15:02,866 - INFO - Distance Error is 3.2588341473600932
2025-04-07 16:15:05,892 - WARNING - Distance Error is 12.944883158993747
2025-04-07 16:15:05,933 - INFO - Moving inside LN2
2025-04-07 16:15:07,959 - INFO - Distance Error is 4.838388161361157
2025-04-07 16:15:10,960 - INFO - Outside LN2
2025-04-07 16:15:13,026 - WARNING - Distance Error is 12.994614268996221
2025-04-07 16:15:15,103 - INFO - Distance Error is 2.17944947177034
2025-04-07 16:15:17,129 - INFO - Distance Error is 1.860107523773801
2025-04-07 16:15:17,129 - INFO - Moving Inside Water Bath
2025-04-07 16:15:18,195 - INFO - Distance Error is 1.9261360284258198
2025-04-07 16:15:22,196 - INFO - Moving outside Water Bath
2025-04-07 16:15:24,262 - INFO - Distance Error is 1.0049875621120947
2025-04-07 16:15:26,289 - INFO - Distance Error is 1.029563014098705
2025-04-07 16:15:26,289 - INFO - Waiting
2025-04-07 16:15:30,407 - WARNING - Distance Error is 11.786008654332498
2025-04-07 16:15:30,407 - INFO - ###################################### Cycle Completed: 1 ####################################################
2025-04-07 16:15:30,408 - INFO - LN2 Time = {-5.026500178999413} 
2025-04-07 16:15:30,408 - INFO - Water Bath = -5.066227317000084 
2025-04-07 16:15:30,408 - INFO - ######################################################################################################################
2025-04-07 16:15:32,433 - WARNING - Distance Error is 11.89831920903118
2025-04-07 16:15:32,477 - INFO - Moving inside LN2
2025-04-07 16:15:34,500 - WARNING - Distance Error is 7.196526940128824
2025-04-07 16:15:37,504 - INFO - Outside LN2
2025-04-07 16:15:39,567 - WARNING - Distance Error is 11.69487067051192
2025-04-07 16:15:41,634 - INFO - Distance Error is 2.0024984394500684
2025-04-07 16:15:43,661 - INFO - Distance Error is 1.726267650163199
2025-04-07 16:15:43,661 - INFO - Moving Inside Water Bath
2025-04-07 16:15:44,731 - INFO - Distance Error is 2.603843313258298
2025-04-07 16:15:48,739 - INFO - Moving outside Water Bath
2025-04-07 16:15:50,804 - INFO - Distance Error is 0.7280109889280268
2025-04-07 16:15:52,828 - INFO - Distance Error is 0.9433981132056385
2025-04-07 16:15:52,828 - INFO - Waiting
2025-04-07 16:15:56,945 - WARNING - Distance Error is 11.68160947814984
2025-04-07 16:15:56,946 - INFO - ###################################### Cycle Completed: 1 ####################################################
2025-04-07 16:15:56,946 - INFO - LN2 Time = {-5.025979299000028} 
2025-04-07 16:15:56,946 - INFO - Water Bath = -5.077124781000748 
2025-04-07 16:15:56,947 - INFO - ######################################################################################################################
2025-04-07 16:15:58,971 - WARNING - Distance Error is 11.846096403457128
2025-04-07 16:15:59,017 - INFO - Moving inside LN2
2025-04-07 16:16:01,038 - WARNING - Distance Error is 6.949100661236666
2025-04-07 16:16:04,040 - INFO - Outside LN2
2025-04-07 16:16:06,103 - WARNING - Distance Error is 11.590081966923277
2025-04-07 16:16:08,179 - INFO - Distance Error is 2.0024984394500684
2025-04-07 16:16:10,204 - INFO - Distance Error is 1.860107523773801
2025-04-07 16:16:10,204 - INFO - Moving Inside Water Bath
2025-04-07 16:16:11,276 - INFO - Distance Error is 2.3558437978779536
2025-04-07 16:16:15,284 - INFO - Moving outside Water Bath
2025-04-07 16:16:17,338 - INFO - Distance Error is 0.7280109889280268
2025-04-07 16:16:19,363 - INFO - Distance Error is 1.0198039027185324
2025-04-07 16:16:19,363 - INFO - Waiting
2025-04-07 16:16:23,481 - WARNING - Distance Error is 11.68160947814984
2025-04-07 16:16:23,482 - INFO - ###################################### Cycle Completed: 1 ####################################################
2025-04-07 16:16:23,482 - INFO - LN2 Time = {-5.022468203998869} 
2025-04-07 16:16:23,483 - INFO - Water Bath = -5.079648186998384 
2025-04-07 16:16:23,483 - INFO - ######################################################################################################################
2025-04-07 16:16:25,506 - WARNING - Distance Error is 11.846096403457128
2025-04-07 16:16:25,557 - INFO - Moving inside LN2
2025-04-07 16:16:27,583 - WARNING - Distance Error is 6.888396039717796
2025-04-07 16:16:30,587 - INFO - Outside LN2
2025-04-07 16:16:32,650 - WARNING - Distance Error is 11.587493257818965
2025-04-07 16:16:34,726 - INFO - Distance Error is 2.0024984394500684
2025-04-07 16:16:36,751 - INFO - Distance Error is 1.726267650163199
2025-04-07 16:16:36,752 - INFO - Moving Inside Water Bath
2025-04-07 16:16:37,832 - INFO - Distance Error is 1.4352700094407294
2025-04-07 16:16:41,840 - INFO - Moving outside Water Bath
2025-04-07 16:16:43,914 - INFO - Distance Error is 0.7280109889280268
2025-04-07 16:16:45,940 - INFO - Distance Error is 0.9433981132056385
2025-04-07 16:16:45,940 - INFO - Waiting
2025-04-07 16:16:50,079 - WARNING - Distance Error is 11.68160947814984
2025-04-07 16:16:50,080 - INFO - ###################################### Cycle Completed: 1 ####################################################
2025-04-07 16:16:50,080 - INFO - LN2 Time = {-5.0283867250000185} 
2025-04-07 16:16:50,081 - INFO - Water Bath = -5.087644193001324 
2025-04-07 16:16:50,082 - INFO - ######################################################################################################################
2025-04-07 16:16:52,105 - WARNING - Distance Error is 11.846096403457128
2025-04-07 16:16:52,171 - INFO - Moving inside LN2
2025-04-07 16:16:54,202 - WARNING - Distance Error is 6.7742158217759725
2025-04-07 16:16:57,206 - INFO - Outside LN2
2025-04-07 16:16:59,568 - WARNING - Distance Error is 11.590081966923277
2025-04-07 16:17:01,644 - INFO - Distance Error is 2.0024984394500684
2025-04-07 16:17:03,669 - INFO - Distance Error is 1.860107523773801
2025-04-07 16:17:03,670 - INFO - Moving Inside Water Bath
2025-04-07 16:17:04,740 - INFO - Distance Error is 2.603843313258298
2025-04-07 16:17:08,747 - INFO - Moving outside Water Bath
