2025-05-16 14:55:25,495 - INFO - Distance Error is 4.439594576084624
2025-05-16 14:55:27,624 - INFO - Distance Error is 2.1213203435596353
2025-05-16 14:55:29,744 - INFO - Distance Error is 3.8923000912057137
2025-05-16 14:55:31,984 - INFO - Distance Error is 3.623534186398704
2025-05-16 14:55:34,104 - INFO - Distance Error is 2.7147743920996406
2025-05-16 14:55:37,406 - WARNING - Distance Error is 7.159608927867501
2025-05-16 14:55:37,454 - INFO - Moving inside LN2
2025-05-16 14:55:39,657 - WARNING - Distance Error is 5.686826883245164
2025-05-16 14:55:42,801 - INFO - Outside LN2
2025-05-16 14:55:45,038 - INFO - Distance Error is 4.002499219237903
2025-05-16 14:55:47,269 - WARNING - Distance Error is 13.301879566437213
2025-05-16 14:55:47,270 - INFO - Moving Inside Water Bath
2025-05-16 14:55:49,541 - WARNING - Distance Error is 5.600892785976188
2025-05-16 14:55:52,696 - INFO - Moving outside Water Bath
2025-05-16 14:55:54,910 - WARNING - Distance Error is 13.273658124270039
2025-05-16 14:55:54,911 - INFO - Waiting
2025-05-16 14:55:57,105 - INFO - ###################################### Cycle Completed: 1 ####################################################
2025-05-16 14:55:57,106 - INFO - LN2 Time = {-5.346454723999614} 
2025-05-16 14:55:57,106 - INFO - Water Bath = -5.425737478999963 
2025-05-16 14:55:57,106 - INFO - ######################################################################################################################
