2025-04-11 13:34:25,399 - INFO - Starting Experiment
2025-04-11 13:34:25,400 - INFO - Experiment Parameters
2025-04-11 13:34:25,400 - INFO - Experiment Name: Error_Testing
2025-04-11 13:34:25,401 - INFO - Person Responsible: Akshit
2025-04-11 13:34:25,401 - INFO - Thermomixer Time: 5
2025-04-11 13:34:25,401 - INFO - Liquid Nitrogen Time: 5
2025-04-11 13:34:25,402 - INFO - Waiting Time 5
2025-04-11 13:34:25,402 - INFO - Number of Cycles 5
2025-04-11 13:34:25,402 - INFO - Robot Speed 100
2025-04-11 13:34:25,403 - INFO - Run Number 1
2025-04-11 13:34:26,956 - INFO - Starting Experiment
2025-04-11 13:34:28,981 - WARNING - Distance Error is 8.340863264674708
2025-04-11 13:34:31,006 - INFO - Distance Error is 3.5580893749314186
2025-04-11 13:34:34,043 - WARNING - Distance Error is 8.61916469270658
2025-04-11 13:34:34,044 - INFO - Moving inside LN2
2025-04-11 13:34:36,070 - WARNING - Distance Error is 8.884818512496459
2025-04-11 13:34:39,074 - INFO - Outside LN2
2025-04-11 13:34:41,098 - INFO - Distance Error is 4.566180022732344
2025-04-11 13:34:43,125 - WARNING - Distance Error is 13.256319247815346
2025-04-11 13:34:43,125 - INFO - Moving Inside Water Bath
2025-04-11 13:34:45,151 - INFO - Distance Error is 2.974894956128709
2025-04-11 13:34:48,155 - INFO - Moving outside Water Bath
2025-04-11 13:34:50,179 - WARNING - Distance Error is 13.281566172707183
2025-04-11 13:34:50,180 - INFO - Waiting
2025-04-11 13:34:57,207 - WARNING - Distance Error is 5.370288632839009
2025-04-11 13:34:57,208 - INFO - ###################################### Cycle Completed: 1 ####################################################
2025-04-11 13:34:57,208 - INFO - LN2 Time = {-5.029461379000168} 
2025-04-11 13:34:57,208 - INFO - Water Bath = -5.028893548000269 
2025-04-11 13:34:57,208 - INFO - ######################################################################################################################
2025-04-11 13:35:00,245 - WARNING - Distance Error is 10.32182154466934
2025-04-11 13:35:00,246 - INFO - Moving inside LN2
2025-04-11 13:35:02,272 - WARNING - Distance Error is 6.89129886160801
2025-04-11 13:35:05,275 - INFO - Outside LN2
2025-04-11 13:35:07,300 - WARNING - Distance Error is 5.0576674465607105
2025-04-11 13:35:09,327 - WARNING - Distance Error is 13.572030061858827
2025-04-11 13:35:09,327 - INFO - Moving Inside Water Bath
2025-04-11 13:35:11,353 - WARNING - Distance Error is 6.319018911191822
2025-04-11 13:35:14,356 - INFO - Moving outside Water Bath
2025-04-11 13:35:16,381 - WARNING - Distance Error is 13.135067567393754
2025-04-11 13:35:16,381 - INFO - Waiting
2025-04-11 13:35:23,409 - INFO - Distance Error is 4.9527769988159225
2025-04-11 13:35:23,409 - INFO - ###################################### Cycle Completed: 2 ####################################################
2025-04-11 13:35:23,410 - INFO - LN2 Time = {-5.029452876000505} 
2025-04-11 13:35:23,410 - INFO - Water Bath = -5.028927985000337 
2025-04-11 13:35:23,410 - INFO - ######################################################################################################################
2025-04-11 13:35:26,447 - WARNING - Distance Error is 10.271319292087078
2025-04-11 13:35:26,448 - INFO - Moving inside LN2
2025-04-11 13:35:28,474 - WARNING - Distance Error is 7.220803279414268
2025-04-11 13:35:31,477 - INFO - Outside LN2
2025-04-11 13:35:33,502 - INFO - Distance Error is 4.623851208678749
2025-04-11 13:35:35,528 - WARNING - Distance Error is 14.39062194625375
2025-04-11 13:35:35,529 - INFO - Moving Inside Water Bath
2025-04-11 13:35:37,555 - WARNING - Distance Error is 6.490762667052316
2025-04-11 13:35:40,558 - INFO - Moving outside Water Bath
2025-04-11 13:35:42,583 - WARNING - Distance Error is 13.018832512940616
2025-04-11 13:35:42,583 - INFO - Waiting
2025-04-11 13:35:49,611 - INFO - Distance Error is 4.746577714522326
2025-04-11 13:35:49,611 - INFO - ###################################### Cycle Completed: 3 ####################################################
2025-04-11 13:35:49,611 - INFO - LN2 Time = {-5.029141090999474} 
2025-04-11 13:35:49,612 - INFO - Water Bath = -5.029014772000664 
2025-04-11 13:35:49,612 - INFO - ######################################################################################################################
2025-04-11 13:35:52,649 - WARNING - Distance Error is 10.316976301223155
2025-04-11 13:35:52,649 - INFO - Moving inside LN2
2025-04-11 13:35:54,675 - WARNING - Distance Error is 6.774953874381717
2025-04-11 13:35:57,679 - INFO - Outside LN2
2025-04-11 13:35:59,703 - INFO - Distance Error is 4.679743582719039
2025-04-11 13:36:01,730 - WARNING - Distance Error is 13.408206442324786
2025-04-11 13:36:01,731 - INFO - Moving Inside Water Bath
2025-04-11 13:36:03,756 - WARNING - Distance Error is 6.268173577685923
2025-04-11 13:36:06,760 - INFO - Moving outside Water Bath
2025-04-11 13:36:08,784 - WARNING - Distance Error is 13.213250924734592
2025-04-11 13:36:08,785 - INFO - Waiting
2025-04-11 13:36:15,813 - INFO - Distance Error is 4.5265881191025095
2025-04-11 13:36:15,813 - INFO - ###################################### Cycle Completed: 4 ####################################################
2025-04-11 13:36:15,814 - INFO - LN2 Time = {-5.029362383999796} 
2025-04-11 13:36:15,814 - INFO - Water Bath = -5.028919704000145 
2025-04-11 13:36:15,814 - INFO - ######################################################################################################################
2025-04-11 13:36:18,851 - WARNING - Distance Error is 10.32182154466934
2025-04-11 13:36:18,851 - INFO - Moving inside LN2
2025-04-11 13:36:20,877 - WARNING - Distance Error is 7.066823897621899
2025-04-11 13:36:23,881 - INFO - Outside LN2
2025-04-11 13:36:25,905 - INFO - Distance Error is 4.5011109739707615
2025-04-11 13:36:27,932 - WARNING - Distance Error is 13.35440002396214
2025-04-11 13:36:27,933 - INFO - Moving Inside Water Bath
2025-04-11 13:36:29,958 - WARNING - Distance Error is 6.232976816898965
2025-04-11 13:36:32,962 - INFO - Moving outside Water Bath
2025-04-11 13:36:34,986 - WARNING - Distance Error is 13.213250924734592
2025-04-11 13:36:34,987 - INFO - Waiting
2025-04-11 13:36:42,014 - INFO - Distance Error is 4.558508528016592
2025-04-11 13:36:42,015 - INFO - ###################################### Cycle Completed: 5 ####################################################
2025-04-11 13:36:42,015 - INFO - LN2 Time = {-5.0294752919999155} 
2025-04-11 13:36:42,015 - INFO - Water Bath = -5.028907126000377 
2025-04-11 13:36:42,016 - INFO - ######################################################################################################################
2025-04-11 13:36:44,041 - INFO - Distance Error is 1.244989959798871
2025-04-11 13:36:44,041 - INFO - Moving to Rest Position
2025-04-11 13:36:46,068 - WARNING - Distance Error is 5.575840743780268
2025-04-11 13:36:46,068 - INFO - Releasing All Servos
2025-04-11 13:36:46,570 - INFO - Completed and Relesed Motors
2025-04-11 13:36:46,570 - INFO - Operation Completed Sucessfully
2025-04-11 13:36:46,570 - INFO - Programmed execution completed
