2025-04-07 15:50:01,676 - INFO - Distance Error is 2.773084924772397
2025-04-07 15:50:04,702 - INFO - Distance Error is 2.7946377224964682
2025-04-07 15:50:07,727 - WARNING - Distance Error is 13.442098050527685
2025-04-07 15:50:07,762 - INFO - Moving inside LN2
2025-04-07 15:50:09,783 - INFO - Distance Error is 4.727578661429127
2025-04-07 15:50:12,787 - INFO - Outside LN2
2025-04-07 15:50:14,839 - WARNING - Distance Error is 13.393281898026352
2025-04-07 15:50:16,894 - INFO - Distance Error is 2.1118712081942914
2025-04-07 15:50:18,920 - INFO - Distance Error is 1.8330302779822987
2025-04-07 15:50:18,920 - INFO - Moving Inside Water Bath
2025-04-07 15:50:19,975 - INFO - Distance Error is 1.4866068747318497
2025-04-07 15:50:23,980 - INFO - Moving outside Water Bath
2025-04-07 15:50:26,039 - INFO - Distance Error is 1.0049875621120947
2025-04-07 15:50:28,064 - INFO - Distance Error is 0.9433981132056385
2025-04-07 15:50:28,065 - INFO - Waiting
2025-04-07 15:50:35,179 - WARNING - Distance Error is 11.752021102772076
2025-04-07 15:50:35,179 - INFO - ###################################### Cycle Completed: 2 ####################################################
2025-04-07 15:50:35,180 - INFO - LN2 Time = {-5.024108301000524} 
2025-04-07 15:50:35,180 - INFO - Water Bath = -5.058943134999936 
2025-04-07 15:50:35,180 - INFO - ######################################################################################################################
2025-04-07 15:50:37,205 - WARNING - Distance Error is 11.88865004952204
2025-04-07 15:50:37,240 - INFO - Moving inside LN2
2025-04-07 15:50:39,264 - WARNING - Distance Error is 7.633478892353087
2025-04-07 15:50:42,268 - INFO - Outside LN2
2025-04-07 15:50:44,332 - WARNING - Distance Error is 11.569788243524602
2025-04-07 15:50:46,389 - INFO - Distance Error is 2.0712315177207885
2025-04-07 15:50:48,416 - INFO - Distance Error is 1.7029386365926356
2025-04-07 15:50:48,417 - INFO - Moving Inside Water Bath
2025-04-07 15:50:49,490 - INFO - Distance Error is 1.8055470085267733
2025-04-07 15:50:53,498 - INFO - Moving outside Water Bath
2025-04-07 15:50:55,551 - INFO - Distance Error is 1.0049875621120947
2025-04-07 15:50:57,576 - INFO - Distance Error is 0.9433981132056385
2025-04-07 15:50:57,577 - INFO - Waiting
2025-04-07 15:51:04,685 - WARNING - Distance Error is 11.763502879669824
2025-04-07 15:51:04,686 - INFO - ###################################### Cycle Completed: 3 ####################################################
2025-04-07 15:51:04,686 - INFO - LN2 Time = {-5.027306295000017} 
2025-04-07 15:51:04,686 - INFO - Water Bath = -5.081300206000378 
2025-04-07 15:51:04,687 - INFO - ######################################################################################################################
2025-04-07 15:51:06,711 - WARNING - Distance Error is 11.786008654332498
2025-04-07 15:51:06,746 - INFO - Moving inside LN2
2025-04-07 15:51:08,769 - WARNING - Distance Error is 7.633478892353087
2025-04-07 15:51:11,772 - INFO - Outside LN2
2025-04-07 15:51:13,827 - WARNING - Distance Error is 11.62798348812038
2025-04-07 15:51:15,894 - INFO - Distance Error is 2.0712315177207885
2025-04-07 15:51:17,921 - INFO - Distance Error is 1.8330302779822987
2025-04-07 15:51:17,922 - INFO - Moving Inside Water Bath
2025-04-07 15:51:18,993 - INFO - Distance Error is 1.603121954188137
2025-04-07 15:51:23,000 - INFO - Moving outside Water Bath
2025-04-07 15:51:25,055 - INFO - Distance Error is 1.0049875621120947
2025-04-07 15:51:27,080 - INFO - Distance Error is 0.9433981132056385
2025-04-07 15:51:27,081 - INFO - Waiting
2025-04-07 15:51:34,179 - WARNING - Distance Error is 11.61851969916995
2025-04-07 15:51:34,179 - INFO - ###################################### Cycle Completed: 4 ####################################################
2025-04-07 15:51:34,179 - INFO - LN2 Time = {-5.025566138998329} 
2025-04-07 15:51:34,180 - INFO - Water Bath = -5.078015940000114 
2025-04-07 15:51:34,180 - INFO - ######################################################################################################################
2025-04-07 15:51:36,204 - WARNING - Distance Error is 11.786008654332498
2025-04-07 15:51:36,235 - INFO - Moving inside LN2
2025-04-07 15:51:38,261 - WARNING - Distance Error is 6.788961628997476
2025-04-07 15:51:41,264 - INFO - Outside LN2
2025-04-07 15:51:43,319 - WARNING - Distance Error is 11.569788243524602
2025-04-07 15:51:45,386 - INFO - Distance Error is 2.0712315177207885
2025-04-07 15:51:47,413 - INFO - Distance Error is 1.7029386365926356
2025-04-07 15:51:47,413 - INFO - Moving Inside Water Bath
2025-04-07 15:51:48,475 - INFO - Distance Error is 1.9748417658131538
2025-04-07 15:51:52,480 - INFO - Moving outside Water Bath
2025-04-07 15:51:54,535 - INFO - Distance Error is 1.0049875621120947
2025-04-07 15:51:56,561 - INFO - Distance Error is 0.9433981132056385
2025-04-07 15:51:56,561 - INFO - Waiting
2025-04-07 15:52:03,658 - WARNING - Distance Error is 11.616367762773354
2025-04-07 15:52:03,659 - INFO - ###################################### Cycle Completed: 5 ####################################################
2025-04-07 15:52:03,659 - INFO - LN2 Time = {-5.027939055999013} 
2025-04-07 15:52:03,659 - INFO - Water Bath = -5.066819603000113 
2025-04-07 15:52:03,660 - INFO - ######################################################################################################################
2025-04-07 15:52:05,684 - WARNING - Distance Error is 11.734990413289655
2025-04-07 15:52:05,717 - INFO - Moving inside LN2
2025-04-07 15:52:07,742 - WARNING - Distance Error is 6.506919393998967
2025-04-07 15:52:10,746 - INFO - Outside LN2
2025-04-07 15:52:12,818 - WARNING - Distance Error is 11.590081966923277
2025-04-07 15:52:14,885 - INFO - Distance Error is 2.0712315177207885
2025-04-07 15:52:16,912 - INFO - Distance Error is 1.7029386365926356
2025-04-07 15:52:16,913 - INFO - Moving Inside Water Bath
2025-04-07 15:52:17,980 - INFO - Distance Error is 1.7233687939614104
2025-04-07 15:52:21,986 - INFO - Moving outside Water Bath
2025-04-07 15:52:24,054 - INFO - Distance Error is 1.0049875621120947
2025-04-07 15:52:26,079 - INFO - Distance Error is 0.9433981132056385
2025-04-07 15:52:26,080 - INFO - Waiting
2025-04-07 15:52:33,186 - WARNING - Distance Error is 11.68160947814984
2025-04-07 15:52:33,187 - INFO - ###################################### Cycle Completed: 6 ####################################################
2025-04-07 15:52:33,187 - INFO - LN2 Time = {-5.028476703000706} 
2025-04-07 15:52:33,187 - INFO - Water Bath = -5.073493122999935 
2025-04-07 15:52:33,187 - INFO - ######################################################################################################################
