2025-04-07 17:58:15,181 - INFO - Distance Error is 3.1064449134018353
2025-04-07 17:58:18,206 - INFO - Distance Error is 2.692582403567252
2025-04-07 17:58:21,230 - WARNING - Distance Error is 13.274411474713288
2025-04-07 17:58:21,274 - INFO - Moving inside LN2
2025-04-07 17:58:23,296 - INFO - Distance Error is 4.6882832678924204
2025-04-07 17:58:26,298 - INFO - Outside LN2
2025-04-07 17:58:28,363 - WARNING - Distance Error is 13.259336333316247
2025-04-07 17:58:30,430 - INFO - Distance Error is 2.1400934559032754
2025-04-07 17:58:32,455 - INFO - Distance Error is 2.2561028345356946
2025-04-07 17:58:32,455 - INFO - Moving Inside Water Bath
2025-04-07 17:58:33,571 - INFO - Distance Error is 1.7349351572897378
2025-04-07 17:58:37,575 - INFO - Moving outside Water Bath
2025-04-07 17:58:39,629 - INFO - Distance Error is 1.063014581273466
2025-04-07 17:58:41,654 - INFO - Distance Error is 0.6164414002969041
2025-04-07 17:58:41,654 - INFO - Waiting
2025-04-07 17:58:45,771 - WARNING - Distance Error is 11.786008654332498
2025-04-07 17:58:45,772 - INFO - ###################################### Cycle Completed: 1 ####################################################
2025-04-07 17:58:45,772 - INFO - LN2 Time = {-5.023015304999717} 
2025-04-07 17:58:45,773 - INFO - Water Bath = -5.119730193000578 
2025-04-07 17:58:45,773 - INFO - ######################################################################################################################
2025-04-07 17:58:47,839 - INFO - Distance Error is 3.1843366656181287
2025-04-07 17:58:50,865 - INFO - Distance Error is 2.445403852127514
2025-04-07 17:58:53,391 - INFO - Distance Error is 1.3747727084867514
2025-04-07 17:58:54,393 - INFO - Completed and relesed motors
