2025-04-09 16:52:21,707 - INFO - Starting Experiment
2025-04-09 16:52:21,708 - INFO - Experiment Parameters
2025-04-09 16:52:21,708 - INFO - Experiment Name: Error_Testing
2025-04-09 16:52:21,708 - INFO - Person Responsible: Akshit
2025-04-09 16:52:21,709 - INFO - Thermomixer Time: 5
2025-04-09 16:52:21,709 - INFO - Liquid Nitrogen Time: 5
2025-04-09 16:52:21,709 - INFO - Waiting Time 5
2025-04-09 16:52:21,709 - INFO - Number of Cycles 30
2025-04-09 16:52:21,709 - INFO - Robot Speed 100
2025-04-09 16:52:21,710 - INFO - Run Number 1
2025-04-09 16:52:23,741 - INFO - Distance Error is 4.739198244429111
2025-04-09 16:52:23,741 - INFO - Moving inside LN2
2025-04-09 16:52:25,767 - WARNING - Distance Error is 8.784645695758023
2025-04-09 16:52:28,770 - INFO - Outside LN2
2025-04-09 16:52:30,796 - WARNING - Distance Error is 5.200961449578345
2025-04-09 16:52:32,825 - WARNING - Distance Error is 13.406341782902595
2025-04-09 16:52:32,826 - INFO - Moving Inside Water Bath
2025-04-09 16:52:34,855 - INFO - Distance Error is 2.791057147390574
2025-04-09 16:52:39,861 - INFO - Moving outside Water Bath
2025-04-09 16:52:41,885 - WARNING - Distance Error is 13.672234638127001
2025-04-09 16:52:41,886 - INFO - Waiting
2025-04-09 16:52:48,914 - INFO - Distance Error is 3.656501059756451
2025-04-09 16:52:49,927 - INFO - ###################################### Cycle Completed: 1 ####################################################
2025-04-09 16:52:49,928 - INFO - LN2 Time = {-5.028452220000872} 
2025-04-09 16:52:49,928 - INFO - Water Bath = -7.0347721269999965 
2025-04-09 16:52:49,928 - INFO - ######################################################################################################################
2025-04-09 16:52:51,955 - WARNING - Distance Error is 9.409569596958194
2025-04-09 16:52:51,956 - INFO - Moving inside LN2
2025-04-09 16:52:53,985 - WARNING - Distance Error is 5.794825277780164
2025-04-09 16:52:56,989 - INFO - Outside LN2
2025-04-09 16:52:59,014 - INFO - Distance Error is 3.721558813185668
2025-04-09 16:53:01,044 - WARNING - Distance Error is 13.290974381135499
2025-04-09 16:53:01,045 - INFO - Moving Inside Water Bath
2025-04-09 16:53:07,621 - INFO - Distance Error is 4.220189569201838
2025-04-09 16:53:12,626 - INFO - Moving outside Water Bath
2025-04-09 16:53:14,653 - WARNING - Distance Error is 13.565397155999504
2025-04-09 16:53:14,654 - INFO - Waiting
2025-04-09 16:53:21,683 - INFO - Distance Error is 4.2213741838410845
2025-04-09 16:53:22,695 - INFO - ###################################### Cycle Completed: 2 ####################################################
2025-04-09 16:53:22,696 - INFO - LN2 Time = {-5.0328265560001455} 
2025-04-09 16:53:22,696 - INFO - Water Bath = -11.581129101999977 
2025-04-09 16:53:22,696 - INFO - ######################################################################################################################
2025-04-09 16:53:24,723 - WARNING - Distance Error is 9.499999999999995
2025-04-09 16:53:24,724 - INFO - Moving inside LN2
2025-04-09 16:53:26,752 - WARNING - Distance Error is 5.662155066756827
2025-04-09 16:53:29,756 - INFO - Outside LN2
2025-04-09 16:53:31,783 - INFO - Distance Error is 3.722902093797259
2025-04-09 16:53:33,812 - WARNING - Distance Error is 13.40484986861098
2025-04-09 16:53:33,813 - INFO - Moving Inside Water Bath
2025-04-09 16:53:35,842 - INFO - Distance Error is 4.486646854834924
2025-04-09 16:53:40,847 - INFO - Moving outside Water Bath
2025-04-09 16:53:42,872 - WARNING - Distance Error is 13.676622390049358
2025-04-09 16:53:42,872 - INFO - Waiting
2025-04-09 16:53:49,901 - INFO - Distance Error is 3.7656340767525456
2025-04-09 16:53:50,911 - INFO - ###################################### Cycle Completed: 3 ####################################################
2025-04-09 16:53:50,912 - INFO - LN2 Time = {-5.031791837000128} 
2025-04-09 16:53:50,912 - INFO - Water Bath = -7.033847179000077 
2025-04-09 16:53:50,912 - INFO - ######################################################################################################################
2025-04-09 16:53:52,941 - WARNING - Distance Error is 9.53205119583397
2025-04-09 16:53:52,941 - INFO - Moving inside LN2
2025-04-09 16:53:54,971 - WARNING - Distance Error is 5.662155066756827
2025-04-09 16:53:57,972 - INFO - Outside LN2
2025-04-09 16:54:00,001 - INFO - Distance Error is 3.3361654635224576
2025-04-09 16:54:02,030 - WARNING - Distance Error is 13.40484986861098
2025-04-09 16:54:02,030 - INFO - Moving Inside Water Bath
2025-04-09 16:54:04,060 - INFO - Distance Error is 4.486646854834924
2025-04-09 16:54:09,065 - INFO - Moving outside Water Bath
2025-04-09 16:54:11,100 - WARNING - Distance Error is 13.676622390049358
2025-04-09 16:54:11,100 - INFO - Waiting
2025-04-09 16:54:18,139 - INFO - Distance Error is 3.7134889255254278
2025-04-09 16:54:19,151 - INFO - ###################################### Cycle Completed: 4 ####################################################
2025-04-09 16:54:19,152 - INFO - LN2 Time = {-5.030543453000064} 
2025-04-09 16:54:19,152 - INFO - Water Bath = -7.034763908999594 
2025-04-09 16:54:19,152 - INFO - ######################################################################################################################
2025-04-09 16:54:21,180 - WARNING - Distance Error is 9.445104552094694
2025-04-09 16:54:21,180 - INFO - Moving inside LN2
2025-04-09 16:54:23,210 - WARNING - Distance Error is 6.354525946126911
2025-04-09 16:54:26,213 - INFO - Outside LN2
2025-04-09 16:54:28,239 - INFO - Distance Error is 3.6455452267116213
2025-04-09 16:54:30,269 - WARNING - Distance Error is 13.40484986861098
2025-04-09 16:54:30,269 - INFO - Moving Inside Water Bath
2025-04-09 16:54:32,298 - INFO - Distance Error is 4.486646854834924
2025-04-09 16:54:37,303 - INFO - Moving outside Water Bath
2025-04-09 16:54:39,327 - WARNING - Distance Error is 13.676622390049358
2025-04-09 16:54:39,327 - INFO - Waiting
2025-04-09 16:54:46,357 - INFO - Distance Error is 3.7134889255254278
2025-04-09 16:54:47,367 - INFO - ###################################### Cycle Completed: 5 ####################################################
2025-04-09 16:54:47,368 - INFO - LN2 Time = {-5.0327985450003325} 
2025-04-09 16:54:47,368 - INFO - Water Bath = -7.033840336000139 
2025-04-09 16:54:47,368 - INFO - ######################################################################################################################
2025-04-09 16:54:49,397 - WARNING - Distance Error is 9.445104552094694
2025-04-09 16:54:49,397 - INFO - Moving inside LN2
2025-04-09 16:54:51,426 - WARNING - Distance Error is 6.354525946126911
2025-04-09 16:54:54,429 - INFO - Outside LN2
2025-04-09 16:54:56,456 - INFO - Distance Error is 3.5958309192730424
2025-04-09 16:54:58,486 - WARNING - Distance Error is 13.40484986861098
2025-04-09 16:54:58,486 - INFO - Moving Inside Water Bath
2025-04-09 16:55:00,515 - INFO - Distance Error is 4.486646854834924
2025-04-09 16:55:05,520 - INFO - Moving outside Water Bath
2025-04-09 16:55:07,545 - WARNING - Distance Error is 13.676622390049358
2025-04-09 16:55:07,545 - INFO - Waiting
2025-04-09 16:55:14,574 - INFO - Distance Error is 3.7134889255254278
2025-04-09 16:55:15,587 - INFO - ###################################### Cycle Completed: 6 ####################################################
2025-04-09 16:55:15,588 - INFO - LN2 Time = {-5.031717771999865} 
2025-04-09 16:55:15,588 - INFO - Water Bath = -7.033895499000209 
2025-04-09 16:55:15,588 - INFO - ######################################################################################################################
2025-04-09 16:55:17,614 - WARNING - Distance Error is 9.419129471453289
2025-04-09 16:55:17,615 - INFO - Moving inside LN2
2025-04-09 16:55:19,644 - WARNING - Distance Error is 6.354525946126911
2025-04-09 16:55:22,648 - INFO - Outside LN2
2025-04-09 16:55:24,674 - INFO - Distance Error is 3.6455452267116213
2025-04-09 16:55:26,703 - WARNING - Distance Error is 13.40484986861098
2025-04-09 16:55:26,704 - INFO - Moving Inside Water Bath
2025-04-09 16:55:28,733 - INFO - Distance Error is 4.486646854834924
2025-04-09 16:55:33,738 - INFO - Moving outside Water Bath
2025-04-09 16:55:35,763 - WARNING - Distance Error is 13.638914912851368
2025-04-09 16:55:35,764 - INFO - Waiting
2025-04-09 16:55:42,792 - INFO - Distance Error is 3.569313659514949
2025-04-09 16:55:43,803 - INFO - ###################################### Cycle Completed: 7 ####################################################
2025-04-09 16:55:43,804 - INFO - LN2 Time = {-5.0329223349999666} 
2025-04-09 16:55:43,804 - INFO - Water Bath = -7.034285306999664 
2025-04-09 16:55:43,804 - INFO - ######################################################################################################################
2025-04-09 16:55:45,833 - WARNING - Distance Error is 9.445104552094694
2025-04-09 16:55:45,834 - INFO - Moving inside LN2
2025-04-09 16:55:47,863 - WARNING - Distance Error is 6.354525946126911
2025-04-09 16:55:50,867 - INFO - Outside LN2
2025-04-09 16:55:52,892 - INFO - Distance Error is 3.8483762809787567
2025-04-09 16:55:54,922 - WARNING - Distance Error is 13.40484986861098
2025-04-09 16:55:54,923 - INFO - Moving Inside Water Bath
2025-04-09 16:55:56,952 - INFO - Distance Error is 4.486646854834924
2025-04-09 16:56:01,958 - INFO - Moving outside Water Bath
2025-04-09 16:56:03,991 - WARNING - Distance Error is 13.676622390049358
2025-04-09 16:56:03,992 - INFO - Waiting
2025-04-09 16:56:11,021 - INFO - Distance Error is 3.615245496505043
2025-04-09 16:56:12,035 - INFO - ###################################### Cycle Completed: 8 ####################################################
2025-04-09 16:56:12,036 - INFO - LN2 Time = {-5.0329207020004105} 
2025-04-09 16:56:12,036 - INFO - Water Bath = -7.034841910999603 
2025-04-09 16:56:12,036 - INFO - ######################################################################################################################
2025-04-09 16:56:14,062 - WARNING - Distance Error is 9.445104552094694
2025-04-09 16:56:14,063 - INFO - Moving inside LN2
2025-04-09 16:56:16,092 - WARNING - Distance Error is 6.354525946126911
2025-04-09 16:56:19,095 - INFO - Outside LN2
2025-04-09 16:56:21,120 - INFO - Distance Error is 3.8483762809787567
2025-04-09 16:56:23,150 - WARNING - Distance Error is 13.40484986861098
2025-04-09 16:56:23,151 - INFO - Moving Inside Water Bath
2025-04-09 16:56:25,179 - INFO - Distance Error is 4.792702786528699
2025-04-09 16:56:30,185 - INFO - Moving outside Water Bath
2025-04-09 16:56:32,208 - WARNING - Distance Error is 13.676622390049358
2025-04-09 16:56:32,209 - INFO - Waiting
2025-04-09 16:56:39,239 - INFO - Distance Error is 3.569313659514949
2025-04-09 16:56:40,251 - INFO - ###################################### Cycle Completed: 9 ####################################################
2025-04-09 16:56:40,252 - INFO - LN2 Time = {-5.032180743000026} 
2025-04-09 16:56:40,252 - INFO - Water Bath = -7.033808748000411 
2025-04-09 16:56:40,252 - INFO - ######################################################################################################################
2025-04-09 16:56:42,279 - WARNING - Distance Error is 9.499999999999995
2025-04-09 16:56:42,280 - INFO - Moving inside LN2
2025-04-09 16:56:44,309 - WARNING - Distance Error is 6.354525946126911
2025-04-09 16:56:47,312 - INFO - Outside LN2
2025-04-09 16:56:49,338 - INFO - Distance Error is 3.5958309192730424
2025-04-09 16:56:51,368 - WARNING - Distance Error is 13.351029922818686
2025-04-09 16:56:51,368 - INFO - Moving Inside Water Bath
2025-04-09 16:56:53,396 - INFO - Distance Error is 4.509988913511886
2025-04-09 16:56:58,402 - INFO - Moving outside Water Bath
2025-04-09 16:57:00,436 - WARNING - Distance Error is 13.676622390049358
2025-04-09 16:57:00,436 - INFO - Waiting
2025-04-09 16:57:07,466 - INFO - Distance Error is 3.484250278036869
2025-04-09 16:57:08,479 - INFO - ###################################### Cycle Completed: 10 ####################################################
2025-04-09 16:57:08,480 - INFO - LN2 Time = {-5.031964908000191} 
2025-04-09 16:57:08,480 - INFO - Water Bath = -7.033597486999497 
2025-04-09 16:57:08,480 - INFO - ######################################################################################################################
2025-04-09 16:57:10,506 - WARNING - Distance Error is 9.445104552094694
2025-04-09 16:57:10,506 - INFO - Moving inside LN2
2025-04-09 16:57:12,535 - WARNING - Distance Error is 6.354525946126911
2025-04-09 16:57:15,538 - INFO - Outside LN2
2025-04-09 16:57:17,565 - INFO - Distance Error is 3.8483762809787567
2025-04-09 16:57:19,595 - WARNING - Distance Error is 13.351029922818686
2025-04-09 16:57:19,595 - INFO - Moving Inside Water Bath
2025-04-09 16:57:21,624 - INFO - Distance Error is 4.509988913511886
2025-04-09 16:57:26,629 - INFO - Moving outside Water Bath
2025-04-09 16:57:28,664 - WARNING - Distance Error is 13.676622390049358
2025-04-09 16:57:28,664 - INFO - Waiting
2025-04-09 16:57:35,703 - INFO - Distance Error is 3.615245496505043
2025-04-09 16:57:36,715 - INFO - ###################################### Cycle Completed: 11 ####################################################
2025-04-09 16:57:36,716 - INFO - LN2 Time = {-5.031797482000002} 
2025-04-09 16:57:36,716 - INFO - Water Bath = -7.033881148000546 
2025-04-09 16:57:36,716 - INFO - ######################################################################################################################
2025-04-09 16:57:38,743 - WARNING - Distance Error is 9.445104552094694
2025-04-09 16:57:38,743 - INFO - Moving inside LN2
2025-04-09 16:57:40,773 - WARNING - Distance Error is 6.354525946126911
2025-04-09 16:57:43,776 - INFO - Outside LN2
2025-04-09 16:57:45,803 - INFO - Distance Error is 3.6455452267116213
2025-04-09 16:57:47,832 - WARNING - Distance Error is 13.40484986861098
2025-04-09 16:57:47,832 - INFO - Moving Inside Water Bath
2025-04-09 16:57:49,862 - INFO - Distance Error is 4.792702786528699
2025-04-09 16:57:54,868 - INFO - Moving outside Water Bath
2025-04-09 16:57:56,892 - WARNING - Distance Error is 13.676622390049358
2025-04-09 16:57:56,892 - INFO - Waiting
2025-04-09 16:58:03,931 - INFO - Distance Error is 3.7656340767525456
2025-04-09 16:58:04,943 - INFO - ###################################### Cycle Completed: 12 ####################################################
2025-04-09 16:58:04,944 - INFO - LN2 Time = {-5.032783195000775} 
2025-04-09 16:58:04,944 - INFO - Water Bath = -7.0348978789998 
2025-04-09 16:58:04,944 - INFO - ######################################################################################################################
2025-04-09 16:58:06,972 - WARNING - Distance Error is 9.445104552094694
2025-04-09 16:58:06,972 - INFO - Moving inside LN2
2025-04-09 16:58:09,002 - WARNING - Distance Error is 6.354525946126911
2025-04-09 16:58:12,006 - INFO - Outside LN2
2025-04-09 16:58:14,031 - INFO - Distance Error is 3.8483762809787567
2025-04-09 16:58:16,061 - WARNING - Distance Error is 13.351029922818686
2025-04-09 16:58:16,061 - INFO - Moving Inside Water Bath
2025-04-09 16:58:18,091 - INFO - Distance Error is 4.509988913511886
2025-04-09 16:58:23,097 - INFO - Moving outside Water Bath
2025-04-09 16:58:25,120 - WARNING - Distance Error is 13.676622390049358
2025-04-09 16:58:25,120 - INFO - Waiting
2025-04-09 16:58:32,150 - INFO - Distance Error is 3.569313659514949
2025-04-09 16:58:33,163 - INFO - ###################################### Cycle Completed: 13 ####################################################
2025-04-09 16:58:33,164 - INFO - LN2 Time = {-5.0328615060007} 
2025-04-09 16:58:33,164 - INFO - Water Bath = -7.035265577000246 
2025-04-09 16:58:33,164 - INFO - ######################################################################################################################
2025-04-09 16:58:35,191 - WARNING - Distance Error is 9.445104552094694
2025-04-09 16:58:35,192 - INFO - Moving inside LN2
2025-04-09 16:58:37,220 - WARNING - Distance Error is 6.354525946126911
2025-04-09 16:58:40,222 - INFO - Outside LN2
2025-04-09 16:58:42,250 - INFO - Distance Error is 4.082891132518713
2025-04-09 16:58:44,279 - WARNING - Distance Error is 13.40484986861098
2025-04-09 16:58:44,280 - INFO - Moving Inside Water Bath
2025-04-09 16:58:46,308 - INFO - Distance Error is 4.792702786528699
2025-04-09 16:58:51,314 - INFO - Moving outside Water Bath
2025-04-09 16:58:53,338 - WARNING - Distance Error is 13.676622390049358
2025-04-09 16:58:53,339 - INFO - Waiting
2025-04-09 16:59:00,367 - INFO - Distance Error is 3.6633318168028404
2025-04-09 16:59:01,379 - INFO - ###################################### Cycle Completed: 14 ####################################################
2025-04-09 16:59:01,380 - INFO - LN2 Time = {-5.02987585900064} 
2025-04-09 16:59:01,380 - INFO - Water Bath = -7.033901546999914 
2025-04-09 16:59:01,380 - INFO - ######################################################################################################################
2025-04-09 16:59:03,407 - WARNING - Distance Error is 9.53205119583397
2025-04-09 16:59:03,408 - INFO - Moving inside LN2
2025-04-09 16:59:05,437 - WARNING - Distance Error is 6.354525946126911
2025-04-09 16:59:08,441 - INFO - Outside LN2
2025-04-09 16:59:10,467 - INFO - Distance Error is 4.216633728461597
2025-04-09 16:59:12,496 - WARNING - Distance Error is 13.40484986861098
2025-04-09 16:59:12,497 - INFO - Moving Inside Water Bath
2025-04-09 16:59:14,526 - INFO - Distance Error is 4.486646854834924
2025-04-09 16:59:19,532 - INFO - Moving outside Water Bath
2025-04-09 16:59:21,556 - WARNING - Distance Error is 13.676622390049358
2025-04-09 16:59:21,557 - INFO - Waiting
2025-04-09 16:59:28,595 - INFO - Distance Error is 3.484250278036869
2025-04-09 16:59:29,607 - INFO - ###################################### Cycle Completed: 15 ####################################################
2025-04-09 16:59:29,608 - INFO - LN2 Time = {-5.032828465999955} 
2025-04-09 16:59:29,608 - INFO - Water Bath = -7.034879500999523 
2025-04-09 16:59:29,608 - INFO - ######################################################################################################################
2025-04-09 16:59:31,636 - WARNING - Distance Error is 9.53205119583397
2025-04-09 16:59:31,637 - INFO - Moving inside LN2
2025-04-09 16:59:33,666 - WARNING - Distance Error is 6.354525946126911
2025-04-09 16:59:36,670 - INFO - Outside LN2
2025-04-09 16:59:38,696 - INFO - Distance Error is 3.6455452267116213
2025-04-09 16:59:40,726 - WARNING - Distance Error is 13.40484986861098
2025-04-09 16:59:40,726 - INFO - Moving Inside Water Bath
2025-04-09 16:59:42,755 - INFO - Distance Error is 4.792702786528699
2025-04-09 16:59:47,761 - INFO - Moving outside Water Bath
2025-04-09 16:59:49,785 - WARNING - Distance Error is 13.676622390049358
2025-04-09 16:59:49,785 - INFO - Waiting
2025-04-09 16:59:56,815 - INFO - Distance Error is 3.6633318168028404
2025-04-09 16:59:57,827 - INFO - ###################################### Cycle Completed: 16 ####################################################
2025-04-09 16:59:57,828 - INFO - LN2 Time = {-5.03285490899998} 
2025-04-09 16:59:57,828 - INFO - Water Bath = -7.034673945000577 
2025-04-09 16:59:57,828 - INFO - ######################################################################################################################
2025-04-09 16:59:59,855 - WARNING - Distance Error is 9.53205119583397
2025-04-09 16:59:59,855 - INFO - Moving inside LN2
2025-04-09 17:00:01,884 - WARNING - Distance Error is 6.354525946126911
2025-04-09 17:00:04,887 - INFO - Outside LN2
2025-04-09 17:00:06,914 - INFO - Distance Error is 3.722902093797259
2025-04-09 17:00:08,944 - WARNING - Distance Error is 13.40484986861098
2025-04-09 17:00:08,944 - INFO - Moving Inside Water Bath
2025-04-09 17:00:10,973 - INFO - Distance Error is 4.792702786528699
2025-04-09 17:00:15,978 - INFO - Moving outside Water Bath
2025-04-09 17:00:18,003 - WARNING - Distance Error is 13.676622390049358
2025-04-09 17:00:18,003 - INFO - Waiting
2025-04-09 17:00:25,032 - INFO - Distance Error is 3.569313659514949
2025-04-09 17:00:26,043 - INFO - ###################################### Cycle Completed: 17 ####################################################
2025-04-09 17:00:26,044 - INFO - LN2 Time = {-5.031914488000439} 
2025-04-09 17:00:26,044 - INFO - Water Bath = -7.033813504000136 
2025-04-09 17:00:26,044 - INFO - ######################################################################################################################
2025-04-09 17:00:28,072 - WARNING - Distance Error is 9.53205119583397
2025-04-09 17:00:28,072 - INFO - Moving inside LN2
2025-04-09 17:00:30,102 - WARNING - Distance Error is 6.354525946126911
2025-04-09 17:00:33,105 - INFO - Outside LN2
2025-04-09 17:00:35,132 - INFO - Distance Error is 3.8691084244306224
2025-04-09 17:00:37,161 - WARNING - Distance Error is 13.351029922818686
2025-04-09 17:00:37,161 - INFO - Moving Inside Water Bath
2025-04-09 17:00:39,191 - INFO - Distance Error is 4.792702786528699
2025-04-09 17:00:44,196 - INFO - Moving outside Water Bath
2025-04-09 17:00:46,221 - WARNING - Distance Error is 13.676622390049358
2025-04-09 17:00:46,221 - INFO - Waiting
2025-04-09 17:00:53,250 - INFO - Distance Error is 3.569313659514949
2025-04-09 17:00:54,263 - INFO - ###################################### Cycle Completed: 18 ####################################################
2025-04-09 17:00:54,264 - INFO - LN2 Time = {-5.032845257999725} 
2025-04-09 17:00:54,264 - INFO - Water Bath = -7.034639292000065 
2025-04-09 17:00:54,264 - INFO - ######################################################################################################################
2025-04-09 17:00:56,291 - WARNING - Distance Error is 9.419129471453289
2025-04-09 17:00:56,292 - INFO - Moving inside LN2
2025-04-09 17:00:58,321 - WARNING - Distance Error is 6.354525946126911
2025-04-09 17:01:01,325 - INFO - Outside LN2
2025-04-09 17:01:03,350 - INFO - Distance Error is 3.8483762809787567
2025-04-09 17:01:05,380 - WARNING - Distance Error is 13.351029922818686
2025-04-09 17:01:05,380 - INFO - Moving Inside Water Bath
2025-04-09 17:01:07,410 - INFO - Distance Error is 4.792702786528699
2025-04-09 17:01:12,416 - INFO - Moving outside Water Bath
2025-04-09 17:01:14,439 - WARNING - Distance Error is 13.676622390049358
2025-04-09 17:01:14,439 - INFO - Waiting
2025-04-09 17:01:21,469 - INFO - Distance Error is 3.615245496505043
2025-04-09 17:01:22,479 - INFO - ###################################### Cycle Completed: 19 ####################################################
2025-04-09 17:01:22,480 - INFO - LN2 Time = {-5.032763146000434} 
2025-04-09 17:01:22,480 - INFO - Water Bath = -7.034852046999731 
2025-04-09 17:01:22,480 - INFO - ######################################################################################################################
2025-04-09 17:01:24,509 - WARNING - Distance Error is 9.445104552094694
2025-04-09 17:01:24,510 - INFO - Moving inside LN2
2025-04-09 17:01:26,538 - WARNING - Distance Error is 6.354525946126911
2025-04-09 17:01:29,542 - INFO - Outside LN2
2025-04-09 17:01:31,568 - INFO - Distance Error is 3.8483762809787567
2025-04-09 17:01:33,597 - WARNING - Distance Error is 13.351029922818686
2025-04-09 17:01:33,597 - INFO - Moving Inside Water Bath
2025-04-09 17:01:35,626 - INFO - Distance Error is 4.509988913511886
2025-04-09 17:01:40,632 - INFO - Moving outside Water Bath
2025-04-09 17:01:42,656 - WARNING - Distance Error is 13.676622390049358
2025-04-09 17:01:42,657 - INFO - Waiting
2025-04-09 17:01:49,695 - INFO - Distance Error is 3.615245496505043
2025-04-09 17:01:50,707 - INFO - ###################################### Cycle Completed: 20 ####################################################
2025-04-09 17:01:50,708 - INFO - LN2 Time = {-5.031807614999707} 
2025-04-09 17:01:50,708 - INFO - Water Bath = -7.033883146000335 
2025-04-09 17:01:50,708 - INFO - ######################################################################################################################
2025-04-09 17:01:52,735 - WARNING - Distance Error is 9.596874491208048
2025-04-09 17:01:52,736 - INFO - Moving inside LN2
2025-04-09 17:01:54,765 - WARNING - Distance Error is 6.354525946126911
2025-04-09 17:01:57,769 - INFO - Outside LN2
2025-04-09 17:01:59,794 - INFO - Distance Error is 3.8691084244306224
2025-04-09 17:02:01,823 - WARNING - Distance Error is 13.24386650491464
2025-04-09 17:02:01,824 - INFO - Moving Inside Water Bath
2025-04-09 17:02:03,853 - INFO - Distance Error is 4.834252786108723
2025-04-09 17:02:08,858 - INFO - Moving outside Water Bath
2025-04-09 17:02:10,883 - WARNING - Distance Error is 13.714955340794932
2025-04-09 17:02:10,884 - INFO - Waiting
2025-04-09 17:02:17,912 - INFO - Distance Error is 3.574912586343893
2025-04-09 17:02:18,923 - INFO - ###################################### Cycle Completed: 21 ####################################################
2025-04-09 17:02:18,924 - INFO - LN2 Time = {-5.032858474999557} 
2025-04-09 17:02:18,924 - INFO - Water Bath = -7.033957124000153 
2025-04-09 17:02:18,924 - INFO - ######################################################################################################################
2025-04-09 17:02:20,953 - WARNING - Distance Error is 9.419129471453289
2025-04-09 17:02:20,954 - INFO - Moving inside LN2
2025-04-09 17:02:22,983 - WARNING - Distance Error is 6.394528911499276
2025-04-09 17:02:25,986 - INFO - Outside LN2
2025-04-09 17:02:28,012 - INFO - Distance Error is 3.722902093797259
2025-04-09 17:02:30,041 - WARNING - Distance Error is 13.351029922818686
2025-04-09 17:02:30,042 - INFO - Moving Inside Water Bath
2025-04-09 17:02:32,070 - INFO - Distance Error is 4.792702786528699
2025-04-09 17:02:37,076 - INFO - Moving outside Water Bath
2025-04-09 17:02:39,099 - WARNING - Distance Error is 13.676622390049358
2025-04-09 17:02:39,100 - INFO - Waiting
2025-04-09 17:02:46,139 - INFO - Distance Error is 4.096339829652806
2025-04-09 17:02:47,151 - INFO - ###################################### Cycle Completed: 22 ####################################################
2025-04-09 17:02:47,152 - INFO - LN2 Time = {-5.03206466499978} 
2025-04-09 17:02:47,152 - INFO - Water Bath = -7.033756754000024 
2025-04-09 17:02:47,152 - INFO - ######################################################################################################################
2025-04-09 17:02:49,180 - WARNING - Distance Error is 9.816822296446032
2025-04-09 17:02:49,180 - INFO - Moving inside LN2
2025-04-09 17:02:51,208 - WARNING - Distance Error is 6.640783086353593
2025-04-09 17:02:54,212 - INFO - Outside LN2
2025-04-09 17:02:56,238 - INFO - Distance Error is 3.722902093797259
2025-04-09 17:02:58,268 - WARNING - Distance Error is 13.553228397691813
2025-04-09 17:02:58,268 - INFO - Moving Inside Water Bath
2025-04-09 17:03:00,297 - INFO - Distance Error is 4.891829923453998
2025-04-09 17:03:05,302 - INFO - Moving outside Water Bath
2025-04-09 17:03:07,327 - WARNING - Distance Error is 13.676622390049358
2025-04-09 17:03:07,327 - INFO - Waiting
2025-04-09 17:03:14,356 - INFO - Distance Error is 3.569313659514949
2025-04-09 17:03:15,367 - INFO - ###################################### Cycle Completed: 23 ####################################################
2025-04-09 17:03:15,368 - INFO - LN2 Time = {-5.031728832999761} 
2025-04-09 17:03:15,368 - INFO - Water Bath = -7.033804566999606 
2025-04-09 17:03:15,368 - INFO - ######################################################################################################################
2025-04-09 17:03:17,396 - WARNING - Distance Error is 9.445104552094694
2025-04-09 17:03:17,396 - INFO - Moving inside LN2
2025-04-09 17:03:19,426 - WARNING - Distance Error is 6.640783086353593
2025-04-09 17:03:22,429 - INFO - Outside LN2
2025-04-09 17:03:24,456 - INFO - Distance Error is 4.082891132518713
2025-04-09 17:03:26,485 - WARNING - Distance Error is 13.553228397691813
2025-04-09 17:03:26,485 - INFO - Moving Inside Water Bath
2025-04-09 17:03:28,515 - INFO - Distance Error is 4.792702786528699
2025-04-09 17:03:33,520 - INFO - Moving outside Water Bath
2025-04-09 17:03:35,544 - WARNING - Distance Error is 13.676622390049358
2025-04-09 17:03:35,544 - INFO - Waiting
2025-04-09 17:03:42,573 - INFO - Distance Error is 3.408812109811862
2025-04-09 17:03:43,583 - INFO - ###################################### Cycle Completed: 24 ####################################################
2025-04-09 17:03:43,584 - INFO - LN2 Time = {-5.032788028000141} 
2025-04-09 17:03:43,584 - INFO - Water Bath = -7.034878372000094 
2025-04-09 17:03:43,584 - INFO - ######################################################################################################################
2025-04-09 17:03:45,614 - WARNING - Distance Error is 9.445104552094694
2025-04-09 17:03:45,614 - INFO - Moving inside LN2
2025-04-09 17:03:47,644 - WARNING - Distance Error is 6.7594378464484715
2025-04-09 17:03:50,647 - INFO - Outside LN2
2025-04-09 17:03:52,673 - INFO - Distance Error is 3.8483762809787567
2025-04-09 17:03:54,703 - WARNING - Distance Error is 13.515176654413356
2025-04-09 17:03:54,703 - INFO - Moving Inside Water Bath
2025-04-09 17:03:56,733 - INFO - Distance Error is 4.792702786528699
2025-04-09 17:04:01,738 - INFO - Moving outside Water Bath
2025-04-09 17:04:03,762 - WARNING - Distance Error is 13.676622390049358
2025-04-09 17:04:03,763 - INFO - Waiting
2025-04-09 17:04:10,792 - INFO - Distance Error is 3.408812109811862
2025-04-09 17:04:11,803 - INFO - ###################################### Cycle Completed: 25 ####################################################
2025-04-09 17:04:11,804 - INFO - LN2 Time = {-5.032892786000048} 
2025-04-09 17:04:11,804 - INFO - Water Bath = -7.034656705999623 
2025-04-09 17:04:11,804 - INFO - ######################################################################################################################
2025-04-09 17:04:13,833 - WARNING - Distance Error is 9.445104552094694
2025-04-09 17:04:13,833 - INFO - Moving inside LN2
2025-04-09 17:04:15,862 - WARNING - Distance Error is 6.354525946126911
2025-04-09 17:04:18,866 - INFO - Outside LN2
2025-04-09 17:04:20,891 - INFO - Distance Error is 4.001249804748495
2025-04-09 17:04:22,921 - WARNING - Distance Error is 13.553228397691813
2025-04-09 17:04:22,922 - INFO - Moving Inside Water Bath
2025-04-09 17:04:24,950 - INFO - Distance Error is 4.792702786528699
2025-04-09 17:04:29,956 - INFO - Moving outside Water Bath
2025-04-09 17:04:31,979 - WARNING - Distance Error is 13.676622390049358
2025-04-09 17:04:31,979 - INFO - Waiting
2025-04-09 17:04:39,009 - INFO - Distance Error is 3.615245496505043
2025-04-09 17:04:40,019 - INFO - ###################################### Cycle Completed: 26 ####################################################
2025-04-09 17:04:40,020 - INFO - LN2 Time = {-5.031992717000321} 
2025-04-09 17:04:40,020 - INFO - Water Bath = -7.033637768000517 
2025-04-09 17:04:40,020 - INFO - ######################################################################################################################
2025-04-09 17:04:42,050 - WARNING - Distance Error is 9.445104552094694
2025-04-09 17:04:42,050 - INFO - Moving inside LN2
2025-04-09 17:04:44,079 - WARNING - Distance Error is 6.354525946126911
2025-04-09 17:04:47,083 - INFO - Outside LN2
2025-04-09 17:04:49,108 - INFO - Distance Error is 3.722902093797259
2025-04-09 17:04:51,138 - WARNING - Distance Error is 13.351029922818686
2025-04-09 17:04:51,139 - INFO - Moving Inside Water Bath
2025-04-09 17:04:53,167 - INFO - Distance Error is 4.792702786528699
2025-04-09 17:04:58,173 - INFO - Moving outside Water Bath
2025-04-09 17:05:00,196 - WARNING - Distance Error is 13.676622390049358
2025-04-09 17:05:00,197 - INFO - Waiting
2025-04-09 17:05:07,226 - INFO - Distance Error is 3.569313659514949
2025-04-09 17:05:08,239 - INFO - ###################################### Cycle Completed: 27 ####################################################
2025-04-09 17:05:08,240 - INFO - LN2 Time = {-5.031839254999795} 
2025-04-09 17:05:08,240 - INFO - Water Bath = -7.033765469000173 
2025-04-09 17:05:08,240 - INFO - ######################################################################################################################
2025-04-09 17:05:10,267 - WARNING - Distance Error is 9.445104552094694
2025-04-09 17:05:10,268 - INFO - Moving inside LN2
2025-04-09 17:05:12,296 - WARNING - Distance Error is 6.354525946126911
2025-04-09 17:05:15,298 - INFO - Outside LN2
2025-04-09 17:05:17,325 - INFO - Distance Error is 3.8691084244306224
2025-04-09 17:05:19,356 - WARNING - Distance Error is 13.40484986861098
2025-04-09 17:05:19,356 - INFO - Moving Inside Water Bath
2025-04-09 17:05:21,384 - INFO - Distance Error is 4.792702786528699
2025-04-09 17:05:26,390 - INFO - Moving outside Water Bath
2025-04-09 17:05:28,423 - WARNING - Distance Error is 13.676622390049358
2025-04-09 17:05:28,424 - INFO - Waiting
2025-04-09 17:05:35,453 - INFO - Distance Error is 3.569313659514949
2025-04-09 17:05:36,467 - INFO - ###################################### Cycle Completed: 28 ####################################################
2025-04-09 17:05:36,468 - INFO - LN2 Time = {-5.030264580000221} 
2025-04-09 17:05:36,468 - INFO - Water Bath = -7.033744745000149 
2025-04-09 17:05:36,468 - INFO - ######################################################################################################################
2025-04-09 17:05:38,494 - WARNING - Distance Error is 9.596874491208048
2025-04-09 17:05:38,495 - INFO - Moving inside LN2
2025-04-09 17:05:40,523 - WARNING - Distance Error is 6.354525946126911
2025-04-09 17:05:43,527 - INFO - Outside LN2
2025-04-09 17:05:45,553 - INFO - Distance Error is 4.216633728461597
2025-04-09 17:05:47,583 - WARNING - Distance Error is 13.351029922818686
2025-04-09 17:05:47,584 - INFO - Moving Inside Water Bath
2025-04-09 17:05:49,612 - INFO - Distance Error is 4.792702786528699
2025-04-09 17:05:54,618 - INFO - Moving outside Water Bath
2025-04-09 17:05:56,643 - WARNING - Distance Error is 13.676622390049358
2025-04-09 17:05:56,643 - INFO - Waiting
2025-04-09 17:06:03,672 - INFO - Distance Error is 3.484250278036869
2025-04-09 17:06:04,683 - INFO - ###################################### Cycle Completed: 29 ####################################################
2025-04-09 17:06:04,684 - INFO - LN2 Time = {-5.031696235000709} 
2025-04-09 17:06:04,684 - INFO - Water Bath = -7.033768262999729 
2025-04-09 17:06:04,684 - INFO - ######################################################################################################################
2025-04-09 17:06:06,712 - WARNING - Distance Error is 9.596874491208048
2025-04-09 17:06:06,712 - INFO - Moving inside LN2
2025-04-09 17:06:08,742 - WARNING - Distance Error is 6.354525946126911
2025-04-09 17:06:11,745 - INFO - Outside LN2
2025-04-09 17:06:13,772 - INFO - Distance Error is 4.082891132518713
2025-04-09 17:06:15,801 - WARNING - Distance Error is 13.351029922818686
2025-04-09 17:06:15,801 - INFO - Moving Inside Water Bath
2025-04-09 17:06:17,831 - INFO - Distance Error is 4.792702786528699
2025-04-09 17:06:22,836 - INFO - Moving outside Water Bath
2025-04-09 17:06:24,861 - WARNING - Distance Error is 13.676622390049358
2025-04-09 17:06:24,861 - INFO - Waiting
2025-04-09 17:06:31,900 - INFO - Distance Error is 3.484250278036869
2025-04-09 17:06:32,911 - INFO - ###################################### Cycle Completed: 30 ####################################################
2025-04-09 17:06:32,912 - INFO - LN2 Time = {-5.032883539999602} 
2025-04-09 17:06:32,912 - INFO - Water Bath = -7.034888124000645 
2025-04-09 17:06:32,912 - INFO - ######################################################################################################################
2025-04-09 17:06:32,912 - INFO - Operation Completed Sucessfully
2025-04-09 17:06:32,913 - INFO - Programmed execution completed
