2025-04-09 17:22:09,709 - INFO - Starting Experiment
2025-04-09 17:22:09,709 - INFO - Experiment Parameters
2025-04-09 17:22:09,710 - INFO - Experiment Name: Error_Testing
2025-04-09 17:22:09,710 - INFO - Person Responsible: Akshit
2025-04-09 17:22:09,710 - INFO - Thermomixer Time: 5
2025-04-09 17:22:09,710 - INFO - Liquid Nitrogen Time: 5
2025-04-09 17:22:09,710 - INFO - Waiting Time 5
2025-04-09 17:22:09,711 - INFO - Number of Cycles 30
2025-04-09 17:22:09,711 - INFO - Robot Speed 100
2025-04-09 17:22:09,711 - INFO - Run Number 1
2025-04-09 17:22:12,750 - WARNING - Distance Error is 9.621330469326983
2025-04-09 17:22:12,751 - INFO - Moving inside LN2
2025-04-09 17:22:14,780 - WARNING - Distance Error is 6.2912637840103365
2025-04-09 17:22:17,784 - INFO - Outside LN2
2025-04-09 17:22:19,809 - INFO - Distance Error is 3.6783148315499057
2025-04-09 17:22:21,839 - WARNING - Distance Error is 13.351029922818686
2025-04-09 17:22:21,840 - INFO - Moving Inside Water Bath
2025-04-09 17:22:23,869 - INFO - Distance Error is 4.592385001282026
2025-04-09 17:22:28,875 - INFO - Moving outside Water Bath
2025-04-09 17:22:30,898 - WARNING - Distance Error is 13.676622390049358
2025-04-09 17:22:30,899 - INFO - Waiting
2025-04-09 17:22:37,928 - INFO - Distance Error is 3.865229618017535
2025-04-09 17:22:37,929 - INFO - ###################################### Cycle Completed: 1 ####################################################
2025-04-09 17:22:37,929 - INFO - LN2 Time = {-5.032757447000222} 
2025-04-09 17:22:37,929 - INFO - Water Bath = -7.034812951000276 
2025-04-09 17:22:37,929 - INFO - ######################################################################################################################
2025-04-09 17:22:40,969 - WARNING - Distance Error is 9.53205119583397
2025-04-09 17:22:40,970 - INFO - Moving inside LN2
2025-04-09 17:22:42,998 - WARNING - Distance Error is 6.556675987114196
2025-04-09 17:22:46,002 - INFO - Outside LN2
2025-04-09 17:22:48,027 - INFO - Distance Error is 3.8483762809787567
2025-04-09 17:22:50,057 - WARNING - Distance Error is 13.40484986861098
2025-04-09 17:22:50,058 - INFO - Moving Inside Water Bath
2025-04-09 17:22:52,086 - INFO - Distance Error is 4.792702786528699
2025-04-09 17:22:57,092 - INFO - Moving outside Water Bath
2025-04-09 17:22:59,115 - WARNING - Distance Error is 13.676622390049358
2025-04-09 17:22:59,116 - INFO - Waiting
2025-04-09 17:23:06,145 - INFO - Distance Error is 3.569313659514949
2025-04-09 17:23:06,146 - INFO - ###################################### Cycle Completed: 2 ####################################################
2025-04-09 17:23:06,146 - INFO - LN2 Time = {-5.031997594999666} 
2025-04-09 17:23:06,146 - INFO - Water Bath = -7.033838311000181 
2025-04-09 17:23:06,146 - INFO - ######################################################################################################################
2025-04-09 17:23:09,186 - WARNING - Distance Error is 9.53205119583397
2025-04-09 17:23:09,187 - INFO - Moving inside LN2
2025-04-09 17:23:11,215 - WARNING - Distance Error is 6.640783086353593
2025-04-09 17:23:14,219 - INFO - Outside LN2
2025-04-09 17:23:16,245 - INFO - Distance Error is 4.216633728461597
2025-04-09 17:23:18,274 - WARNING - Distance Error is 13.40484986861098
2025-04-09 17:23:18,275 - INFO - Moving Inside Water Bath
2025-04-09 17:23:20,303 - INFO - Distance Error is 4.792702786528699
2025-04-09 17:23:25,309 - INFO - Moving outside Water Bath
2025-04-09 17:23:27,332 - WARNING - Distance Error is 13.676622390049358
2025-04-09 17:23:27,333 - INFO - Waiting
2025-04-09 17:23:34,362 - INFO - Distance Error is 3.933192087859427
2025-04-09 17:23:34,363 - INFO - ###################################### Cycle Completed: 3 ####################################################
2025-04-09 17:23:34,363 - INFO - LN2 Time = {-5.032002429000386} 
2025-04-09 17:23:34,363 - INFO - Water Bath = -7.033750999000404 
2025-04-09 17:23:34,363 - INFO - ######################################################################################################################
2025-04-09 17:23:37,403 - WARNING - Distance Error is 9.53205119583397
2025-04-09 17:23:37,404 - INFO - Moving inside LN2
2025-04-09 17:23:39,432 - WARNING - Distance Error is 6.242595614005452
2025-04-09 17:23:42,436 - INFO - Outside LN2
2025-04-09 17:23:44,461 - INFO - Distance Error is 4.177319714841069
2025-04-09 17:23:46,492 - WARNING - Distance Error is 13.351029922818686
2025-04-09 17:23:46,492 - INFO - Moving Inside Water Bath
2025-04-09 17:23:48,521 - INFO - Distance Error is 4.792702786528699
2025-04-09 17:23:53,526 - INFO - Moving outside Water Bath
2025-04-09 17:23:55,560 - WARNING - Distance Error is 13.676622390049358
2025-04-09 17:23:55,560 - INFO - Waiting
2025-04-09 17:24:02,590 - INFO - Distance Error is 3.87556447501522
2025-04-09 17:24:02,590 - INFO - ###################################### Cycle Completed: 4 ####################################################
2025-04-09 17:24:02,590 - INFO - LN2 Time = {-5.031794513000023} 
2025-04-09 17:24:02,591 - INFO - Water Bath = -7.033897022000019 
2025-04-09 17:24:02,591 - INFO - ######################################################################################################################
2025-04-09 17:24:05,630 - WARNING - Distance Error is 9.596874491208048
2025-04-09 17:24:05,630 - INFO - Moving inside LN2
2025-04-09 17:24:07,659 - WARNING - Distance Error is 6.242595614005452
2025-04-09 17:24:10,662 - INFO - Outside LN2
2025-04-09 17:24:12,689 - INFO - Distance Error is 3.8483762809787567
2025-04-09 17:24:14,719 - WARNING - Distance Error is 13.66528448295166
2025-04-09 17:24:14,719 - INFO - Moving Inside Water Bath
2025-04-09 17:24:16,748 - INFO - Distance Error is 4.792702786528699
2025-04-09 17:24:21,753 - INFO - Moving outside Water Bath
2025-04-09 17:24:23,778 - WARNING - Distance Error is 13.676622390049358
2025-04-09 17:24:23,778 - INFO - Waiting
2025-04-09 17:24:30,807 - INFO - Distance Error is 3.933192087859427
2025-04-09 17:24:30,807 - INFO - ###################################### Cycle Completed: 5 ####################################################
2025-04-09 17:24:30,807 - INFO - LN2 Time = {-5.031788547999895} 
2025-04-09 17:24:30,808 - INFO - Water Bath = -7.03379982899969 
2025-04-09 17:24:30,808 - INFO - ######################################################################################################################
2025-04-09 17:24:33,847 - WARNING - Distance Error is 9.750384607798816
2025-04-09 17:24:33,847 - INFO - Moving inside LN2
2025-04-09 17:24:35,877 - WARNING - Distance Error is 6.53375848956785
2025-04-09 17:24:38,880 - INFO - Outside LN2
2025-04-09 17:24:40,907 - INFO - Distance Error is 3.8483762809787567
2025-04-09 17:24:42,936 - WARNING - Distance Error is 13.40484986861098
2025-04-09 17:24:42,936 - INFO - Moving Inside Water Bath
2025-04-09 17:24:44,966 - INFO - Distance Error is 4.792702786528699
2025-04-09 17:24:49,971 - INFO - Moving outside Water Bath
2025-04-09 17:24:51,996 - WARNING - Distance Error is 13.676622390049358
2025-04-09 17:24:51,996 - INFO - Waiting
2025-04-09 17:24:59,025 - INFO - Distance Error is 3.933192087859427
2025-04-09 17:24:59,025 - INFO - ###################################### Cycle Completed: 6 ####################################################
2025-04-09 17:24:59,025 - INFO - LN2 Time = {-5.032803602000058} 
2025-04-09 17:24:59,026 - INFO - Water Bath = -7.034895797999525 
2025-04-09 17:24:59,026 - INFO - ######################################################################################################################
2025-04-09 17:25:02,066 - WARNING - Distance Error is 9.596874491208048
2025-04-09 17:25:02,066 - INFO - Moving inside LN2
2025-04-09 17:25:04,096 - WARNING - Distance Error is 6.354525946126911
2025-04-09 17:25:07,099 - INFO - Outside LN2
2025-04-09 17:25:09,125 - INFO - Distance Error is 3.3136083051561807
2025-04-09 17:25:11,155 - WARNING - Distance Error is 13.351029922818686
2025-04-09 17:25:11,155 - INFO - Moving Inside Water Bath
2025-04-09 17:25:13,185 - INFO - Distance Error is 4.792702786528699
2025-04-09 17:25:18,190 - INFO - Moving outside Water Bath
2025-04-09 17:25:20,224 - WARNING - Distance Error is 13.676622390049358
2025-04-09 17:25:20,224 - INFO - Waiting
2025-04-09 17:25:27,254 - INFO - Distance Error is 3.7656340767525456
2025-04-09 17:25:27,255 - INFO - ###################################### Cycle Completed: 7 ####################################################
2025-04-09 17:25:27,255 - INFO - LN2 Time = {-5.032869672999368} 
2025-04-09 17:25:27,255 - INFO - Water Bath = -7.034705488000327 
2025-04-09 17:25:27,255 - INFO - ######################################################################################################################
2025-04-09 17:25:30,295 - WARNING - Distance Error is 9.445104552094694
2025-04-09 17:25:30,295 - INFO - Moving inside LN2
2025-04-09 17:25:32,324 - WARNING - Distance Error is 6.354525946126911
2025-04-09 17:25:35,328 - INFO - Outside LN2
2025-04-09 17:25:37,353 - INFO - Distance Error is 3.8483762809787567
2025-04-09 17:25:39,383 - WARNING - Distance Error is 13.40484986861098
2025-04-09 17:25:39,383 - INFO - Moving Inside Water Bath
2025-04-09 17:25:41,412 - INFO - Distance Error is 4.792702786528699
2025-04-09 17:25:46,417 - INFO - Moving outside Water Bath
2025-04-09 17:25:48,451 - WARNING - Distance Error is 13.676622390049358
2025-04-09 17:25:48,451 - INFO - Waiting
2025-04-09 17:25:55,481 - INFO - Distance Error is 3.933192087859427
2025-04-09 17:25:55,481 - INFO - ###################################### Cycle Completed: 8 ####################################################
2025-04-09 17:25:55,482 - INFO - LN2 Time = {-5.031991296999877} 
2025-04-09 17:25:55,482 - INFO - Water Bath = -7.033893022000484 
2025-04-09 17:25:55,482 - INFO - ######################################################################################################################
2025-04-09 17:25:58,521 - WARNING - Distance Error is 9.445104552094694
2025-04-09 17:25:58,522 - INFO - Moving inside LN2
2025-04-09 17:26:00,550 - WARNING - Distance Error is 6.53375848956785
2025-04-09 17:26:03,554 - INFO - Outside LN2
2025-04-09 17:26:05,580 - INFO - Distance Error is 3.8483762809787567
2025-04-09 17:26:07,610 - WARNING - Distance Error is 13.40484986861098
2025-04-09 17:26:07,611 - INFO - Moving Inside Water Bath
2025-04-09 17:26:09,639 - INFO - Distance Error is 4.792702786528699
2025-04-09 17:26:14,645 - INFO - Moving outside Water Bath
2025-04-09 17:26:16,669 - WARNING - Distance Error is 13.676622390049358
2025-04-09 17:26:16,670 - INFO - Waiting
2025-04-09 17:26:23,698 - INFO - Distance Error is 3.933192087859427
2025-04-09 17:26:23,699 - INFO - ###################################### Cycle Completed: 9 ####################################################
2025-04-09 17:26:23,699 - INFO - LN2 Time = {-5.0318571870002415} 
2025-04-09 17:26:23,699 - INFO - Water Bath = -7.033725427999343 
2025-04-09 17:26:23,699 - INFO - ######################################################################################################################
2025-04-09 17:26:26,738 - WARNING - Distance Error is 10.230835742987948
2025-04-09 17:26:26,739 - INFO - Moving inside LN2
2025-04-09 17:26:28,768 - WARNING - Distance Error is 6.53375848956785
2025-04-09 17:26:31,772 - INFO - Outside LN2
2025-04-09 17:26:33,798 - INFO - Distance Error is 3.8483762809787567
2025-04-09 17:26:35,827 - WARNING - Distance Error is 13.518135966175198
2025-04-09 17:26:35,828 - INFO - Moving Inside Water Bath
2025-04-09 17:26:37,857 - INFO - Distance Error is 4.792702786528699
2025-04-09 17:26:42,862 - INFO - Moving outside Water Bath
2025-04-09 17:26:44,887 - WARNING - Distance Error is 13.676622390049358
2025-04-09 17:26:44,888 - INFO - Waiting
2025-04-09 17:26:51,916 - INFO - Distance Error is 3.7656340767525456
2025-04-09 17:26:51,917 - INFO - ###################################### Cycle Completed: 10 ####################################################
2025-04-09 17:26:51,917 - INFO - LN2 Time = {-5.032713595999667} 
2025-04-09 17:26:51,917 - INFO - Water Bath = -7.03432233500007 
2025-04-09 17:26:51,917 - INFO - ######################################################################################################################
2025-04-09 17:26:54,957 - WARNING - Distance Error is 9.53205119583397
2025-04-09 17:26:54,958 - INFO - Moving inside LN2
2025-04-09 17:26:56,987 - WARNING - Distance Error is 6.640783086353593
2025-04-09 17:26:59,991 - INFO - Outside LN2
2025-04-09 17:27:02,016 - INFO - Distance Error is 3.8691084244306224
2025-04-09 17:27:04,046 - WARNING - Distance Error is 13.66528448295166
2025-04-09 17:27:04,047 - INFO - Moving Inside Water Bath
2025-04-09 17:27:06,076 - INFO - Distance Error is 4.792702786528699
2025-04-09 17:27:11,082 - INFO - Moving outside Water Bath
2025-04-09 17:27:13,115 - WARNING - Distance Error is 13.676622390049358
2025-04-09 17:27:13,116 - INFO - Waiting
2025-04-09 17:27:20,145 - INFO - Distance Error is 3.933192087859427
2025-04-09 17:27:20,146 - INFO - ###################################### Cycle Completed: 11 ####################################################
2025-04-09 17:27:20,146 - INFO - LN2 Time = {-5.031873734000328} 
2025-04-09 17:27:20,146 - INFO - Water Bath = -7.034917695999866 
2025-04-09 17:27:20,146 - INFO - ######################################################################################################################
2025-04-09 17:27:23,186 - WARNING - Distance Error is 10.230835742987948
2025-04-09 17:27:23,187 - INFO - Moving inside LN2
2025-04-09 17:27:25,215 - WARNING - Distance Error is 6.53375848956785
2025-04-09 17:27:28,219 - INFO - Outside LN2
2025-04-09 17:27:30,244 - INFO - Distance Error is 3.8483762809787567
2025-04-09 17:27:32,274 - WARNING - Distance Error is 13.518135966175198
2025-04-09 17:27:32,275 - INFO - Moving Inside Water Bath
2025-04-09 17:27:34,303 - INFO - Distance Error is 4.792702786528699
2025-04-09 17:27:39,309 - INFO - Moving outside Water Bath
2025-04-09 17:27:41,332 - WARNING - Distance Error is 13.676622390049358
2025-04-09 17:27:41,333 - INFO - Waiting
2025-04-09 17:27:48,362 - INFO - Distance Error is 3.615245496505043
2025-04-09 17:27:48,363 - INFO - ###################################### Cycle Completed: 12 ####################################################
2025-04-09 17:27:48,363 - INFO - LN2 Time = {-5.031933301999743} 
2025-04-09 17:27:48,363 - INFO - Water Bath = -7.0337035610000385 
2025-04-09 17:27:48,364 - INFO - ######################################################################################################################
2025-04-09 17:27:51,404 - WARNING - Distance Error is 10.230835742987948
2025-04-09 17:27:51,404 - INFO - Moving inside LN2
2025-04-09 17:27:53,433 - WARNING - Distance Error is 6.53375848956785
2025-04-09 17:27:56,436 - INFO - Outside LN2
2025-04-09 17:27:58,461 - INFO - Distance Error is 3.8691084244306224
2025-04-09 17:28:00,492 - WARNING - Distance Error is 13.351029922818686
2025-04-09 17:28:00,492 - INFO - Moving Inside Water Bath
2025-04-09 17:28:02,520 - INFO - Distance Error is 4.792702786528699
2025-04-09 17:28:07,526 - INFO - Moving outside Water Bath
2025-04-09 17:28:09,560 - WARNING - Distance Error is 13.676622390049358
2025-04-09 17:28:09,560 - INFO - Waiting
2025-04-09 17:28:16,590 - INFO - Distance Error is 3.933192087859427
2025-04-09 17:28:16,590 - INFO - ###################################### Cycle Completed: 13 ####################################################
2025-04-09 17:28:16,590 - INFO - LN2 Time = {-5.031570608000038} 
2025-04-09 17:28:16,591 - INFO - Water Bath = -7.033783556000344 
2025-04-09 17:28:16,591 - INFO - ######################################################################################################################
2025-04-09 17:28:19,630 - WARNING - Distance Error is 9.750384607798816
2025-04-09 17:28:19,630 - INFO - Moving inside LN2
2025-04-09 17:28:21,659 - WARNING - Distance Error is 6.427285585688558
2025-04-09 17:28:24,662 - INFO - Outside LN2
2025-04-09 17:28:26,689 - INFO - Distance Error is 3.8483762809787567
2025-04-09 17:28:28,719 - WARNING - Distance Error is 13.351029922818686
2025-04-09 17:28:28,719 - INFO - Moving Inside Water Bath
2025-04-09 17:28:30,748 - INFO - Distance Error is 4.792702786528699
2025-04-09 17:28:35,753 - INFO - Moving outside Water Bath
2025-04-09 17:28:37,788 - WARNING - Distance Error is 13.676622390049358
2025-04-09 17:28:37,788 - INFO - Waiting
2025-04-09 17:28:44,827 - INFO - Distance Error is 3.615245496505043
2025-04-09 17:28:44,827 - INFO - ###################################### Cycle Completed: 14 ####################################################
2025-04-09 17:28:44,827 - INFO - LN2 Time = {-5.031677330000093} 
2025-04-09 17:28:44,828 - INFO - Water Bath = -7.034041132000311 
2025-04-09 17:28:44,828 - INFO - ######################################################################################################################
2025-04-09 17:28:47,867 - WARNING - Distance Error is 10.113851887386915
2025-04-09 17:28:47,867 - INFO - Moving inside LN2
2025-04-09 17:28:49,897 - WARNING - Distance Error is 6.53375848956785
2025-04-09 17:28:52,900 - INFO - Outside LN2
2025-04-09 17:28:54,927 - INFO - Distance Error is 4.177319714841069
2025-04-09 17:28:56,956 - WARNING - Distance Error is 13.40484986861098
2025-04-09 17:28:56,956 - INFO - Moving Inside Water Bath
2025-04-09 17:28:58,986 - INFO - Distance Error is 4.792702786528699
2025-04-09 17:29:03,991 - INFO - Moving outside Water Bath
2025-04-09 17:29:06,016 - WARNING - Distance Error is 13.676622390049358
2025-04-09 17:29:06,016 - INFO - Waiting
2025-04-09 17:29:13,055 - INFO - Distance Error is 3.933192087859427
2025-04-09 17:29:13,055 - INFO - ###################################### Cycle Completed: 15 ####################################################
2025-04-09 17:29:13,055 - INFO - LN2 Time = {-5.032791833999909} 
2025-04-09 17:29:13,056 - INFO - Water Bath = -7.034742474999803 
2025-04-09 17:29:13,056 - INFO - ######################################################################################################################
2025-04-09 17:29:16,096 - WARNING - Distance Error is 10.230835742987948
2025-04-09 17:29:16,097 - INFO - Moving inside LN2
2025-04-09 17:29:18,126 - WARNING - Distance Error is 6.53375848956785
2025-04-09 17:29:21,129 - INFO - Outside LN2
2025-04-09 17:29:23,155 - INFO - Distance Error is 3.7656340767525456
2025-04-09 17:29:25,185 - WARNING - Distance Error is 13.518135966175198
2025-04-09 17:29:25,185 - INFO - Moving Inside Water Bath
2025-04-09 17:29:27,215 - INFO - Distance Error is 4.792702786528699
2025-04-09 17:29:32,220 - INFO - Moving outside Water Bath
2025-04-09 17:29:34,244 - WARNING - Distance Error is 13.676622390049358
2025-04-09 17:29:34,244 - INFO - Waiting
2025-04-09 17:29:41,274 - INFO - Distance Error is 3.6633318168028404
2025-04-09 17:29:41,275 - INFO - ###################################### Cycle Completed: 16 ####################################################
2025-04-09 17:29:41,275 - INFO - LN2 Time = {-5.032602510000288} 
2025-04-09 17:29:41,275 - INFO - Water Bath = -7.034872610999628 
2025-04-09 17:29:41,275 - INFO - ######################################################################################################################
2025-04-09 17:29:44,314 - WARNING - Distance Error is 10.230835742987948
2025-04-09 17:29:44,314 - INFO - Moving inside LN2
2025-04-09 17:29:46,343 - WARNING - Distance Error is 6.53375848956785
2025-04-09 17:29:49,347 - INFO - Outside LN2
2025-04-09 17:29:51,373 - INFO - Distance Error is 4.091454509095755
2025-04-09 17:29:53,402 - WARNING - Distance Error is 13.515176654413356
2025-04-09 17:29:53,402 - INFO - Moving Inside Water Bath
2025-04-09 17:29:55,431 - INFO - Distance Error is 4.792702786528699
2025-04-09 17:30:00,437 - INFO - Moving outside Water Bath
2025-04-09 17:30:02,461 - WARNING - Distance Error is 13.676622390049358
2025-04-09 17:30:02,462 - INFO - Waiting
2025-04-09 17:30:09,490 - INFO - Distance Error is 4.179712908801273
2025-04-09 17:30:09,491 - INFO - ###################################### Cycle Completed: 17 ####################################################
2025-04-09 17:30:09,491 - INFO - LN2 Time = {-5.03203546000077} 
2025-04-09 17:30:09,491 - INFO - Water Bath = -7.033837581999251 
2025-04-09 17:30:09,491 - INFO - ######################################################################################################################
2025-04-09 17:30:12,530 - WARNING - Distance Error is 9.867623827447009
2025-04-09 17:30:12,531 - INFO - Moving inside LN2
2025-04-09 17:30:14,560 - WARNING - Distance Error is 6.624952830020765
2025-04-09 17:30:17,564 - INFO - Outside LN2
2025-04-09 17:30:19,590 - INFO - Distance Error is 3.4597687784012408
2025-04-09 17:30:21,619 - WARNING - Distance Error is 13.66528448295166
2025-04-09 17:30:21,620 - INFO - Moving Inside Water Bath
2025-04-09 17:30:23,649 - INFO - Distance Error is 4.792702786528699
2025-04-09 17:30:28,654 - INFO - Moving outside Water Bath
2025-04-09 17:30:30,679 - WARNING - Distance Error is 13.676622390049358
2025-04-09 17:30:30,680 - INFO - Waiting
2025-04-09 17:30:37,708 - INFO - Distance Error is 3.933192087859427
2025-04-09 17:30:37,709 - INFO - ###################################### Cycle Completed: 18 ####################################################
2025-04-09 17:30:37,709 - INFO - LN2 Time = {-5.032856617000107} 
2025-04-09 17:30:37,709 - INFO - Water Bath = -7.034331441000177 
2025-04-09 17:30:37,709 - INFO - ######################################################################################################################
2025-04-09 17:30:40,750 - WARNING - Distance Error is 10.113851887386915
2025-04-09 17:30:40,750 - INFO - Moving inside LN2
2025-04-09 17:30:42,779 - WARNING - Distance Error is 6.479197481170019
2025-04-09 17:30:45,783 - INFO - Outside LN2
2025-04-09 17:30:47,808 - INFO - Distance Error is 3.8691084244306224
2025-04-09 17:30:49,838 - WARNING - Distance Error is 13.62754563375223
2025-04-09 17:30:49,839 - INFO - Moving Inside Water Bath
2025-04-09 17:30:51,868 - INFO - Distance Error is 4.792702786528699
2025-04-09 17:30:56,874 - INFO - Moving outside Water Bath
2025-04-09 17:30:58,907 - WARNING - Distance Error is 13.676622390049358
2025-04-09 17:30:58,908 - INFO - Waiting
2025-04-09 17:31:05,937 - INFO - Distance Error is 4.115823125451335
2025-04-09 17:31:05,938 - INFO - ###################################### Cycle Completed: 19 ####################################################
2025-04-09 17:31:05,938 - INFO - LN2 Time = {-5.032550276999245} 
2025-04-09 17:31:05,938 - INFO - Water Bath = -7.034721738999906 
2025-04-09 17:31:05,938 - INFO - ######################################################################################################################
2025-04-09 17:31:08,977 - WARNING - Distance Error is 9.835649444749452
2025-04-09 17:31:08,978 - INFO - Moving inside LN2
2025-04-09 17:31:11,006 - WARNING - Distance Error is 5.701754116059384
2025-04-09 17:31:14,010 - INFO - Outside LN2
2025-04-09 17:31:16,036 - INFO - Distance Error is 3.8483762809787567
2025-04-09 17:31:18,066 - WARNING - Distance Error is 13.62754563375223
2025-04-09 17:31:18,067 - INFO - Moving Inside Water Bath
2025-04-09 17:31:20,095 - INFO - Distance Error is 4.86415460280612
2025-04-09 17:31:25,101 - INFO - Moving outside Water Bath
2025-04-09 17:31:27,126 - WARNING - Distance Error is 13.638914912851368
2025-04-09 17:31:27,126 - INFO - Waiting
2025-04-09 17:31:34,156 - INFO - Distance Error is 3.7656340767525456
2025-04-09 17:31:34,156 - INFO - ###################################### Cycle Completed: 20 ####################################################
2025-04-09 17:31:34,156 - INFO - LN2 Time = {-5.031737549999889} 
2025-04-09 17:31:34,156 - INFO - Water Bath = -7.033915650999916 
2025-04-09 17:31:34,157 - INFO - ######################################################################################################################
2025-04-09 17:31:37,196 - WARNING - Distance Error is 10.230835742987948
2025-04-09 17:31:37,196 - INFO - Moving inside LN2
2025-04-09 17:31:39,225 - WARNING - Distance Error is 5.82494635168429
2025-04-09 17:31:42,229 - INFO - Outside LN2
2025-04-09 17:31:44,255 - INFO - Distance Error is 3.8691084244306224
2025-04-09 17:31:46,284 - WARNING - Distance Error is 13.518135966175198
2025-04-09 17:31:46,285 - INFO - Moving Inside Water Bath
2025-04-09 17:31:48,314 - INFO - Distance Error is 4.792702786528699
2025-04-09 17:31:53,320 - INFO - Moving outside Water Bath
2025-04-09 17:31:55,345 - WARNING - Distance Error is 13.676622390049358
2025-04-09 17:31:55,345 - INFO - Waiting
2025-04-09 17:32:02,384 - INFO - Distance Error is 3.933192087859427
2025-04-09 17:32:02,384 - INFO - ###################################### Cycle Completed: 21 ####################################################
2025-04-09 17:32:02,384 - INFO - LN2 Time = {-5.032704303000173} 
2025-04-09 17:32:02,384 - INFO - Water Bath = -7.034745525999824 
2025-04-09 17:32:02,385 - INFO - ######################################################################################################################
2025-04-09 17:32:05,425 - WARNING - Distance Error is 9.53205119583397
2025-04-09 17:32:05,425 - INFO - Moving inside LN2
2025-04-09 17:32:07,454 - WARNING - Distance Error is 6.242595614005452
2025-04-09 17:32:10,458 - INFO - Outside LN2
2025-04-09 17:32:12,484 - INFO - Distance Error is 3.721558813185668
2025-04-09 17:32:14,513 - WARNING - Distance Error is 13.62754563375223
2025-04-09 17:32:14,513 - INFO - Moving Inside Water Bath
2025-04-09 17:32:16,543 - INFO - Distance Error is 4.792702786528699
2025-04-09 17:32:21,548 - INFO - Moving outside Water Bath
2025-04-09 17:32:23,572 - WARNING - Distance Error is 13.676622390049358
2025-04-09 17:32:23,572 - INFO - Waiting
2025-04-09 17:32:30,601 - INFO - Distance Error is 3.615245496505043
2025-04-09 17:32:30,601 - INFO - ###################################### Cycle Completed: 22 ####################################################
2025-04-09 17:32:30,601 - INFO - LN2 Time = {-5.032748058999459} 
2025-04-09 17:32:30,602 - INFO - Water Bath = -7.034857085999647 
2025-04-09 17:32:30,602 - INFO - ######################################################################################################################
2025-04-09 17:32:33,642 - WARNING - Distance Error is 9.53205119583397
2025-04-09 17:32:33,642 - INFO - Moving inside LN2
2025-04-09 17:32:35,672 - WARNING - Distance Error is 6.242595614005452
2025-04-09 17:32:38,675 - INFO - Outside LN2
2025-04-09 17:32:40,701 - INFO - Distance Error is 3.4597687784012408
2025-04-09 17:32:42,731 - WARNING - Distance Error is 13.515176654413356
2025-04-09 17:32:42,731 - INFO - Moving Inside Water Bath
2025-04-09 17:32:44,761 - INFO - Distance Error is 4.792702786528699
2025-04-09 17:32:49,766 - INFO - Moving outside Water Bath
2025-04-09 17:32:51,800 - WARNING - Distance Error is 13.676622390049358
2025-04-09 17:32:51,800 - INFO - Waiting
2025-04-09 17:32:58,830 - INFO - Distance Error is 4.179712908801273
2025-04-09 17:32:58,831 - INFO - ###################################### Cycle Completed: 23 ####################################################
2025-04-09 17:32:58,831 - INFO - LN2 Time = {-5.032810274999974} 
2025-04-09 17:32:58,831 - INFO - Water Bath = -7.0346998100003475 
2025-04-09 17:32:58,831 - INFO - ######################################################################################################################
2025-04-09 17:33:01,870 - WARNING - Distance Error is 9.867623827447009
2025-04-09 17:33:01,871 - INFO - Moving inside LN2
2025-04-09 17:33:03,899 - WARNING - Distance Error is 6.00416522091123
2025-04-09 17:33:06,902 - INFO - Outside LN2
2025-04-09 17:33:08,929 - INFO - Distance Error is 3.3970575502925944
2025-04-09 17:33:10,959 - WARNING - Distance Error is 13.62754563375223
2025-04-09 17:33:10,959 - INFO - Moving Inside Water Bath
2025-04-09 17:33:12,988 - INFO - Distance Error is 4.792702786528699
2025-04-09 17:33:17,993 - INFO - Moving outside Water Bath
2025-04-09 17:33:20,018 - WARNING - Distance Error is 13.676622390049358
2025-04-09 17:33:20,019 - INFO - Waiting
2025-04-09 17:33:27,047 - INFO - Distance Error is 3.933192087859427
2025-04-09 17:33:27,047 - INFO - ###################################### Cycle Completed: 24 ####################################################
2025-04-09 17:33:27,048 - INFO - LN2 Time = {-5.0315066080002} 
2025-04-09 17:33:27,048 - INFO - Water Bath = -7.033847423000225 
2025-04-09 17:33:27,048 - INFO - ######################################################################################################################
2025-04-09 17:33:30,087 - WARNING - Distance Error is 10.230835742987948
2025-04-09 17:33:30,087 - INFO - Moving inside LN2
2025-04-09 17:33:32,117 - WARNING - Distance Error is 5.701754116059384
2025-04-09 17:33:35,121 - INFO - Outside LN2
2025-04-09 17:33:37,147 - INFO - Distance Error is 3.8483762809787567
2025-04-09 17:33:39,176 - WARNING - Distance Error is 13.515176654413356
2025-04-09 17:33:39,177 - INFO - Moving Inside Water Bath
2025-04-09 17:33:41,206 - INFO - Distance Error is 4.792702786528699
2025-04-09 17:33:46,212 - INFO - Moving outside Water Bath
2025-04-09 17:33:48,236 - WARNING - Distance Error is 13.676622390049358
2025-04-09 17:33:48,237 - INFO - Waiting
2025-04-09 17:33:55,275 - INFO - Distance Error is 4.115823125451335
2025-04-09 17:33:55,275 - INFO - ###################################### Cycle Completed: 25 ####################################################
2025-04-09 17:33:55,276 - INFO - LN2 Time = {-5.032754660000137} 
2025-04-09 17:33:55,276 - INFO - Water Bath = -7.034601944000315 
2025-04-09 17:33:55,276 - INFO - ######################################################################################################################
2025-04-09 17:33:58,316 - WARNING - Distance Error is 10.230835742987948
2025-04-09 17:33:58,317 - INFO - Moving inside LN2
2025-04-09 17:34:00,346 - WARNING - Distance Error is 6.478425734698216
2025-04-09 17:34:03,350 - INFO - Outside LN2
2025-04-09 17:34:05,375 - INFO - Distance Error is 3.3970575502925944
2025-04-09 17:34:07,404 - WARNING - Distance Error is 13.40484986861098
2025-04-09 17:34:07,405 - INFO - Moving Inside Water Bath
2025-04-09 17:34:09,434 - INFO - Distance Error is 4.792702786528699
2025-04-09 17:34:14,440 - INFO - Moving outside Water Bath
2025-04-09 17:34:16,464 - WARNING - Distance Error is 13.676622390049358
2025-04-09 17:34:16,465 - INFO - Waiting
2025-04-09 17:34:23,503 - INFO - Distance Error is 4.179712908801273
2025-04-09 17:34:23,504 - INFO - ###################################### Cycle Completed: 26 ####################################################
2025-04-09 17:34:23,504 - INFO - LN2 Time = {-5.032543976999477} 
2025-04-09 17:34:23,504 - INFO - Water Bath = -7.034882261999883 
2025-04-09 17:34:23,504 - INFO - ######################################################################################################################
2025-04-09 17:34:26,544 - WARNING - Distance Error is 10.264501936285084
2025-04-09 17:34:26,545 - INFO - Moving inside LN2
2025-04-09 17:34:28,574 - WARNING - Distance Error is 6.102458520956953
2025-04-09 17:34:31,578 - INFO - Outside LN2
2025-04-09 17:34:33,603 - INFO - Distance Error is 3.4842502780368685
2025-04-09 17:34:35,633 - WARNING - Distance Error is 13.518135966175198
2025-04-09 17:34:35,634 - INFO - Moving Inside Water Bath
2025-04-09 17:34:37,662 - INFO - Distance Error is 4.792702786528699
2025-04-09 17:34:42,668 - INFO - Moving outside Water Bath
2025-04-09 17:34:44,691 - WARNING - Distance Error is 13.676622390049358
2025-04-09 17:34:44,692 - INFO - Waiting
2025-04-09 17:34:51,721 - INFO - Distance Error is 4.179712908801273
2025-04-09 17:34:51,722 - INFO - ###################################### Cycle Completed: 27 ####################################################
2025-04-09 17:34:51,722 - INFO - LN2 Time = {-5.032913807000114} 
2025-04-09 17:34:51,722 - INFO - Water Bath = -7.033815715999481 
2025-04-09 17:34:51,722 - INFO - ######################################################################################################################
2025-04-09 17:34:54,762 - WARNING - Distance Error is 9.867623827447009
2025-04-09 17:34:54,762 - INFO - Moving inside LN2
2025-04-09 17:34:56,791 - WARNING - Distance Error is 6.478425734698216
2025-04-09 17:34:59,794 - INFO - Outside LN2
2025-04-09 17:35:01,821 - INFO - Distance Error is 3.4842502780368685
2025-04-09 17:35:03,850 - WARNING - Distance Error is 13.518135966175198
2025-04-09 17:35:03,851 - INFO - Moving Inside Water Bath
2025-04-09 17:35:05,879 - INFO - Distance Error is 4.772839825512685
2025-04-09 17:35:10,885 - INFO - Moving outside Water Bath
2025-04-09 17:35:12,909 - WARNING - Distance Error is 13.529966740535599
2025-04-09 17:35:12,910 - INFO - Waiting
2025-04-09 17:35:19,939 - INFO - Distance Error is 4.179712908801273
2025-04-09 17:35:19,939 - INFO - ###################################### Cycle Completed: 28 ####################################################
2025-04-09 17:35:19,939 - INFO - LN2 Time = {-5.031952422000359} 
2025-04-09 17:35:19,939 - INFO - Water Bath = -7.033722193999893 
2025-04-09 17:35:19,940 - INFO - ######################################################################################################################
2025-04-09 17:35:22,979 - WARNING - Distance Error is 9.954898291795848
2025-04-09 17:35:22,979 - INFO - Moving inside LN2
2025-04-09 17:35:25,009 - WARNING - Distance Error is 6.478425734698216
2025-04-09 17:35:28,012 - INFO - Outside LN2
2025-04-09 17:35:30,039 - INFO - Distance Error is 3.4597687784012408
2025-04-09 17:35:32,068 - WARNING - Distance Error is 13.463283403390111
2025-04-09 17:35:32,068 - INFO - Moving Inside Water Bath
2025-04-09 17:35:34,098 - INFO - Distance Error is 4.792702786528699
2025-04-09 17:35:39,102 - INFO - Moving outside Water Bath
2025-04-09 17:35:41,128 - WARNING - Distance Error is 13.676622390049358
2025-04-09 17:35:41,128 - INFO - Waiting
2025-04-09 17:35:48,157 - INFO - Distance Error is 3.933192087859427
2025-04-09 17:35:48,157 - INFO - ###################################### Cycle Completed: 29 ####################################################
2025-04-09 17:35:48,157 - INFO - LN2 Time = {-5.032975369999804} 
2025-04-09 17:35:48,157 - INFO - Water Bath = -7.033973536999838 
2025-04-09 17:35:48,158 - INFO - ######################################################################################################################
2025-04-09 17:35:51,198 - WARNING - Distance Error is 10.230835742987948
2025-04-09 17:35:51,198 - INFO - Moving inside LN2
2025-04-09 17:35:53,228 - WARNING - Distance Error is 6.123724356957955
2025-04-09 17:35:56,231 - INFO - Outside LN2
2025-04-09 17:35:58,257 - INFO - Distance Error is 3.4842502780368685
2025-04-09 17:36:00,287 - WARNING - Distance Error is 13.584181977579641
2025-04-09 17:36:00,287 - INFO - Moving Inside Water Bath
2025-04-09 17:36:02,317 - INFO - Distance Error is 4.792702786528699
2025-04-09 17:36:07,322 - INFO - Moving outside Water Bath
2025-04-09 17:36:09,356 - WARNING - Distance Error is 13.676622390049358
2025-04-09 17:36:09,356 - INFO - Waiting
2025-04-09 17:36:16,396 - INFO - Distance Error is 4.179712908801273
2025-04-09 17:36:16,396 - INFO - ###################################### Cycle Completed: 30 ####################################################
2025-04-09 17:36:16,396 - INFO - LN2 Time = {-5.032754305999333} 
2025-04-09 17:36:16,397 - INFO - Water Bath = -7.0348996849998 
2025-04-09 17:36:16,397 - INFO - ######################################################################################################################
2025-04-09 17:36:16,397 - INFO - Operation Completed Sucessfully
2025-04-09 17:36:16,397 - INFO - Programmed execution completed
