2025-04-11 14:38:59,126 - INFO - Starting Experiment
2025-04-11 14:38:59,126 - INFO - Experiment Parameters
2025-04-11 14:38:59,127 - INFO - Experiment Name: Error_Testing
2025-04-11 14:38:59,127 - INFO - Person Responsible: Akshit
2025-04-11 14:38:59,127 - INFO - Thermomixer Time: 5
2025-04-11 14:38:59,128 - INFO - Liquid Nitrogen Time: 5
2025-04-11 14:38:59,128 - INFO - Waiting Time 5
2025-04-11 14:38:59,128 - INFO - Number of Cycles 5
2025-04-11 14:38:59,129 - INFO - Robot Speed 100
2025-04-11 14:38:59,129 - INFO - Run Number 1
2025-04-11 14:39:00,921 - INFO - Starting Experiment
2025-04-11 14:39:02,945 - WARNING - Distance Error is 7.473954776421938
2025-04-11 14:39:04,967 - INFO - Distance Error is 2.0639767440550116
2025-04-11 14:39:08,004 - WARNING - Distance Error is 8.675252157718528
2025-04-11 14:39:08,005 - INFO - Moving inside LN2
2025-04-11 14:39:10,031 - WARNING - Distance Error is 7.569015788066514
2025-04-11 14:39:13,035 - INFO - Outside LN2
2025-04-11 14:39:15,059 - INFO - Distance Error is 4.670117771534242
2025-04-11 14:39:17,086 - WARNING - Distance Error is 13.278554138158272
2025-04-11 14:39:17,086 - INFO - Moving Inside Water Bath
2025-04-11 14:39:19,112 - WARNING - Distance Error is 5.605354582896609
2025-04-11 14:39:22,116 - INFO - Moving outside Water Bath
2025-04-11 14:39:24,140 - WARNING - Distance Error is 12.742841127472307
2025-04-11 14:39:24,141 - INFO - Waiting
2025-04-11 14:39:31,169 - WARNING - Distance Error is 5.346026561849469
2025-04-11 14:39:31,169 - INFO - ###################################### Cycle Completed: 1 ####################################################
2025-04-11 14:39:31,170 - INFO - LN2 Time = {-5.029517860999476} 
2025-04-11 14:39:31,170 - INFO - Water Bath = -5.029139608999685 
2025-04-11 14:39:31,170 - INFO - ######################################################################################################################
2025-04-11 14:39:34,207 - WARNING - Distance Error is 10.795369377654465
2025-04-11 14:39:34,208 - INFO - Moving inside LN2
2025-04-11 14:39:36,233 - WARNING - Distance Error is 7.334166619323558
2025-04-11 14:39:39,236 - INFO - Outside LN2
2025-04-11 14:39:41,261 - INFO - Distance Error is 4.615192303685726
2025-04-11 14:39:43,288 - WARNING - Distance Error is 13.278554138158272
2025-04-11 14:39:43,288 - INFO - Moving Inside Water Bath
2025-04-11 14:39:45,314 - WARNING - Distance Error is 6.191930232165084
2025-04-11 14:39:48,318 - INFO - Moving outside Water Bath
2025-04-11 14:39:50,342 - WARNING - Distance Error is 12.835497652993418
2025-04-11 14:39:50,342 - INFO - Waiting
2025-04-11 14:39:57,370 - WARNING - Distance Error is 5.346026561849469
2025-04-11 14:39:57,370 - INFO - ###################################### Cycle Completed: 2 ####################################################
2025-04-11 14:39:57,371 - INFO - LN2 Time = {-5.028494326001237} 
2025-04-11 14:39:57,371 - INFO - Water Bath = -5.029092500999468 
2025-04-11 14:39:57,371 - INFO - ######################################################################################################################
2025-04-11 14:40:00,408 - WARNING - Distance Error is 10.121758740456118
2025-04-11 14:40:00,408 - INFO - Moving inside LN2
2025-04-11 14:40:02,435 - WARNING - Distance Error is 7.5173133498611024
2025-04-11 14:40:05,438 - INFO - Outside LN2
2025-04-11 14:40:07,463 - INFO - Distance Error is 4.561797891182812
2025-04-11 14:40:09,489 - WARNING - Distance Error is 13.221951444472921
2025-04-11 14:40:09,490 - INFO - Moving Inside Water Bath
2025-04-11 14:40:11,516 - WARNING - Distance Error is 7.158910531638179
2025-04-11 14:40:14,519 - INFO - Moving outside Water Bath
2025-04-11 14:40:16,544 - WARNING - Distance Error is 12.891470048058892
2025-04-11 14:40:16,544 - INFO - Waiting
2025-04-11 14:40:23,572 - WARNING - Distance Error is 5.155579501860101
2025-04-11 14:40:23,573 - INFO - ###################################### Cycle Completed: 3 ####################################################
2025-04-11 14:40:23,573 - INFO - LN2 Time = {-5.02942210800029} 
2025-04-11 14:40:23,574 - INFO - Water Bath = -5.029214076999779 
2025-04-11 14:40:23,574 - INFO - ######################################################################################################################
2025-04-11 14:40:26,611 - WARNING - Distance Error is 10.230835742987948
2025-04-11 14:40:26,611 - INFO - Moving inside LN2
2025-04-11 14:40:28,636 - WARNING - Distance Error is 7.5173133498611024
2025-04-11 14:40:31,640 - INFO - Outside LN2
2025-04-11 14:40:33,664 - INFO - Distance Error is 4.716990566028297
2025-04-11 14:40:35,691 - WARNING - Distance Error is 13.221951444472921
2025-04-11 14:40:35,692 - INFO - Moving Inside Water Bath
2025-04-11 14:40:37,718 - WARNING - Distance Error is 7.170774016799027
2025-04-11 14:40:40,721 - INFO - Moving outside Water Bath
2025-04-11 14:40:42,746 - WARNING - Distance Error is 13.043772460450217
2025-04-11 14:40:42,746 - INFO - Waiting
2025-04-11 14:40:49,774 - WARNING - Distance Error is 5.346026561849469
2025-04-11 14:40:49,774 - INFO - ###################################### Cycle Completed: 4 ####################################################
2025-04-11 14:40:49,774 - INFO - LN2 Time = {-5.028380491999997} 
2025-04-11 14:40:49,775 - INFO - Water Bath = -5.029140646000087 
2025-04-11 14:40:49,775 - INFO - ######################################################################################################################
2025-04-11 14:40:52,812 - WARNING - Distance Error is 10.230835742987948
2025-04-11 14:40:52,812 - INFO - Moving inside LN2
2025-04-11 14:40:54,838 - WARNING - Distance Error is 7.463913182774833
2025-04-11 14:40:57,842 - INFO - Outside LN2
2025-04-11 14:40:59,866 - INFO - Distance Error is 4.562893818619928
2025-04-11 14:41:01,893 - WARNING - Distance Error is 13.221951444472921
2025-04-11 14:41:01,894 - INFO - Moving Inside Water Bath
2025-04-11 14:41:03,919 - WARNING - Distance Error is 7.170774016799027
2025-04-11 14:41:06,923 - INFO - Moving outside Water Bath
2025-04-11 14:41:08,948 - WARNING - Distance Error is 12.920526305069755
2025-04-11 14:41:08,948 - INFO - Waiting
2025-04-11 14:41:15,977 - WARNING - Distance Error is 5.155579501860101
2025-04-11 14:41:15,977 - INFO - ###################################### Cycle Completed: 5 ####################################################
2025-04-11 14:41:15,978 - INFO - LN2 Time = {-5.029360698999881} 
2025-04-11 14:41:15,978 - INFO - Water Bath = -5.02888217400141 
2025-04-11 14:41:15,978 - INFO - ######################################################################################################################
2025-04-11 14:41:18,002 - INFO - Distance Error is 1.272792206135791
2025-04-11 14:41:18,003 - INFO - Moving to Rest Position
2025-04-11 14:41:20,029 - WARNING - Distance Error is 5.517245689653504
2025-04-11 14:41:20,029 - INFO - Releasing All Servos
2025-04-11 14:41:20,531 - INFO - Completed and Relesed Motors
2025-04-11 14:41:20,531 - INFO - Operation Completed Sucessfully
2025-04-11 14:41:20,531 - INFO - Programmed execution completed
