2025-05-22 14:34:02,753 - INFO - Starting Robot Actions
2025-05-22 14:34:02,783 - INFO - Robot control retrieved successfully
2025-05-22 14:34:02,809 - INFO - Updated settings
2025-05-22 14:34:02,810 - INFO - Thermomixer time: 5
2025-05-22 14:34:02,810 - INFO - Liquid Nitrogen time: 5
2025-05-22 14:34:02,811 - INFO - Waiting time: 5
2025-05-22 14:34:02,811 - INFO - Number of cycles: 10
2025-05-22 14:34:17,190 - INFO - Robot log updated successfully
2025-05-22 14:34:19,267 - INFO - Distance Error is 7.856844150166153
2025-05-22 14:34:21,432 - INFO - Distance Error is 2.8301943396169746
2025-05-22 14:34:21,442 - INFO - A
2025-05-22 14:34:22,498 - INFO - B
2025-05-22 14:34:22,529 - INFO - Robot log updated successfully
2025-05-22 14:34:24,663 - INFO - Distance Error is 7.1617037079175345
2025-05-22 14:34:24,705 - INFO - Robot log updated successfully
2025-05-22 14:34:24,706 - INFO - Moving inside LN2
2025-05-22 14:34:26,944 - INFO - Distance Error is 5.817215828899598
2025-05-22 14:34:30,097 - INFO - Outside LN2
2025-05-22 14:34:30,130 - INFO - Robot log updated successfully
2025-05-22 14:34:32,315 - INFO - Distance Error is 4.267317658670361
2025-05-22 14:34:32,352 - INFO - Robot log updated successfully
2025-05-22 14:34:34,546 - INFO - Distance Error is 13.334541611919018
2025-05-22 14:34:34,546 - INFO - Moving Inside Water Bath
2025-05-22 14:34:34,582 - INFO - Robot log updated successfully
2025-05-22 14:34:36,765 - INFO - Distance Error is 5.662155066756837
2025-05-22 14:34:39,893 - INFO - Moving outside Water Bath
2025-05-22 14:34:40,058 - INFO - Robot log updated successfully
2025-05-22 14:34:42,246 - INFO - Distance Error is 13.485547819795826
2025-05-22 14:34:42,246 - INFO - Waiting
2025-05-22 14:34:42,285 - INFO - Robot log updated successfully
2025-05-22 14:34:47,359 - INFO - ###################################### Cycle Completed: 1 ####################################################
2025-05-22 14:34:47,360 - INFO - LN2 Time = {-5.390123268000025} 
2025-05-22 14:34:47,360 - INFO - Water Bath = -5.346854397999778 
2025-05-22 14:34:47,361 - INFO - ######################################################################################################################
2025-05-22 14:34:47,361 - INFO - c
2025-05-22 14:34:47,370 - INFO - A
2025-05-22 14:34:48,446 - INFO - B
2025-05-22 14:34:48,484 - INFO - Robot log updated successfully
2025-05-22 14:34:50,649 - INFO - Distance Error is 7.150524456289907
2025-05-22 14:34:50,715 - INFO - Robot log updated successfully
2025-05-22 14:34:50,715 - INFO - Moving inside LN2
2025-05-22 14:34:52,899 - INFO - Distance Error is 5.609812831102313
2025-05-22 14:34:54,600 - INFO - Stopping cycle, Raising Exception
2025-05-22 14:34:54,656 - INFO - Robot log updated successfully
2025-05-22 14:34:54,679 - INFO - Currently at [-16.5, -208.4, 205.0, -176.68, -4.73, -144.05]
2025-05-22 14:34:54,679 - INFO - Moving to [-2.7, -206.6, 253.6, -175.6, -5.0, -144.88]
2025-05-22 14:34:56,709 - INFO - Distance Error is 4.249705872175143
2025-05-22 14:34:58,726 - INFO - Distance Error is 1.9646882704388349
2025-05-22 14:34:58,726 - INFO - Moving to rest position
2025-05-22 14:35:00,756 - INFO - Distance Error is 4.652956049652752
2025-05-22 14:35:00,756 - INFO - releasing all servos
2025-05-22 14:35:01,301 - INFO - Robot log updated successfully
2025-05-22 14:35:08,307 - INFO - Robot log updated successfully
2025-05-22 14:35:10,541 - INFO - Distance Error is 7.874642849044018
2025-05-22 14:35:12,648 - INFO - Distance Error is 2.7928480087537824
2025-05-22 14:35:12,658 - INFO - A
2025-05-22 14:35:13,702 - INFO - B
2025-05-22 14:35:13,733 - INFO - Robot log updated successfully
2025-05-22 14:35:15,918 - INFO - Distance Error is 7.131619731870156
2025-05-22 14:35:15,960 - INFO - Robot log updated successfully
2025-05-22 14:35:15,962 - INFO - Moving inside LN2
2025-05-22 14:35:18,080 - INFO - Distance Error is 5.7157676649773075
2025-05-22 14:35:21,215 - INFO - Outside LN2
2025-05-22 14:35:21,244 - INFO - Robot log updated successfully
2025-05-22 14:35:23,391 - INFO - Distance Error is 4.305810028322185
2025-05-22 14:35:23,427 - INFO - Robot log updated successfully
2025-05-22 14:35:25,611 - INFO - Distance Error is 13.367871932360808
2025-05-22 14:35:25,612 - INFO - Moving Inside Water Bath
2025-05-22 14:35:25,648 - INFO - Robot log updated successfully
2025-05-22 14:35:27,822 - INFO - Distance Error is 5.600892785976188
2025-05-22 14:35:30,951 - INFO - Moving outside Water Bath
2025-05-22 14:35:30,987 - INFO - Robot log updated successfully
2025-05-22 14:35:33,133 - INFO - Distance Error is 13.301879566437218
2025-05-22 14:35:33,133 - INFO - Waiting
2025-05-22 14:35:33,170 - INFO - Robot log updated successfully
2025-05-22 14:35:38,250 - INFO - ###################################### Cycle Completed: 2 ####################################################
2025-05-22 14:35:38,251 - INFO - LN2 Time = {-5.252758365999398} 
2025-05-22 14:35:38,257 - INFO - Water Bath = -5.338752884999849 
2025-05-22 14:35:38,257 - INFO - ######################################################################################################################
2025-05-22 14:35:38,257 - INFO - c
2025-05-22 14:35:38,270 - INFO - A
2025-05-22 14:35:39,312 - INFO - B
2025-05-22 14:35:39,339 - INFO - Robot log updated successfully
2025-05-22 14:35:41,515 - INFO - Distance Error is 6.916646586316237
2025-05-22 14:35:41,553 - INFO - Robot log updated successfully
2025-05-22 14:35:41,553 - INFO - Moving inside LN2
2025-05-22 14:35:43,726 - INFO - Distance Error is 5.609812831102313
2025-05-22 14:35:46,851 - INFO - Outside LN2
2025-05-22 14:35:46,881 - INFO - Robot log updated successfully
2025-05-22 14:35:49,017 - INFO - Distance Error is 4.0706264874095215
2025-05-22 14:35:49,056 - INFO - Robot log updated successfully
2025-05-22 14:35:51,198 - INFO - Distance Error is 13.367871932360808
2025-05-22 14:35:51,198 - INFO - Moving Inside Water Bath
2025-05-22 14:35:51,235 - INFO - Robot log updated successfully
2025-05-22 14:35:53,369 - INFO - Distance Error is 5.55517776493247
2025-05-22 14:35:56,496 - INFO - Moving outside Water Bath
2025-05-22 14:35:56,520 - INFO - Robot log updated successfully
2025-05-22 14:35:58,690 - INFO - Distance Error is 13.138493064274918
2025-05-22 14:35:58,690 - INFO - Waiting
2025-05-22 14:35:58,727 - INFO - Robot log updated successfully
2025-05-22 14:36:03,780 - INFO - ###################################### Cycle Completed: 3 ####################################################
2025-05-22 14:36:03,781 - INFO - LN2 Time = {-5.297720851000122} 
2025-05-22 14:36:03,788 - INFO - Water Bath = -5.297883377999824 
2025-05-22 14:36:03,789 - INFO - ######################################################################################################################
2025-05-22 14:36:03,789 - INFO - c
2025-05-22 14:36:03,798 - INFO - A
2025-05-22 14:36:04,840 - INFO - B
2025-05-22 14:36:04,875 - INFO - Robot log updated successfully
2025-05-22 14:36:07,002 - INFO - Distance Error is 6.916646586316237
2025-05-22 14:36:07,040 - INFO - Robot log updated successfully
2025-05-22 14:36:07,041 - INFO - Moving inside LN2
2025-05-22 14:36:09,162 - INFO - Distance Error is 5.609812831102313
2025-05-22 14:36:12,288 - INFO - Outside LN2
2025-05-22 14:36:12,326 - INFO - Robot log updated successfully
2025-05-22 14:36:14,502 - INFO - Distance Error is 4.267317658670361
2025-05-22 14:36:14,542 - INFO - Robot log updated successfully
2025-05-22 14:36:16,723 - INFO - Distance Error is 13.367871932360808
2025-05-22 14:36:16,724 - INFO - Moving Inside Water Bath
2025-05-22 14:36:16,872 - INFO - Robot log updated successfully
2025-05-22 14:36:19,043 - INFO - Distance Error is 5.662155066756837
2025-05-22 14:36:22,173 - INFO - Moving outside Water Bath
2025-05-22 14:36:22,217 - INFO - Robot log updated successfully
2025-05-22 14:36:24,394 - INFO - Distance Error is 13.386933928274987
2025-05-22 14:36:24,394 - INFO - Waiting
2025-05-22 14:36:24,454 - INFO - Robot log updated successfully
2025-05-22 14:36:29,476 - INFO - ###################################### Cycle Completed: 4 ####################################################
2025-05-22 14:36:29,477 - INFO - LN2 Time = {-5.246850234998419} 
2025-05-22 14:36:29,477 - INFO - Water Bath = -5.449271261000831 
2025-05-22 14:36:29,478 - INFO - ######################################################################################################################
2025-05-22 14:36:29,478 - INFO - c
2025-05-22 14:36:29,490 - INFO - A
2025-05-22 14:36:30,541 - INFO - B
2025-05-22 14:36:30,582 - INFO - Robot log updated successfully
2025-05-22 14:36:32,785 - INFO - Distance Error is 6.835934464285045
2025-05-22 14:36:32,823 - INFO - Robot log updated successfully
2025-05-22 14:36:32,823 - INFO - Moving inside LN2
2025-05-22 14:36:34,996 - INFO - Distance Error is 5.609812831102313
2025-05-22 14:36:38,130 - INFO - Outside LN2
2025-05-22 14:36:38,159 - INFO - Robot log updated successfully
2025-05-22 14:36:40,286 - INFO - Distance Error is 4.305810028322185
2025-05-22 14:36:40,324 - INFO - Robot log updated successfully
2025-05-22 14:36:42,447 - INFO - Distance Error is 13.334541611919018
2025-05-22 14:36:42,447 - INFO - Moving Inside Water Bath
2025-05-22 14:36:42,485 - INFO - Robot log updated successfully
2025-05-22 14:36:44,667 - INFO - Distance Error is 5.600892785976188
2025-05-22 14:36:47,794 - INFO - Moving outside Water Bath
2025-05-22 14:36:47,819 - INFO - Robot log updated successfully
2025-05-22 14:36:49,988 - INFO - Distance Error is 13.597058505426824
2025-05-22 14:36:49,989 - INFO - Waiting
2025-05-22 14:36:50,025 - INFO - Robot log updated successfully
2025-05-22 14:36:55,087 - INFO - ###################################### Cycle Completed: 5 ####################################################
2025-05-22 14:36:55,088 - INFO - LN2 Time = {-5.306365667998762} 
2025-05-22 14:36:55,095 - INFO - Water Bath = -5.346722997999677 
2025-05-22 14:36:55,096 - INFO - ######################################################################################################################
2025-05-22 14:36:55,096 - INFO - c
2025-05-22 14:36:55,106 - INFO - A
2025-05-22 14:36:56,150 - INFO - B
2025-05-22 14:36:56,185 - INFO - Robot log updated successfully
2025-05-22 14:36:58,310 - INFO - Distance Error is 6.946221994724906
2025-05-22 14:36:58,346 - INFO - Robot log updated successfully
2025-05-22 14:36:58,347 - INFO - Moving inside LN2
2025-05-22 14:37:00,511 - INFO - Distance Error is 5.916924876994802
2025-05-22 14:37:03,637 - INFO - Outside LN2
2025-05-22 14:37:03,668 - INFO - Robot log updated successfully
2025-05-22 14:37:05,852 - INFO - Distance Error is 4.2778499272414745
2025-05-22 14:37:05,891 - INFO - Robot log updated successfully
2025-05-22 14:37:08,073 - INFO - Distance Error is 13.367871932360808
2025-05-22 14:37:08,073 - INFO - Moving Inside Water Bath
2025-05-22 14:37:08,113 - INFO - Robot log updated successfully
2025-05-22 14:37:10,294 - INFO - Distance Error is 5.600892785976188
2025-05-22 14:37:13,422 - INFO - Moving outside Water Bath
2025-05-22 14:37:13,448 - INFO - Robot log updated successfully
2025-05-22 14:37:15,564 - INFO - Distance Error is 13.597058505426824
2025-05-22 14:37:15,565 - INFO - Waiting
2025-05-22 14:37:15,602 - INFO - Robot log updated successfully
2025-05-22 14:37:20,625 - INFO - ###################################### Cycle Completed: 6 ####################################################
2025-05-22 14:37:20,626 - INFO - LN2 Time = {-5.289996501998758} 
2025-05-22 14:37:20,638 - INFO - Water Bath = -5.348196705999726 
2025-05-22 14:37:20,639 - INFO - ######################################################################################################################
2025-05-22 14:37:20,639 - INFO - c
2025-05-22 14:37:20,650 - INFO - A
2025-05-22 14:37:21,694 - INFO - B
2025-05-22 14:37:21,723 - INFO - Robot log updated successfully
2025-05-22 14:37:23,877 - INFO - Distance Error is 6.946221994724906
2025-05-22 14:37:23,914 - INFO - Robot log updated successfully
2025-05-22 14:37:23,915 - INFO - Moving inside LN2
2025-05-22 14:37:26,098 - INFO - Distance Error is 5.776677245614477
2025-05-22 14:37:29,274 - INFO - Outside LN2
2025-05-22 14:37:29,313 - INFO - Robot log updated successfully
2025-05-22 14:37:30,454 - INFO - Stopping cycle, Raising Exception
2025-05-22 14:37:30,564 - INFO - Robot log updated successfully
2025-05-22 14:37:30,583 - INFO - Currently at [-3.4, -208.6, 249.9, -176.42, -4.72, -144.6]
2025-05-22 14:37:30,586 - INFO - Moving to [-2.7, -206.6, 253.6, -175.6, -5.0, -144.88]
2025-05-22 14:37:32,611 - INFO - Distance Error is 4.458699361921595
2025-05-22 14:37:34,640 - INFO - Distance Error is 1.9313207915827808
2025-05-22 14:37:34,641 - INFO - Moving to rest position
2025-05-22 14:37:36,669 - INFO - Distance Error is 4.589117562233515
2025-05-22 14:37:36,670 - INFO - releasing all servos
2025-05-22 14:37:37,226 - INFO - Robot log updated successfully
2025-05-22 14:39:43,327 - INFO - Failed to get experiment settings
