2025-05-20 16:41:56,977 - INFO - Starting Robot Actions
2025-05-20 16:41:57,029 - INFO - Robot control retrieved successfully
2025-05-20 16:41:57,066 - INFO - Robot log updated successfully
2025-05-20 16:41:59,254 - INFO - Distance Error is 6.8804069647078485
2025-05-20 16:42:01,365 - INFO - Distance Error is 3.116087290176564
2025-05-20 16:42:02,450 - INFO - Robot log updated successfully
2025-05-20 16:42:04,615 - INFO - Distance Error is 7.19305220334176
2025-05-20 16:42:04,657 - INFO - Robot log updated successfully
2025-05-20 16:42:04,658 - INFO - Moving inside LN2
2025-05-20 16:42:06,826 - INFO - Distance Error is 5.890670590009256
2025-05-20 16:42:06,826 - INFO - Outside LN2
2025-05-20 16:42:06,866 - INFO - Robot log updated successfully
2025-05-20 16:42:09,036 - INFO - Distance Error is 4.1737273509418324
2025-05-20 16:42:09,078 - INFO - Robot log updated successfully
2025-05-20 16:42:11,267 - INFO - Distance Error is 13.434656675925867
2025-05-20 16:42:11,267 - INFO - Moving Inside Water Bath
2025-05-20 16:42:11,304 - INFO - Robot log updated successfully
2025-05-20 16:42:13,488 - INFO - Distance Error is 5.600892785976188
2025-05-20 16:42:13,488 - INFO - Moving outside Water Bath
2025-05-20 16:42:13,530 - INFO - Robot log updated successfully
2025-05-20 16:42:15,718 - INFO - Distance Error is 13.553228397691813
2025-05-20 16:42:15,719 - INFO - Waiting
2025-05-20 16:42:15,761 - INFO - Robot log updated successfully
2025-05-20 16:42:16,836 - INFO - ###################################### Cycle Completed: 1 ####################################################
2025-05-20 16:42:16,840 - INFO - LN2 Time = {-2.1681804700000384} 
2025-05-20 16:42:16,842 - INFO - Water Bath = -2.220740927999998 
2025-05-20 16:42:16,845 - INFO - ######################################################################################################################
2025-05-20 16:42:16,966 - INFO - Robot log updated successfully
2025-05-20 16:42:17,019 - INFO - Stopping cycle, Raising Exception
2025-05-20 16:42:17,100 - INFO - Robot log updated successfully
2025-05-20 16:42:17,112 - INFO - Currently at [192.0, -18.4, 257.2, 177.4, -6.5, -63.84]
2025-05-20 16:42:17,112 - INFO - Moving to [205.2, -16.0, 260, 178.65, -6.81, -64.68]
2025-05-20 16:42:19,140 - INFO - Distance Error is 13.653570961473774
2025-05-20 16:42:21,169 - INFO - Distance Error is 1.2041594578792325
2025-05-20 16:42:21,169 - INFO - Moving to rest position
2025-05-20 16:42:23,199 - INFO - Distance Error is 4.197618372363088
2025-05-20 16:42:23,199 - INFO - releasing all servos
2025-05-20 16:42:23,747 - INFO - Robot log updated successfully
2025-05-20 16:43:05,109 - INFO - Robot log updated successfully
2025-05-20 16:43:07,208 - INFO - Distance Error is 6.866585760041158
2025-05-20 16:43:09,323 - INFO - Distance Error is 2.8705400188814587
2025-05-20 16:43:09,426 - INFO - Robot log updated successfully
2025-05-20 16:43:09,448 - INFO - Stopping cycle, Raising Exception
2025-05-20 16:43:09,479 - INFO - Robot log updated successfully
2025-05-20 16:43:09,495 - INFO - Currently at [104.4, -23.0, 284.0, 174.18, -1.45, -21.13]
2025-05-20 16:43:09,495 - INFO - Moving to [205.2, -16.0, 260, 178.65, -6.81, -64.68]
2025-05-20 16:43:11,524 - INFO - Distance Error is 13.524052647043323
2025-05-20 16:43:13,555 - INFO - Distance Error is 1.1090536506409332
2025-05-20 16:43:13,555 - INFO - Moving to rest position
2025-05-20 16:43:15,584 - INFO - Distance Error is 4.387482193696066
2025-05-20 16:43:15,584 - INFO - releasing all servos
2025-05-20 16:43:16,244 - INFO - Robot log updated successfully
2025-05-20 16:43:28,560 - INFO - Robot log updated successfully
2025-05-20 16:43:30,650 - INFO - Distance Error is 7.222880311897751
2025-05-20 16:43:32,765 - INFO - Distance Error is 2.8301943396169746
2025-05-20 16:43:32,804 - INFO - Robot log updated successfully
2025-05-20 16:43:32,824 - INFO - Stopping cycle, Raising Exception
2025-05-20 16:43:32,850 - INFO - Robot log updated successfully
2025-05-20 16:43:32,867 - INFO - Currently at [104.4, -23.1, 284.0, 174.12, -1.51, -21.12]
2025-05-20 16:43:32,867 - INFO - Moving to [205.2, -16.0, 260, 178.65, -6.81, -64.68]
2025-05-20 16:43:34,897 - INFO - Distance Error is 13.470708964267601
2025-05-20 16:43:36,926 - INFO - Distance Error is 1.3152946437965913
2025-05-20 16:43:36,926 - INFO - Moving to rest position
2025-05-20 16:43:38,956 - INFO - Distance Error is 4.339354790749434
2025-05-20 16:43:38,956 - INFO - releasing all servos
2025-05-20 16:43:39,506 - INFO - Robot log updated successfully
