2025-05-22 12:41:26,823 - INFO - Starting Robot Actions
2025-05-22 12:41:26,878 - INFO - Robot control retrieved successfully
2025-05-22 12:44:17,944 - INFO - Robot log updated successfully
2025-05-22 12:44:20,033 - INFO - Distance Error is 7.561084578286395
2025-05-22 12:44:22,163 - INFO - Distance Error is 2.9206163733020376
2025-05-22 12:44:22,174 - INFO - A
2025-05-22 12:44:23,217 - INFO - B
2025-05-22 12:44:23,251 - INFO - Robot log updated successfully
2025-05-22 12:44:25,495 - INFO - Distance Error is 7.049113419430826
2025-05-22 12:44:25,533 - INFO - Robot log updated successfully
2025-05-22 12:44:25,534 - INFO - Moving inside LN2
2025-05-22 12:44:27,736 - INFO - Distance Error is 5.9640590204993735
2025-05-22 12:44:27,736 - INFO - Outside LN2
2025-05-22 12:44:27,776 - INFO - Robot log updated successfully
2025-05-22 12:44:29,898 - INFO - Distance Error is 4.478839135311738
2025-05-22 12:44:29,944 - INFO - Robot log updated successfully
2025-05-22 12:44:32,075 - INFO - Distance Error is 13.434656675925867
2025-05-22 12:44:32,076 - INFO - Moving Inside Water Bath
2025-05-22 12:44:32,117 - INFO - Robot log updated successfully
2025-05-22 12:44:34,237 - INFO - Distance Error is 5.640035460881439
2025-05-22 12:44:34,237 - INFO - Moving outside Water Bath
2025-05-22 12:44:34,278 - INFO - Robot log updated successfully
2025-05-22 12:44:36,312 - INFO - Distance Error is 13.649175799292783
2025-05-22 12:44:36,316 - INFO - Waiting
2025-05-22 12:44:36,423 - INFO - Robot log updated successfully
2025-05-22 12:44:37,533 - INFO - ###################################### Cycle Completed: 1 ####################################################
2025-05-22 12:44:37,534 - INFO - LN2 Time = {-2.201682428999902} 
2025-05-22 12:44:37,534 - INFO - Water Bath = -2.161326921999944 
2025-05-22 12:44:37,535 - INFO - ######################################################################################################################
2025-05-22 12:44:37,535 - INFO - c
2025-05-22 12:44:37,536 - INFO - 1
2025-05-22 12:44:37,536 - INFO - 1
2025-05-22 12:44:37,536 - INFO - outside loop
2025-05-22 12:44:37,601 - INFO - Robot log updated successfully
2025-05-22 12:44:37,635 - INFO - Stopping cycle, Raising Exception
2025-05-22 12:44:37,690 - INFO - Robot log updated successfully
2025-05-22 12:44:37,713 - INFO - Currently at [192.5, -19.2, 256.9, 177.53, -6.25, -64.12]
2025-05-22 12:44:37,716 - INFO - Moving to [205.2, -16.0, 260, 178.65, -6.81, -64.68]
2025-05-22 12:44:39,739 - INFO - Distance Error is 13.642213896578511
2025-05-22 12:44:41,769 - INFO - Distance Error is 1.3190905958272865
2025-05-22 12:44:41,770 - INFO - Moving to rest position
2025-05-22 12:44:43,798 - INFO - Distance Error is 4.896937818678131
2025-05-22 12:44:43,799 - INFO - releasing all servos
2025-05-22 12:44:44,443 - INFO - Robot log updated successfully
