2025-07-21 16:48:42,410 - INFO - Starting Robot Actions
2025-07-21 16:48:43,178 - INFO - Robot control retrieved successfully
2025-07-21 16:48:43,188 - INFO - Failed to get experiment settings
2025-07-22 14:39:18,280 - INFO - Updated settings
2025-07-22 14:39:18,283 - INFO - Thermomixer time: 5
2025-07-22 14:39:18,283 - INFO - Liquid Nitrogen time: 5
2025-07-22 14:39:18,284 - INFO - Waiting time: 2
2025-07-22 14:39:18,284 - INFO - Number of cycles: 1
2025-07-22 14:39:18,390 - INFO - Robot log updated successfully
2025-07-22 14:39:20,505 - INFO - Distance Error is 7.569015788066519
2025-07-22 14:39:22,611 - INFO - Distance Error is 3.4713109915419538
2025-07-22 14:39:23,704 - INFO - Robot log updated successfully
2025-07-22 14:39:25,891 - INFO - Distance Error is 7.164495795239191
2025-07-22 14:39:25,933 - INFO - Robot log updated successfully
2025-07-22 14:39:25,933 - INFO - Moving inside LN2
2025-07-22 14:39:28,112 - INFO - Distance Error is 6.084406298070516
2025-07-22 14:39:31,239 - INFO - Outside LN2
2025-07-22 14:39:31,273 - INFO - Robot log updated successfully
2025-07-22 14:39:33,452 - INFO - Distance Error is 4.267317658670361
2025-07-22 14:39:33,488 - INFO - Robot log updated successfully
2025-07-22 14:39:35,683 - INFO - Distance Error is 13.247263868437122
2025-07-22 14:39:35,683 - INFO - Moving Inside Water Bath
2025-07-22 14:39:35,720 - INFO - Robot log updated successfully
2025-07-22 14:39:37,903 - INFO - Distance Error is 5.583905443325497
2025-07-22 14:39:41,030 - INFO - Moving outside Water Bath
2025-07-22 14:39:41,055 - INFO - Robot log updated successfully
2025-07-22 14:39:43,244 - INFO - Distance Error is 13.273658124270039
2025-07-22 14:39:43,244 - INFO - Waiting
2025-07-22 14:39:43,284 - INFO - Robot log updated successfully
2025-07-22 14:39:45,446 - INFO - ###################################### Cycle Completed: 1 ####################################################
2025-07-22 14:39:45,447 - INFO - LN2 Time = {-5.304745916000002} 
2025-07-22 14:39:45,447 - INFO - Water Bath = -5.346143288999997 
2025-07-22 14:39:45,448 - INFO - Extra Cycle Time = 10.835142717999986
2025-07-22 14:39:45,448 - INFO - ######################################################################################################################
2025-07-22 14:39:45,480 - INFO - Robot log updated successfully
2025-07-22 14:39:45,498 - INFO - Stopping cycle, Raising Exception
2025-07-22 14:39:45,530 - INFO - Robot log updated successfully
2025-07-22 14:39:45,547 - INFO - Currently at [192.6, -20.0, 257.2, 177.85, -5.95, -64.51]
2025-07-22 14:39:45,547 - INFO - Moving to [205.2, -16.0, 260, 178.65, -6.81, -64.68]
2025-07-22 14:39:47,576 - INFO - Distance Error is 13.645878498652989
2025-07-22 14:39:49,605 - INFO - Distance Error is 1.3928388277184094
2025-07-22 14:39:49,606 - INFO - Moving to rest position
2025-07-22 14:39:51,635 - INFO - Distance Error is 4.589117562233515
2025-07-22 14:39:51,635 - INFO - releasing all servos
2025-07-22 14:39:52,275 - INFO - Robot log updated successfully
2025-07-22 14:45:03,589 - INFO - Robot log updated successfully
2025-07-22 14:45:05,661 - INFO - Distance Error is 6.9036222376373075
2025-07-22 14:45:07,769 - INFO - Distance Error is 2.8722813232690263
2025-07-22 14:45:07,810 - INFO - Robot log updated successfully
2025-07-22 14:45:07,830 - INFO - Stopping cycle, Raising Exception
2025-07-22 14:45:07,966 - INFO - Robot log updated successfully
2025-07-22 14:45:07,979 - INFO - Currently at [104.4, -23.2, 283.9, 174.0, -1.52, -21.12]
2025-07-22 14:45:07,980 - INFO - Moving to [205.2, -16.0, 260, 178.65, -6.81, -64.68]
2025-07-22 14:45:10,009 - INFO - Distance Error is 13.649175799292765
2025-07-22 14:45:12,040 - INFO - Distance Error is 1.1180339887498871
2025-07-22 14:45:12,041 - INFO - Moving to rest position
2025-07-22 14:45:14,070 - INFO - Distance Error is 4.754997371187501
2025-07-22 14:45:14,070 - INFO - releasing all servos
2025-07-22 14:45:14,712 - INFO - Robot log updated successfully
