2025-05-22 12:22:30,352 - INFO - Starting Robot Actions
2025-05-22 12:22:30,407 - INFO - Robot control retrieved successfully
2025-05-22 12:22:30,444 - INFO - Robot log updated successfully
2025-05-22 12:22:32,560 - INFO - Distance Error is 7.5179784516850185
2025-05-22 12:22:34,670 - INFO - Distance Error is 2.9017236257093892
2025-05-22 12:22:35,762 - INFO - Robot log updated successfully
2025-05-22 12:22:37,871 - INFO - Distance Error is 6.868041933477108
2025-05-22 12:22:37,915 - INFO - Robot log updated successfully
2025-05-22 12:22:37,916 - INFO - Moving inside LN2
2025-05-22 12:22:40,022 - INFO - Distance Error is 5.817215828899598
2025-05-22 12:22:40,023 - INFO - Outside LN2
2025-05-22 12:22:40,061 - INFO - Robot log updated successfully
2025-05-22 12:22:42,173 - INFO - Distance Error is 4.223742416388565
2025-05-22 12:22:42,216 - INFO - Robot log updated successfully
2025-05-22 12:22:44,354 - INFO - Distance Error is 13.434656675925867
2025-05-22 12:22:44,355 - INFO - Moving Inside Water Bath
2025-05-22 12:22:44,401 - INFO - Robot log updated successfully
2025-05-22 12:22:46,635 - INFO - Distance Error is 5.583905443325497
2025-05-22 12:22:46,636 - INFO - Moving outside Water Bath
2025-05-22 12:22:46,737 - INFO - Robot log updated successfully
2025-05-22 12:22:46,771 - INFO - Stopping cycle, Raising Exception
2025-05-22 12:22:46,847 - INFO - Robot log updated successfully
2025-05-22 12:22:46,868 - INFO - Currently at [206.8, -14.9, 209.8, 178.0, -0.14, -64.85]
2025-05-22 12:22:46,871 - INFO - Moving to [205.2, -16.0, 260, 178.65, -6.81, -64.68]
2025-05-22 12:22:48,886 - INFO - Distance Error is 13.463283403390117
2025-05-22 12:22:50,915 - INFO - Distance Error is 1.1090536506409332
2025-05-22 12:22:50,915 - INFO - Moving to rest position
2025-05-22 12:22:52,945 - INFO - Distance Error is 4.498888751680812
2025-05-22 12:22:52,945 - INFO - releasing all servos
2025-05-22 12:22:53,591 - INFO - Robot log updated successfully
2025-05-22 12:24:11,474 - INFO - Robot log updated successfully
2025-05-22 12:24:13,600 - INFO - Distance Error is 7.561084578286395
2025-05-22 12:24:15,710 - INFO - Distance Error is 2.8301943396169746
2025-05-22 12:24:16,795 - INFO - Robot log updated successfully
2025-05-22 12:24:18,951 - INFO - Distance Error is 6.809552114493285
2025-05-22 12:24:18,996 - INFO - Robot log updated successfully
2025-05-22 12:24:18,997 - INFO - Moving inside LN2
2025-05-22 12:24:21,202 - INFO - Distance Error is 5.731491952362843
2025-05-22 12:24:21,202 - INFO - Outside LN2
2025-05-22 12:24:21,243 - INFO - Robot log updated successfully
2025-05-22 12:24:23,432 - INFO - Distance Error is 4.205948168962608
2025-05-22 12:24:23,472 - INFO - Robot log updated successfully
2025-05-22 12:24:25,673 - INFO - Distance Error is 13.531444860028786
2025-05-22 12:24:25,673 - INFO - Moving Inside Water Bath
2025-05-22 12:24:25,724 - INFO - Robot log updated successfully
2025-05-22 12:24:27,914 - INFO - Distance Error is 5.583905443325497
2025-05-22 12:24:27,915 - INFO - Moving outside Water Bath
2025-05-22 12:24:27,959 - INFO - Robot log updated successfully
2025-05-22 12:24:30,135 - INFO - Distance Error is 13.463283403390117
2025-05-22 12:24:30,135 - INFO - Waiting
2025-05-22 12:24:30,175 - INFO - Robot log updated successfully
2025-05-22 12:24:31,295 - INFO - ###################################### Cycle Completed: 1 ####################################################
2025-05-22 12:24:31,295 - INFO - LN2 Time = {-2.2044807959999844} 
2025-05-22 12:24:31,296 - INFO - Water Bath = -2.2409146210000017 
2025-05-22 12:24:31,296 - INFO - ######################################################################################################################
2025-05-22 12:24:31,339 - INFO - Robot log updated successfully
2025-05-22 12:24:31,358 - INFO - Stopping cycle, Raising Exception
2025-05-22 12:24:31,392 - INFO - Robot log updated successfully
2025-05-22 12:24:31,407 - INFO - Currently at [192.6, -20.0, 257.2, 177.85, -5.95, -64.51]
2025-05-22 12:24:31,407 - INFO - Moving to [205.2, -16.0, 260, 178.65, -6.81, -64.68]
2025-05-22 12:24:33,436 - INFO - Distance Error is 13.813761254632992
2025-05-22 12:24:35,466 - INFO - Distance Error is 1.2041594578792325
2025-05-22 12:24:35,466 - INFO - Moving to rest position
2025-05-22 12:24:37,495 - INFO - Distance Error is 4.609772228646461
2025-05-22 12:24:37,495 - INFO - releasing all servos
2025-05-22 12:24:38,148 - INFO - Robot log updated successfully
