2025-05-22 17:14:00,310 - INFO - Starting Robot Actions
2025-05-22 17:14:01,349 - INFO - Robot control retrieved successfully
2025-05-22 17:14:01,359 - INFO - Failed to get experiment settings
2025-05-26 15:02:39,962 - INFO - Updated settings
2025-05-26 15:02:39,964 - INFO - Thermomixer time: 5
2025-05-26 15:02:39,964 - INFO - Liquid Nitrogen time: 5
2025-05-26 15:02:39,965 - INFO - Waiting time: 5
2025-05-26 15:02:39,965 - INFO - Number of cycles: 10
2025-05-26 15:02:40,100 - INFO - Robot log updated successfully
2025-05-26 15:02:42,189 - INFO - Distance Error is 7.887965517166012
2025-05-26 15:02:44,383 - INFO - Distance Error is 3.2710854467591983
2025-05-26 15:02:45,484 - INFO - Robot log updated successfully
2025-05-26 15:02:47,694 - INFO - Distance Error is 7.172865536171707
2025-05-26 15:02:47,736 - INFO - Robot log updated successfully
2025-05-26 15:02:47,736 - INFO - Moving inside LN2
2025-05-26 15:02:49,945 - INFO - Distance Error is 5.74630315942347
2025-05-26 15:02:53,101 - INFO - Outside LN2
2025-05-26 15:02:53,135 - INFO - Robot log updated successfully
2025-05-26 15:02:55,345 - INFO - Distance Error is 4.223742416388565
2025-05-26 15:02:55,384 - INFO - Robot log updated successfully
2025-05-26 15:02:57,605 - INFO - Distance Error is 13.334166640626623
2025-05-26 15:02:57,606 - INFO - Moving Inside Water Bath
2025-05-26 15:02:57,655 - INFO - Robot log updated successfully
2025-05-26 15:02:59,855 - INFO - Distance Error is 5.738466694161438
2025-05-26 15:03:03,014 - INFO - Moving outside Water Bath
2025-05-26 15:03:03,058 - INFO - Robot log updated successfully
2025-05-26 15:03:05,257 - INFO - Distance Error is 13.449907062875939
2025-05-26 15:03:05,257 - INFO - Waiting
2025-05-26 15:03:05,305 - INFO - Robot log updated successfully
2025-05-26 15:03:10,423 - INFO - ###################################### Cycle Completed: 1 ####################################################
2025-05-26 15:03:10,424 - INFO - LN2 Time = {-5.364394777000001} 
2025-05-26 15:03:10,433 - INFO - Water Bath = -5.407941422999983 
2025-05-26 15:03:10,434 - INFO - ######################################################################################################################
2025-05-26 15:03:11,534 - INFO - Robot log updated successfully
2025-05-26 15:03:13,578 - INFO - Distance Error is 6.305553108173786
2025-05-26 15:03:13,627 - INFO - Robot log updated successfully
2025-05-26 15:03:13,628 - INFO - Moving inside LN2
2025-05-26 15:03:15,859 - INFO - Distance Error is 5.7157676649773075
2025-05-26 15:03:19,023 - INFO - Outside LN2
2025-05-26 15:03:19,055 - INFO - Robot log updated successfully
2025-05-26 15:03:21,260 - INFO - Distance Error is 4.267317658670361
2025-05-26 15:03:21,305 - INFO - Robot log updated successfully
2025-05-26 15:03:23,530 - INFO - Distance Error is 13.334166640626623
2025-05-26 15:03:23,530 - INFO - Moving Inside Water Bath
2025-05-26 15:03:23,571 - INFO - Robot log updated successfully
2025-05-26 15:03:25,760 - INFO - Distance Error is 5.640035460881439
2025-05-26 15:03:28,922 - INFO - Moving outside Water Bath
2025-05-26 15:03:28,963 - INFO - Robot log updated successfully
2025-05-26 15:03:31,160 - INFO - Distance Error is 13.361511890501017
2025-05-26 15:03:31,161 - INFO - Waiting
2025-05-26 15:03:31,403 - INFO - Robot log updated successfully
2025-05-26 15:03:36,526 - INFO - ###################################### Cycle Completed: 2 ####################################################
2025-05-26 15:03:36,527 - INFO - LN2 Time = {-5.395194548999996} 
2025-05-26 15:03:36,527 - INFO - Water Bath = -5.39172786200001 
2025-05-26 15:03:36,527 - INFO - ######################################################################################################################
2025-05-26 15:03:37,622 - INFO - Robot log updated successfully
2025-05-26 15:03:39,843 - INFO - Distance Error is 6.673829485385421
2025-05-26 15:03:39,886 - INFO - Robot log updated successfully
2025-05-26 15:03:39,887 - INFO - Moving inside LN2
2025-05-26 15:03:42,093 - INFO - Distance Error is 5.446099521676037
2025-05-26 15:03:45,248 - INFO - Outside LN2
2025-05-26 15:03:45,280 - INFO - Robot log updated successfully
2025-05-26 15:03:47,454 - INFO - Distance Error is 4.249705872175143
2025-05-26 15:03:47,498 - INFO - Robot log updated successfully
2025-05-26 15:03:49,544 - INFO - Distance Error is 13.215899515356488
2025-05-26 15:03:49,545 - INFO - Moving Inside Water Bath
2025-05-26 15:03:49,601 - INFO - Robot log updated successfully
2025-05-26 15:03:51,805 - INFO - Distance Error is 5.662155066756837
2025-05-26 15:03:54,945 - INFO - Moving outside Water Bath
2025-05-26 15:03:54,983 - INFO - Robot log updated successfully
2025-05-26 15:03:56,351 - INFO - Stopping cycle, Raising Exception
2025-05-26 15:03:56,420 - INFO - Robot log updated successfully
2025-05-26 15:03:56,440 - INFO - Currently at [192.7, -20.4, 257.5, 178.11, -5.81, -64.37]
2025-05-26 15:03:56,441 - INFO - Moving to [205.2, -16.0, 260, 178.65, -6.81, -64.68]
2025-05-26 15:03:58,468 - INFO - Distance Error is 13.741542853697311
2025-05-26 15:04:00,498 - INFO - Distance Error is 1.2328828005937962
2025-05-26 15:04:00,499 - INFO - Moving to rest position
2025-05-26 15:04:02,528 - INFO - Distance Error is 4.834252786108739
2025-05-26 15:04:02,528 - INFO - releasing all servos
2025-05-26 15:04:03,185 - INFO - Robot log updated successfully
2025-05-26 15:05:19,636 - INFO - Robot log updated successfully
2025-05-26 15:05:21,716 - INFO - Distance Error is 7.548509786706272
2025-05-26 15:05:23,825 - INFO - Distance Error is 2.8301943396169746
2025-05-26 15:05:24,909 - INFO - Robot log updated successfully
2025-05-26 15:05:27,096 - INFO - Distance Error is 7.1617037079175345
2025-05-26 15:05:27,137 - INFO - Robot log updated successfully
2025-05-26 15:05:27,137 - INFO - Moving inside LN2
2025-05-26 15:05:29,317 - INFO - Distance Error is 5.659505278732422
2025-05-26 15:05:32,443 - INFO - Outside LN2
2025-05-26 15:05:32,471 - INFO - Robot log updated successfully
2025-05-26 15:05:34,627 - INFO - Distance Error is 4.290687590584974
2025-05-26 15:05:34,665 - INFO - Robot log updated successfully
2025-05-26 15:05:36,888 - INFO - Distance Error is 13.334166640626623
2025-05-26 15:05:36,889 - INFO - Moving Inside Water Bath
2025-05-26 15:05:36,927 - INFO - Robot log updated successfully
2025-05-26 15:05:39,109 - INFO - Distance Error is 5.662155066756837
2025-05-26 15:05:42,242 - INFO - Moving outside Water Bath
2025-05-26 15:05:42,273 - INFO - Robot log updated successfully
2025-05-26 15:05:44,429 - INFO - Distance Error is 13.492961127936299
2025-05-26 15:05:44,429 - INFO - Waiting
2025-05-26 15:05:44,466 - INFO - Robot log updated successfully
2025-05-26 15:05:49,537 - INFO - ###################################### Cycle Completed: 3 ####################################################
2025-05-26 15:05:49,538 - INFO - LN2 Time = {-5.3050258320000125} 
2025-05-26 15:05:49,550 - INFO - Water Bath = -5.353293518999976 
2025-05-26 15:05:49,550 - INFO - ######################################################################################################################
2025-05-26 15:05:50,636 - INFO - Robot log updated successfully
2025-05-26 15:05:52,811 - INFO - Distance Error is 6.034069936618228
2025-05-26 15:05:52,848 - INFO - Robot log updated successfully
2025-05-26 15:05:52,849 - INFO - Moving inside LN2
2025-05-26 15:05:55,021 - INFO - Distance Error is 5.609812831102313
2025-05-26 15:05:58,149 - INFO - Outside LN2
2025-05-26 15:05:58,176 - INFO - Robot log updated successfully
2025-05-26 15:06:00,363 - INFO - Distance Error is 4.388621651498326
2025-05-26 15:06:00,397 - INFO - Robot log updated successfully
2025-05-26 15:06:02,573 - INFO - Distance Error is 13.273281433014219
2025-05-26 15:06:02,574 - INFO - Moving Inside Water Bath
2025-05-26 15:06:02,615 - INFO - Robot log updated successfully
2025-05-26 15:06:04,784 - INFO - Distance Error is 5.738466694161438
2025-05-26 15:06:07,912 - INFO - Moving outside Water Bath
2025-05-26 15:06:07,952 - INFO - Robot log updated successfully
2025-05-26 15:06:10,154 - INFO - Distance Error is 13.492961127936299
2025-05-26 15:06:10,154 - INFO - Waiting
2025-05-26 15:06:10,191 - INFO - Robot log updated successfully
2025-05-26 15:06:15,306 - INFO - ###################################### Cycle Completed: 4 ####################################################
2025-05-26 15:06:15,307 - INFO - LN2 Time = {-5.298930009999992} 
2025-05-26 15:06:15,307 - INFO - Water Bath = -5.338161735999961 
2025-05-26 15:06:15,307 - INFO - ######################################################################################################################
2025-05-26 15:06:16,393 - INFO - Robot log updated successfully
2025-05-26 15:06:18,567 - INFO - Distance Error is 6.1220911460055945
2025-05-26 15:06:18,604 - INFO - Robot log updated successfully
2025-05-26 15:06:18,604 - INFO - Moving inside LN2
2025-05-26 15:06:20,688 - INFO - Distance Error is 5.446099521676037
2025-05-26 15:06:23,844 - INFO - Outside LN2
2025-05-26 15:06:23,872 - INFO - Robot log updated successfully
2025-05-26 15:06:26,049 - INFO - Distance Error is 4.388621651498326
2025-05-26 15:06:26,094 - INFO - Robot log updated successfully
2025-05-26 15:06:28,279 - INFO - Distance Error is 13.273281433014219
2025-05-26 15:06:28,279 - INFO - Moving Inside Water Bath
2025-05-26 15:06:28,320 - INFO - Robot log updated successfully
2025-05-26 15:06:30,490 - INFO - Distance Error is 5.662155066756837
2025-05-26 15:06:33,615 - INFO - Moving outside Water Bath
2025-05-26 15:06:33,647 - INFO - Robot log updated successfully
2025-05-26 15:06:35,820 - INFO - Distance Error is 13.311649033834968
2025-05-26 15:06:35,820 - INFO - Waiting
2025-05-26 15:06:35,859 - INFO - Robot log updated successfully
2025-05-26 15:06:40,915 - INFO - ###################################### Cycle Completed: 5 ####################################################
2025-05-26 15:06:40,915 - INFO - LN2 Time = {-5.239775608999992} 
2025-05-26 15:06:40,915 - INFO - Water Bath = -5.335160239999993 
2025-05-26 15:06:40,916 - INFO - ######################################################################################################################
2025-05-26 15:06:41,999 - INFO - Robot log updated successfully
2025-05-26 15:06:44,183 - INFO - Distance Error is 6.305553108173786
2025-05-26 15:06:44,220 - INFO - Robot log updated successfully
2025-05-26 15:06:44,221 - INFO - Moving inside LN2
2025-05-26 15:06:46,404 - INFO - Distance Error is 5.446099521676037
2025-05-26 15:06:49,529 - INFO - Outside LN2
2025-05-26 15:06:49,561 - INFO - Robot log updated successfully
2025-05-26 15:06:51,755 - INFO - Distance Error is 4.3646305685590265
2025-05-26 15:06:51,795 - INFO - Robot log updated successfully
2025-05-26 15:06:53,965 - INFO - Distance Error is 13.309770847013102
2025-05-26 15:06:53,965 - INFO - Moving Inside Water Bath
2025-05-26 15:06:54,006 - INFO - Robot log updated successfully
2025-05-26 15:06:56,176 - INFO - Distance Error is 5.738466694161438
2025-05-26 15:06:59,303 - INFO - Moving outside Water Bath
2025-05-26 15:06:59,330 - INFO - Robot log updated successfully
2025-05-26 15:07:01,507 - INFO - Distance Error is 13.404849868610986
2025-05-26 15:07:01,507 - INFO - Waiting
2025-05-26 15:07:01,554 - INFO - Robot log updated successfully
2025-05-26 15:07:06,616 - INFO - ###################################### Cycle Completed: 6 ####################################################
2025-05-26 15:07:06,616 - INFO - LN2 Time = {-5.307544268000015} 
2025-05-26 15:07:06,617 - INFO - Water Bath = -5.337136792000024 
2025-05-26 15:07:06,617 - INFO - ######################################################################################################################
2025-05-26 15:07:07,710 - INFO - Robot log updated successfully
2025-05-26 15:07:09,891 - INFO - Distance Error is 6.207253821135405
2025-05-26 15:07:09,930 - INFO - Robot log updated successfully
2025-05-26 15:07:09,931 - INFO - Moving inside LN2
2025-05-26 15:07:12,132 - INFO - Distance Error is 5.446099521676037
2025-05-26 15:07:15,266 - INFO - Outside LN2
2025-05-26 15:07:15,314 - INFO - Robot log updated successfully
2025-05-26 15:07:17,501 - INFO - Distance Error is 4.267317658670361
2025-05-26 15:07:17,548 - INFO - Robot log updated successfully
2025-05-26 15:07:19,753 - INFO - Distance Error is 13.273281433014219
2025-05-26 15:07:19,753 - INFO - Moving Inside Water Bath
2025-05-26 15:07:19,793 - INFO - Robot log updated successfully
2025-05-26 15:07:21,983 - INFO - Distance Error is 5.738466694161438
2025-05-26 15:07:25,109 - INFO - Moving outside Water Bath
2025-05-26 15:07:25,139 - INFO - Robot log updated successfully
2025-05-26 15:07:27,314 - INFO - Distance Error is 13.492961127936299
2025-05-26 15:07:27,314 - INFO - Waiting
2025-05-26 15:07:27,354 - INFO - Robot log updated successfully
2025-05-26 15:07:32,416 - INFO - ###################################### Cycle Completed: 7 ####################################################
2025-05-26 15:07:32,417 - INFO - LN2 Time = {-5.3348592280000275} 
2025-05-26 15:07:32,423 - INFO - Water Bath = -5.3552705609999975 
2025-05-26 15:07:32,424 - INFO - ######################################################################################################################
2025-05-26 15:07:33,515 - INFO - Robot log updated successfully
2025-05-26 15:07:35,697 - INFO - Distance Error is 6.305553108173786
2025-05-26 15:07:35,737 - INFO - Robot log updated successfully
2025-05-26 15:07:35,738 - INFO - Moving inside LN2
2025-05-26 15:07:37,928 - INFO - Distance Error is 5.357238094391547
2025-05-26 15:07:41,057 - INFO - Outside LN2
2025-05-26 15:07:41,095 - INFO - Robot log updated successfully
2025-05-26 15:07:43,269 - INFO - Distance Error is 4.259107887809358
2025-05-26 15:07:43,308 - INFO - Robot log updated successfully
2025-05-26 15:07:45,480 - INFO - Distance Error is 13.215899515356488
2025-05-26 15:07:45,480 - INFO - Moving Inside Water Bath
2025-05-26 15:07:45,519 - INFO - Robot log updated successfully
2025-05-26 15:07:47,690 - INFO - Distance Error is 5.662155066756837
2025-05-26 15:07:50,817 - INFO - Moving outside Water Bath
2025-05-26 15:07:50,844 - INFO - Robot log updated successfully
2025-05-26 15:07:53,011 - INFO - Distance Error is 13.449907062875939
2025-05-26 15:07:53,011 - INFO - Waiting
2025-05-26 15:07:53,054 - INFO - Robot log updated successfully
2025-05-26 15:07:58,153 - INFO - ###################################### Cycle Completed: 8 ####################################################
2025-05-26 15:07:58,154 - INFO - LN2 Time = {-5.319070339999996} 
2025-05-26 15:07:58,154 - INFO - Water Bath = -5.3364875380000285 
2025-05-26 15:07:58,154 - INFO - ######################################################################################################################
2025-05-26 15:07:59,244 - INFO - Robot log updated successfully
2025-05-26 15:08:01,433 - INFO - Distance Error is 6.456004956627597
2025-05-26 15:08:01,472 - INFO - Robot log updated successfully
2025-05-26 15:08:01,473 - INFO - Moving inside LN2
2025-05-26 15:08:03,654 - INFO - Distance Error is 5.446099521676037
2025-05-26 15:08:06,781 - INFO - Outside LN2
2025-05-26 15:08:06,809 - INFO - Robot log updated successfully
2025-05-26 15:08:08,986 - INFO - Distance Error is 4.267317658670361
2025-05-26 15:08:09,025 - INFO - Robot log updated successfully
2025-05-26 15:08:11,207 - INFO - Distance Error is 13.334166640626623
2025-05-26 15:08:11,207 - INFO - Moving Inside Water Bath
2025-05-26 15:08:11,248 - INFO - Robot log updated successfully
2025-05-26 15:08:13,448 - INFO - Distance Error is 5.662155066756837
2025-05-26 15:08:16,574 - INFO - Moving outside Water Bath
2025-05-26 15:08:16,602 - INFO - Robot log updated successfully
2025-05-26 15:08:18,789 - INFO - Distance Error is 13.449907062875939
2025-05-26 15:08:18,789 - INFO - Waiting
2025-05-26 15:08:18,829 - INFO - Robot log updated successfully
2025-05-26 15:08:23,902 - INFO - ###################################### Cycle Completed: 9 ####################################################
2025-05-26 15:08:23,903 - INFO - LN2 Time = {-5.307094433999964} 
2025-05-26 15:08:23,911 - INFO - Water Bath = -5.367068900999982 
2025-05-26 15:08:23,911 - INFO - ######################################################################################################################
2025-05-26 15:08:25,000 - INFO - Robot log updated successfully
2025-05-26 15:08:27,183 - INFO - Distance Error is 6.207253821135405
2025-05-26 15:08:27,220 - INFO - Robot log updated successfully
2025-05-26 15:08:27,220 - INFO - Moving inside LN2
2025-05-26 15:08:29,392 - INFO - Distance Error is 5.555177764932456
2025-05-26 15:08:32,517 - INFO - Outside LN2
2025-05-26 15:08:32,547 - INFO - Robot log updated successfully
2025-05-26 15:08:34,744 - INFO - Distance Error is 4.259107887809358
2025-05-26 15:08:34,784 - INFO - Robot log updated successfully
2025-05-26 15:08:36,964 - INFO - Distance Error is 13.42721117730707
2025-05-26 15:08:36,965 - INFO - Moving Inside Water Bath
2025-05-26 15:08:37,007 - INFO - Robot log updated successfully
2025-05-26 15:08:39,185 - INFO - Distance Error is 5.662155066756837
2025-05-26 15:08:42,312 - INFO - Moving outside Water Bath
2025-05-26 15:08:42,338 - INFO - Robot log updated successfully
2025-05-26 15:08:44,525 - INFO - Distance Error is 13.449907062875939
2025-05-26 15:08:44,525 - INFO - Waiting
2025-05-26 15:08:44,564 - INFO - Robot log updated successfully
2025-05-26 15:08:49,629 - INFO - ###################################### Cycle Completed: 10 ####################################################
2025-05-26 15:08:49,629 - INFO - LN2 Time = {-5.29615422400002} 
2025-05-26 15:08:49,638 - INFO - Water Bath = -5.346993325000028 
2025-05-26 15:08:49,639 - INFO - ######################################################################################################################
2025-05-26 15:08:49,668 - INFO - Robot log updated successfully
2025-05-26 15:08:49,685 - INFO - Stopping cycle, Raising Exception
2025-05-26 15:08:49,712 - INFO - Robot log updated successfully
2025-05-26 15:08:49,728 - INFO - Currently at [192.6, -20.5, 257.0, 177.75, -6.11, -64.76]
2025-05-26 15:08:49,729 - INFO - Moving to [205.2, -16.0, 260, 178.65, -6.81, -64.68]
2025-05-26 15:08:51,757 - INFO - Distance Error is 13.841965178398624
2025-05-26 15:08:53,786 - INFO - Distance Error is 1.2409673645990857
2025-05-26 15:08:53,787 - INFO - Moving to rest position
2025-05-26 15:08:55,817 - INFO - Distance Error is 4.609772228646461
2025-05-26 15:08:55,817 - INFO - releasing all servos
2025-05-26 15:08:56,363 - INFO - Robot log updated successfully
