2025-06-04 14:52:26,714 - INFO - Starting Robot Actions
2025-06-04 14:52:27,721 - INFO - Robot control retrieved successfully
2025-06-04 14:52:27,734 - INFO - Failed to get experiment settings
2025-06-04 15:05:10,231 - INFO - Updated settings
2025-06-04 15:05:10,235 - INFO - Thermomixer time: 5
2025-06-04 15:05:10,236 - INFO - Liquid Nitrogen time: 5
2025-06-04 15:05:10,236 - INFO - Waiting time: 2
2025-06-04 15:05:10,237 - INFO - Number of cycles: 1
2025-06-04 15:05:10,340 - INFO - Robot log updated successfully
2025-06-04 15:05:12,468 - INFO - Distance Error is 7.513986957667702
2025-06-04 15:05:14,578 - INFO - Distance Error is 2.9206163733020376
2025-06-04 15:05:15,663 - INFO - Robot log updated successfully
2025-06-04 15:05:17,779 - INFO - Distance Error is 7.1617037079175345
2025-06-04 15:05:17,813 - INFO - Robot log updated successfully
2025-06-04 15:05:17,813 - INFO - Moving inside LN2
2025-06-04 15:05:19,940 - INFO - Distance Error is 5.659505278732422
2025-06-04 15:05:23,067 - INFO - Outside LN2
2025-06-04 15:05:23,101 - INFO - Robot log updated successfully
2025-06-04 15:05:25,210 - INFO - Distance Error is 4.223742416388565
2025-06-04 15:05:25,245 - INFO - Robot log updated successfully
2025-06-04 15:05:27,361 - INFO - Distance Error is 13.312024639400258
2025-06-04 15:05:27,361 - INFO - Moving Inside Water Bath
2025-06-04 15:05:27,399 - INFO - Robot log updated successfully
2025-06-04 15:05:29,512 - INFO - Distance Error is 5.500000000000005
2025-06-04 15:05:32,639 - INFO - Moving outside Water Bath
2025-06-04 15:05:32,665 - INFO - Robot log updated successfully
2025-06-04 15:05:34,783 - INFO - Distance Error is 13.21249408703747
2025-06-04 15:05:34,783 - INFO - Waiting
2025-06-04 15:05:34,817 - INFO - Robot log updated successfully
2025-06-04 15:05:36,907 - INFO - ###################################### Cycle Completed: 1 ####################################################
2025-06-04 15:05:36,908 - INFO - LN2 Time = {-5.252982426000017} 
2025-06-04 15:05:36,908 - INFO - Water Bath = -5.278164696999966 
2025-06-04 15:05:36,908 - INFO - Extra Cycle Time = 10.32896545199992
2025-06-04 15:05:36,908 - INFO - ######################################################################################################################
2025-06-04 15:05:37,191 - INFO - Robot log updated successfully
2025-06-04 15:05:37,215 - INFO - Stopping cycle, Raising Exception
2025-06-04 15:05:37,248 - INFO - Robot log updated successfully
2025-06-04 15:05:37,265 - INFO - Currently at [192.5, -19.8, 257.1, 177.76, -5.94, -64.42]
2025-06-04 15:05:37,265 - INFO - Moving to [205.2, -16.0, 260, 178.65, -6.81, -64.68]
2025-06-04 15:05:39,295 - INFO - Distance Error is 13.739723432442142
2025-06-04 15:05:41,325 - INFO - Distance Error is 1.2041594578792296
2025-06-04 15:05:41,325 - INFO - Moving to rest position
2025-06-04 15:05:43,354 - INFO - Distance Error is 4.948737212663459
2025-06-04 15:05:43,354 - INFO - releasing all servos
2025-06-04 15:05:43,899 - INFO - Robot log updated successfully
2025-06-04 15:06:37,976 - INFO - Updated settings
2025-06-04 15:06:37,976 - INFO - Thermomixer time: 5
2025-06-04 15:06:37,976 - INFO - Liquid Nitrogen time: 5
2025-06-04 15:06:37,977 - INFO - Waiting time: 5
2025-06-04 15:06:37,977 - INFO - Number of cycles: 10
2025-06-04 15:06:38,079 - INFO - Robot log updated successfully
2025-06-04 15:06:40,216 - INFO - Distance Error is 7.513986957667702
2025-06-04 15:06:42,327 - INFO - Distance Error is 2.8705400188814587
2025-06-04 15:06:43,410 - INFO - Robot log updated successfully
2025-06-04 15:06:45,528 - INFO - Distance Error is 7.259476565152598
2025-06-04 15:06:45,562 - INFO - Robot log updated successfully
2025-06-04 15:06:45,563 - INFO - Moving inside LN2
2025-06-04 15:06:47,680 - INFO - Distance Error is 5.74630315942347
2025-06-04 15:06:50,806 - INFO - Outside LN2
2025-06-04 15:06:50,835 - INFO - Robot log updated successfully
2025-06-04 15:06:52,961 - INFO - Distance Error is 4.248529157249587
2025-06-04 15:06:52,993 - INFO - Robot log updated successfully
2025-06-04 15:06:55,112 - INFO - Distance Error is 13.312024639400258
2025-06-04 15:06:55,112 - INFO - Moving Inside Water Bath
2025-06-04 15:06:55,147 - INFO - Robot log updated successfully
2025-06-04 15:06:57,262 - INFO - Distance Error is 5.662155066756837
2025-06-04 15:07:00,387 - INFO - Moving outside Water Bath
2025-06-04 15:07:00,415 - INFO - Robot log updated successfully
2025-06-04 15:07:02,533 - INFO - Distance Error is 13.597058505426824
2025-06-04 15:07:02,533 - INFO - Waiting
2025-06-04 15:07:02,569 - INFO - Robot log updated successfully
2025-06-04 15:07:07,575 - INFO - ###################################### Cycle Completed: 1 ####################################################
2025-06-04 15:07:07,576 - INFO - LN2 Time = {-5.242391521000059} 
2025-06-04 15:07:07,576 - INFO - Water Bath = -5.274892051000052 
2025-06-04 15:07:07,576 - INFO - Extra Cycle Time = 10.247970688999999
2025-06-04 15:07:07,577 - INFO - ######################################################################################################################
2025-06-04 15:07:08,656 - INFO - Robot log updated successfully
2025-06-04 15:07:10,775 - INFO - Distance Error is 6.916646586316237
2025-06-04 15:07:10,808 - INFO - Robot log updated successfully
2025-06-04 15:07:10,809 - INFO - Moving inside LN2
2025-06-04 15:07:12,926 - INFO - Distance Error is 5.609812831102313
2025-06-04 15:07:16,052 - INFO - Outside LN2
2025-06-04 15:07:16,079 - INFO - Robot log updated successfully
2025-06-04 15:07:18,196 - INFO - Distance Error is 4.2532340636273345
2025-06-04 15:07:18,229 - INFO - Robot log updated successfully
2025-06-04 15:07:20,337 - INFO - Distance Error is 13.407460609675478
2025-06-04 15:07:20,337 - INFO - Moving Inside Water Bath
2025-06-04 15:07:20,373 - INFO - Robot log updated successfully
2025-06-04 15:07:22,498 - INFO - Distance Error is 5.55517776493247
2025-06-04 15:07:25,628 - INFO - Moving outside Water Bath
2025-06-04 15:07:25,663 - INFO - Robot log updated successfully
2025-06-04 15:07:27,779 - INFO - Distance Error is 13.144200241931786
2025-06-04 15:07:27,780 - INFO - Waiting
2025-06-04 15:07:27,813 - INFO - Robot log updated successfully
2025-06-04 15:07:32,818 - INFO - ###################################### Cycle Completed: 2 ####################################################
2025-06-04 15:07:32,818 - INFO - LN2 Time = {-5.242579647999946} 
2025-06-04 15:07:32,819 - INFO - Water Bath = -5.28982522199999 
2025-06-04 15:07:32,819 - INFO - Extra Cycle Time = 10.241036200000053
2025-06-04 15:07:32,819 - INFO - ######################################################################################################################
2025-06-04 15:07:33,902 - INFO - Robot log updated successfully
2025-06-04 15:07:36,021 - INFO - Distance Error is 7.042726744663608
2025-06-04 15:07:36,056 - INFO - Robot log updated successfully
2025-06-04 15:07:36,056 - INFO - Moving inside LN2
2025-06-04 15:07:38,172 - INFO - Distance Error is 5.547972602672092
2025-06-04 15:07:41,296 - INFO - Outside LN2
2025-06-04 15:07:41,329 - INFO - Robot log updated successfully
2025-06-04 15:07:43,443 - INFO - Distance Error is 4.267317658670361
2025-06-04 15:07:43,477 - INFO - Robot log updated successfully
2025-06-04 15:07:45,594 - INFO - Distance Error is 13.307516672918345
2025-06-04 15:07:45,594 - INFO - Moving Inside Water Bath
2025-06-04 15:07:45,629 - INFO - Robot log updated successfully
2025-06-04 15:07:47,745 - INFO - Distance Error is 5.583905443325497
2025-06-04 15:07:50,871 - INFO - Moving outside Water Bath
2025-06-04 15:07:50,897 - INFO - Robot log updated successfully
2025-06-04 15:07:53,006 - INFO - Distance Error is 13.597058505426824
2025-06-04 15:07:53,007 - INFO - Waiting
2025-06-04 15:07:53,040 - INFO - Robot log updated successfully
2025-06-04 15:07:58,056 - INFO - ###################################### Cycle Completed: 3 ####################################################
2025-06-04 15:07:58,056 - INFO - LN2 Time = {-5.23929249899993} 
2025-06-04 15:07:58,056 - INFO - Water Bath = -5.276384602999997 
2025-06-04 15:07:58,057 - INFO - Extra Cycle Time = 10.235996311000008
2025-06-04 15:07:58,057 - INFO - ######################################################################################################################
2025-06-04 15:07:59,142 - INFO - Robot log updated successfully
2025-06-04 15:08:01,258 - INFO - Distance Error is 6.835934464285045
2025-06-04 15:08:01,291 - INFO - Robot log updated successfully
2025-06-04 15:08:01,292 - INFO - Moving inside LN2
2025-06-04 15:08:03,399 - INFO - Distance Error is 5.609812831102313
2025-06-04 15:08:06,523 - INFO - Outside LN2
2025-06-04 15:08:06,554 - INFO - Robot log updated successfully
2025-06-04 15:08:08,660 - INFO - Distance Error is 4.259107887809358
2025-06-04 15:08:08,694 - INFO - Robot log updated successfully
2025-06-04 15:08:10,810 - INFO - Distance Error is 13.449535307957651
2025-06-04 15:08:10,811 - INFO - Moving Inside Water Bath
2025-06-04 15:08:10,842 - INFO - Robot log updated successfully
2025-06-04 15:08:12,951 - INFO - Distance Error is 5.500000000000005
2025-06-04 15:08:16,076 - INFO - Moving outside Water Bath
2025-06-04 15:08:16,107 - INFO - Robot log updated successfully
2025-06-04 15:08:18,221 - INFO - Distance Error is 13.21249408703747
2025-06-04 15:08:18,222 - INFO - Waiting
2025-06-04 15:08:18,256 - INFO - Robot log updated successfully
2025-06-04 15:08:23,260 - INFO - ###################################### Cycle Completed: 4 ####################################################
2025-06-04 15:08:23,260 - INFO - LN2 Time = {-5.231231782000009} 
2025-06-04 15:08:23,263 - INFO - Water Bath = -5.2647121769999785 
2025-06-04 15:08:23,263 - INFO - Extra Cycle Time = 10.202454106999994
2025-06-04 15:08:23,264 - INFO - ######################################################################################################################
2025-06-04 15:08:24,348 - INFO - Robot log updated successfully
2025-06-04 15:08:26,464 - INFO - Distance Error is 6.835934464285045
2025-06-04 15:08:26,496 - INFO - Robot log updated successfully
2025-06-04 15:08:26,497 - INFO - Moving inside LN2
2025-06-04 15:08:28,614 - INFO - Distance Error is 5.446099521676037
2025-06-04 15:08:31,739 - INFO - Outside LN2
2025-06-04 15:08:31,769 - INFO - Robot log updated successfully
2025-06-04 15:08:33,885 - INFO - Distance Error is 4.248529157249587
2025-06-04 15:08:33,919 - INFO - Robot log updated successfully
2025-06-04 15:08:36,036 - INFO - Distance Error is 13.482581355215311
2025-06-04 15:08:36,037 - INFO - Moving Inside Water Bath
2025-06-04 15:08:36,072 - INFO - Robot log updated successfully
2025-06-04 15:08:38,186 - INFO - Distance Error is 5.55517776493247
2025-06-04 15:08:41,311 - INFO - Moving outside Water Bath
2025-06-04 15:08:41,341 - INFO - Robot log updated successfully
2025-06-04 15:08:43,458 - INFO - Distance Error is 12.969579792730364
2025-06-04 15:08:43,458 - INFO - Waiting
2025-06-04 15:08:43,493 - INFO - Robot log updated successfully
2025-06-04 15:08:48,703 - INFO - ###################################### Cycle Completed: 5 ####################################################
2025-06-04 15:08:48,703 - INFO - LN2 Time = {-5.242126300999985} 
2025-06-04 15:08:48,704 - INFO - Water Bath = -5.2742744030000495 
2025-06-04 15:08:48,704 - INFO - Extra Cycle Time = 10.438922304000016
2025-06-04 15:08:48,704 - INFO - ######################################################################################################################
2025-06-04 15:08:49,782 - INFO - Robot log updated successfully
2025-06-04 15:08:51,900 - INFO - Distance Error is 6.916646586316237
2025-06-04 15:08:51,934 - INFO - Robot log updated successfully
2025-06-04 15:08:51,935 - INFO - Moving inside LN2
2025-06-04 15:08:54,051 - INFO - Distance Error is 5.547972602672092
2025-06-04 15:08:57,175 - INFO - Outside LN2
2025-06-04 15:08:57,205 - INFO - Robot log updated successfully
2025-06-04 15:08:59,321 - INFO - Distance Error is 4.267317658670361
2025-06-04 15:08:59,356 - INFO - Robot log updated successfully
2025-06-04 15:09:01,462 - INFO - Distance Error is 13.482581355215311
2025-06-04 15:09:01,462 - INFO - Moving Inside Water Bath
2025-06-04 15:09:01,496 - INFO - Robot log updated successfully
2025-06-04 15:09:03,612 - INFO - Distance Error is 5.600892785976188
2025-06-04 15:09:06,737 - INFO - Moving outside Water Bath
2025-06-04 15:09:06,769 - INFO - Robot log updated successfully
2025-06-04 15:09:08,883 - INFO - Distance Error is 13.635981812836205
2025-06-04 15:09:08,883 - INFO - Waiting
2025-06-04 15:09:08,917 - INFO - Robot log updated successfully
2025-06-04 15:09:13,918 - INFO - ###################################### Cycle Completed: 6 ####################################################
2025-06-04 15:09:13,919 - INFO - LN2 Time = {-5.239958959999967} 
2025-06-04 15:09:13,921 - INFO - Water Bath = -5.273980064000057 
2025-06-04 15:09:13,921 - INFO - Extra Cycle Time = 10.213611007000054
2025-06-04 15:09:13,921 - INFO - ######################################################################################################################
2025-06-04 15:09:15,009 - INFO - Robot log updated successfully
2025-06-04 15:09:17,125 - INFO - Distance Error is 6.835934464285045
2025-06-04 15:09:17,159 - INFO - Robot log updated successfully
2025-06-04 15:09:17,159 - INFO - Moving inside LN2
2025-06-04 15:09:19,276 - INFO - Distance Error is 5.446099521676037
2025-06-04 15:09:22,404 - INFO - Outside LN2
2025-06-04 15:09:22,439 - INFO - Robot log updated successfully
2025-06-04 15:09:24,547 - INFO - Distance Error is 4.249705872175143
2025-06-04 15:09:24,583 - INFO - Robot log updated successfully
2025-06-04 15:09:26,698 - INFO - Distance Error is 13.312024639400258
2025-06-04 15:09:26,698 - INFO - Moving Inside Water Bath
2025-06-04 15:09:26,737 - INFO - Robot log updated successfully
2025-06-04 15:09:28,849 - INFO - Distance Error is 5.600892785976188
2025-06-04 15:09:31,974 - INFO - Moving outside Water Bath
2025-06-04 15:09:32,000 - INFO - Robot log updated successfully
2025-06-04 15:09:34,120 - INFO - Distance Error is 13.533661736573732
2025-06-04 15:09:34,120 - INFO - Waiting
2025-06-04 15:09:34,155 - INFO - Robot log updated successfully
2025-06-04 15:09:39,155 - INFO - ###################################### Cycle Completed: 7 ####################################################
2025-06-04 15:09:39,156 - INFO - LN2 Time = {-5.244788846999995} 
2025-06-04 15:09:39,158 - INFO - Water Bath = -5.275821681999901 
2025-06-04 15:09:39,158 - INFO - Extra Cycle Time = 10.23359192800001
2025-06-04 15:09:39,159 - INFO - ######################################################################################################################
2025-06-04 15:09:40,237 - INFO - Robot log updated successfully
2025-06-04 15:09:42,352 - INFO - Distance Error is 6.835934464285045
2025-06-04 15:09:42,388 - INFO - Robot log updated successfully
2025-06-04 15:09:42,388 - INFO - Moving inside LN2
2025-06-04 15:09:44,513 - INFO - Distance Error is 5.547972602672092
2025-06-04 15:09:47,637 - INFO - Outside LN2
2025-06-04 15:09:47,664 - INFO - Robot log updated successfully
2025-06-04 15:09:49,784 - INFO - Distance Error is 4.267317658670361
2025-06-04 15:09:49,818 - INFO - Robot log updated successfully
2025-06-04 15:09:51,935 - INFO - Distance Error is 13.3787144374936
2025-06-04 15:09:51,935 - INFO - Moving Inside Water Bath
2025-06-04 15:09:51,974 - INFO - Robot log updated successfully
2025-06-04 15:09:54,086 - INFO - Distance Error is 5.662155066756837
2025-06-04 15:09:57,215 - INFO - Moving outside Water Bath
2025-06-04 15:09:57,249 - INFO - Robot log updated successfully
2025-06-04 15:09:59,366 - INFO - Distance Error is 13.597058505426824
2025-06-04 15:09:59,366 - INFO - Waiting
2025-06-04 15:09:59,400 - INFO - Robot log updated successfully
2025-06-04 15:10:04,405 - INFO - ###################################### Cycle Completed: 8 ####################################################
2025-06-04 15:10:04,405 - INFO - LN2 Time = {-5.248422304999849} 
2025-06-04 15:10:04,406 - INFO - Water Bath = -5.2791273660000115 
2025-06-04 15:10:04,406 - INFO - Extra Cycle Time = 10.24577662500019
2025-06-04 15:10:04,406 - INFO - ######################################################################################################################
2025-06-04 15:10:05,491 - INFO - Robot log updated successfully
2025-06-04 15:10:07,599 - INFO - Distance Error is 6.835934464285045
2025-06-04 15:10:07,636 - INFO - Robot log updated successfully
2025-06-04 15:10:07,636 - INFO - Moving inside LN2
2025-06-04 15:10:09,750 - INFO - Distance Error is 5.939696961966995
2025-06-04 15:10:12,875 - INFO - Outside LN2
2025-06-04 15:10:12,905 - INFO - Robot log updated successfully
2025-06-04 15:10:15,011 - INFO - Distance Error is 4.249705872175143
2025-06-04 15:10:15,047 - INFO - Robot log updated successfully
2025-06-04 15:10:17,162 - INFO - Distance Error is 13.407460609675478
2025-06-04 15:10:17,162 - INFO - Moving Inside Water Bath
2025-06-04 15:10:17,196 - INFO - Robot log updated successfully
2025-06-04 15:10:19,313 - INFO - Distance Error is 5.662155066756837
2025-06-04 15:10:22,437 - INFO - Moving outside Water Bath
2025-06-04 15:10:22,466 - INFO - Robot log updated successfully
2025-06-04 15:10:24,574 - INFO - Distance Error is 13.485547819795826
2025-06-04 15:10:24,575 - INFO - Waiting
2025-06-04 15:10:24,607 - INFO - Robot log updated successfully
2025-06-04 15:10:29,612 - INFO - ###################################### Cycle Completed: 9 ####################################################
2025-06-04 15:10:29,612 - INFO - LN2 Time = {-5.237794999000016} 
2025-06-04 15:10:29,613 - INFO - Water Bath = -5.274137100999951 
2025-06-04 15:10:29,613 - INFO - Extra Cycle Time = 10.205202289999988
2025-06-04 15:10:29,613 - INFO - ######################################################################################################################
2025-06-04 15:10:30,694 - INFO - Robot log updated successfully
2025-06-04 15:10:32,807 - INFO - Distance Error is 6.835934464285045
2025-06-04 15:10:32,841 - INFO - Robot log updated successfully
2025-06-04 15:10:32,841 - INFO - Moving inside LN2
2025-06-04 15:10:34,948 - INFO - Distance Error is 5.939696961966995
2025-06-04 15:10:38,073 - INFO - Outside LN2
2025-06-04 15:10:38,105 - INFO - Robot log updated successfully
2025-06-04 15:10:40,219 - INFO - Distance Error is 4.248529157249587
2025-06-04 15:10:40,253 - INFO - Robot log updated successfully
2025-06-04 15:10:42,360 - INFO - Distance Error is 13.459569086712987
2025-06-04 15:10:42,360 - INFO - Moving Inside Water Bath
2025-06-04 15:10:42,393 - INFO - Robot log updated successfully
2025-06-04 15:10:44,511 - INFO - Distance Error is 5.662155066756837
2025-06-04 15:10:47,635 - INFO - Moving outside Water Bath
2025-06-04 15:10:47,664 - INFO - Robot log updated successfully
2025-06-04 15:10:49,771 - INFO - Distance Error is 13.518505834595775
2025-06-04 15:10:49,771 - INFO - Waiting
2025-06-04 15:10:49,805 - INFO - Robot log updated successfully
2025-06-04 15:10:54,813 - INFO - ###################################### Cycle Completed: 10 ####################################################
2025-06-04 15:10:54,814 - INFO - LN2 Time = {-5.2311475839999275} 
2025-06-04 15:10:54,814 - INFO - Water Bath = -5.275064702000009 
2025-06-04 15:10:54,814 - INFO - Extra Cycle Time = 10.200107447999926
2025-06-04 15:10:54,815 - INFO - ######################################################################################################################
2025-06-04 15:10:54,846 - INFO - Robot log updated successfully
2025-06-04 15:10:54,868 - INFO - Stopping cycle, Raising Exception
2025-06-04 15:10:54,897 - INFO - Robot log updated successfully
2025-06-04 15:10:54,914 - INFO - Currently at [192.5, -20.8, 257.2, 177.84, -6.13, -64.86]
2025-06-04 15:10:54,914 - INFO - Moving to [205.2, -16.0, 260, 178.65, -6.81, -64.68]
2025-06-04 15:10:56,942 - INFO - Distance Error is 13.828231991111497
2025-06-04 15:10:58,972 - INFO - Distance Error is 1.3190905958272865
2025-06-04 15:10:58,973 - INFO - Moving to rest position
2025-06-04 15:11:01,002 - INFO - Distance Error is 4.7864391775097355
2025-06-04 15:11:01,002 - INFO - releasing all servos
2025-06-04 15:11:01,545 - INFO - Robot log updated successfully
2025-06-04 17:01:40,951 - INFO - Robot log updated successfully
2025-06-04 17:01:43,073 - INFO - Distance Error is 5.582114294781151
2025-06-04 17:01:45,179 - INFO - Distance Error is 3.16543835826888
2025-06-04 17:01:45,214 - INFO - Robot log updated successfully
2025-06-04 17:01:45,236 - INFO - Stopping cycle, Raising Exception
2025-06-04 17:01:45,368 - INFO - Robot log updated successfully
2025-06-04 17:01:45,379 - INFO - Currently at [104.1, -22.6, 283.7, 174.33, -1.0, -21.07]
2025-06-04 17:01:45,379 - INFO - Moving to [205.2, -16.0, 260, 178.65, -6.81, -64.68]
2025-06-04 17:01:47,408 - INFO - Distance Error is 13.86830919759145
2025-06-04 17:01:49,439 - INFO - Distance Error is 1.15758369027902
2025-06-04 17:01:49,441 - INFO - Moving to rest position
2025-06-04 17:01:51,468 - INFO - Distance Error is 4.393176527297763
2025-06-04 17:01:51,468 - INFO - releasing all servos
2025-06-04 17:01:52,107 - INFO - Robot log updated successfully
2025-06-04 17:01:58,140 - INFO - Robot log updated successfully
2025-06-04 17:02:00,268 - INFO - Distance Error is 5.794825277780178
2025-06-04 17:02:02,378 - INFO - Distance Error is 3.2449961479176004
2025-06-04 17:02:02,418 - INFO - Robot log updated successfully
2025-06-04 17:02:02,435 - INFO - Stopping cycle, Raising Exception
2025-06-04 17:02:02,464 - INFO - Robot log updated successfully
2025-06-04 17:02:02,479 - INFO - Currently at [104.0, -22.9, 283.4, 173.96, -1.02, -21.05]
2025-06-04 17:02:02,479 - INFO - Moving to [205.2, -16.0, 260, 178.65, -6.81, -64.68]
2025-06-04 17:02:04,509 - INFO - Distance Error is 14.016418943510471
2025-06-04 17:02:06,538 - INFO - Distance Error is 1.1575836902790226
2025-06-04 17:02:06,538 - INFO - Moving to rest position
2025-06-04 17:02:08,568 - INFO - Distance Error is 4.296510211788171
2025-06-04 17:02:08,568 - INFO - releasing all servos
2025-06-04 17:02:09,113 - INFO - Robot log updated successfully
